[0.007s] Invoking command in '/home/ooofieee/Desktop/ws_sim/build/gantry_robot_hardware_interface': CMAKE_PREFIX_PATH=/home/ooofieee/Desktop/ws_sim/install/rm_serial_driver:/home/ooofieee/Desktop/ws_sim/install/rm_interfaces:/home/ooofieee/Desktop/ws_sim/install/orchestrator:/home/ooofieee/Desktop/ws_sim/install/gantry_robot_moveit_config:/home/ooofieee/Desktop/ws_sim/install/gantry_robot_hardware_interface:/home/ooofieee/Desktop/ws_sim/install/motion_planning_test:/home/ooofieee/Desktop/ws_sim/install/gantry_robot_moveit_config_sim:/home/ooofieee/Desktop/ws_sim/install/bringup:/home/ooofieee/Desktop/ws_sim/install/models:/home/ooofieee/Desktop/ws_sim/install/controller:/usr/lib/x86_64-linux-gnu/cmake:/usr/lib/x86_64-linux-gnu/cmake:/opt/ros/humble LD_LIBRARY_PATH=/home/ooofieee/Desktop/ws_sim/install/rm_serial_driver/lib:/home/ooofieee/Desktop/ws_sim/install/rm_interfaces/lib:/home/ooofieee/Desktop/ws_sim/install/gantry_robot_hardware_interface/lib:/usr/lib/x86_64-linux-gnu/gazebo-11/plugins:/opt/ros/humble/opt/rviz_ogre_vendor/lib:/opt/ros/humble/lib/x86_64-linux-gnu:/opt/ros/humble/lib /bin/cmake /home/ooofieee/Desktop/ws_sim/src/gantry_robot_hardware_interface -DCMAKE_INSTALL_PREFIX=/home/ooofieee/Desktop/ws_sim/install/gantry_robot_hardware_interface
[0.044s] -- The C compiler identification is GNU 12.3.0
[0.081s] -- The CXX compiler identification is GNU 12.3.0
[0.085s] -- Detecting C compiler ABI info
[0.128s] -- Detecting C compiler ABI info - done
[0.133s] -- Check for working C compiler: /bin/cc - skipped
[0.133s] -- Detecting C compile features
[0.133s] -- Detecting C compile features - done
[0.135s] -- Detecting CXX compiler ABI info
[0.187s] -- Detecting CXX compiler ABI info - done
[0.191s] -- Check for working CXX compiler: /bin/c++ - skipped
[0.191s] -- Detecting CXX compile features
[0.192s] -- Detecting CXX compile features - done
[0.193s] -- Found ament_cmake: 1.3.12 (/opt/ros/humble/share/ament_cmake/cmake)
[0.313s] -- Found Python3: /bin/python3 (found version "3.10.12") found components: Interpreter 
[0.377s] -- Found hardware_interface: 2.53.0 (/opt/ros/humble/share/hardware_interface/cmake)
[0.408s] -- Found rosidl_generator_c: 3.1.8 (/opt/ros/humble/share/rosidl_generator_c/cmake)
[0.412s] -- Found rosidl_adapter: 3.1.8 (/opt/ros/humble/share/rosidl_adapter/cmake)
[0.418s] -- Found rosidl_generator_cpp: 3.1.8 (/opt/ros/humble/share/rosidl_generator_cpp/cmake)
[0.427s] -- Using all available rosidl_typesupport_c: rosidl_typesupport_fastrtps_c;rosidl_typesupport_introspection_c
[0.439s] -- Using all available rosidl_typesupport_cpp: rosidl_typesupport_fastrtps_cpp;rosidl_typesupport_introspection_cpp
[0.588s] -- Found rmw_implementation_cmake: 6.1.2 (/opt/ros/humble/share/rmw_implementation_cmake/cmake)
[0.590s] -- Found rmw_fastrtps_cpp: 6.2.9 (/opt/ros/humble/share/rmw_fastrtps_cpp/cmake)
[0.609s] -- Found TinyXML2 via Config file: TinyXML2_DIR-NOTFOUND
[0.641s] -- Found OpenSSL: /usr/lib/x86_64-linux-gnu/libcrypto.so (found version "3.0.2")  
[0.643s] -- Found TinyXML2 via Config file: TinyXML2_DIR-NOTFOUND
[0.654s] -- Found FastRTPS: /opt/ros/humble/include  
[0.656s] -- Found TinyXML2 via Config file: TinyXML2_DIR-NOTFOUND
[0.662s] -- Found TinyXML2 via Config file: TinyXML2_DIR-NOTFOUND
[0.673s] -- Using RMW implementation 'rmw_fastrtps_cpp' as default
[0.680s] -- Looking for pthread.h
[0.729s] -- Looking for pthread.h - found
[0.729s] -- Performing Test CMAKE_HAVE_LIBC_PTHREAD
[0.781s] -- Performing Test CMAKE_HAVE_LIBC_PTHREAD - Success
[0.782s] -- Found Threads: TRUE  
[0.812s] -- Found rm_serial_driver: 0.1.0 (/home/ooofieee/Desktop/ws_sim/install/rm_serial_driver/share/rm_serial_driver/cmake)
[0.898s] -- Found ament_lint_auto: 0.12.14 (/opt/ros/humble/share/ament_lint_auto/cmake)
[0.957s] -- Found gmock sources under '/opt/ros/humble/src/gmock_vendor': C++ tests using 'Google Mock' will be built
[0.962s] -- Found ament_cmake_gtest: 1.3.12 (/opt/ros/humble/share/ament_cmake_gtest/cmake)
[0.963s] -- Found gtest sources under '/opt/ros/humble/src/gtest_vendor': C++ tests using 'Google Test' will be built
[0.969s] -- Added test 'cppcheck' to perform static code analysis on C / C++ code
[0.969s] -- Configured cppcheck include dirs: /home/ooofieee/Desktop/ws_sim/src/gantry_robot_hardware_interface/include
[0.969s] -- Configured cppcheck exclude dirs and/or files: 
[0.970s] -- Added test 'lint_cmake' to check CMake code style
[0.971s] -- Added test 'uncrustify' to check C / C++ code style
[0.971s] -- Configured uncrustify additional arguments: 
[0.971s] -- Added test 'xmllint' to check XML markup files
[0.974s] -- Configuring done
[0.994s] -- Generating done
[1.004s] -- Build files have been written to: /home/ooofieee/Desktop/ws_sim/build/gantry_robot_hardware_interface
[1.012s] Invoked command in '/home/ooofieee/Desktop/ws_sim/build/gantry_robot_hardware_interface' returned '0': CMAKE_PREFIX_PATH=/home/ooofieee/Desktop/ws_sim/install/rm_serial_driver:/home/ooofieee/Desktop/ws_sim/install/rm_interfaces:/home/ooofieee/Desktop/ws_sim/install/orchestrator:/home/ooofieee/Desktop/ws_sim/install/gantry_robot_moveit_config:/home/ooofieee/Desktop/ws_sim/install/gantry_robot_hardware_interface:/home/ooofieee/Desktop/ws_sim/install/motion_planning_test:/home/ooofieee/Desktop/ws_sim/install/gantry_robot_moveit_config_sim:/home/ooofieee/Desktop/ws_sim/install/bringup:/home/ooofieee/Desktop/ws_sim/install/models:/home/ooofieee/Desktop/ws_sim/install/controller:/usr/lib/x86_64-linux-gnu/cmake:/usr/lib/x86_64-linux-gnu/cmake:/opt/ros/humble LD_LIBRARY_PATH=/home/ooofieee/Desktop/ws_sim/install/rm_serial_driver/lib:/home/ooofieee/Desktop/ws_sim/install/rm_interfaces/lib:/home/ooofieee/Desktop/ws_sim/install/gantry_robot_hardware_interface/lib:/usr/lib/x86_64-linux-gnu/gazebo-11/plugins:/opt/ros/humble/opt/rviz_ogre_vendor/lib:/opt/ros/humble/lib/x86_64-linux-gnu:/opt/ros/humble/lib /bin/cmake /home/ooofieee/Desktop/ws_sim/src/gantry_robot_hardware_interface -DCMAKE_INSTALL_PREFIX=/home/ooofieee/Desktop/ws_sim/install/gantry_robot_hardware_interface
[1.013s] Invoking command in '/home/ooofieee/Desktop/ws_sim/build/gantry_robot_hardware_interface': CMAKE_PREFIX_PATH=/home/ooofieee/Desktop/ws_sim/install/rm_serial_driver:/home/ooofieee/Desktop/ws_sim/install/rm_interfaces:/home/ooofieee/Desktop/ws_sim/install/orchestrator:/home/ooofieee/Desktop/ws_sim/install/gantry_robot_moveit_config:/home/ooofieee/Desktop/ws_sim/install/gantry_robot_hardware_interface:/home/ooofieee/Desktop/ws_sim/install/motion_planning_test:/home/ooofieee/Desktop/ws_sim/install/gantry_robot_moveit_config_sim:/home/ooofieee/Desktop/ws_sim/install/bringup:/home/ooofieee/Desktop/ws_sim/install/models:/home/ooofieee/Desktop/ws_sim/install/controller:/usr/lib/x86_64-linux-gnu/cmake:/usr/lib/x86_64-linux-gnu/cmake:/opt/ros/humble LD_LIBRARY_PATH=/home/ooofieee/Desktop/ws_sim/install/rm_serial_driver/lib:/home/ooofieee/Desktop/ws_sim/install/rm_interfaces/lib:/home/ooofieee/Desktop/ws_sim/install/gantry_robot_hardware_interface/lib:/usr/lib/x86_64-linux-gnu/gazebo-11/plugins:/opt/ros/humble/opt/rviz_ogre_vendor/lib:/opt/ros/humble/lib/x86_64-linux-gnu:/opt/ros/humble/lib /bin/cmake --build /home/ooofieee/Desktop/ws_sim/build/gantry_robot_hardware_interface -- -j16 -l16
[1.046s] [ 44%] [32mBuilding CXX object gmock/CMakeFiles/gmock.dir/opt/ros/humble/src/gtest_vendor/src/gtest-all.cc.o[0m
[1.046s] [ 44%] [32mBuilding CXX object gmock/CMakeFiles/gmock.dir/src/gmock-all.cc.o[0m
[1.046s] [ 44%] [32mBuilding CXX object CMakeFiles/gantry_robot_hardware_interface.dir/src/gantry_robot_hardware_interface.cpp.o[0m
[1.046s] [ 44%] [32mBuilding CXX object gmock/CMakeFiles/gmock_main.dir/src/gmock_main.cc.o[0m
[1.945s] [ 55%] [32m[1mLinking CXX static library libgmock_main.a[0m
[1.966s] [ 55%] Built target gmock_main
[3.507s] [ 66%] [32m[1mLinking CXX static library libgmock.a[0m
[3.547s] [ 66%] Built target gmock
[3.559s] [ 77%] [32mBuilding CXX object CMakeFiles/test_gantry_robot_hardware_interface.dir/test/test_gantry_robot_hardware_interface.cpp.o[0m
[3.927s] [ 88%] [32m[1mLinking CXX shared library libgantry_robot_hardware_interface.so[0m
[4.127s] [ 88%] Built target gantry_robot_hardware_interface
[4.656s] [100%] [32m[1mLinking CXX executable test_gantry_robot_hardware_interface[0m
[4.813s] [100%] Built target test_gantry_robot_hardware_interface
[4.820s] Invoked command in '/home/ooofieee/Desktop/ws_sim/build/gantry_robot_hardware_interface' returned '0': CMAKE_PREFIX_PATH=/home/ooofieee/Desktop/ws_sim/install/rm_serial_driver:/home/ooofieee/Desktop/ws_sim/install/rm_interfaces:/home/ooofieee/Desktop/ws_sim/install/orchestrator:/home/ooofieee/Desktop/ws_sim/install/gantry_robot_moveit_config:/home/ooofieee/Desktop/ws_sim/install/gantry_robot_hardware_interface:/home/ooofieee/Desktop/ws_sim/install/motion_planning_test:/home/ooofieee/Desktop/ws_sim/install/gantry_robot_moveit_config_sim:/home/ooofieee/Desktop/ws_sim/install/bringup:/home/ooofieee/Desktop/ws_sim/install/models:/home/ooofieee/Desktop/ws_sim/install/controller:/usr/lib/x86_64-linux-gnu/cmake:/usr/lib/x86_64-linux-gnu/cmake:/opt/ros/humble LD_LIBRARY_PATH=/home/ooofieee/Desktop/ws_sim/install/rm_serial_driver/lib:/home/ooofieee/Desktop/ws_sim/install/rm_interfaces/lib:/home/ooofieee/Desktop/ws_sim/install/gantry_robot_hardware_interface/lib:/usr/lib/x86_64-linux-gnu/gazebo-11/plugins:/opt/ros/humble/opt/rviz_ogre_vendor/lib:/opt/ros/humble/lib/x86_64-linux-gnu:/opt/ros/humble/lib /bin/cmake --build /home/ooofieee/Desktop/ws_sim/build/gantry_robot_hardware_interface -- -j16 -l16
[4.821s] Invoking command in '/home/ooofieee/Desktop/ws_sim/build/gantry_robot_hardware_interface': CMAKE_PREFIX_PATH=/home/ooofieee/Desktop/ws_sim/install/rm_serial_driver:/home/ooofieee/Desktop/ws_sim/install/rm_interfaces:/home/ooofieee/Desktop/ws_sim/install/orchestrator:/home/ooofieee/Desktop/ws_sim/install/gantry_robot_moveit_config:/home/ooofieee/Desktop/ws_sim/install/gantry_robot_hardware_interface:/home/ooofieee/Desktop/ws_sim/install/motion_planning_test:/home/ooofieee/Desktop/ws_sim/install/gantry_robot_moveit_config_sim:/home/ooofieee/Desktop/ws_sim/install/bringup:/home/ooofieee/Desktop/ws_sim/install/models:/home/ooofieee/Desktop/ws_sim/install/controller:/usr/lib/x86_64-linux-gnu/cmake:/usr/lib/x86_64-linux-gnu/cmake:/opt/ros/humble LD_LIBRARY_PATH=/home/ooofieee/Desktop/ws_sim/install/rm_serial_driver/lib:/home/ooofieee/Desktop/ws_sim/install/rm_interfaces/lib:/home/ooofieee/Desktop/ws_sim/install/gantry_robot_hardware_interface/lib:/usr/lib/x86_64-linux-gnu/gazebo-11/plugins:/opt/ros/humble/opt/rviz_ogre_vendor/lib:/opt/ros/humble/lib/x86_64-linux-gnu:/opt/ros/humble/lib /bin/cmake --install /home/ooofieee/Desktop/ws_sim/build/gantry_robot_hardware_interface
[4.826s] -- Install configuration: ""
[4.826s] -- Installing: /home/ooofieee/Desktop/ws_sim/install/gantry_robot_hardware_interface/share/gantry_robot_hardware_interface/gantry_robot_hardware_interface.xml
[4.826s] -- Installing: /home/ooofieee/Desktop/ws_sim/install/gantry_robot_hardware_interface/lib/libgantry_robot_hardware_interface.so
[4.827s] -- Set runtime path of "/home/ooofieee/Desktop/ws_sim/install/gantry_robot_hardware_interface/lib/libgantry_robot_hardware_interface.so" to ""
[4.827s] -- Installing: /home/ooofieee/Desktop/ws_sim/install/gantry_robot_hardware_interface/include
[4.827s] -- Installing: /home/ooofieee/Desktop/ws_sim/install/gantry_robot_hardware_interface/include/gantry_robot_hardware_interface
[4.827s] -- Installing: /home/ooofieee/Desktop/ws_sim/install/gantry_robot_hardware_interface/include/gantry_robot_hardware_interface/gantry_robot_hardware_interface.hpp
[4.827s] -- Installing: /home/ooofieee/Desktop/ws_sim/install/gantry_robot_hardware_interface/share/gantry_robot_hardware_interface/environment/library_path.sh
[4.827s] -- Installing: /home/ooofieee/Desktop/ws_sim/install/gantry_robot_hardware_interface/share/gantry_robot_hardware_interface/environment/library_path.dsv
[4.827s] -- Installing: /home/ooofieee/Desktop/ws_sim/install/gantry_robot_hardware_interface/share/ament_index/resource_index/package_run_dependencies/gantry_robot_hardware_interface
[4.827s] -- Installing: /home/ooofieee/Desktop/ws_sim/install/gantry_robot_hardware_interface/share/ament_index/resource_index/parent_prefix_path/gantry_robot_hardware_interface
[4.827s] -- Installing: /home/ooofieee/Desktop/ws_sim/install/gantry_robot_hardware_interface/share/gantry_robot_hardware_interface/environment/ament_prefix_path.sh
[4.827s] -- Installing: /home/ooofieee/Desktop/ws_sim/install/gantry_robot_hardware_interface/share/gantry_robot_hardware_interface/environment/ament_prefix_path.dsv
[4.827s] -- Installing: /home/ooofieee/Desktop/ws_sim/install/gantry_robot_hardware_interface/share/gantry_robot_hardware_interface/environment/path.sh
[4.827s] -- Installing: /home/ooofieee/Desktop/ws_sim/install/gantry_robot_hardware_interface/share/gantry_robot_hardware_interface/environment/path.dsv
[4.827s] -- Installing: /home/ooofieee/Desktop/ws_sim/install/gantry_robot_hardware_interface/share/gantry_robot_hardware_interface/local_setup.bash
[4.827s] -- Installing: /home/ooofieee/Desktop/ws_sim/install/gantry_robot_hardware_interface/share/gantry_robot_hardware_interface/local_setup.sh
[4.828s] -- Installing: /home/ooofieee/Desktop/ws_sim/install/gantry_robot_hardware_interface/share/gantry_robot_hardware_interface/local_setup.zsh
[4.828s] -- Installing: /home/ooofieee/Desktop/ws_sim/install/gantry_robot_hardware_interface/share/gantry_robot_hardware_interface/local_setup.dsv
[4.828s] -- Installing: /home/ooofieee/Desktop/ws_sim/install/gantry_robot_hardware_interface/share/gantry_robot_hardware_interface/package.dsv
[4.828s] -- Installing: /home/ooofieee/Desktop/ws_sim/install/gantry_robot_hardware_interface/share/ament_index/resource_index/packages/gantry_robot_hardware_interface
[4.828s] -- Installing: /home/ooofieee/Desktop/ws_sim/install/gantry_robot_hardware_interface/share/ament_index/resource_index/hardware_interface__pluginlib__plugin/gantry_robot_hardware_interface
[4.828s] -- Installing: /home/ooofieee/Desktop/ws_sim/install/gantry_robot_hardware_interface/share/gantry_robot_hardware_interface/cmake/ament_cmake_export_include_directories-extras.cmake
[4.828s] -- Installing: /home/ooofieee/Desktop/ws_sim/install/gantry_robot_hardware_interface/share/gantry_robot_hardware_interface/cmake/ament_cmake_export_libraries-extras.cmake
[4.828s] -- Installing: /home/ooofieee/Desktop/ws_sim/install/gantry_robot_hardware_interface/share/gantry_robot_hardware_interface/cmake/ament_cmake_export_dependencies-extras.cmake
[4.828s] -- Installing: /home/ooofieee/Desktop/ws_sim/install/gantry_robot_hardware_interface/share/gantry_robot_hardware_interface/cmake/gantry_robot_hardware_interfaceConfig.cmake
[4.828s] -- Installing: /home/ooofieee/Desktop/ws_sim/install/gantry_robot_hardware_interface/share/gantry_robot_hardware_interface/cmake/gantry_robot_hardware_interfaceConfig-version.cmake
[4.828s] -- Installing: /home/ooofieee/Desktop/ws_sim/install/gantry_robot_hardware_interface/share/gantry_robot_hardware_interface/package.xml
[4.830s] Invoked command in '/home/ooofieee/Desktop/ws_sim/build/gantry_robot_hardware_interface' returned '0': CMAKE_PREFIX_PATH=/home/ooofieee/Desktop/ws_sim/install/rm_serial_driver:/home/ooofieee/Desktop/ws_sim/install/rm_interfaces:/home/ooofieee/Desktop/ws_sim/install/orchestrator:/home/ooofieee/Desktop/ws_sim/install/gantry_robot_moveit_config:/home/ooofieee/Desktop/ws_sim/install/gantry_robot_hardware_interface:/home/ooofieee/Desktop/ws_sim/install/motion_planning_test:/home/ooofieee/Desktop/ws_sim/install/gantry_robot_moveit_config_sim:/home/ooofieee/Desktop/ws_sim/install/bringup:/home/ooofieee/Desktop/ws_sim/install/models:/home/ooofieee/Desktop/ws_sim/install/controller:/usr/lib/x86_64-linux-gnu/cmake:/usr/lib/x86_64-linux-gnu/cmake:/opt/ros/humble LD_LIBRARY_PATH=/home/ooofieee/Desktop/ws_sim/install/rm_serial_driver/lib:/home/ooofieee/Desktop/ws_sim/install/rm_interfaces/lib:/home/ooofieee/Desktop/ws_sim/install/gantry_robot_hardware_interface/lib:/usr/lib/x86_64-linux-gnu/gazebo-11/plugins:/opt/ros/humble/opt/rviz_ogre_vendor/lib:/opt/ros/humble/lib/x86_64-linux-gnu:/opt/ros/humble/lib /bin/cmake --install /home/ooofieee/Desktop/ws_sim/build/gantry_robot_hardware_interface
