[0.075s] DEBUG:colcon:Command line arguments: ['/bin/colcon', 'build', '--packages-select', 'gantry_robot_hardware_interface', '--symlink-install', '--allow-overriding', 'gantry_robot_hardware_interface']
[0.076s] DEBUG:colcon:Parsed command line arguments: Namespace(log_base=None, log_level=None, verb_name='build', build_base='build', install_base='install', merge_install=False, symlink_install=True, test_result_base=None, continue_on_error=False, executor='parallel', parallel_workers=16, event_handlers=None, ignore_user_meta=False, metas=['./colcon.meta'], base_paths=['.'], packages_ignore=None, packages_ignore_regex=None, paths=None, packages_up_to=None, packages_up_to_regex=None, packages_above=None, packages_above_and_dependencies=None, packages_above_depth=None, packages_select_by_dep=None, packages_skip_by_dep=None, packages_skip_up_to=None, packages_select_build_failed=False, packages_skip_build_finished=False, packages_select_test_failures=False, packages_skip_test_passed=False, packages_select=['gantry_robot_hardware_interface'], packages_skip=None, packages_select_regex=None, packages_skip_regex=None, packages_start=None, packages_end=None, allow_overriding=['gantry_robot_hardware_interface'], cmake_args=None, cmake_target=None, cmake_target_skip_unavailable=False, cmake_clean_cache=False, cmake_clean_first=False, cmake_force_configure=False, ament_cmake_args=None, catkin_cmake_args=None, catkin_skip_building_tests=False, verb_parser=<colcon_defaults.argument_parser.defaults.DefaultArgumentsDecorator object at 0x7d4013e008b0>, verb_extension=<colcon_core.verb.build.BuildVerb object at 0x7d4013e00310>, main=<bound method BuildVerb.main of <colcon_core.verb.build.BuildVerb object at 0x7d4013e00310>>)
[0.192s] Level 1:colcon.colcon_core.package_discovery:discover_packages(colcon_meta) check parameters
[0.192s] Level 1:colcon.colcon_core.package_discovery:discover_packages(recursive) check parameters
[0.192s] Level 1:colcon.colcon_core.package_discovery:discover_packages(ignore) check parameters
[0.192s] Level 1:colcon.colcon_core.package_discovery:discover_packages(path) check parameters
[0.192s] Level 1:colcon.colcon_core.package_discovery:discover_packages(colcon_meta) discover
[0.192s] Level 1:colcon.colcon_core.package_discovery:discover_packages(recursive) discover
[0.193s] INFO:colcon.colcon_core.package_discovery:Crawling recursively for packages in '/home/ooofieee/Desktop/ws_sim'
[0.193s] Level 1:colcon.colcon_core.package_identification:_identify(.) by extensions ['ignore', 'ignore_ament_install']
[0.193s] Level 1:colcon.colcon_core.package_identification:_identify(.) by extension 'ignore'
[0.193s] Level 1:colcon.colcon_core.package_identification:_identify(.) by extension 'ignore_ament_install'
[0.193s] Level 1:colcon.colcon_core.package_identification:_identify(.) by extensions ['colcon_pkg']
[0.193s] Level 1:colcon.colcon_core.package_identification:_identify(.) by extension 'colcon_pkg'
[0.193s] Level 1:colcon.colcon_core.package_identification:_identify(.) by extensions ['colcon_meta']
[0.193s] Level 1:colcon.colcon_core.package_identification:_identify(.) by extension 'colcon_meta'
[0.193s] Level 1:colcon.colcon_core.package_identification:_identify(.) by extensions ['ros']
[0.193s] Level 1:colcon.colcon_core.package_identification:_identify(.) by extension 'ros'
[0.200s] Level 1:colcon.colcon_core.package_identification:_identify(.) by extensions ['cmake', 'python']
[0.200s] Level 1:colcon.colcon_core.package_identification:_identify(.) by extension 'cmake'
[0.200s] Level 1:colcon.colcon_core.package_identification:_identify(.) by extension 'python'
[0.200s] Level 1:colcon.colcon_core.package_identification:_identify(.) by extensions ['python_setup_py']
[0.200s] Level 1:colcon.colcon_core.package_identification:_identify(.) by extension 'python_setup_py'
[0.200s] Level 1:colcon.colcon_core.package_identification:_identify(build) by extensions ['ignore', 'ignore_ament_install']
[0.200s] Level 1:colcon.colcon_core.package_identification:_identify(build) by extension 'ignore'
[0.200s] Level 1:colcon.colcon_core.package_identification:_identify(build) ignored
[0.200s] Level 1:colcon.colcon_core.package_identification:_identify(install) by extensions ['ignore', 'ignore_ament_install']
[0.200s] Level 1:colcon.colcon_core.package_identification:_identify(install) by extension 'ignore'
[0.200s] Level 1:colcon.colcon_core.package_identification:_identify(install) ignored
[0.200s] Level 1:colcon.colcon_core.package_identification:_identify(log) by extensions ['ignore', 'ignore_ament_install']
[0.200s] Level 1:colcon.colcon_core.package_identification:_identify(log) by extension 'ignore'
[0.201s] Level 1:colcon.colcon_core.package_identification:_identify(log) ignored
[0.201s] Level 1:colcon.colcon_core.package_identification:_identify(src) by extensions ['ignore', 'ignore_ament_install']
[0.201s] Level 1:colcon.colcon_core.package_identification:_identify(src) by extension 'ignore'
[0.201s] Level 1:colcon.colcon_core.package_identification:_identify(src) by extension 'ignore_ament_install'
[0.201s] Level 1:colcon.colcon_core.package_identification:_identify(src) by extensions ['colcon_pkg']
[0.201s] Level 1:colcon.colcon_core.package_identification:_identify(src) by extension 'colcon_pkg'
[0.201s] Level 1:colcon.colcon_core.package_identification:_identify(src) by extensions ['colcon_meta']
[0.201s] Level 1:colcon.colcon_core.package_identification:_identify(src) by extension 'colcon_meta'
[0.201s] Level 1:colcon.colcon_core.package_identification:_identify(src) by extensions ['ros']
[0.201s] Level 1:colcon.colcon_core.package_identification:_identify(src) by extension 'ros'
[0.201s] Level 1:colcon.colcon_core.package_identification:_identify(src) by extensions ['cmake', 'python']
[0.201s] Level 1:colcon.colcon_core.package_identification:_identify(src) by extension 'cmake'
[0.201s] Level 1:colcon.colcon_core.package_identification:_identify(src) by extension 'python'
[0.201s] Level 1:colcon.colcon_core.package_identification:_identify(src) by extensions ['python_setup_py']
[0.201s] Level 1:colcon.colcon_core.package_identification:_identify(src) by extension 'python_setup_py'
[0.201s] Level 1:colcon.colcon_core.package_identification:_identify(src/bringup) by extensions ['ignore', 'ignore_ament_install']
[0.201s] Level 1:colcon.colcon_core.package_identification:_identify(src/bringup) by extension 'ignore'
[0.201s] Level 1:colcon.colcon_core.package_identification:_identify(src/bringup) by extension 'ignore_ament_install'
[0.201s] Level 1:colcon.colcon_core.package_identification:_identify(src/bringup) by extensions ['colcon_pkg']
[0.201s] Level 1:colcon.colcon_core.package_identification:_identify(src/bringup) by extension 'colcon_pkg'
[0.201s] Level 1:colcon.colcon_core.package_identification:_identify(src/bringup) by extensions ['colcon_meta']
[0.201s] Level 1:colcon.colcon_core.package_identification:_identify(src/bringup) by extension 'colcon_meta'
[0.201s] Level 1:colcon.colcon_core.package_identification:_identify(src/bringup) by extensions ['ros']
[0.201s] Level 1:colcon.colcon_core.package_identification:_identify(src/bringup) by extension 'ros'
[0.203s] DEBUG:colcon.colcon_core.package_identification:Package 'src/bringup' with type 'ros.ament_cmake' and name 'bringup'
[0.203s] Level 1:colcon.colcon_core.package_identification:_identify(src/controller) by extensions ['ignore', 'ignore_ament_install']
[0.203s] Level 1:colcon.colcon_core.package_identification:_identify(src/controller) by extension 'ignore'
[0.203s] Level 1:colcon.colcon_core.package_identification:_identify(src/controller) by extension 'ignore_ament_install'
[0.203s] Level 1:colcon.colcon_core.package_identification:_identify(src/controller) by extensions ['colcon_pkg']
[0.203s] Level 1:colcon.colcon_core.package_identification:_identify(src/controller) by extension 'colcon_pkg'
[0.203s] Level 1:colcon.colcon_core.package_identification:_identify(src/controller) by extensions ['colcon_meta']
[0.203s] Level 1:colcon.colcon_core.package_identification:_identify(src/controller) by extension 'colcon_meta'
[0.203s] Level 1:colcon.colcon_core.package_identification:_identify(src/controller) by extensions ['ros']
[0.203s] Level 1:colcon.colcon_core.package_identification:_identify(src/controller) by extension 'ros'
[0.204s] DEBUG:colcon.colcon_core.package_identification:Package 'src/controller' with type 'ros.ament_cmake' and name 'controller'
[0.204s] Level 1:colcon.colcon_core.package_identification:_identify(src/gantry_robot_hardware_interface) by extensions ['ignore', 'ignore_ament_install']
[0.204s] Level 1:colcon.colcon_core.package_identification:_identify(src/gantry_robot_hardware_interface) by extension 'ignore'
[0.204s] Level 1:colcon.colcon_core.package_identification:_identify(src/gantry_robot_hardware_interface) by extension 'ignore_ament_install'
[0.204s] Level 1:colcon.colcon_core.package_identification:_identify(src/gantry_robot_hardware_interface) by extensions ['colcon_pkg']
[0.204s] Level 1:colcon.colcon_core.package_identification:_identify(src/gantry_robot_hardware_interface) by extension 'colcon_pkg'
[0.204s] Level 1:colcon.colcon_core.package_identification:_identify(src/gantry_robot_hardware_interface) by extensions ['colcon_meta']
[0.204s] Level 1:colcon.colcon_core.package_identification:_identify(src/gantry_robot_hardware_interface) by extension 'colcon_meta'
[0.204s] Level 1:colcon.colcon_core.package_identification:_identify(src/gantry_robot_hardware_interface) by extensions ['ros']
[0.204s] Level 1:colcon.colcon_core.package_identification:_identify(src/gantry_robot_hardware_interface) by extension 'ros'
[0.205s] DEBUG:colcon.colcon_core.package_identification:Package 'src/gantry_robot_hardware_interface' with type 'ros.ament_cmake' and name 'gantry_robot_hardware_interface'
[0.205s] Level 1:colcon.colcon_core.package_identification:_identify(src/gantry_robot_moveit_config) by extensions ['ignore', 'ignore_ament_install']
[0.205s] Level 1:colcon.colcon_core.package_identification:_identify(src/gantry_robot_moveit_config) by extension 'ignore'
[0.205s] Level 1:colcon.colcon_core.package_identification:_identify(src/gantry_robot_moveit_config) by extension 'ignore_ament_install'
[0.205s] Level 1:colcon.colcon_core.package_identification:_identify(src/gantry_robot_moveit_config) by extensions ['colcon_pkg']
[0.205s] Level 1:colcon.colcon_core.package_identification:_identify(src/gantry_robot_moveit_config) by extension 'colcon_pkg'
[0.205s] Level 1:colcon.colcon_core.package_identification:_identify(src/gantry_robot_moveit_config) by extensions ['colcon_meta']
[0.205s] Level 1:colcon.colcon_core.package_identification:_identify(src/gantry_robot_moveit_config) by extension 'colcon_meta'
[0.205s] Level 1:colcon.colcon_core.package_identification:_identify(src/gantry_robot_moveit_config) by extensions ['ros']
[0.205s] Level 1:colcon.colcon_core.package_identification:_identify(src/gantry_robot_moveit_config) by extension 'ros'
[0.206s] DEBUG:colcon.colcon_core.package_identification:Package 'src/gantry_robot_moveit_config' with type 'ros.ament_cmake' and name 'gantry_robot_moveit_config'
[0.206s] Level 1:colcon.colcon_core.package_identification:_identify(src/gantry_robot_moveit_config_sim) by extensions ['ignore', 'ignore_ament_install']
[0.206s] Level 1:colcon.colcon_core.package_identification:_identify(src/gantry_robot_moveit_config_sim) by extension 'ignore'
[0.206s] Level 1:colcon.colcon_core.package_identification:_identify(src/gantry_robot_moveit_config_sim) by extension 'ignore_ament_install'
[0.206s] Level 1:colcon.colcon_core.package_identification:_identify(src/gantry_robot_moveit_config_sim) by extensions ['colcon_pkg']
[0.206s] Level 1:colcon.colcon_core.package_identification:_identify(src/gantry_robot_moveit_config_sim) by extension 'colcon_pkg'
[0.206s] Level 1:colcon.colcon_core.package_identification:_identify(src/gantry_robot_moveit_config_sim) by extensions ['colcon_meta']
[0.206s] Level 1:colcon.colcon_core.package_identification:_identify(src/gantry_robot_moveit_config_sim) by extension 'colcon_meta'
[0.206s] Level 1:colcon.colcon_core.package_identification:_identify(src/gantry_robot_moveit_config_sim) by extensions ['ros']
[0.206s] Level 1:colcon.colcon_core.package_identification:_identify(src/gantry_robot_moveit_config_sim) by extension 'ros'
[0.208s] DEBUG:colcon.colcon_core.package_identification:Package 'src/gantry_robot_moveit_config_sim' with type 'ros.ament_cmake' and name 'gantry_robot_moveit_config_sim'
[0.208s] Level 1:colcon.colcon_core.package_identification:_identify(src/models) by extensions ['ignore', 'ignore_ament_install']
[0.208s] Level 1:colcon.colcon_core.package_identification:_identify(src/models) by extension 'ignore'
[0.208s] Level 1:colcon.colcon_core.package_identification:_identify(src/models) by extension 'ignore_ament_install'
[0.208s] Level 1:colcon.colcon_core.package_identification:_identify(src/models) by extensions ['colcon_pkg']
[0.208s] Level 1:colcon.colcon_core.package_identification:_identify(src/models) by extension 'colcon_pkg'
[0.208s] Level 1:colcon.colcon_core.package_identification:_identify(src/models) by extensions ['colcon_meta']
[0.208s] Level 1:colcon.colcon_core.package_identification:_identify(src/models) by extension 'colcon_meta'
[0.208s] Level 1:colcon.colcon_core.package_identification:_identify(src/models) by extensions ['ros']
[0.208s] Level 1:colcon.colcon_core.package_identification:_identify(src/models) by extension 'ros'
[0.209s] DEBUG:colcon.colcon_core.package_identification:Package 'src/models' with type 'ros.ament_cmake' and name 'models'
[0.209s] Level 1:colcon.colcon_core.package_identification:_identify(src/motion_planning_test) by extensions ['ignore', 'ignore_ament_install']
[0.209s] Level 1:colcon.colcon_core.package_identification:_identify(src/motion_planning_test) by extension 'ignore'
[0.209s] Level 1:colcon.colcon_core.package_identification:_identify(src/motion_planning_test) by extension 'ignore_ament_install'
[0.209s] Level 1:colcon.colcon_core.package_identification:_identify(src/motion_planning_test) by extensions ['colcon_pkg']
[0.209s] Level 1:colcon.colcon_core.package_identification:_identify(src/motion_planning_test) by extension 'colcon_pkg'
[0.209s] Level 1:colcon.colcon_core.package_identification:_identify(src/motion_planning_test) by extensions ['colcon_meta']
[0.209s] Level 1:colcon.colcon_core.package_identification:_identify(src/motion_planning_test) by extension 'colcon_meta'
[0.209s] Level 1:colcon.colcon_core.package_identification:_identify(src/motion_planning_test) by extensions ['ros']
[0.209s] Level 1:colcon.colcon_core.package_identification:_identify(src/motion_planning_test) by extension 'ros'
[0.210s] DEBUG:colcon.colcon_core.package_identification:Package 'src/motion_planning_test' with type 'ros.ament_cmake' and name 'motion_planning_test'
[0.210s] Level 1:colcon.colcon_core.package_identification:_identify(src/orchestrator) by extensions ['ignore', 'ignore_ament_install']
[0.210s] Level 1:colcon.colcon_core.package_identification:_identify(src/orchestrator) by extension 'ignore'
[0.210s] Level 1:colcon.colcon_core.package_identification:_identify(src/orchestrator) by extension 'ignore_ament_install'
[0.210s] Level 1:colcon.colcon_core.package_identification:_identify(src/orchestrator) by extensions ['colcon_pkg']
[0.210s] Level 1:colcon.colcon_core.package_identification:_identify(src/orchestrator) by extension 'colcon_pkg'
[0.210s] Level 1:colcon.colcon_core.package_identification:_identify(src/orchestrator) by extensions ['colcon_meta']
[0.210s] Level 1:colcon.colcon_core.package_identification:_identify(src/orchestrator) by extension 'colcon_meta'
[0.210s] Level 1:colcon.colcon_core.package_identification:_identify(src/orchestrator) by extensions ['ros']
[0.210s] Level 1:colcon.colcon_core.package_identification:_identify(src/orchestrator) by extension 'ros'
[0.211s] DEBUG:colcon.colcon_core.package_identification:Package 'src/orchestrator' with type 'ros.ament_cmake' and name 'orchestrator'
[0.211s] Level 1:colcon.colcon_core.package_identification:_identify(src/rm_interfaces) by extensions ['ignore', 'ignore_ament_install']
[0.211s] Level 1:colcon.colcon_core.package_identification:_identify(src/rm_interfaces) by extension 'ignore'
[0.211s] Level 1:colcon.colcon_core.package_identification:_identify(src/rm_interfaces) by extension 'ignore_ament_install'
[0.211s] Level 1:colcon.colcon_core.package_identification:_identify(src/rm_interfaces) by extensions ['colcon_pkg']
[0.211s] Level 1:colcon.colcon_core.package_identification:_identify(src/rm_interfaces) by extension 'colcon_pkg'
[0.211s] Level 1:colcon.colcon_core.package_identification:_identify(src/rm_interfaces) by extensions ['colcon_meta']
[0.211s] Level 1:colcon.colcon_core.package_identification:_identify(src/rm_interfaces) by extension 'colcon_meta'
[0.211s] Level 1:colcon.colcon_core.package_identification:_identify(src/rm_interfaces) by extensions ['ros']
[0.211s] Level 1:colcon.colcon_core.package_identification:_identify(src/rm_interfaces) by extension 'ros'
[0.211s] DEBUG:colcon.colcon_core.package_identification:Package 'src/rm_interfaces' with type 'ros.ament_cmake' and name 'rm_interfaces'
[0.211s] Level 1:colcon.colcon_core.package_identification:_identify(src/rm_serial_driver) by extensions ['ignore', 'ignore_ament_install']
[0.211s] Level 1:colcon.colcon_core.package_identification:_identify(src/rm_serial_driver) by extension 'ignore'
[0.211s] Level 1:colcon.colcon_core.package_identification:_identify(src/rm_serial_driver) by extension 'ignore_ament_install'
[0.211s] Level 1:colcon.colcon_core.package_identification:_identify(src/rm_serial_driver) by extensions ['colcon_pkg']
[0.212s] Level 1:colcon.colcon_core.package_identification:_identify(src/rm_serial_driver) by extension 'colcon_pkg'
[0.212s] Level 1:colcon.colcon_core.package_identification:_identify(src/rm_serial_driver) by extensions ['colcon_meta']
[0.212s] Level 1:colcon.colcon_core.package_identification:_identify(src/rm_serial_driver) by extension 'colcon_meta'
[0.212s] Level 1:colcon.colcon_core.package_identification:_identify(src/rm_serial_driver) by extensions ['ros']
[0.212s] Level 1:colcon.colcon_core.package_identification:_identify(src/rm_serial_driver) by extension 'ros'
[0.219s] DEBUG:colcon.colcon_core.package_identification:Package 'src/rm_serial_driver' with type 'ros.ament_cmake' and name 'rm_serial_driver'
[0.219s] Level 1:colcon.colcon_core.package_discovery:discover_packages(recursive) using defaults
[0.219s] Level 1:colcon.colcon_core.package_discovery:discover_packages(ignore) discover
[0.219s] Level 1:colcon.colcon_core.package_discovery:discover_packages(ignore) using defaults
[0.220s] Level 1:colcon.colcon_core.package_discovery:discover_packages(path) discover
[0.220s] Level 1:colcon.colcon_core.package_discovery:discover_packages(path) using defaults
[0.233s] INFO:colcon.colcon_core.package_selection:Skipping not selected package 'controller' in 'src/controller'
[0.233s] INFO:colcon.colcon_core.package_selection:Skipping not selected package 'models' in 'src/models'
[0.234s] INFO:colcon.colcon_core.package_selection:Skipping not selected package 'motion_planning_test' in 'src/motion_planning_test'
[0.234s] INFO:colcon.colcon_core.package_selection:Skipping not selected package 'rm_interfaces' in 'src/rm_interfaces'
[0.234s] INFO:colcon.colcon_core.package_selection:Skipping not selected package 'bringup' in 'src/bringup'
[0.234s] INFO:colcon.colcon_core.package_selection:Skipping not selected package 'gantry_robot_moveit_config_sim' in 'src/gantry_robot_moveit_config_sim'
[0.234s] INFO:colcon.colcon_core.package_selection:Skipping not selected package 'rm_serial_driver' in 'src/rm_serial_driver'
[0.234s] INFO:colcon.colcon_core.package_selection:Skipping not selected package 'orchestrator' in 'src/orchestrator'
[0.234s] INFO:colcon.colcon_core.package_selection:Skipping not selected package 'gantry_robot_moveit_config' in 'src/gantry_robot_moveit_config'
[0.234s] Level 1:colcon.colcon_core.package_discovery:discover_packages(prefix_path) check parameters
[0.234s] Level 1:colcon.colcon_core.package_discovery:discover_packages(prefix_path) discover
[0.235s] DEBUG:colcon.colcon_installed_package_information.package_discovery:Found 10 installed packages in /home/ooofieee/Desktop/ws_sim/install
[0.236s] DEBUG:colcon.colcon_installed_package_information.package_discovery:Found 373 installed packages in /opt/ros/humble
[0.237s] Level 1:colcon.colcon_core.package_discovery:discover_packages(prefix_path) using defaults
[0.266s] Level 5:colcon.colcon_core.verb:set package 'gantry_robot_hardware_interface' build argument 'cmake_args' from command line to 'None'
[0.266s] Level 5:colcon.colcon_core.verb:set package 'gantry_robot_hardware_interface' build argument 'cmake_target' from command line to 'None'
[0.266s] Level 5:colcon.colcon_core.verb:set package 'gantry_robot_hardware_interface' build argument 'cmake_target_skip_unavailable' from command line to 'False'
[0.266s] Level 5:colcon.colcon_core.verb:set package 'gantry_robot_hardware_interface' build argument 'cmake_clean_cache' from command line to 'False'
[0.267s] Level 5:colcon.colcon_core.verb:set package 'gantry_robot_hardware_interface' build argument 'cmake_clean_first' from command line to 'False'
[0.267s] Level 5:colcon.colcon_core.verb:set package 'gantry_robot_hardware_interface' build argument 'cmake_force_configure' from command line to 'False'
[0.267s] Level 5:colcon.colcon_core.verb:set package 'gantry_robot_hardware_interface' build argument 'ament_cmake_args' from command line to 'None'
[0.267s] Level 5:colcon.colcon_core.verb:set package 'gantry_robot_hardware_interface' build argument 'catkin_cmake_args' from command line to 'None'
[0.267s] Level 5:colcon.colcon_core.verb:set package 'gantry_robot_hardware_interface' build argument 'catkin_skip_building_tests' from command line to 'False'
[0.267s] DEBUG:colcon.colcon_core.verb:Building package 'gantry_robot_hardware_interface' with the following arguments: {'ament_cmake_args': None, 'build_base': '/home/ooofieee/Desktop/ws_sim/build/gantry_robot_hardware_interface', 'catkin_cmake_args': None, 'catkin_skip_building_tests': False, 'cmake_args': None, 'cmake_clean_cache': False, 'cmake_clean_first': False, 'cmake_force_configure': False, 'cmake_target': None, 'cmake_target_skip_unavailable': False, 'install_base': '/home/ooofieee/Desktop/ws_sim/install/gantry_robot_hardware_interface', 'merge_install': False, 'path': '/home/ooofieee/Desktop/ws_sim/src/gantry_robot_hardware_interface', 'symlink_install': True, 'test_result_base': None}
[0.267s] INFO:colcon.colcon_core.executor:Executing jobs using 'parallel' executor
[0.267s] DEBUG:colcon.colcon_parallel_executor.executor.parallel:run_until_complete
[0.268s] INFO:colcon.colcon_ros.task.ament_cmake.build:Building ROS package in '/home/ooofieee/Desktop/ws_sim/src/gantry_robot_hardware_interface' with build type 'ament_cmake'
[0.268s] INFO:colcon.colcon_cmake.task.cmake.build:Building CMake package in '/home/ooofieee/Desktop/ws_sim/src/gantry_robot_hardware_interface'
[0.269s] INFO:colcon.colcon_core.plugin_system:Skipping extension 'colcon_core.shell.bat': Not used on non-Windows systems
[0.269s] INFO:colcon.colcon_core.shell:Skip shell extension 'powershell' for command environment: Not usable outside of PowerShell
[0.269s] DEBUG:colcon.colcon_core.shell:Skip shell extension 'dsv' for command environment
[0.279s] DEBUG:colcon.colcon_core.event_handler.log_command:Invoking command in '/home/ooofieee/Desktop/ws_sim/build/gantry_robot_hardware_interface': CMAKE_PREFIX_PATH=/home/ooofieee/Desktop/ws_sim/install/rm_serial_driver:/home/ooofieee/Desktop/ws_sim/install/rm_interfaces:/home/ooofieee/Desktop/ws_sim/install/orchestrator:/home/ooofieee/Desktop/ws_sim/install/gantry_robot_moveit_config:/home/ooofieee/Desktop/ws_sim/install/gantry_robot_hardware_interface:/home/ooofieee/Desktop/ws_sim/install/motion_planning_test:/home/ooofieee/Desktop/ws_sim/install/gantry_robot_moveit_config_sim:/home/ooofieee/Desktop/ws_sim/install/bringup:/home/ooofieee/Desktop/ws_sim/install/models:/home/ooofieee/Desktop/ws_sim/install/controller:/usr/lib/x86_64-linux-gnu/cmake:/usr/lib/x86_64-linux-gnu/cmake:/opt/ros/humble LD_LIBRARY_PATH=/home/ooofieee/Desktop/ws_sim/install/rm_serial_driver/lib:/home/ooofieee/Desktop/ws_sim/install/rm_interfaces/lib:/home/ooofieee/Desktop/ws_sim/install/gantry_robot_hardware_interface/lib:/usr/lib/x86_64-linux-gnu/gazebo-11/plugins:/opt/ros/humble/opt/rviz_ogre_vendor/lib:/opt/ros/humble/lib/x86_64-linux-gnu:/opt/ros/humble/lib /bin/cmake --build /home/ooofieee/Desktop/ws_sim/build/gantry_robot_hardware_interface -- -j16 -l16
[3.948s] DEBUG:colcon.colcon_core.event_handler.log_command:Invoked command in '/home/ooofieee/Desktop/ws_sim/build/gantry_robot_hardware_interface' returned '0': CMAKE_PREFIX_PATH=/home/ooofieee/Desktop/ws_sim/install/rm_serial_driver:/home/ooofieee/Desktop/ws_sim/install/rm_interfaces:/home/ooofieee/Desktop/ws_sim/install/orchestrator:/home/ooofieee/Desktop/ws_sim/install/gantry_robot_moveit_config:/home/ooofieee/Desktop/ws_sim/install/gantry_robot_hardware_interface:/home/ooofieee/Desktop/ws_sim/install/motion_planning_test:/home/ooofieee/Desktop/ws_sim/install/gantry_robot_moveit_config_sim:/home/ooofieee/Desktop/ws_sim/install/bringup:/home/ooofieee/Desktop/ws_sim/install/models:/home/ooofieee/Desktop/ws_sim/install/controller:/usr/lib/x86_64-linux-gnu/cmake:/usr/lib/x86_64-linux-gnu/cmake:/opt/ros/humble LD_LIBRARY_PATH=/home/ooofieee/Desktop/ws_sim/install/rm_serial_driver/lib:/home/ooofieee/Desktop/ws_sim/install/rm_interfaces/lib:/home/ooofieee/Desktop/ws_sim/install/gantry_robot_hardware_interface/lib:/usr/lib/x86_64-linux-gnu/gazebo-11/plugins:/opt/ros/humble/opt/rviz_ogre_vendor/lib:/opt/ros/humble/lib/x86_64-linux-gnu:/opt/ros/humble/lib /bin/cmake --build /home/ooofieee/Desktop/ws_sim/build/gantry_robot_hardware_interface -- -j16 -l16
[3.954s] DEBUG:colcon.colcon_core.event_handler.log_command:Invoking command in '/home/ooofieee/Desktop/ws_sim/build/gantry_robot_hardware_interface': CMAKE_PREFIX_PATH=/home/ooofieee/Desktop/ws_sim/install/rm_serial_driver:/home/ooofieee/Desktop/ws_sim/install/rm_interfaces:/home/ooofieee/Desktop/ws_sim/install/orchestrator:/home/ooofieee/Desktop/ws_sim/install/gantry_robot_moveit_config:/home/ooofieee/Desktop/ws_sim/install/gantry_robot_hardware_interface:/home/ooofieee/Desktop/ws_sim/install/motion_planning_test:/home/ooofieee/Desktop/ws_sim/install/gantry_robot_moveit_config_sim:/home/ooofieee/Desktop/ws_sim/install/bringup:/home/ooofieee/Desktop/ws_sim/install/models:/home/ooofieee/Desktop/ws_sim/install/controller:/usr/lib/x86_64-linux-gnu/cmake:/usr/lib/x86_64-linux-gnu/cmake:/opt/ros/humble LD_LIBRARY_PATH=/home/ooofieee/Desktop/ws_sim/install/rm_serial_driver/lib:/home/ooofieee/Desktop/ws_sim/install/rm_interfaces/lib:/home/ooofieee/Desktop/ws_sim/install/gantry_robot_hardware_interface/lib:/usr/lib/x86_64-linux-gnu/gazebo-11/plugins:/opt/ros/humble/opt/rviz_ogre_vendor/lib:/opt/ros/humble/lib/x86_64-linux-gnu:/opt/ros/humble/lib /bin/cmake --install /home/ooofieee/Desktop/ws_sim/build/gantry_robot_hardware_interface
[4.100s] Level 1:colcon.colcon_core.environment:create_environment_scripts_only(gantry_robot_hardware_interface)
[4.101s] DEBUG:colcon.colcon_core.event_handler.log_command:Invoked command in '/home/ooofieee/Desktop/ws_sim/build/gantry_robot_hardware_interface' returned '0': CMAKE_PREFIX_PATH=/home/ooofieee/Desktop/ws_sim/install/rm_serial_driver:/home/ooofieee/Desktop/ws_sim/install/rm_interfaces:/home/ooofieee/Desktop/ws_sim/install/orchestrator:/home/ooofieee/Desktop/ws_sim/install/gantry_robot_moveit_config:/home/ooofieee/Desktop/ws_sim/install/gantry_robot_hardware_interface:/home/ooofieee/Desktop/ws_sim/install/motion_planning_test:/home/ooofieee/Desktop/ws_sim/install/gantry_robot_moveit_config_sim:/home/ooofieee/Desktop/ws_sim/install/bringup:/home/ooofieee/Desktop/ws_sim/install/models:/home/ooofieee/Desktop/ws_sim/install/controller:/usr/lib/x86_64-linux-gnu/cmake:/usr/lib/x86_64-linux-gnu/cmake:/opt/ros/humble LD_LIBRARY_PATH=/home/ooofieee/Desktop/ws_sim/install/rm_serial_driver/lib:/home/ooofieee/Desktop/ws_sim/install/rm_interfaces/lib:/home/ooofieee/Desktop/ws_sim/install/gantry_robot_hardware_interface/lib:/usr/lib/x86_64-linux-gnu/gazebo-11/plugins:/opt/ros/humble/opt/rviz_ogre_vendor/lib:/opt/ros/humble/lib/x86_64-linux-gnu:/opt/ros/humble/lib /bin/cmake --install /home/ooofieee/Desktop/ws_sim/build/gantry_robot_hardware_interface
[4.102s] Level 1:colcon.colcon_core.environment:checking '/home/ooofieee/Desktop/ws_sim/install/gantry_robot_hardware_interface' for CMake module files
[4.103s] Level 1:colcon.colcon_core.environment:checking '/home/ooofieee/Desktop/ws_sim/install/gantry_robot_hardware_interface' for CMake config files
[4.103s] Level 1:colcon.colcon_core.shell:create_environment_hook('gantry_robot_hardware_interface', 'cmake_prefix_path')
[4.103s] INFO:colcon.colcon_core.shell:Creating environment hook '/home/ooofieee/Desktop/ws_sim/install/gantry_robot_hardware_interface/share/gantry_robot_hardware_interface/hook/cmake_prefix_path.ps1'
[4.103s] INFO:colcon.colcon_core.shell:Creating environment descriptor '/home/ooofieee/Desktop/ws_sim/install/gantry_robot_hardware_interface/share/gantry_robot_hardware_interface/hook/cmake_prefix_path.dsv'
[4.104s] INFO:colcon.colcon_core.shell:Creating environment hook '/home/ooofieee/Desktop/ws_sim/install/gantry_robot_hardware_interface/share/gantry_robot_hardware_interface/hook/cmake_prefix_path.sh'
[4.104s] Level 1:colcon.colcon_core.environment:checking '/home/ooofieee/Desktop/ws_sim/install/gantry_robot_hardware_interface/lib'
[4.104s] Level 1:colcon.colcon_core.shell:create_environment_hook('gantry_robot_hardware_interface', 'ld_library_path_lib')
[4.104s] INFO:colcon.colcon_core.shell:Creating environment hook '/home/ooofieee/Desktop/ws_sim/install/gantry_robot_hardware_interface/share/gantry_robot_hardware_interface/hook/ld_library_path_lib.ps1'
[4.105s] INFO:colcon.colcon_core.shell:Creating environment descriptor '/home/ooofieee/Desktop/ws_sim/install/gantry_robot_hardware_interface/share/gantry_robot_hardware_interface/hook/ld_library_path_lib.dsv'
[4.105s] INFO:colcon.colcon_core.shell:Creating environment hook '/home/ooofieee/Desktop/ws_sim/install/gantry_robot_hardware_interface/share/gantry_robot_hardware_interface/hook/ld_library_path_lib.sh'
[4.105s] Level 1:colcon.colcon_core.environment:checking '/home/ooofieee/Desktop/ws_sim/install/gantry_robot_hardware_interface/bin'
[4.105s] Level 1:colcon.colcon_core.environment:checking '/home/ooofieee/Desktop/ws_sim/install/gantry_robot_hardware_interface/lib/pkgconfig/gantry_robot_hardware_interface.pc'
[4.105s] Level 1:colcon.colcon_core.environment:checking '/home/ooofieee/Desktop/ws_sim/install/gantry_robot_hardware_interface/lib/python3.10/site-packages'
[4.106s] Level 1:colcon.colcon_core.environment:checking '/home/ooofieee/Desktop/ws_sim/install/gantry_robot_hardware_interface/bin'
[4.106s] INFO:colcon.colcon_core.shell:Creating package script '/home/ooofieee/Desktop/ws_sim/install/gantry_robot_hardware_interface/share/gantry_robot_hardware_interface/package.ps1'
[4.106s] INFO:colcon.colcon_core.shell:Creating package descriptor '/home/ooofieee/Desktop/ws_sim/install/gantry_robot_hardware_interface/share/gantry_robot_hardware_interface/package.dsv'
[4.107s] INFO:colcon.colcon_core.shell:Creating package script '/home/ooofieee/Desktop/ws_sim/install/gantry_robot_hardware_interface/share/gantry_robot_hardware_interface/package.sh'
[4.107s] INFO:colcon.colcon_core.shell:Creating package script '/home/ooofieee/Desktop/ws_sim/install/gantry_robot_hardware_interface/share/gantry_robot_hardware_interface/package.bash'
[4.108s] INFO:colcon.colcon_core.shell:Creating package script '/home/ooofieee/Desktop/ws_sim/install/gantry_robot_hardware_interface/share/gantry_robot_hardware_interface/package.zsh'
[4.108s] Level 1:colcon.colcon_core.environment:create_file_with_runtime_dependencies(/home/ooofieee/Desktop/ws_sim/install/gantry_robot_hardware_interface/share/colcon-core/packages/gantry_robot_hardware_interface)
[4.108s] Level 1:colcon.colcon_core.environment:create_environment_scripts_only(gantry_robot_hardware_interface)
[4.108s] Level 1:colcon.colcon_core.environment:checking '/home/ooofieee/Desktop/ws_sim/install/gantry_robot_hardware_interface' for CMake module files
[4.109s] Level 1:colcon.colcon_core.environment:checking '/home/ooofieee/Desktop/ws_sim/install/gantry_robot_hardware_interface' for CMake config files
[4.109s] Level 1:colcon.colcon_core.shell:create_environment_hook('gantry_robot_hardware_interface', 'cmake_prefix_path')
[4.109s] INFO:colcon.colcon_core.shell:Creating environment hook '/home/ooofieee/Desktop/ws_sim/install/gantry_robot_hardware_interface/share/gantry_robot_hardware_interface/hook/cmake_prefix_path.ps1'
[4.109s] INFO:colcon.colcon_core.shell:Creating environment descriptor '/home/ooofieee/Desktop/ws_sim/install/gantry_robot_hardware_interface/share/gantry_robot_hardware_interface/hook/cmake_prefix_path.dsv'
[4.109s] INFO:colcon.colcon_core.shell:Creating environment hook '/home/ooofieee/Desktop/ws_sim/install/gantry_robot_hardware_interface/share/gantry_robot_hardware_interface/hook/cmake_prefix_path.sh'
[4.110s] Level 1:colcon.colcon_core.environment:checking '/home/ooofieee/Desktop/ws_sim/install/gantry_robot_hardware_interface/lib'
[4.110s] Level 1:colcon.colcon_core.shell:create_environment_hook('gantry_robot_hardware_interface', 'ld_library_path_lib')
[4.110s] INFO:colcon.colcon_core.shell:Creating environment hook '/home/ooofieee/Desktop/ws_sim/install/gantry_robot_hardware_interface/share/gantry_robot_hardware_interface/hook/ld_library_path_lib.ps1'
[4.110s] INFO:colcon.colcon_core.shell:Creating environment descriptor '/home/ooofieee/Desktop/ws_sim/install/gantry_robot_hardware_interface/share/gantry_robot_hardware_interface/hook/ld_library_path_lib.dsv'
[4.110s] INFO:colcon.colcon_core.shell:Creating environment hook '/home/ooofieee/Desktop/ws_sim/install/gantry_robot_hardware_interface/share/gantry_robot_hardware_interface/hook/ld_library_path_lib.sh'
[4.111s] Level 1:colcon.colcon_core.environment:checking '/home/ooofieee/Desktop/ws_sim/install/gantry_robot_hardware_interface/bin'
[4.111s] Level 1:colcon.colcon_core.environment:checking '/home/ooofieee/Desktop/ws_sim/install/gantry_robot_hardware_interface/lib/pkgconfig/gantry_robot_hardware_interface.pc'
[4.111s] Level 1:colcon.colcon_core.environment:checking '/home/ooofieee/Desktop/ws_sim/install/gantry_robot_hardware_interface/lib/python3.10/site-packages'
[4.111s] Level 1:colcon.colcon_core.environment:checking '/home/ooofieee/Desktop/ws_sim/install/gantry_robot_hardware_interface/bin'
[4.111s] INFO:colcon.colcon_core.shell:Creating package script '/home/ooofieee/Desktop/ws_sim/install/gantry_robot_hardware_interface/share/gantry_robot_hardware_interface/package.ps1'
[4.112s] INFO:colcon.colcon_core.shell:Creating package descriptor '/home/ooofieee/Desktop/ws_sim/install/gantry_robot_hardware_interface/share/gantry_robot_hardware_interface/package.dsv'
[4.112s] INFO:colcon.colcon_core.shell:Creating package script '/home/ooofieee/Desktop/ws_sim/install/gantry_robot_hardware_interface/share/gantry_robot_hardware_interface/package.sh'
[4.112s] INFO:colcon.colcon_core.shell:Creating package script '/home/ooofieee/Desktop/ws_sim/install/gantry_robot_hardware_interface/share/gantry_robot_hardware_interface/package.bash'
[4.112s] INFO:colcon.colcon_core.shell:Creating package script '/home/ooofieee/Desktop/ws_sim/install/gantry_robot_hardware_interface/share/gantry_robot_hardware_interface/package.zsh'
[4.113s] Level 1:colcon.colcon_core.environment:create_file_with_runtime_dependencies(/home/ooofieee/Desktop/ws_sim/install/gantry_robot_hardware_interface/share/colcon-core/packages/gantry_robot_hardware_interface)
[4.113s] DEBUG:colcon.colcon_parallel_executor.executor.parallel:closing loop
[4.113s] DEBUG:colcon.colcon_parallel_executor.executor.parallel:loop closed
[4.113s] DEBUG:colcon.colcon_parallel_executor.executor.parallel:run_until_complete finished with '0'
[4.113s] DEBUG:colcon.colcon_core.event_reactor:joining thread
[4.117s] INFO:colcon.colcon_core.plugin_system:Skipping extension 'colcon_notification.desktop_notification.terminal_notifier': Not used on non-Darwin systems
[4.117s] INFO:colcon.colcon_core.plugin_system:Skipping extension 'colcon_notification.desktop_notification.win32': Not used on non-Windows systems
[4.117s] INFO:colcon.colcon_notification.desktop_notification:Sending desktop notification using 'notify2'
[4.122s] DEBUG:colcon.colcon_core.event_reactor:joined thread
[4.122s] INFO:colcon.colcon_core.shell:Creating prefix script '/home/ooofieee/Desktop/ws_sim/install/local_setup.ps1'
[4.123s] INFO:colcon.colcon_core.shell:Creating prefix util module '/home/ooofieee/Desktop/ws_sim/install/_local_setup_util_ps1.py'
[4.124s] INFO:colcon.colcon_core.shell:Creating prefix chain script '/home/ooofieee/Desktop/ws_sim/install/setup.ps1'
[4.125s] INFO:colcon.colcon_core.shell:Creating prefix script '/home/ooofieee/Desktop/ws_sim/install/local_setup.sh'
[4.125s] INFO:colcon.colcon_core.shell:Creating prefix util module '/home/ooofieee/Desktop/ws_sim/install/_local_setup_util_sh.py'
[4.125s] INFO:colcon.colcon_core.shell:Creating prefix chain script '/home/ooofieee/Desktop/ws_sim/install/setup.sh'
[4.126s] INFO:colcon.colcon_core.shell:Creating prefix script '/home/ooofieee/Desktop/ws_sim/install/local_setup.bash'
[4.127s] INFO:colcon.colcon_core.shell:Creating prefix chain script '/home/ooofieee/Desktop/ws_sim/install/setup.bash'
[4.127s] INFO:colcon.colcon_core.shell:Creating prefix script '/home/ooofieee/Desktop/ws_sim/install/local_setup.zsh'
[4.128s] INFO:colcon.colcon_core.shell:Creating prefix chain script '/home/ooofieee/Desktop/ws_sim/install/setup.zsh'
