[0.009s] Invoking command in '/home/ooofieee/Desktop/ws_sim/build/bringup': CMAKE_PREFIX_PATH=/home/ooofieee/Desktop/ws_sim/install/models:/home/ooofieee/Desktop/ws_sim/install/orchestrator:/home/ooofieee/Desktop/ws_sim/install/gantry_robot_moveit_config:/home/ooofieee/Desktop/ws_sim/install/gantry_robot_hardware_interface:/home/ooofieee/Desktop/ws_sim/install/rm_serial_driver:/home/ooofieee/Desktop/ws_sim/install/rm_interfaces:/home/ooofieee/Desktop/ws_sim/install/motion_planning_test:/home/ooofieee/Desktop/ws_sim/install/gantry_robot_moveit_config_sim:/home/ooofieee/Desktop/ws_sim/install/bringup:/home/ooofieee/Desktop/ws_sim/install/controller:/usr/lib/x86_64-linux-gnu/cmake:/usr/lib/x86_64-linux-gnu/cmake:/opt/ros/humble /bin/cmake --build /home/ooofieee/Desktop/ws_sim/build/bringup -- -j16 -l16
[0.037s] Invoked command in '/home/ooofieee/Desktop/ws_sim/build/bringup' returned '0': CMAKE_PREFIX_PATH=/home/ooofieee/Desktop/ws_sim/install/models:/home/ooofieee/Desktop/ws_sim/install/orchestrator:/home/ooofieee/Desktop/ws_sim/install/gantry_robot_moveit_config:/home/ooofieee/Desktop/ws_sim/install/gantry_robot_hardware_interface:/home/ooofieee/Desktop/ws_sim/install/rm_serial_driver:/home/ooofieee/Desktop/ws_sim/install/rm_interfaces:/home/ooofieee/Desktop/ws_sim/install/motion_planning_test:/home/ooofieee/Desktop/ws_sim/install/gantry_robot_moveit_config_sim:/home/ooofieee/Desktop/ws_sim/install/bringup:/home/ooofieee/Desktop/ws_sim/install/controller:/usr/lib/x86_64-linux-gnu/cmake:/usr/lib/x86_64-linux-gnu/cmake:/opt/ros/humble /bin/cmake --build /home/ooofieee/Desktop/ws_sim/build/bringup -- -j16 -l16
[0.038s] Invoking command in '/home/ooofieee/Desktop/ws_sim/build/bringup': CMAKE_PREFIX_PATH=/home/ooofieee/Desktop/ws_sim/install/models:/home/ooofieee/Desktop/ws_sim/install/orchestrator:/home/ooofieee/Desktop/ws_sim/install/gantry_robot_moveit_config:/home/ooofieee/Desktop/ws_sim/install/gantry_robot_hardware_interface:/home/ooofieee/Desktop/ws_sim/install/rm_serial_driver:/home/ooofieee/Desktop/ws_sim/install/rm_interfaces:/home/ooofieee/Desktop/ws_sim/install/motion_planning_test:/home/ooofieee/Desktop/ws_sim/install/gantry_robot_moveit_config_sim:/home/ooofieee/Desktop/ws_sim/install/bringup:/home/ooofieee/Desktop/ws_sim/install/controller:/usr/lib/x86_64-linux-gnu/cmake:/usr/lib/x86_64-linux-gnu/cmake:/opt/ros/humble /bin/cmake --install /home/ooofieee/Desktop/ws_sim/build/bringup
[0.041s] -- Install configuration: ""
[0.041s] -- Up-to-date: /home/ooofieee/Desktop/ws_sim/install/bringup/share/bringup/config
[0.041s] -- Up-to-date: /home/ooofieee/Desktop/ws_sim/install/bringup/share/bringup/config/gantry_robot_controllers.yaml
[0.041s] -- Up-to-date: /home/ooofieee/Desktop/ws_sim/install/bringup/share/bringup/config/test_goal_publishers_config.yaml
[0.041s] -- Up-to-date: /home/ooofieee/Desktop/ws_sim/install/bringup/share/bringup/launch
[0.041s] -- Up-to-date: /home/ooofieee/Desktop/ws_sim/install/bringup/share/bringup/launch/test_forward_position_controller.launch.py
[0.042s] -- Up-to-date: /home/ooofieee/Desktop/ws_sim/install/bringup/share/bringup/launch/test_joint_trajectory_controller.launch.py
[0.042s] -- Up-to-date: /home/ooofieee/Desktop/ws_sim/install/bringup/share/ament_index/resource_index/package_run_dependencies/bringup
[0.042s] -- Up-to-date: /home/ooofieee/Desktop/ws_sim/install/bringup/share/ament_index/resource_index/parent_prefix_path/bringup
[0.042s] -- Up-to-date: /home/ooofieee/Desktop/ws_sim/install/bringup/share/bringup/environment/ament_prefix_path.sh
[0.042s] -- Up-to-date: /home/ooofieee/Desktop/ws_sim/install/bringup/share/bringup/environment/ament_prefix_path.dsv
[0.042s] -- Up-to-date: /home/ooofieee/Desktop/ws_sim/install/bringup/share/bringup/environment/path.sh
[0.042s] -- Up-to-date: /home/ooofieee/Desktop/ws_sim/install/bringup/share/bringup/environment/path.dsv
[0.042s] -- Up-to-date: /home/ooofieee/Desktop/ws_sim/install/bringup/share/bringup/local_setup.bash
[0.042s] -- Up-to-date: /home/ooofieee/Desktop/ws_sim/install/bringup/share/bringup/local_setup.sh
[0.042s] -- Up-to-date: /home/ooofieee/Desktop/ws_sim/install/bringup/share/bringup/local_setup.zsh
[0.042s] -- Up-to-date: /home/ooofieee/Desktop/ws_sim/install/bringup/share/bringup/local_setup.dsv
[0.042s] -- Installing: /home/ooofieee/Desktop/ws_sim/install/bringup/share/bringup/package.dsv
[0.042s] -- Up-to-date: /home/ooofieee/Desktop/ws_sim/install/bringup/share/ament_index/resource_index/packages/bringup
[0.042s] -- Up-to-date: /home/ooofieee/Desktop/ws_sim/install/bringup/share/bringup/cmake/bringupConfig.cmake
[0.042s] -- Up-to-date: /home/ooofieee/Desktop/ws_sim/install/bringup/share/bringup/cmake/bringupConfig-version.cmake
[0.042s] -- Up-to-date: /home/ooofieee/Desktop/ws_sim/install/bringup/share/bringup/package.xml
[0.044s] Invoked command in '/home/ooofieee/Desktop/ws_sim/build/bringup' returned '0': CMAKE_PREFIX_PATH=/home/ooofieee/Desktop/ws_sim/install/models:/home/ooofieee/Desktop/ws_sim/install/orchestrator:/home/ooofieee/Desktop/ws_sim/install/gantry_robot_moveit_config:/home/ooofieee/Desktop/ws_sim/install/gantry_robot_hardware_interface:/home/ooofieee/Desktop/ws_sim/install/rm_serial_driver:/home/ooofieee/Desktop/ws_sim/install/rm_interfaces:/home/ooofieee/Desktop/ws_sim/install/motion_planning_test:/home/ooofieee/Desktop/ws_sim/install/gantry_robot_moveit_config_sim:/home/ooofieee/Desktop/ws_sim/install/bringup:/home/ooofieee/Desktop/ws_sim/install/controller:/usr/lib/x86_64-linux-gnu/cmake:/usr/lib/x86_64-linux-gnu/cmake:/opt/ros/humble /bin/cmake --install /home/ooofieee/Desktop/ws_sim/build/bringup
