[0.012s] Invoking command in '/home/ooofieee/Desktop/ws_sim/build/controller': CMAKE_PREFIX_PATH=${CMAKE_PREFIX_PATH}:/opt/ros/humble /bin/cmake --build /home/ooofieee/Desktop/ws_sim/build/controller -- -j16 -l16
[0.088s] [ 50%] [32mBuilding CXX object CMakeFiles/controller_node.dir/src/controller_node.cpp.o[0m
[9.670s] [100%] [32m[1mLinking CXX executable controller_node[0m
[10.060s] [100%] Built target controller_node
[10.068s] Invoked command in '/home/ooofieee/Desktop/ws_sim/build/controller' returned '0': CMAKE_PREFIX_PATH=${CMAKE_PREFIX_PATH}:/opt/ros/humble /bin/cmake --build /home/ooofieee/Desktop/ws_sim/build/controller -- -j16 -l16
[10.069s] Invoking command in '/home/ooofieee/Desktop/ws_sim/build/controller': CMAKE_PREFIX_PATH=${CMAKE_PREFIX_PATH}:/opt/ros/humble /bin/cmake --install /home/ooofieee/Desktop/ws_sim/build/controller
[10.075s] -- Install configuration: ""
[10.075s] -- Installing: /home/ooofieee/Desktop/ws_sim/install/controller/lib/controller/controller_node
[10.076s] -- Set runtime path of "/home/ooofieee/Desktop/ws_sim/install/controller/lib/controller/controller_node" to ""
[10.076s] -- Up-to-date: /home/ooofieee/Desktop/ws_sim/install/controller/include/
[10.076s] -- Up-to-date: /home/ooofieee/Desktop/ws_sim/install/controller/include//controller
[10.076s] -- Up-to-date: /home/ooofieee/Desktop/ws_sim/install/controller/include//controller/phase1_node.hpp
[10.076s] -- Up-to-date: /home/ooofieee/Desktop/ws_sim/install/controller/include//controller/mtc.hpp
[10.076s] -- Installing: /home/ooofieee/Desktop/ws_sim/install/controller/include//controller/phase0_node.hpp
[10.077s] -- Up-to-date: /home/ooofieee/Desktop/ws_sim/install/controller/include//controller/phase2_node.hpp
[10.077s] -- Up-to-date: /home/ooofieee/Desktop/ws_sim/install/controller/share/controller/launch
[10.077s] -- Up-to-date: /home/ooofieee/Desktop/ws_sim/install/controller/share/controller/launch/controller.launch.py
[10.077s] -- Up-to-date: /home/ooofieee/Desktop/ws_sim/install/controller/share/ament_index/resource_index/package_run_dependencies/controller
[10.077s] -- Up-to-date: /home/ooofieee/Desktop/ws_sim/install/controller/share/ament_index/resource_index/parent_prefix_path/controller
[10.077s] -- Up-to-date: /home/ooofieee/Desktop/ws_sim/install/controller/share/controller/environment/ament_prefix_path.sh
[10.077s] -- Up-to-date: /home/ooofieee/Desktop/ws_sim/install/controller/share/controller/environment/ament_prefix_path.dsv
[10.077s] -- Up-to-date: /home/ooofieee/Desktop/ws_sim/install/controller/share/controller/environment/path.sh
[10.077s] -- Up-to-date: /home/ooofieee/Desktop/ws_sim/install/controller/share/controller/environment/path.dsv
[10.077s] -- Up-to-date: /home/ooofieee/Desktop/ws_sim/install/controller/share/controller/local_setup.bash
[10.077s] -- Up-to-date: /home/ooofieee/Desktop/ws_sim/install/controller/share/controller/local_setup.sh
[10.077s] -- Up-to-date: /home/ooofieee/Desktop/ws_sim/install/controller/share/controller/local_setup.zsh
[10.077s] -- Up-to-date: /home/ooofieee/Desktop/ws_sim/install/controller/share/controller/local_setup.dsv
[10.077s] -- Installing: /home/ooofieee/Desktop/ws_sim/install/controller/share/controller/package.dsv
[10.077s] -- Up-to-date: /home/ooofieee/Desktop/ws_sim/install/controller/share/ament_index/resource_index/packages/controller
[10.077s] -- Up-to-date: /home/ooofieee/Desktop/ws_sim/install/controller/share/controller/cmake/controllerConfig.cmake
[10.077s] -- Up-to-date: /home/ooofieee/Desktop/ws_sim/install/controller/share/controller/cmake/controllerConfig-version.cmake
[10.077s] -- Up-to-date: /home/ooofieee/Desktop/ws_sim/install/controller/share/controller/package.xml
[10.078s] Invoked command in '/home/ooofieee/Desktop/ws_sim/build/controller' returned '0': CMAKE_PREFIX_PATH=${CMAKE_PREFIX_PATH}:/opt/ros/humble /bin/cmake --install /home/ooofieee/Desktop/ws_sim/build/controller
