[100%] Built target rm_serial_driver
-- Install configuration: ""
-- Up-to-date: /home/ooofieee/Desktop/ws_sim/install/rm_serial_driver/include
-- Up-to-date: /home/ooofieee/Desktop/ws_sim/install/rm_serial_driver/include/rm_serial_driver
-- Up-to-date: /home/ooofieee/Desktop/ws_sim/install/rm_serial_driver/include/rm_serial_driver/transporter_interface.hpp
-- Up-to-date: /home/ooofieee/Desktop/ws_sim/install/rm_serial_driver/include/rm_serial_driver/fixed_packet.hpp
-- Up-to-date: /home/ooofieee/Desktop/ws_sim/install/rm_serial_driver/include/rm_serial_driver/fixed_packet_withoutCRC.hpp
-- Up-to-date: /home/ooofieee/Desktop/ws_sim/install/rm_serial_driver/include/rm_serial_driver/protocol_factory.hpp
-- Up-to-date: /home/ooofieee/Desktop/ws_sim/install/rm_serial_driver/include/rm_serial_driver/fixed_packet_tool.hpp
-- Up-to-date: /home/ooofieee/Desktop/ws_sim/install/rm_serial_driver/include/rm_serial_driver/protocol.hpp
-- Up-to-date: /home/ooofieee/Desktop/ws_sim/install/rm_serial_driver/include/rm_serial_driver/fixed_packet_tool_withoutCRC.hpp
-- Up-to-date: /home/ooofieee/Desktop/ws_sim/install/rm_serial_driver/include/rm_serial_driver/protocol
-- Up-to-date: /home/ooofieee/Desktop/ws_sim/install/rm_serial_driver/include/rm_serial_driver/protocol/engineer_protocol.hpp
-- Up-to-date: /home/ooofieee/Desktop/ws_sim/install/rm_serial_driver/include/rm_serial_driver/uart_transporter.hpp
-- Up-to-date: /home/ooofieee/Desktop/ws_sim/install/rm_serial_driver/lib/librm_serial_driver.so
-- Up-to-date: /home/ooofieee/Desktop/ws_sim/install/rm_serial_driver/share/rm_serial_driver/environment/library_path.sh
-- Up-to-date: /home/ooofieee/Desktop/ws_sim/install/rm_serial_driver/share/rm_serial_driver/environment/library_path.dsv
-- Up-to-date: /home/ooofieee/Desktop/ws_sim/install/rm_serial_driver/share/ament_index/resource_index/package_run_dependencies/rm_serial_driver
-- Up-to-date: /home/ooofieee/Desktop/ws_sim/install/rm_serial_driver/share/ament_index/resource_index/parent_prefix_path/rm_serial_driver
-- Up-to-date: /home/ooofieee/Desktop/ws_sim/install/rm_serial_driver/share/rm_serial_driver/environment/ament_prefix_path.sh
-- Up-to-date: /home/ooofieee/Desktop/ws_sim/install/rm_serial_driver/share/rm_serial_driver/environment/ament_prefix_path.dsv
-- Up-to-date: /home/ooofieee/Desktop/ws_sim/install/rm_serial_driver/share/rm_serial_driver/environment/path.sh
-- Up-to-date: /home/ooofieee/Desktop/ws_sim/install/rm_serial_driver/share/rm_serial_driver/environment/path.dsv
-- Up-to-date: /home/ooofieee/Desktop/ws_sim/install/rm_serial_driver/share/rm_serial_driver/local_setup.bash
-- Up-to-date: /home/ooofieee/Desktop/ws_sim/install/rm_serial_driver/share/rm_serial_driver/local_setup.sh
-- Up-to-date: /home/ooofieee/Desktop/ws_sim/install/rm_serial_driver/share/rm_serial_driver/local_setup.zsh
-- Up-to-date: /home/ooofieee/Desktop/ws_sim/install/rm_serial_driver/share/rm_serial_driver/local_setup.dsv
-- Installing: /home/ooofieee/Desktop/ws_sim/install/rm_serial_driver/share/rm_serial_driver/package.dsv
-- Up-to-date: /home/ooofieee/Desktop/ws_sim/install/rm_serial_driver/share/ament_index/resource_index/packages/rm_serial_driver
-- Up-to-date: /home/ooofieee/Desktop/ws_sim/install/rm_serial_driver/share/rm_serial_driver/cmake/rm_serial_driverExport.cmake
-- Up-to-date: /home/ooofieee/Desktop/ws_sim/install/rm_serial_driver/share/rm_serial_driver/cmake/rm_serial_driverExport-noconfig.cmake
-- Up-to-date: /home/ooofieee/Desktop/ws_sim/install/rm_serial_driver/share/rm_serial_driver/cmake/ament_cmake_export_targets-extras.cmake
-- Up-to-date: /home/ooofieee/Desktop/ws_sim/install/rm_serial_driver/share/rm_serial_driver/cmake/ament_cmake_export_dependencies-extras.cmake
-- Up-to-date: /home/ooofieee/Desktop/ws_sim/install/rm_serial_driver/share/rm_serial_driver/cmake/rm_serial_driverConfig.cmake
-- Up-to-date: /home/ooofieee/Desktop/ws_sim/install/rm_serial_driver/share/rm_serial_driver/cmake/rm_serial_driverConfig-version.cmake
-- Up-to-date: /home/ooofieee/Desktop/ws_sim/install/rm_serial_driver/share/rm_serial_driver/package.xml
