[0.010s] Invoking command in '/home/ooofieee/Desktop/ws_sim/build/models': CMAKE_PREFIX_PATH=${CMAKE_PREFIX_PATH}:/opt/ros/humble /bin/cmake /home/ooofieee/Desktop/ws_sim/src/models -DCMAKE_INSTALL_PREFIX=/home/ooofieee/Desktop/ws_sim/install/models
[0.046s] -- The C compiler identification is GNU 12.3.0
[0.086s] -- The CXX compiler identification is GNU 12.3.0
[0.090s] -- Detecting C compiler ABI info
[0.136s] -- Detecting C compiler ABI info - done
[0.141s] -- Check for working C compiler: /bin/cc - skipped
[0.141s] -- Detecting C compile features
[0.141s] -- Detecting C compile features - done
[0.143s] -- Detecting CXX compiler ABI info
[0.198s] -- Detecting CXX compiler ABI info - done
[0.206s] -- Check for working CXX compiler: /bin/c++ - skipped
[0.206s] -- Detecting CXX compile features
[0.207s] -- Detecting CXX compile features - done
[0.209s] -- Found ament_cmake: 1.3.12 (/opt/ros/humble/share/ament_cmake/cmake)
[0.348s] -- Found Python3: /bin/python3 (found version "3.10.12") found components: Interpreter 
[0.432s] -- Found urdf: 2.6.1 (/opt/ros/humble/share/urdf/cmake)
[0.485s] -- Found xacro: 2.1.1 (/opt/ros/humble/share/xacro/cmake)
[0.539s] -- Configuring done
[0.541s] -- Generating done
[0.543s] -- Build files have been written to: /home/ooofieee/Desktop/ws_sim/build/models
[0.549s] Invoked command in '/home/ooofieee/Desktop/ws_sim/build/models' returned '0': CMAKE_PREFIX_PATH=${CMAKE_PREFIX_PATH}:/opt/ros/humble /bin/cmake /home/ooofieee/Desktop/ws_sim/src/models -DCMAKE_INSTALL_PREFIX=/home/ooofieee/Desktop/ws_sim/install/models
[0.551s] Invoking command in '/home/ooofieee/Desktop/ws_sim/build/models': CMAKE_PREFIX_PATH=${CMAKE_PREFIX_PATH}:/opt/ros/humble /bin/cmake --build /home/ooofieee/Desktop/ws_sim/build/models -- -j16 -l16
[0.576s] Invoked command in '/home/ooofieee/Desktop/ws_sim/build/models' returned '0': CMAKE_PREFIX_PATH=${CMAKE_PREFIX_PATH}:/opt/ros/humble /bin/cmake --build /home/ooofieee/Desktop/ws_sim/build/models -- -j16 -l16
[0.583s] Invoking command in '/home/ooofieee/Desktop/ws_sim/build/models': CMAKE_PREFIX_PATH=${CMAKE_PREFIX_PATH}:/opt/ros/humble /bin/cmake --install /home/ooofieee/Desktop/ws_sim/build/models
[0.588s] -- Install configuration: ""
[0.588s] -- Installing: /home/ooofieee/Desktop/ws_sim/install/models/share/models/launch
[0.588s] -- Installing: /home/ooofieee/Desktop/ws_sim/install/models/share/models/launch/display.launch.py
[0.588s] -- Installing: /home/ooofieee/Desktop/ws_sim/install/models/share/models/meshes
[0.588s] -- Installing: /home/ooofieee/Desktop/ws_sim/install/models/share/models/meshes/link6.STL
[0.588s] -- Installing: /home/ooofieee/Desktop/ws_sim/install/models/share/models/meshes/gantry_robot.urdf
[0.588s] -- Installing: /home/ooofieee/Desktop/ws_sim/install/models/share/models/meshes/link4.STL
[0.588s] -- Installing: /home/ooofieee/Desktop/ws_sim/install/models/share/models/meshes/link3.STL
[0.588s] -- Installing: /home/ooofieee/Desktop/ws_sim/install/models/share/models/meshes/link5.STL
[0.588s] -- Installing: /home/ooofieee/Desktop/ws_sim/install/models/share/models/meshes/link7.STL
[0.588s] -- Installing: /home/ooofieee/Desktop/ws_sim/install/models/share/models/meshes/link1.STL
[0.589s] -- Installing: /home/ooofieee/Desktop/ws_sim/install/models/share/models/meshes/link2.STL
[0.589s] -- Installing: /home/ooofieee/Desktop/ws_sim/install/models/share/models/urdf
[0.589s] -- Installing: /home/ooofieee/Desktop/ws_sim/install/models/share/models/urdf/gantry_robot.urdf
[0.589s] -- Installing: /home/ooofieee/Desktop/ws_sim/install/models/share/models/urdf/scene.xacro
[0.589s] -- Installing: /home/ooofieee/Desktop/ws_sim/install/models/share/models/urdf/stand.xacro
[0.589s] -- Installing: /home/ooofieee/Desktop/ws_sim/install/models/share/models/urdf/stand.urdf
[0.589s] -- Installing: /home/ooofieee/Desktop/ws_sim/install/models/share/models/urdf/gantry_robot.xacro
[0.589s] -- Installing: /home/ooofieee/Desktop/ws_sim/install/models/share/models/rviz
[0.589s] -- Installing: /home/ooofieee/Desktop/ws_sim/install/models/share/models/rviz/urdf.rviz
[0.589s] -- Installing: /home/ooofieee/Desktop/ws_sim/install/models/share/ament_index/resource_index/package_run_dependencies/models
[0.589s] -- Installing: /home/ooofieee/Desktop/ws_sim/install/models/share/ament_index/resource_index/parent_prefix_path/models
[0.589s] -- Installing: /home/ooofieee/Desktop/ws_sim/install/models/share/models/environment/ament_prefix_path.sh
[0.589s] -- Installing: /home/ooofieee/Desktop/ws_sim/install/models/share/models/environment/ament_prefix_path.dsv
[0.589s] -- Installing: /home/ooofieee/Desktop/ws_sim/install/models/share/models/environment/path.sh
[0.589s] -- Installing: /home/ooofieee/Desktop/ws_sim/install/models/share/models/environment/path.dsv
[0.590s] -- Installing: /home/ooofieee/Desktop/ws_sim/install/models/share/models/local_setup.bash
[0.590s] -- Installing: /home/ooofieee/Desktop/ws_sim/install/models/share/models/local_setup.sh
[0.590s] -- Installing: /home/ooofieee/Desktop/ws_sim/install/models/share/models/local_setup.zsh
[0.590s] -- Installing: /home/ooofieee/Desktop/ws_sim/install/models/share/models/local_setup.dsv
[0.590s] -- Installing: /home/ooofieee/Desktop/ws_sim/install/models/share/models/package.dsv
[0.590s] -- Installing: /home/ooofieee/Desktop/ws_sim/install/models/share/ament_index/resource_index/packages/models
[0.590s] -- Installing: /home/ooofieee/Desktop/ws_sim/install/models/share/models/cmake/modelsConfig.cmake
[0.590s] -- Installing: /home/ooofieee/Desktop/ws_sim/install/models/share/models/cmake/modelsConfig-version.cmake
[0.590s] -- Installing: /home/ooofieee/Desktop/ws_sim/install/models/share/models/package.xml
[0.592s] Invoked command in '/home/ooofieee/Desktop/ws_sim/build/models' returned '0': CMAKE_PREFIX_PATH=${CMAKE_PREFIX_PATH}:/opt/ros/humble /bin/cmake --install /home/ooofieee/Desktop/ws_sim/build/models
