[0.008s] Invoking command in '/home/ooofieee/Desktop/ws_sim/build/bringup': CMAKE_PREFIX_PATH=/home/ooofieee/Desktop/ws_sim/install/models:/home/ooofieee/Desktop/ws_sim/install/orchestrator:/home/ooofieee/Desktop/ws_sim/install/gantry_robot_moveit_config:/home/ooofieee/Desktop/ws_sim/install/gantry_robot_hardware_interface:/home/ooofieee/Desktop/ws_sim/install/rm_serial_driver:/home/ooofieee/Desktop/ws_sim/install/rm_interfaces:/home/ooofieee/Desktop/ws_sim/install/motion_planning_test:/home/ooofieee/Desktop/ws_sim/install/gantry_robot_moveit_config_sim:/home/ooofieee/Desktop/ws_sim/install/bringup:/home/ooofieee/Desktop/ws_sim/install/controller:/usr/lib/x86_64-linux-gnu/cmake:/usr/lib/x86_64-linux-gnu/cmake:/opt/ros/humble /bin/cmake /home/ooofieee/Desktop/ws_sim/src/bringup -DCMAKE_INSTALL_PREFIX=/home/ooofieee/Desktop/ws_sim/install/bringup
[0.046s] -- The C compiler identification is GNU 12.3.0
[0.086s] -- The CXX compiler identification is GNU 12.3.0
[0.093s] -- Detecting C compiler ABI info
[0.140s] -- Detecting C compiler ABI info - done
[0.144s] -- Check for working C compiler: /bin/cc - skipped
[0.145s] -- Detecting C compile features
[0.145s] -- Detecting C compile features - done
[0.147s] -- Detecting CXX compiler ABI info
[0.201s] -- Detecting CXX compiler ABI info - done
[0.209s] -- Check for working CXX compiler: /bin/c++ - skipped
[0.209s] -- Detecting CXX compile features
[0.210s] -- Detecting CXX compile features - done
[0.212s] -- Found ament_cmake: 1.3.12 (/opt/ros/humble/share/ament_cmake/cmake)
[0.352s] -- Found Python3: /bin/python3 (found version "3.10.12") found components: Interpreter 
[0.420s] -- Found ament_lint_auto: 0.12.14 (/opt/ros/humble/share/ament_lint_auto/cmake)
[0.479s] -- Added test 'flake8' to check Python code syntax and style conventions
[0.479s] -- Added test 'lint_cmake' to check CMake code style
[0.480s] -- Added test 'pep257' to check Python code against some of the docstring style conventions in PEP 257
[0.480s] -- Added test 'xmllint' to check XML markup files
[0.481s] -- Configuring done
[0.483s] -- Generating done
[0.484s] -- Build files have been written to: /home/ooofieee/Desktop/ws_sim/build/bringup
[0.488s] Invoked command in '/home/ooofieee/Desktop/ws_sim/build/bringup' returned '0': CMAKE_PREFIX_PATH=/home/ooofieee/Desktop/ws_sim/install/models:/home/ooofieee/Desktop/ws_sim/install/orchestrator:/home/ooofieee/Desktop/ws_sim/install/gantry_robot_moveit_config:/home/ooofieee/Desktop/ws_sim/install/gantry_robot_hardware_interface:/home/ooofieee/Desktop/ws_sim/install/rm_serial_driver:/home/ooofieee/Desktop/ws_sim/install/rm_interfaces:/home/ooofieee/Desktop/ws_sim/install/motion_planning_test:/home/ooofieee/Desktop/ws_sim/install/gantry_robot_moveit_config_sim:/home/ooofieee/Desktop/ws_sim/install/bringup:/home/ooofieee/Desktop/ws_sim/install/controller:/usr/lib/x86_64-linux-gnu/cmake:/usr/lib/x86_64-linux-gnu/cmake:/opt/ros/humble /bin/cmake /home/ooofieee/Desktop/ws_sim/src/bringup -DCMAKE_INSTALL_PREFIX=/home/ooofieee/Desktop/ws_sim/install/bringup
[0.490s] Invoking command in '/home/ooofieee/Desktop/ws_sim/build/bringup': CMAKE_PREFIX_PATH=/home/ooofieee/Desktop/ws_sim/install/models:/home/ooofieee/Desktop/ws_sim/install/orchestrator:/home/ooofieee/Desktop/ws_sim/install/gantry_robot_moveit_config:/home/ooofieee/Desktop/ws_sim/install/gantry_robot_hardware_interface:/home/ooofieee/Desktop/ws_sim/install/rm_serial_driver:/home/ooofieee/Desktop/ws_sim/install/rm_interfaces:/home/ooofieee/Desktop/ws_sim/install/motion_planning_test:/home/ooofieee/Desktop/ws_sim/install/gantry_robot_moveit_config_sim:/home/ooofieee/Desktop/ws_sim/install/bringup:/home/ooofieee/Desktop/ws_sim/install/controller:/usr/lib/x86_64-linux-gnu/cmake:/usr/lib/x86_64-linux-gnu/cmake:/opt/ros/humble /bin/cmake --build /home/ooofieee/Desktop/ws_sim/build/bringup -- -j16 -l16
[0.515s] Invoked command in '/home/ooofieee/Desktop/ws_sim/build/bringup' returned '0': CMAKE_PREFIX_PATH=/home/ooofieee/Desktop/ws_sim/install/models:/home/ooofieee/Desktop/ws_sim/install/orchestrator:/home/ooofieee/Desktop/ws_sim/install/gantry_robot_moveit_config:/home/ooofieee/Desktop/ws_sim/install/gantry_robot_hardware_interface:/home/ooofieee/Desktop/ws_sim/install/rm_serial_driver:/home/ooofieee/Desktop/ws_sim/install/rm_interfaces:/home/ooofieee/Desktop/ws_sim/install/motion_planning_test:/home/ooofieee/Desktop/ws_sim/install/gantry_robot_moveit_config_sim:/home/ooofieee/Desktop/ws_sim/install/bringup:/home/ooofieee/Desktop/ws_sim/install/controller:/usr/lib/x86_64-linux-gnu/cmake:/usr/lib/x86_64-linux-gnu/cmake:/opt/ros/humble /bin/cmake --build /home/ooofieee/Desktop/ws_sim/build/bringup -- -j16 -l16
[0.516s] Invoking command in '/home/ooofieee/Desktop/ws_sim/build/bringup': CMAKE_PREFIX_PATH=/home/ooofieee/Desktop/ws_sim/install/models:/home/ooofieee/Desktop/ws_sim/install/orchestrator:/home/ooofieee/Desktop/ws_sim/install/gantry_robot_moveit_config:/home/ooofieee/Desktop/ws_sim/install/gantry_robot_hardware_interface:/home/ooofieee/Desktop/ws_sim/install/rm_serial_driver:/home/ooofieee/Desktop/ws_sim/install/rm_interfaces:/home/ooofieee/Desktop/ws_sim/install/motion_planning_test:/home/ooofieee/Desktop/ws_sim/install/gantry_robot_moveit_config_sim:/home/ooofieee/Desktop/ws_sim/install/bringup:/home/ooofieee/Desktop/ws_sim/install/controller:/usr/lib/x86_64-linux-gnu/cmake:/usr/lib/x86_64-linux-gnu/cmake:/opt/ros/humble /bin/cmake --install /home/ooofieee/Desktop/ws_sim/build/bringup
[0.521s] -- Install configuration: ""
[0.521s] -- Installing: /home/ooofieee/Desktop/ws_sim/install/bringup/share/bringup/config
[0.521s] -- Installing: /home/ooofieee/Desktop/ws_sim/install/bringup/share/bringup/config/gantry_robot_controllers.yaml
[0.521s] -- Installing: /home/ooofieee/Desktop/ws_sim/install/bringup/share/bringup/config/test_goal_publishers_config.yaml
[0.522s] -- Installing: /home/ooofieee/Desktop/ws_sim/install/bringup/share/bringup/launch
[0.522s] -- Installing: /home/ooofieee/Desktop/ws_sim/install/bringup/share/bringup/launch/test_forward_position_controller.launch.py
[0.522s] -- Installing: /home/ooofieee/Desktop/ws_sim/install/bringup/share/bringup/launch/test_joint_trajectory_controller.launch.py
[0.522s] -- Installing: /home/ooofieee/Desktop/ws_sim/install/bringup/share/ament_index/resource_index/package_run_dependencies/bringup
[0.522s] -- Installing: /home/ooofieee/Desktop/ws_sim/install/bringup/share/ament_index/resource_index/parent_prefix_path/bringup
[0.522s] -- Installing: /home/ooofieee/Desktop/ws_sim/install/bringup/share/bringup/environment/ament_prefix_path.sh
[0.522s] -- Installing: /home/ooofieee/Desktop/ws_sim/install/bringup/share/bringup/environment/ament_prefix_path.dsv
[0.522s] -- Installing: /home/ooofieee/Desktop/ws_sim/install/bringup/share/bringup/environment/path.sh
[0.522s] -- Installing: /home/ooofieee/Desktop/ws_sim/install/bringup/share/bringup/environment/path.dsv
[0.522s] -- Installing: /home/ooofieee/Desktop/ws_sim/install/bringup/share/bringup/local_setup.bash
[0.522s] -- Installing: /home/ooofieee/Desktop/ws_sim/install/bringup/share/bringup/local_setup.sh
[0.522s] -- Installing: /home/ooofieee/Desktop/ws_sim/install/bringup/share/bringup/local_setup.zsh
[0.522s] -- Installing: /home/ooofieee/Desktop/ws_sim/install/bringup/share/bringup/local_setup.dsv
[0.522s] -- Installing: /home/ooofieee/Desktop/ws_sim/install/bringup/share/bringup/package.dsv
[0.522s] -- Installing: /home/ooofieee/Desktop/ws_sim/install/bringup/share/ament_index/resource_index/packages/bringup
[0.523s] -- Installing: /home/ooofieee/Desktop/ws_sim/install/bringup/share/bringup/cmake/bringupConfig.cmake
[0.523s] -- Installing: /home/ooofieee/Desktop/ws_sim/install/bringup/share/bringup/cmake/bringupConfig-version.cmake
[0.523s] -- Installing: /home/ooofieee/Desktop/ws_sim/install/bringup/share/bringup/package.xml
[0.526s] Invoked command in '/home/ooofieee/Desktop/ws_sim/build/bringup' returned '0': CMAKE_PREFIX_PATH=/home/ooofieee/Desktop/ws_sim/install/models:/home/ooofieee/Desktop/ws_sim/install/orchestrator:/home/ooofieee/Desktop/ws_sim/install/gantry_robot_moveit_config:/home/ooofieee/Desktop/ws_sim/install/gantry_robot_hardware_interface:/home/ooofieee/Desktop/ws_sim/install/rm_serial_driver:/home/ooofieee/Desktop/ws_sim/install/rm_interfaces:/home/ooofieee/Desktop/ws_sim/install/motion_planning_test:/home/ooofieee/Desktop/ws_sim/install/gantry_robot_moveit_config_sim:/home/ooofieee/Desktop/ws_sim/install/bringup:/home/ooofieee/Desktop/ws_sim/install/controller:/usr/lib/x86_64-linux-gnu/cmake:/usr/lib/x86_64-linux-gnu/cmake:/opt/ros/humble /bin/cmake --install /home/ooofieee/Desktop/ws_sim/build/bringup
