[0.010s] Invoking command in '/home/ooofieee/Desktop/ws_sim/build/gantry_robot_moveit_config': CMAKE_PREFIX_PATH=/home/ooofieee/Desktop/ws_sim/install/gantry_robot_hardware_interface:/home/ooofieee/Desktop/ws_sim/install/rm_serial_driver:/home/ooofieee/Desktop/ws_sim/install/rm_interfaces:/home/ooofieee/Desktop/ws_sim/install/models:/home/ooofieee/Desktop/ws_sim/install/orchestrator:/home/ooofieee/Desktop/ws_sim/install/gantry_robot_moveit_config:/home/ooofieee/Desktop/ws_sim/install/motion_planning_test:/home/ooofieee/Desktop/ws_sim/install/gantry_robot_moveit_config_sim:/home/ooofieee/Desktop/ws_sim/install/bringup:/home/ooofieee/Desktop/ws_sim/install/controller:/usr/lib/x86_64-linux-gnu/cmake:/usr/lib/x86_64-linux-gnu/cmake:/opt/ros/humble /bin/cmake /home/ooofieee/Desktop/ws_sim/src/gantry_robot_moveit_config -DCMAKE_INSTALL_PREFIX=/home/ooofieee/Desktop/ws_sim/install/gantry_robot_moveit_config
[0.045s] -- The C compiler identification is GNU 12.3.0
[0.083s] -- The CXX compiler identification is GNU 12.3.0
[0.088s] -- Detecting C compiler ABI info
[0.142s] -- Detecting C compiler ABI info - done
[0.148s] -- Check for working C compiler: /bin/cc - skipped
[0.148s] -- Detecting C compile features
[0.149s] -- Detecting C compile features - done
[0.152s] -- Detecting CXX compiler ABI info
[0.207s] -- Detecting CXX compiler ABI info - done
[0.211s] -- Check for working CXX compiler: /bin/c++ - skipped
[0.211s] -- Detecting CXX compile features
[0.212s] -- Detecting CXX compile features - done
[0.214s] -- Found ament_cmake: 1.3.12 (/opt/ros/humble/share/ament_cmake/cmake)
[0.335s] -- Found Python3: /bin/python3 (found version "3.10.12") found components: Interpreter 
[0.444s] -- Configuring done
[0.445s] -- Generating done
[0.446s] -- Build files have been written to: /home/ooofieee/Desktop/ws_sim/build/gantry_robot_moveit_config
[0.449s] Invoked command in '/home/ooofieee/Desktop/ws_sim/build/gantry_robot_moveit_config' returned '0': CMAKE_PREFIX_PATH=/home/ooofieee/Desktop/ws_sim/install/gantry_robot_hardware_interface:/home/ooofieee/Desktop/ws_sim/install/rm_serial_driver:/home/ooofieee/Desktop/ws_sim/install/rm_interfaces:/home/ooofieee/Desktop/ws_sim/install/models:/home/ooofieee/Desktop/ws_sim/install/orchestrator:/home/ooofieee/Desktop/ws_sim/install/gantry_robot_moveit_config:/home/ooofieee/Desktop/ws_sim/install/motion_planning_test:/home/ooofieee/Desktop/ws_sim/install/gantry_robot_moveit_config_sim:/home/ooofieee/Desktop/ws_sim/install/bringup:/home/ooofieee/Desktop/ws_sim/install/controller:/usr/lib/x86_64-linux-gnu/cmake:/usr/lib/x86_64-linux-gnu/cmake:/opt/ros/humble /bin/cmake /home/ooofieee/Desktop/ws_sim/src/gantry_robot_moveit_config -DCMAKE_INSTALL_PREFIX=/home/ooofieee/Desktop/ws_sim/install/gantry_robot_moveit_config
[0.450s] Invoking command in '/home/ooofieee/Desktop/ws_sim/build/gantry_robot_moveit_config': CMAKE_PREFIX_PATH=/home/ooofieee/Desktop/ws_sim/install/gantry_robot_hardware_interface:/home/ooofieee/Desktop/ws_sim/install/rm_serial_driver:/home/ooofieee/Desktop/ws_sim/install/rm_interfaces:/home/ooofieee/Desktop/ws_sim/install/models:/home/ooofieee/Desktop/ws_sim/install/orchestrator:/home/ooofieee/Desktop/ws_sim/install/gantry_robot_moveit_config:/home/ooofieee/Desktop/ws_sim/install/motion_planning_test:/home/ooofieee/Desktop/ws_sim/install/gantry_robot_moveit_config_sim:/home/ooofieee/Desktop/ws_sim/install/bringup:/home/ooofieee/Desktop/ws_sim/install/controller:/usr/lib/x86_64-linux-gnu/cmake:/usr/lib/x86_64-linux-gnu/cmake:/opt/ros/humble /bin/cmake --build /home/ooofieee/Desktop/ws_sim/build/gantry_robot_moveit_config -- -j16 -l16
[0.477s] Invoked command in '/home/ooofieee/Desktop/ws_sim/build/gantry_robot_moveit_config' returned '0': CMAKE_PREFIX_PATH=/home/ooofieee/Desktop/ws_sim/install/gantry_robot_hardware_interface:/home/ooofieee/Desktop/ws_sim/install/rm_serial_driver:/home/ooofieee/Desktop/ws_sim/install/rm_interfaces:/home/ooofieee/Desktop/ws_sim/install/models:/home/ooofieee/Desktop/ws_sim/install/orchestrator:/home/ooofieee/Desktop/ws_sim/install/gantry_robot_moveit_config:/home/ooofieee/Desktop/ws_sim/install/motion_planning_test:/home/ooofieee/Desktop/ws_sim/install/gantry_robot_moveit_config_sim:/home/ooofieee/Desktop/ws_sim/install/bringup:/home/ooofieee/Desktop/ws_sim/install/controller:/usr/lib/x86_64-linux-gnu/cmake:/usr/lib/x86_64-linux-gnu/cmake:/opt/ros/humble /bin/cmake --build /home/ooofieee/Desktop/ws_sim/build/gantry_robot_moveit_config -- -j16 -l16
[0.478s] Invoking command in '/home/ooofieee/Desktop/ws_sim/build/gantry_robot_moveit_config': CMAKE_PREFIX_PATH=/home/ooofieee/Desktop/ws_sim/install/gantry_robot_hardware_interface:/home/ooofieee/Desktop/ws_sim/install/rm_serial_driver:/home/ooofieee/Desktop/ws_sim/install/rm_interfaces:/home/ooofieee/Desktop/ws_sim/install/models:/home/ooofieee/Desktop/ws_sim/install/orchestrator:/home/ooofieee/Desktop/ws_sim/install/gantry_robot_moveit_config:/home/ooofieee/Desktop/ws_sim/install/motion_planning_test:/home/ooofieee/Desktop/ws_sim/install/gantry_robot_moveit_config_sim:/home/ooofieee/Desktop/ws_sim/install/bringup:/home/ooofieee/Desktop/ws_sim/install/controller:/usr/lib/x86_64-linux-gnu/cmake:/usr/lib/x86_64-linux-gnu/cmake:/opt/ros/humble /bin/cmake --install /home/ooofieee/Desktop/ws_sim/build/gantry_robot_moveit_config
[0.483s] -- Install configuration: ""
[0.483s] -- Installing: /home/ooofieee/Desktop/ws_sim/install/gantry_robot_moveit_config/share/ament_index/resource_index/package_run_dependencies/gantry_robot_moveit_config
[0.483s] -- Installing: /home/ooofieee/Desktop/ws_sim/install/gantry_robot_moveit_config/share/ament_index/resource_index/parent_prefix_path/gantry_robot_moveit_config
[0.483s] -- Installing: /home/ooofieee/Desktop/ws_sim/install/gantry_robot_moveit_config/share/gantry_robot_moveit_config/environment/ament_prefix_path.sh
[0.483s] -- Installing: /home/ooofieee/Desktop/ws_sim/install/gantry_robot_moveit_config/share/gantry_robot_moveit_config/environment/ament_prefix_path.dsv
[0.483s] -- Installing: /home/ooofieee/Desktop/ws_sim/install/gantry_robot_moveit_config/share/gantry_robot_moveit_config/environment/path.sh
[0.483s] -- Installing: /home/ooofieee/Desktop/ws_sim/install/gantry_robot_moveit_config/share/gantry_robot_moveit_config/environment/path.dsv
[0.483s] -- Installing: /home/ooofieee/Desktop/ws_sim/install/gantry_robot_moveit_config/share/gantry_robot_moveit_config/local_setup.bash
[0.483s] -- Installing: /home/ooofieee/Desktop/ws_sim/install/gantry_robot_moveit_config/share/gantry_robot_moveit_config/local_setup.sh
[0.483s] -- Installing: /home/ooofieee/Desktop/ws_sim/install/gantry_robot_moveit_config/share/gantry_robot_moveit_config/local_setup.zsh
[0.483s] -- Installing: /home/ooofieee/Desktop/ws_sim/install/gantry_robot_moveit_config/share/gantry_robot_moveit_config/local_setup.dsv
[0.483s] -- Installing: /home/ooofieee/Desktop/ws_sim/install/gantry_robot_moveit_config/share/gantry_robot_moveit_config/package.dsv
[0.483s] -- Installing: /home/ooofieee/Desktop/ws_sim/install/gantry_robot_moveit_config/share/ament_index/resource_index/packages/gantry_robot_moveit_config
[0.483s] -- Installing: /home/ooofieee/Desktop/ws_sim/install/gantry_robot_moveit_config/share/gantry_robot_moveit_config/cmake/gantry_robot_moveit_configConfig.cmake
[0.484s] -- Installing: /home/ooofieee/Desktop/ws_sim/install/gantry_robot_moveit_config/share/gantry_robot_moveit_config/cmake/gantry_robot_moveit_configConfig-version.cmake
[0.484s] -- Installing: /home/ooofieee/Desktop/ws_sim/install/gantry_robot_moveit_config/share/gantry_robot_moveit_config/package.xml
[0.484s] -- Installing: /home/ooofieee/Desktop/ws_sim/install/gantry_robot_moveit_config/share/gantry_robot_moveit_config/launch
[0.484s] -- Installing: /home/ooofieee/Desktop/ws_sim/install/gantry_robot_moveit_config/share/gantry_robot_moveit_config/launch/moveit_rviz.launch.py
[0.484s] -- Installing: /home/ooofieee/Desktop/ws_sim/install/gantry_robot_moveit_config/share/gantry_robot_moveit_config/launch/rsp.launch.py
[0.484s] -- Installing: /home/ooofieee/Desktop/ws_sim/install/gantry_robot_moveit_config/share/gantry_robot_moveit_config/launch/demo.launch.py
[0.484s] -- Installing: /home/ooofieee/Desktop/ws_sim/install/gantry_robot_moveit_config/share/gantry_robot_moveit_config/launch/warehouse_db.launch.py
[0.484s] -- Installing: /home/ooofieee/Desktop/ws_sim/install/gantry_robot_moveit_config/share/gantry_robot_moveit_config/launch/setup_assistant.launch.py
[0.484s] -- Installing: /home/ooofieee/Desktop/ws_sim/install/gantry_robot_moveit_config/share/gantry_robot_moveit_config/launch/spawn_controllers.launch.py
[0.484s] -- Installing: /home/ooofieee/Desktop/ws_sim/install/gantry_robot_moveit_config/share/gantry_robot_moveit_config/launch/move_group.launch.py
[0.484s] -- Installing: /home/ooofieee/Desktop/ws_sim/install/gantry_robot_moveit_config/share/gantry_robot_moveit_config/launch/static_virtual_joint_tfs.launch.py
[0.484s] -- Installing: /home/ooofieee/Desktop/ws_sim/install/gantry_robot_moveit_config/share/gantry_robot_moveit_config/config
[0.484s] -- Installing: /home/ooofieee/Desktop/ws_sim/install/gantry_robot_moveit_config/share/gantry_robot_moveit_config/config/pilz_cartesian_limits.yaml
[0.484s] -- Installing: /home/ooofieee/Desktop/ws_sim/install/gantry_robot_moveit_config/share/gantry_robot_moveit_config/config/moveit_controllers.yaml
[0.484s] -- Installing: /home/ooofieee/Desktop/ws_sim/install/gantry_robot_moveit_config/share/gantry_robot_moveit_config/config/moveit.rviz
[0.484s] -- Installing: /home/ooofieee/Desktop/ws_sim/install/gantry_robot_moveit_config/share/gantry_robot_moveit_config/config/move_group.yaml
[0.484s] -- Installing: /home/ooofieee/Desktop/ws_sim/install/gantry_robot_moveit_config/share/gantry_robot_moveit_config/config/gantry_robot.srdf
[0.484s] -- Installing: /home/ooofieee/Desktop/ws_sim/install/gantry_robot_moveit_config/share/gantry_robot_moveit_config/config/gantry_robot.urdf.xacro
[0.484s] -- Installing: /home/ooofieee/Desktop/ws_sim/install/gantry_robot_moveit_config/share/gantry_robot_moveit_config/config/ros2_controllers_real.yaml
[0.485s] -- Installing: /home/ooofieee/Desktop/ws_sim/install/gantry_robot_moveit_config/share/gantry_robot_moveit_config/config/kinematics.yaml
[0.485s] -- Installing: /home/ooofieee/Desktop/ws_sim/install/gantry_robot_moveit_config/share/gantry_robot_moveit_config/config/gantry_robot_real.ros2_control.xacro
[0.485s] -- Installing: /home/ooofieee/Desktop/ws_sim/install/gantry_robot_moveit_config/share/gantry_robot_moveit_config/config/initial_positions.yaml
[0.485s] -- Installing: /home/ooofieee/Desktop/ws_sim/install/gantry_robot_moveit_config/share/gantry_robot_moveit_config/config/joint_limits.yaml
[0.485s] -- Installing: /home/ooofieee/Desktop/ws_sim/install/gantry_robot_moveit_config/share/gantry_robot_moveit_config/config/moveit_controllers_real.yaml
[0.485s] -- Installing: /home/ooofieee/Desktop/ws_sim/install/gantry_robot_moveit_config/share/gantry_robot_moveit_config/config/dual_arm_system.urdf.xacro
[0.485s] -- Installing: /home/ooofieee/Desktop/ws_sim/install/gantry_robot_moveit_config/share/gantry_robot_moveit_config/.setup_assistant
[0.487s] Invoked command in '/home/ooofieee/Desktop/ws_sim/build/gantry_robot_moveit_config' returned '0': CMAKE_PREFIX_PATH=/home/ooofieee/Desktop/ws_sim/install/gantry_robot_hardware_interface:/home/ooofieee/Desktop/ws_sim/install/rm_serial_driver:/home/ooofieee/Desktop/ws_sim/install/rm_interfaces:/home/ooofieee/Desktop/ws_sim/install/models:/home/ooofieee/Desktop/ws_sim/install/orchestrator:/home/ooofieee/Desktop/ws_sim/install/gantry_robot_moveit_config:/home/ooofieee/Desktop/ws_sim/install/motion_planning_test:/home/ooofieee/Desktop/ws_sim/install/gantry_robot_moveit_config_sim:/home/ooofieee/Desktop/ws_sim/install/bringup:/home/ooofieee/Desktop/ws_sim/install/controller:/usr/lib/x86_64-linux-gnu/cmake:/usr/lib/x86_64-linux-gnu/cmake:/opt/ros/humble /bin/cmake --install /home/ooofieee/Desktop/ws_sim/build/gantry_robot_moveit_config
