[0.017s] Invoking command in '/home/ooofieee/Desktop/ws_sim/build/gantry_robot_moveit_config': AMENT_PREFIX_PATH=/home/ooofieee/Desktop/ws_sim/install/gantry_robot_hardware_interface:/home/ooofieee/Desktop/ws_sim/install/rm_serial_driver:/home/ooofieee/Desktop/ws_sim/install/rm_interfaces:/home/ooofieee/Desktop/ws_sim/install/models:${AMENT_PREFIX_PATH} CMAKE_PREFIX_PATH=/home/ooofieee/Desktop/ws_sim/install/gantry_robot_hardware_interface:/home/ooofieee/Desktop/ws_sim/install/rm_serial_driver:/home/ooofieee/Desktop/ws_sim/install/rm_interfaces:/home/ooofieee/Desktop/ws_sim/install/models:/usr/lib/x86_64-linux-gnu/cmake:/usr/lib/x86_64-linux-gnu/cmake:/opt/ros/humble LD_LIBRARY_PATH=/home/ooofieee/Desktop/ws_sim/install/gantry_robot_hardware_interface/lib:/home/ooofieee/Desktop/ws_sim/install/rm_serial_driver/lib:/home/ooofieee/Desktop/ws_sim/install/rm_interfaces/lib:${LD_LIBRARY_PATH} PYTHONPATH=/home/ooofieee/Desktop/ws_sim/install/rm_interfaces/local/lib/python3.10/dist-packages:${PYTHONPATH} /bin/cmake --build /home/ooofieee/Desktop/ws_sim/build/gantry_robot_moveit_config -- -j16 -l16
[0.065s] Invoked command in '/home/ooofieee/Desktop/ws_sim/build/gantry_robot_moveit_config' returned '0': AMENT_PREFIX_PATH=/home/ooofieee/Desktop/ws_sim/install/gantry_robot_hardware_interface:/home/ooofieee/Desktop/ws_sim/install/rm_serial_driver:/home/ooofieee/Desktop/ws_sim/install/rm_interfaces:/home/ooofieee/Desktop/ws_sim/install/models:${AMENT_PREFIX_PATH} CMAKE_PREFIX_PATH=/home/ooofieee/Desktop/ws_sim/install/gantry_robot_hardware_interface:/home/ooofieee/Desktop/ws_sim/install/rm_serial_driver:/home/ooofieee/Desktop/ws_sim/install/rm_interfaces:/home/ooofieee/Desktop/ws_sim/install/models:/usr/lib/x86_64-linux-gnu/cmake:/usr/lib/x86_64-linux-gnu/cmake:/opt/ros/humble LD_LIBRARY_PATH=/home/ooofieee/Desktop/ws_sim/install/gantry_robot_hardware_interface/lib:/home/ooofieee/Desktop/ws_sim/install/rm_serial_driver/lib:/home/ooofieee/Desktop/ws_sim/install/rm_interfaces/lib:${LD_LIBRARY_PATH} PYTHONPATH=/home/ooofieee/Desktop/ws_sim/install/rm_interfaces/local/lib/python3.10/dist-packages:${PYTHONPATH} /bin/cmake --build /home/ooofieee/Desktop/ws_sim/build/gantry_robot_moveit_config -- -j16 -l16
[0.067s] Invoking command in '/home/ooofieee/Desktop/ws_sim/build/gantry_robot_moveit_config': AMENT_PREFIX_PATH=/home/ooofieee/Desktop/ws_sim/install/gantry_robot_hardware_interface:/home/ooofieee/Desktop/ws_sim/install/rm_serial_driver:/home/ooofieee/Desktop/ws_sim/install/rm_interfaces:/home/ooofieee/Desktop/ws_sim/install/models:${AMENT_PREFIX_PATH} CMAKE_PREFIX_PATH=/home/ooofieee/Desktop/ws_sim/install/gantry_robot_hardware_interface:/home/ooofieee/Desktop/ws_sim/install/rm_serial_driver:/home/ooofieee/Desktop/ws_sim/install/rm_interfaces:/home/ooofieee/Desktop/ws_sim/install/models:/usr/lib/x86_64-linux-gnu/cmake:/usr/lib/x86_64-linux-gnu/cmake:/opt/ros/humble LD_LIBRARY_PATH=/home/ooofieee/Desktop/ws_sim/install/gantry_robot_hardware_interface/lib:/home/ooofieee/Desktop/ws_sim/install/rm_serial_driver/lib:/home/ooofieee/Desktop/ws_sim/install/rm_interfaces/lib:${LD_LIBRARY_PATH} PYTHONPATH=/home/ooofieee/Desktop/ws_sim/install/rm_interfaces/local/lib/python3.10/dist-packages:${PYTHONPATH} /bin/cmake --install /home/ooofieee/Desktop/ws_sim/build/gantry_robot_moveit_config
[0.073s] -- Install configuration: ""
[0.074s] -- Up-to-date: /home/ooofieee/Desktop/ws_sim/install/gantry_robot_moveit_config/share/ament_index/resource_index/package_run_dependencies/gantry_robot_moveit_config
[0.074s] -- Up-to-date: /home/ooofieee/Desktop/ws_sim/install/gantry_robot_moveit_config/share/ament_index/resource_index/parent_prefix_path/gantry_robot_moveit_config
[0.074s] -- Up-to-date: /home/ooofieee/Desktop/ws_sim/install/gantry_robot_moveit_config/share/gantry_robot_moveit_config/environment/ament_prefix_path.sh
[0.074s] -- Up-to-date: /home/ooofieee/Desktop/ws_sim/install/gantry_robot_moveit_config/share/gantry_robot_moveit_config/environment/ament_prefix_path.dsv
[0.074s] -- Up-to-date: /home/ooofieee/Desktop/ws_sim/install/gantry_robot_moveit_config/share/gantry_robot_moveit_config/environment/path.sh
[0.074s] -- Up-to-date: /home/ooofieee/Desktop/ws_sim/install/gantry_robot_moveit_config/share/gantry_robot_moveit_config/environment/path.dsv
[0.074s] -- Up-to-date: /home/ooofieee/Desktop/ws_sim/install/gantry_robot_moveit_config/share/gantry_robot_moveit_config/local_setup.bash
[0.074s] -- Up-to-date: /home/ooofieee/Desktop/ws_sim/install/gantry_robot_moveit_config/share/gantry_robot_moveit_config/local_setup.sh
[0.074s] -- Up-to-date: /home/ooofieee/Desktop/ws_sim/install/gantry_robot_moveit_config/share/gantry_robot_moveit_config/local_setup.zsh
[0.074s] -- Up-to-date: /home/ooofieee/Desktop/ws_sim/install/gantry_robot_moveit_config/share/gantry_robot_moveit_config/local_setup.dsv
[0.074s] -- Installing: /home/ooofieee/Desktop/ws_sim/install/gantry_robot_moveit_config/share/gantry_robot_moveit_config/package.dsv
[0.074s] -- Up-to-date: /home/ooofieee/Desktop/ws_sim/install/gantry_robot_moveit_config/share/ament_index/resource_index/packages/gantry_robot_moveit_config
[0.074s] -- Up-to-date: /home/ooofieee/Desktop/ws_sim/install/gantry_robot_moveit_config/share/gantry_robot_moveit_config/cmake/gantry_robot_moveit_configConfig.cmake
[0.074s] -- Up-to-date: /home/ooofieee/Desktop/ws_sim/install/gantry_robot_moveit_config/share/gantry_robot_moveit_config/cmake/gantry_robot_moveit_configConfig-version.cmake
[0.074s] -- Up-to-date: /home/ooofieee/Desktop/ws_sim/install/gantry_robot_moveit_config/share/gantry_robot_moveit_config/package.xml
[0.074s] -- Up-to-date: /home/ooofieee/Desktop/ws_sim/install/gantry_robot_moveit_config/share/gantry_robot_moveit_config/launch
[0.074s] -- Up-to-date: /home/ooofieee/Desktop/ws_sim/install/gantry_robot_moveit_config/share/gantry_robot_moveit_config/launch/moveit_rviz.launch.py
[0.074s] -- Up-to-date: /home/ooofieee/Desktop/ws_sim/install/gantry_robot_moveit_config/share/gantry_robot_moveit_config/launch/rsp.launch.py
[0.075s] -- Up-to-date: /home/ooofieee/Desktop/ws_sim/install/gantry_robot_moveit_config/share/gantry_robot_moveit_config/launch/demo.launch.py
[0.075s] -- Up-to-date: /home/ooofieee/Desktop/ws_sim/install/gantry_robot_moveit_config/share/gantry_robot_moveit_config/launch/warehouse_db.launch.py
[0.075s] -- Up-to-date: /home/ooofieee/Desktop/ws_sim/install/gantry_robot_moveit_config/share/gantry_robot_moveit_config/launch/setup_assistant.launch.py
[0.075s] -- Up-to-date: /home/ooofieee/Desktop/ws_sim/install/gantry_robot_moveit_config/share/gantry_robot_moveit_config/launch/spawn_controllers.launch.py
[0.075s] -- Up-to-date: /home/ooofieee/Desktop/ws_sim/install/gantry_robot_moveit_config/share/gantry_robot_moveit_config/launch/move_group.launch.py
[0.075s] -- Up-to-date: /home/ooofieee/Desktop/ws_sim/install/gantry_robot_moveit_config/share/gantry_robot_moveit_config/launch/static_virtual_joint_tfs.launch.py
[0.075s] -- Up-to-date: /home/ooofieee/Desktop/ws_sim/install/gantry_robot_moveit_config/share/gantry_robot_moveit_config/config
[0.075s] -- Up-to-date: /home/ooofieee/Desktop/ws_sim/install/gantry_robot_moveit_config/share/gantry_robot_moveit_config/config/pilz_cartesian_limits.yaml
[0.075s] -- Up-to-date: /home/ooofieee/Desktop/ws_sim/install/gantry_robot_moveit_config/share/gantry_robot_moveit_config/config/moveit_controllers.yaml
[0.075s] -- Up-to-date: /home/ooofieee/Desktop/ws_sim/install/gantry_robot_moveit_config/share/gantry_robot_moveit_config/config/moveit.rviz
[0.075s] -- Up-to-date: /home/ooofieee/Desktop/ws_sim/install/gantry_robot_moveit_config/share/gantry_robot_moveit_config/config/move_group.yaml
[0.075s] -- Up-to-date: /home/ooofieee/Desktop/ws_sim/install/gantry_robot_moveit_config/share/gantry_robot_moveit_config/config/gantry_robot.srdf
[0.075s] -- Up-to-date: /home/ooofieee/Desktop/ws_sim/install/gantry_robot_moveit_config/share/gantry_robot_moveit_config/config/gantry_robot.urdf.xacro
[0.075s] -- Up-to-date: /home/ooofieee/Desktop/ws_sim/install/gantry_robot_moveit_config/share/gantry_robot_moveit_config/config/ros2_controllers_real.yaml
[0.075s] -- Up-to-date: /home/ooofieee/Desktop/ws_sim/install/gantry_robot_moveit_config/share/gantry_robot_moveit_config/config/kinematics.yaml
[0.075s] -- Up-to-date: /home/ooofieee/Desktop/ws_sim/install/gantry_robot_moveit_config/share/gantry_robot_moveit_config/config/gantry_robot_real.ros2_control.xacro
[0.075s] -- Up-to-date: /home/ooofieee/Desktop/ws_sim/install/gantry_robot_moveit_config/share/gantry_robot_moveit_config/config/initial_positions.yaml
[0.076s] -- Up-to-date: /home/ooofieee/Desktop/ws_sim/install/gantry_robot_moveit_config/share/gantry_robot_moveit_config/config/joint_limits.yaml
[0.076s] -- Installing: /home/ooofieee/Desktop/ws_sim/install/gantry_robot_moveit_config/share/gantry_robot_moveit_config/config/moveit_controllers_real.yaml
[0.076s] -- Up-to-date: /home/ooofieee/Desktop/ws_sim/install/gantry_robot_moveit_config/share/gantry_robot_moveit_config/config/dual_arm_system.urdf.xacro
[0.076s] -- Up-to-date: /home/ooofieee/Desktop/ws_sim/install/gantry_robot_moveit_config/share/gantry_robot_moveit_config/.setup_assistant
[0.079s] Invoked command in '/home/ooofieee/Desktop/ws_sim/build/gantry_robot_moveit_config' returned '0': AMENT_PREFIX_PATH=/home/ooofieee/Desktop/ws_sim/install/gantry_robot_hardware_interface:/home/ooofieee/Desktop/ws_sim/install/rm_serial_driver:/home/ooofieee/Desktop/ws_sim/install/rm_interfaces:/home/ooofieee/Desktop/ws_sim/install/models:${AMENT_PREFIX_PATH} CMAKE_PREFIX_PATH=/home/ooofieee/Desktop/ws_sim/install/gantry_robot_hardware_interface:/home/ooofieee/Desktop/ws_sim/install/rm_serial_driver:/home/ooofieee/Desktop/ws_sim/install/rm_interfaces:/home/ooofieee/Desktop/ws_sim/install/models:/usr/lib/x86_64-linux-gnu/cmake:/usr/lib/x86_64-linux-gnu/cmake:/opt/ros/humble LD_LIBRARY_PATH=/home/ooofieee/Desktop/ws_sim/install/gantry_robot_hardware_interface/lib:/home/ooofieee/Desktop/ws_sim/install/rm_serial_driver/lib:/home/ooofieee/Desktop/ws_sim/install/rm_interfaces/lib:${LD_LIBRARY_PATH} PYTHONPATH=/home/ooofieee/Desktop/ws_sim/install/rm_interfaces/local/lib/python3.10/dist-packages:${PYTHONPATH} /bin/cmake --install /home/ooofieee/Desktop/ws_sim/build/gantry_robot_moveit_config
