[0.012s] Invoking command in '/home/ooofieee/Desktop/ws_sim/build/gantry_robot_moveit_config_sim': CMAKE_PREFIX_PATH=/home/ooofieee/Desktop/ws_sim/install/models:/home/ooofieee/Desktop/ws_sim/install/orchestrator:/home/ooofieee/Desktop/ws_sim/install/gantry_robot_moveit_config:/home/ooofieee/Desktop/ws_sim/install/gantry_robot_hardware_interface:/home/ooofieee/Desktop/ws_sim/install/rm_serial_driver:/home/ooofieee/Desktop/ws_sim/install/rm_interfaces:/home/ooofieee/Desktop/ws_sim/install/motion_planning_test:/home/ooofieee/Desktop/ws_sim/install/gantry_robot_moveit_config_sim:/home/ooofieee/Desktop/ws_sim/install/bringup:/home/ooofieee/Desktop/ws_sim/install/controller:/usr/lib/x86_64-linux-gnu/cmake:/usr/lib/x86_64-linux-gnu/cmake:/opt/ros/humble /bin/cmake --build /home/ooofieee/Desktop/ws_sim/build/gantry_robot_moveit_config_sim -- -j16 -l16
[0.038s] Invoked command in '/home/ooofieee/Desktop/ws_sim/build/gantry_robot_moveit_config_sim' returned '0': CMAKE_PREFIX_PATH=/home/ooofieee/Desktop/ws_sim/install/models:/home/ooofieee/Desktop/ws_sim/install/orchestrator:/home/ooofieee/Desktop/ws_sim/install/gantry_robot_moveit_config:/home/ooofieee/Desktop/ws_sim/install/gantry_robot_hardware_interface:/home/ooofieee/Desktop/ws_sim/install/rm_serial_driver:/home/ooofieee/Desktop/ws_sim/install/rm_interfaces:/home/ooofieee/Desktop/ws_sim/install/motion_planning_test:/home/ooofieee/Desktop/ws_sim/install/gantry_robot_moveit_config_sim:/home/ooofieee/Desktop/ws_sim/install/bringup:/home/ooofieee/Desktop/ws_sim/install/controller:/usr/lib/x86_64-linux-gnu/cmake:/usr/lib/x86_64-linux-gnu/cmake:/opt/ros/humble /bin/cmake --build /home/ooofieee/Desktop/ws_sim/build/gantry_robot_moveit_config_sim -- -j16 -l16
[0.041s] Invoking command in '/home/ooofieee/Desktop/ws_sim/build/gantry_robot_moveit_config_sim': CMAKE_PREFIX_PATH=/home/ooofieee/Desktop/ws_sim/install/models:/home/ooofieee/Desktop/ws_sim/install/orchestrator:/home/ooofieee/Desktop/ws_sim/install/gantry_robot_moveit_config:/home/ooofieee/Desktop/ws_sim/install/gantry_robot_hardware_interface:/home/ooofieee/Desktop/ws_sim/install/rm_serial_driver:/home/ooofieee/Desktop/ws_sim/install/rm_interfaces:/home/ooofieee/Desktop/ws_sim/install/motion_planning_test:/home/ooofieee/Desktop/ws_sim/install/gantry_robot_moveit_config_sim:/home/ooofieee/Desktop/ws_sim/install/bringup:/home/ooofieee/Desktop/ws_sim/install/controller:/usr/lib/x86_64-linux-gnu/cmake:/usr/lib/x86_64-linux-gnu/cmake:/opt/ros/humble /bin/cmake --install /home/ooofieee/Desktop/ws_sim/build/gantry_robot_moveit_config_sim
[0.046s] -- Install configuration: ""
[0.046s] -- Up-to-date: /home/ooofieee/Desktop/ws_sim/install/gantry_robot_moveit_config_sim/share/ament_index/resource_index/package_run_dependencies/gantry_robot_moveit_config_sim
[0.046s] -- Up-to-date: /home/ooofieee/Desktop/ws_sim/install/gantry_robot_moveit_config_sim/share/ament_index/resource_index/parent_prefix_path/gantry_robot_moveit_config_sim
[0.046s] -- Up-to-date: /home/ooofieee/Desktop/ws_sim/install/gantry_robot_moveit_config_sim/share/gantry_robot_moveit_config_sim/environment/ament_prefix_path.sh
[0.046s] -- Up-to-date: /home/ooofieee/Desktop/ws_sim/install/gantry_robot_moveit_config_sim/share/gantry_robot_moveit_config_sim/environment/ament_prefix_path.dsv
[0.047s] -- Up-to-date: /home/ooofieee/Desktop/ws_sim/install/gantry_robot_moveit_config_sim/share/gantry_robot_moveit_config_sim/environment/path.sh
[0.047s] -- Up-to-date: /home/ooofieee/Desktop/ws_sim/install/gantry_robot_moveit_config_sim/share/gantry_robot_moveit_config_sim/environment/path.dsv
[0.047s] -- Up-to-date: /home/ooofieee/Desktop/ws_sim/install/gantry_robot_moveit_config_sim/share/gantry_robot_moveit_config_sim/local_setup.bash
[0.047s] -- Up-to-date: /home/ooofieee/Desktop/ws_sim/install/gantry_robot_moveit_config_sim/share/gantry_robot_moveit_config_sim/local_setup.sh
[0.047s] -- Up-to-date: /home/ooofieee/Desktop/ws_sim/install/gantry_robot_moveit_config_sim/share/gantry_robot_moveit_config_sim/local_setup.zsh
[0.047s] -- Up-to-date: /home/ooofieee/Desktop/ws_sim/install/gantry_robot_moveit_config_sim/share/gantry_robot_moveit_config_sim/local_setup.dsv
[0.047s] -- Installing: /home/ooofieee/Desktop/ws_sim/install/gantry_robot_moveit_config_sim/share/gantry_robot_moveit_config_sim/package.dsv
[0.047s] -- Up-to-date: /home/ooofieee/Desktop/ws_sim/install/gantry_robot_moveit_config_sim/share/ament_index/resource_index/packages/gantry_robot_moveit_config_sim
[0.047s] -- Up-to-date: /home/ooofieee/Desktop/ws_sim/install/gantry_robot_moveit_config_sim/share/gantry_robot_moveit_config_sim/cmake/gantry_robot_moveit_config_simConfig.cmake
[0.047s] -- Up-to-date: /home/ooofieee/Desktop/ws_sim/install/gantry_robot_moveit_config_sim/share/gantry_robot_moveit_config_sim/cmake/gantry_robot_moveit_config_simConfig-version.cmake
[0.047s] -- Up-to-date: /home/ooofieee/Desktop/ws_sim/install/gantry_robot_moveit_config_sim/share/gantry_robot_moveit_config_sim/package.xml
[0.047s] -- Up-to-date: /home/ooofieee/Desktop/ws_sim/install/gantry_robot_moveit_config_sim/share/gantry_robot_moveit_config_sim/launch
[0.047s] -- Up-to-date: /home/ooofieee/Desktop/ws_sim/install/gantry_robot_moveit_config_sim/share/gantry_robot_moveit_config_sim/launch/moveit_rviz.launch.py
[0.048s] -- Up-to-date: /home/ooofieee/Desktop/ws_sim/install/gantry_robot_moveit_config_sim/share/gantry_robot_moveit_config_sim/launch/rsp.launch.py
[0.048s] -- Up-to-date: /home/ooofieee/Desktop/ws_sim/install/gantry_robot_moveit_config_sim/share/gantry_robot_moveit_config_sim/launch/demo.launch.py
[0.048s] -- Up-to-date: /home/ooofieee/Desktop/ws_sim/install/gantry_robot_moveit_config_sim/share/gantry_robot_moveit_config_sim/launch/warehouse_db.launch.py
[0.048s] -- Up-to-date: /home/ooofieee/Desktop/ws_sim/install/gantry_robot_moveit_config_sim/share/gantry_robot_moveit_config_sim/launch/spawn_controllers.launch.py
[0.048s] -- Up-to-date: /home/ooofieee/Desktop/ws_sim/install/gantry_robot_moveit_config_sim/share/gantry_robot_moveit_config_sim/launch/move_group.launch.py
[0.048s] -- Up-to-date: /home/ooofieee/Desktop/ws_sim/install/gantry_robot_moveit_config_sim/share/gantry_robot_moveit_config_sim/launch/static_virtual_joint_tfs.launch.py
[0.048s] -- Up-to-date: /home/ooofieee/Desktop/ws_sim/install/gantry_robot_moveit_config_sim/share/gantry_robot_moveit_config_sim/config
[0.048s] -- Up-to-date: /home/ooofieee/Desktop/ws_sim/install/gantry_robot_moveit_config_sim/share/gantry_robot_moveit_config_sim/config/pilz_cartesian_limits.yaml
[0.048s] -- Up-to-date: /home/ooofieee/Desktop/ws_sim/install/gantry_robot_moveit_config_sim/share/gantry_robot_moveit_config_sim/config/moveit_controllers.yaml
[0.048s] -- Up-to-date: /home/ooofieee/Desktop/ws_sim/install/gantry_robot_moveit_config_sim/share/gantry_robot_moveit_config_sim/config/moveit.rviz
[0.048s] -- Up-to-date: /home/ooofieee/Desktop/ws_sim/install/gantry_robot_moveit_config_sim/share/gantry_robot_moveit_config_sim/config/gantry_robot.ros2_control.xacro
[0.048s] -- Up-to-date: /home/ooofieee/Desktop/ws_sim/install/gantry_robot_moveit_config_sim/share/gantry_robot_moveit_config_sim/config/move_group.yaml
[0.048s] -- Up-to-date: /home/ooofieee/Desktop/ws_sim/install/gantry_robot_moveit_config_sim/share/gantry_robot_moveit_config_sim/config/ros2_controllers.yaml
[0.048s] -- Up-to-date: /home/ooofieee/Desktop/ws_sim/install/gantry_robot_moveit_config_sim/share/gantry_robot_moveit_config_sim/config/gantry_robot.srdf
[0.048s] -- Up-to-date: /home/ooofieee/Desktop/ws_sim/install/gantry_robot_moveit_config_sim/share/gantry_robot_moveit_config_sim/config/gantry_robot.urdf.xacro
[0.048s] -- Up-to-date: /home/ooofieee/Desktop/ws_sim/install/gantry_robot_moveit_config_sim/share/gantry_robot_moveit_config_sim/config/kinematics.yaml
[0.048s] -- Up-to-date: /home/ooofieee/Desktop/ws_sim/install/gantry_robot_moveit_config_sim/share/gantry_robot_moveit_config_sim/config/initial_positions.yaml
[0.048s] -- Up-to-date: /home/ooofieee/Desktop/ws_sim/install/gantry_robot_moveit_config_sim/share/gantry_robot_moveit_config_sim/config/joint_limits.yaml
[0.048s] -- Up-to-date: /home/ooofieee/Desktop/ws_sim/install/gantry_robot_moveit_config_sim/share/gantry_robot_moveit_config_sim/config/dual_arm_system.urdf.xacro
[0.048s] -- Up-to-date: /home/ooofieee/Desktop/ws_sim/install/gantry_robot_moveit_config_sim/share/gantry_robot_moveit_config_sim/.setup_assistant
[0.060s] Invoked command in '/home/ooofieee/Desktop/ws_sim/build/gantry_robot_moveit_config_sim' returned '0': CMAKE_PREFIX_PATH=/home/ooofieee/Desktop/ws_sim/install/models:/home/ooofieee/Desktop/ws_sim/install/orchestrator:/home/ooofieee/Desktop/ws_sim/install/gantry_robot_moveit_config:/home/ooofieee/Desktop/ws_sim/install/gantry_robot_hardware_interface:/home/ooofieee/Desktop/ws_sim/install/rm_serial_driver:/home/ooofieee/Desktop/ws_sim/install/rm_interfaces:/home/ooofieee/Desktop/ws_sim/install/motion_planning_test:/home/ooofieee/Desktop/ws_sim/install/gantry_robot_moveit_config_sim:/home/ooofieee/Desktop/ws_sim/install/bringup:/home/ooofieee/Desktop/ws_sim/install/controller:/usr/lib/x86_64-linux-gnu/cmake:/usr/lib/x86_64-linux-gnu/cmake:/opt/ros/humble /bin/cmake --install /home/ooofieee/Desktop/ws_sim/build/gantry_robot_moveit_config_sim
