[0.027s] Invoking command in '/home/ooofieee/Desktop/ws_sim/build/gantry_robot_hardware_interface': AMENT_PREFIX_PATH=/home/ooofieee/Desktop/ws_sim/install/rm_serial_driver:/home/ooofieee/Desktop/ws_sim/install/rm_interfaces:${AMENT_PREFIX_PATH} CMAKE_PREFIX_PATH=/home/ooofieee/Desktop/ws_sim/install/rm_serial_driver:/home/ooofieee/Desktop/ws_sim/install/rm_interfaces:/usr/lib/x86_64-linux-gnu/cmake:/usr/lib/x86_64-linux-gnu/cmake:/opt/ros/humble LD_LIBRARY_PATH=/home/ooofieee/Desktop/ws_sim/install/rm_serial_driver/lib:/home/ooofieee/Desktop/ws_sim/install/rm_interfaces/lib:${LD_LIBRARY_PATH} PYTHONPATH=/home/ooofieee/Desktop/ws_sim/install/rm_interfaces/local/lib/python3.10/dist-packages:${PYTHONPATH} /bin/cmake /home/ooofieee/Desktop/ws_sim/src/gantry_robot_hardware_interface -DCMAKE_INSTALL_PREFIX=/home/ooofieee/Desktop/ws_sim/install/gantry_robot_hardware_interface
[0.036s] -- Found ament_cmake: 1.3.12 (/opt/ros/humble/share/ament_cmake/cmake)
[0.199s] -- Override CMake install command with custom implementation using symlinks instead of copying resources
[0.211s] -- Found hardware_interface: 2.53.0 (/opt/ros/humble/share/hardware_interface/cmake)
[0.244s] -- Found rosidl_generator_c: 3.1.8 (/opt/ros/humble/share/rosidl_generator_c/cmake)
[0.248s] -- Found rosidl_adapter: 3.1.8 (/opt/ros/humble/share/rosidl_adapter/cmake)
[0.256s] -- Found rosidl_generator_cpp: 3.1.8 (/opt/ros/humble/share/rosidl_generator_cpp/cmake)
[0.268s] -- Using all available rosidl_typesupport_c: rosidl_typesupport_fastrtps_c;rosidl_typesupport_introspection_c
[0.283s] -- Using all available rosidl_typesupport_cpp: rosidl_typesupport_fastrtps_cpp;rosidl_typesupport_introspection_cpp
[0.439s] -- Found rmw_implementation_cmake: 6.1.2 (/opt/ros/humble/share/rmw_implementation_cmake/cmake)
[0.440s] -- Found rmw_fastrtps_cpp: 6.2.9 (/opt/ros/humble/share/rmw_fastrtps_cpp/cmake)
[0.455s] -- Found TinyXML2 via Config file: TinyXML2_DIR-NOTFOUND
[0.465s] -- Found TinyXML2 via Config file: TinyXML2_DIR-NOTFOUND
[0.477s] -- Found TinyXML2 via Config file: TinyXML2_DIR-NOTFOUND
[0.483s] -- Found TinyXML2 via Config file: TinyXML2_DIR-NOTFOUND
[0.491s] -- Using RMW implementation 'rmw_fastrtps_cpp' as default
[0.530s] -- Found rm_serial_driver: 0.1.0 (/home/ooofieee/Desktop/ws_sim/install/rm_serial_driver/share/rm_serial_driver/cmake)
[0.605s] -- Found controller_manager_msgs: 2.53.0 (/opt/ros/humble/share/controller_manager_msgs/cmake)
[0.621s] -- Found ament_lint_auto: 0.12.14 (/opt/ros/humble/share/ament_lint_auto/cmake)
[0.682s] -- Found gmock sources under '/opt/ros/humble/src/gmock_vendor': C++ tests using 'Google Mock' will be built
[0.686s] -- Found ament_cmake_gtest: 1.3.12 (/opt/ros/humble/share/ament_cmake_gtest/cmake)
[0.686s] -- Found gtest sources under '/opt/ros/humble/src/gtest_vendor': C++ tests using 'Google Test' will be built
[0.694s] -- Added test 'cppcheck' to perform static code analysis on C / C++ code
[0.694s] -- Configured cppcheck include dirs: /home/ooofieee/Desktop/ws_sim/src/gantry_robot_hardware_interface/include
[0.694s] -- Configured cppcheck exclude dirs and/or files: 
[0.695s] -- Added test 'lint_cmake' to check CMake code style
[0.696s] -- Added test 'uncrustify' to check C / C++ code style
[0.696s] -- Configured uncrustify additional arguments: 
[0.696s] -- Added test 'xmllint' to check XML markup files
[0.698s] -- Configuring done
[0.720s] -- Generating done
[0.727s] -- Build files have been written to: /home/ooofieee/Desktop/ws_sim/build/gantry_robot_hardware_interface
[0.737s] Invoked command in '/home/ooofieee/Desktop/ws_sim/build/gantry_robot_hardware_interface' returned '0': AMENT_PREFIX_PATH=/home/ooofieee/Desktop/ws_sim/install/rm_serial_driver:/home/ooofieee/Desktop/ws_sim/install/rm_interfaces:${AMENT_PREFIX_PATH} CMAKE_PREFIX_PATH=/home/ooofieee/Desktop/ws_sim/install/rm_serial_driver:/home/ooofieee/Desktop/ws_sim/install/rm_interfaces:/usr/lib/x86_64-linux-gnu/cmake:/usr/lib/x86_64-linux-gnu/cmake:/opt/ros/humble LD_LIBRARY_PATH=/home/ooofieee/Desktop/ws_sim/install/rm_serial_driver/lib:/home/ooofieee/Desktop/ws_sim/install/rm_interfaces/lib:${LD_LIBRARY_PATH} PYTHONPATH=/home/ooofieee/Desktop/ws_sim/install/rm_interfaces/local/lib/python3.10/dist-packages:${PYTHONPATH} /bin/cmake /home/ooofieee/Desktop/ws_sim/src/gantry_robot_hardware_interface -DCMAKE_INSTALL_PREFIX=/home/ooofieee/Desktop/ws_sim/install/gantry_robot_hardware_interface
[0.738s] Invoking command in '/home/ooofieee/Desktop/ws_sim/build/gantry_robot_hardware_interface': AMENT_PREFIX_PATH=/home/ooofieee/Desktop/ws_sim/install/rm_serial_driver:/home/ooofieee/Desktop/ws_sim/install/rm_interfaces:${AMENT_PREFIX_PATH} CMAKE_PREFIX_PATH=/home/ooofieee/Desktop/ws_sim/install/rm_serial_driver:/home/ooofieee/Desktop/ws_sim/install/rm_interfaces:/usr/lib/x86_64-linux-gnu/cmake:/usr/lib/x86_64-linux-gnu/cmake:/opt/ros/humble LD_LIBRARY_PATH=/home/ooofieee/Desktop/ws_sim/install/rm_serial_driver/lib:/home/ooofieee/Desktop/ws_sim/install/rm_interfaces/lib:${LD_LIBRARY_PATH} PYTHONPATH=/home/ooofieee/Desktop/ws_sim/install/rm_interfaces/local/lib/python3.10/dist-packages:${PYTHONPATH} /bin/cmake --build /home/ooofieee/Desktop/ws_sim/build/gantry_robot_hardware_interface -- -j16 -l16
[0.769s] [35m[1mConsolidate compiler generated dependencies of target gmock_main[0m
[0.769s] [35m[1mConsolidate compiler generated dependencies of target gmock[0m
[0.769s] [35m[1mConsolidate compiler generated dependencies of target gantry_robot_hardware_interface[0m
[0.780s] [ 33%] Built target gmock_main
[0.780s] [ 55%] Built target gmock
[0.782s] [ 66%] [32mBuilding CXX object CMakeFiles/gantry_robot_hardware_interface.dir/src/gantry_robot_hardware_interface.cpp.o[0m
[0.788s] [35m[1mConsolidate compiler generated dependencies of target test_gantry_robot_hardware_interface[0m
[0.800s] [ 88%] Built target test_gantry_robot_hardware_interface
[5.275s] [100%] [32m[1mLinking CXX shared library libgantry_robot_hardware_interface.so[0m
[5.648s] [100%] Built target gantry_robot_hardware_interface
[5.658s] Invoked command in '/home/ooofieee/Desktop/ws_sim/build/gantry_robot_hardware_interface' returned '0': AMENT_PREFIX_PATH=/home/ooofieee/Desktop/ws_sim/install/rm_serial_driver:/home/ooofieee/Desktop/ws_sim/install/rm_interfaces:${AMENT_PREFIX_PATH} CMAKE_PREFIX_PATH=/home/ooofieee/Desktop/ws_sim/install/rm_serial_driver:/home/ooofieee/Desktop/ws_sim/install/rm_interfaces:/usr/lib/x86_64-linux-gnu/cmake:/usr/lib/x86_64-linux-gnu/cmake:/opt/ros/humble LD_LIBRARY_PATH=/home/ooofieee/Desktop/ws_sim/install/rm_serial_driver/lib:/home/ooofieee/Desktop/ws_sim/install/rm_interfaces/lib:${LD_LIBRARY_PATH} PYTHONPATH=/home/ooofieee/Desktop/ws_sim/install/rm_interfaces/local/lib/python3.10/dist-packages:${PYTHONPATH} /bin/cmake --build /home/ooofieee/Desktop/ws_sim/build/gantry_robot_hardware_interface -- -j16 -l16
[5.660s] Invoking command in '/home/ooofieee/Desktop/ws_sim/build/gantry_robot_hardware_interface': AMENT_PREFIX_PATH=/home/ooofieee/Desktop/ws_sim/install/rm_serial_driver:/home/ooofieee/Desktop/ws_sim/install/rm_interfaces:${AMENT_PREFIX_PATH} CMAKE_PREFIX_PATH=/home/ooofieee/Desktop/ws_sim/install/rm_serial_driver:/home/ooofieee/Desktop/ws_sim/install/rm_interfaces:/usr/lib/x86_64-linux-gnu/cmake:/usr/lib/x86_64-linux-gnu/cmake:/opt/ros/humble LD_LIBRARY_PATH=/home/ooofieee/Desktop/ws_sim/install/rm_serial_driver/lib:/home/ooofieee/Desktop/ws_sim/install/rm_interfaces/lib:${LD_LIBRARY_PATH} PYTHONPATH=/home/ooofieee/Desktop/ws_sim/install/rm_interfaces/local/lib/python3.10/dist-packages:${PYTHONPATH} /bin/cmake --install /home/ooofieee/Desktop/ws_sim/build/gantry_robot_hardware_interface
[5.666s] -- Install configuration: ""
[5.667s] -- Execute custom install script
[5.667s] -- Up-to-date symlink: /home/ooofieee/Desktop/ws_sim/install/gantry_robot_hardware_interface/share/gantry_robot_hardware_interface//gantry_robot_hardware_interface.xml
[5.667s] -- Up-to-date symlink: /home/ooofieee/Desktop/ws_sim/install/gantry_robot_hardware_interface/lib/libgantry_robot_hardware_interface.so
[5.667s] -- Up-to-date symlink: /home/ooofieee/Desktop/ws_sim/install/gantry_robot_hardware_interface/include/gantry_robot_hardware_interface/gantry_robot_hardware_interface.hpp
[5.667s] -- Up-to-date symlink: /home/ooofieee/Desktop/ws_sim/install/gantry_robot_hardware_interface/share/gantry_robot_hardware_interface/environment/library_path.sh
[5.675s] -- Up-to-date symlink: /home/ooofieee/Desktop/ws_sim/install/gantry_robot_hardware_interface/share/gantry_robot_hardware_interface/environment/library_path.dsv
[5.675s] -- Up-to-date symlink: /home/ooofieee/Desktop/ws_sim/install/gantry_robot_hardware_interface/share/ament_index/resource_index/package_run_dependencies/gantry_robot_hardware_interface
[5.675s] -- Up-to-date symlink: /home/ooofieee/Desktop/ws_sim/install/gantry_robot_hardware_interface/share/ament_index/resource_index/parent_prefix_path/gantry_robot_hardware_interface
[5.675s] -- Up-to-date symlink: /home/ooofieee/Desktop/ws_sim/install/gantry_robot_hardware_interface/share/gantry_robot_hardware_interface/environment/ament_prefix_path.sh
[5.675s] -- Up-to-date symlink: /home/ooofieee/Desktop/ws_sim/install/gantry_robot_hardware_interface/share/gantry_robot_hardware_interface/environment/ament_prefix_path.dsv
[5.675s] -- Up-to-date symlink: /home/ooofieee/Desktop/ws_sim/install/gantry_robot_hardware_interface/share/gantry_robot_hardware_interface/environment/path.sh
[5.675s] -- Up-to-date symlink: /home/ooofieee/Desktop/ws_sim/install/gantry_robot_hardware_interface/share/gantry_robot_hardware_interface/environment/path.dsv
[5.675s] -- Up-to-date symlink: /home/ooofieee/Desktop/ws_sim/install/gantry_robot_hardware_interface/share/gantry_robot_hardware_interface/local_setup.bash
[5.675s] -- Up-to-date symlink: /home/ooofieee/Desktop/ws_sim/install/gantry_robot_hardware_interface/share/gantry_robot_hardware_interface/local_setup.sh
[5.675s] -- Up-to-date symlink: /home/ooofieee/Desktop/ws_sim/install/gantry_robot_hardware_interface/share/gantry_robot_hardware_interface/local_setup.zsh
[5.675s] -- Up-to-date symlink: /home/ooofieee/Desktop/ws_sim/install/gantry_robot_hardware_interface/share/gantry_robot_hardware_interface/local_setup.dsv
[5.675s] -- Symlinking: /home/ooofieee/Desktop/ws_sim/install/gantry_robot_hardware_interface/share/gantry_robot_hardware_interface/package.dsv
[5.679s] -- Up-to-date symlink: /home/ooofieee/Desktop/ws_sim/install/gantry_robot_hardware_interface/share/ament_index/resource_index/packages/gantry_robot_hardware_interface
[5.679s] -- Up-to-date symlink: /home/ooofieee/Desktop/ws_sim/install/gantry_robot_hardware_interface/share/ament_index/resource_index/hardware_interface__pluginlib__plugin/gantry_robot_hardware_interface
[5.679s] -- Up-to-date symlink: /home/ooofieee/Desktop/ws_sim/install/gantry_robot_hardware_interface/share/gantry_robot_hardware_interface/cmake/ament_cmake_export_include_directories-extras.cmake
[5.679s] -- Up-to-date symlink: /home/ooofieee/Desktop/ws_sim/install/gantry_robot_hardware_interface/share/gantry_robot_hardware_interface/cmake/ament_cmake_export_libraries-extras.cmake
[5.679s] -- Up-to-date symlink: /home/ooofieee/Desktop/ws_sim/install/gantry_robot_hardware_interface/share/gantry_robot_hardware_interface/cmake/ament_cmake_export_dependencies-extras.cmake
[5.679s] -- Up-to-date symlink: /home/ooofieee/Desktop/ws_sim/install/gantry_robot_hardware_interface/share/gantry_robot_hardware_interface/cmake/gantry_robot_hardware_interfaceConfig.cmake
[5.679s] -- Up-to-date symlink: /home/ooofieee/Desktop/ws_sim/install/gantry_robot_hardware_interface/share/gantry_robot_hardware_interface/cmake/gantry_robot_hardware_interfaceConfig-version.cmake
[5.680s] -- Up-to-date symlink: /home/ooofieee/Desktop/ws_sim/install/gantry_robot_hardware_interface/share/gantry_robot_hardware_interface/package.xml
[5.683s] Invoked command in '/home/ooofieee/Desktop/ws_sim/build/gantry_robot_hardware_interface' returned '0': AMENT_PREFIX_PATH=/home/ooofieee/Desktop/ws_sim/install/rm_serial_driver:/home/ooofieee/Desktop/ws_sim/install/rm_interfaces:${AMENT_PREFIX_PATH} CMAKE_PREFIX_PATH=/home/ooofieee/Desktop/ws_sim/install/rm_serial_driver:/home/ooofieee/Desktop/ws_sim/install/rm_interfaces:/usr/lib/x86_64-linux-gnu/cmake:/usr/lib/x86_64-linux-gnu/cmake:/opt/ros/humble LD_LIBRARY_PATH=/home/ooofieee/Desktop/ws_sim/install/rm_serial_driver/lib:/home/ooofieee/Desktop/ws_sim/install/rm_interfaces/lib:${LD_LIBRARY_PATH} PYTHONPATH=/home/ooofieee/Desktop/ws_sim/install/rm_interfaces/local/lib/python3.10/dist-packages:${PYTHONPATH} /bin/cmake --install /home/ooofieee/Desktop/ws_sim/build/gantry_robot_hardware_interface
