[0.009s] Invoking command in '/home/ooofieee/Desktop/ws_sim/build/gantry_robot_hardware_interface': CMAKE_PREFIX_PATH=/home/ooofieee/Desktop/ws_sim/install/rm_serial_driver:/home/ooofieee/Desktop/ws_sim/install/rm_interfaces:/home/ooofieee/Desktop/ws_sim/install/orchestrator:/home/ooofieee/Desktop/ws_sim/install/gantry_robot_moveit_config:/home/ooofieee/Desktop/ws_sim/install/gantry_robot_hardware_interface:/home/ooofieee/Desktop/ws_sim/install/motion_planning_test:/home/ooofieee/Desktop/ws_sim/install/gantry_robot_moveit_config_sim:/home/ooofieee/Desktop/ws_sim/install/bringup:/home/ooofieee/Desktop/ws_sim/install/models:/home/ooofieee/Desktop/ws_sim/install/controller:/usr/lib/x86_64-linux-gnu/cmake:/usr/lib/x86_64-linux-gnu/cmake:/opt/ros/humble LD_LIBRARY_PATH=/home/ooofieee/Desktop/ws_sim/install/rm_serial_driver/lib:/home/ooofieee/Desktop/ws_sim/install/rm_interfaces/lib:/home/ooofieee/Desktop/ws_sim/install/gantry_robot_hardware_interface/lib:/usr/lib/x86_64-linux-gnu/gazebo-11/plugins:/opt/ros/humble/opt/rviz_ogre_vendor/lib:/opt/ros/humble/lib/x86_64-linux-gnu:/opt/ros/humble/lib /bin/cmake --build /home/ooofieee/Desktop/ws_sim/build/gantry_robot_hardware_interface -- -j16 -l16
[0.036s] [35m[1mConsolidate compiler generated dependencies of target gmock_main[0m
[0.036s] [35m[1mConsolidate compiler generated dependencies of target gmock[0m
[0.036s] [35m[1mConsolidate compiler generated dependencies of target gantry_robot_hardware_interface[0m
[0.046s] [ 22%] Built target gmock_main
[0.046s] [ 55%] Built target gmock
[0.049s] [ 66%] [32mBuilding CXX object CMakeFiles/gantry_robot_hardware_interface.dir/src/gantry_robot_hardware_interface.cpp.o[0m
[0.053s] [35m[1mConsolidate compiler generated dependencies of target test_gantry_robot_hardware_interface[0m
[0.063s] [ 88%] Built target test_gantry_robot_hardware_interface
[2.760s] [100%] [32m[1mLinking CXX shared library libgantry_robot_hardware_interface.so[0m
[2.953s] [100%] Built target gantry_robot_hardware_interface
[2.961s] Invoked command in '/home/ooofieee/Desktop/ws_sim/build/gantry_robot_hardware_interface' returned '0': CMAKE_PREFIX_PATH=/home/ooofieee/Desktop/ws_sim/install/rm_serial_driver:/home/ooofieee/Desktop/ws_sim/install/rm_interfaces:/home/ooofieee/Desktop/ws_sim/install/orchestrator:/home/ooofieee/Desktop/ws_sim/install/gantry_robot_moveit_config:/home/ooofieee/Desktop/ws_sim/install/gantry_robot_hardware_interface:/home/ooofieee/Desktop/ws_sim/install/motion_planning_test:/home/ooofieee/Desktop/ws_sim/install/gantry_robot_moveit_config_sim:/home/ooofieee/Desktop/ws_sim/install/bringup:/home/ooofieee/Desktop/ws_sim/install/models:/home/ooofieee/Desktop/ws_sim/install/controller:/usr/lib/x86_64-linux-gnu/cmake:/usr/lib/x86_64-linux-gnu/cmake:/opt/ros/humble LD_LIBRARY_PATH=/home/ooofieee/Desktop/ws_sim/install/rm_serial_driver/lib:/home/ooofieee/Desktop/ws_sim/install/rm_interfaces/lib:/home/ooofieee/Desktop/ws_sim/install/gantry_robot_hardware_interface/lib:/usr/lib/x86_64-linux-gnu/gazebo-11/plugins:/opt/ros/humble/opt/rviz_ogre_vendor/lib:/opt/ros/humble/lib/x86_64-linux-gnu:/opt/ros/humble/lib /bin/cmake --build /home/ooofieee/Desktop/ws_sim/build/gantry_robot_hardware_interface -- -j16 -l16
[2.962s] Invoking command in '/home/ooofieee/Desktop/ws_sim/build/gantry_robot_hardware_interface': CMAKE_PREFIX_PATH=/home/ooofieee/Desktop/ws_sim/install/rm_serial_driver:/home/ooofieee/Desktop/ws_sim/install/rm_interfaces:/home/ooofieee/Desktop/ws_sim/install/orchestrator:/home/ooofieee/Desktop/ws_sim/install/gantry_robot_moveit_config:/home/ooofieee/Desktop/ws_sim/install/gantry_robot_hardware_interface:/home/ooofieee/Desktop/ws_sim/install/motion_planning_test:/home/ooofieee/Desktop/ws_sim/install/gantry_robot_moveit_config_sim:/home/ooofieee/Desktop/ws_sim/install/bringup:/home/ooofieee/Desktop/ws_sim/install/models:/home/ooofieee/Desktop/ws_sim/install/controller:/usr/lib/x86_64-linux-gnu/cmake:/usr/lib/x86_64-linux-gnu/cmake:/opt/ros/humble LD_LIBRARY_PATH=/home/ooofieee/Desktop/ws_sim/install/rm_serial_driver/lib:/home/ooofieee/Desktop/ws_sim/install/rm_interfaces/lib:/home/ooofieee/Desktop/ws_sim/install/gantry_robot_hardware_interface/lib:/usr/lib/x86_64-linux-gnu/gazebo-11/plugins:/opt/ros/humble/opt/rviz_ogre_vendor/lib:/opt/ros/humble/lib/x86_64-linux-gnu:/opt/ros/humble/lib /bin/cmake --install /home/ooofieee/Desktop/ws_sim/build/gantry_robot_hardware_interface
[2.967s] -- Install configuration: ""
[2.967s] -- Up-to-date: /home/ooofieee/Desktop/ws_sim/install/gantry_robot_hardware_interface/share/gantry_robot_hardware_interface/gantry_robot_hardware_interface.xml
[2.967s] -- Installing: /home/ooofieee/Desktop/ws_sim/install/gantry_robot_hardware_interface/lib/libgantry_robot_hardware_interface.so
[2.968s] -- Set runtime path of "/home/ooofieee/Desktop/ws_sim/install/gantry_robot_hardware_interface/lib/libgantry_robot_hardware_interface.so" to ""
[2.968s] -- Up-to-date: /home/ooofieee/Desktop/ws_sim/install/gantry_robot_hardware_interface/include
[2.968s] -- Up-to-date: /home/ooofieee/Desktop/ws_sim/install/gantry_robot_hardware_interface/include/gantry_robot_hardware_interface
[2.968s] -- Up-to-date: /home/ooofieee/Desktop/ws_sim/install/gantry_robot_hardware_interface/include/gantry_robot_hardware_interface/gantry_robot_hardware_interface.hpp
[2.968s] -- Up-to-date: /home/ooofieee/Desktop/ws_sim/install/gantry_robot_hardware_interface/share/gantry_robot_hardware_interface/environment/library_path.sh
[2.968s] -- Up-to-date: /home/ooofieee/Desktop/ws_sim/install/gantry_robot_hardware_interface/share/gantry_robot_hardware_interface/environment/library_path.dsv
[2.968s] -- Up-to-date: /home/ooofieee/Desktop/ws_sim/install/gantry_robot_hardware_interface/share/ament_index/resource_index/package_run_dependencies/gantry_robot_hardware_interface
[2.968s] -- Up-to-date: /home/ooofieee/Desktop/ws_sim/install/gantry_robot_hardware_interface/share/ament_index/resource_index/parent_prefix_path/gantry_robot_hardware_interface
[2.968s] -- Up-to-date: /home/ooofieee/Desktop/ws_sim/install/gantry_robot_hardware_interface/share/gantry_robot_hardware_interface/environment/ament_prefix_path.sh
[2.968s] -- Up-to-date: /home/ooofieee/Desktop/ws_sim/install/gantry_robot_hardware_interface/share/gantry_robot_hardware_interface/environment/ament_prefix_path.dsv
[2.968s] -- Up-to-date: /home/ooofieee/Desktop/ws_sim/install/gantry_robot_hardware_interface/share/gantry_robot_hardware_interface/environment/path.sh
[2.968s] -- Up-to-date: /home/ooofieee/Desktop/ws_sim/install/gantry_robot_hardware_interface/share/gantry_robot_hardware_interface/environment/path.dsv
[2.968s] -- Up-to-date: /home/ooofieee/Desktop/ws_sim/install/gantry_robot_hardware_interface/share/gantry_robot_hardware_interface/local_setup.bash
[2.968s] -- Up-to-date: /home/ooofieee/Desktop/ws_sim/install/gantry_robot_hardware_interface/share/gantry_robot_hardware_interface/local_setup.sh
[2.968s] -- Up-to-date: /home/ooofieee/Desktop/ws_sim/install/gantry_robot_hardware_interface/share/gantry_robot_hardware_interface/local_setup.zsh
[2.968s] -- Up-to-date: /home/ooofieee/Desktop/ws_sim/install/gantry_robot_hardware_interface/share/gantry_robot_hardware_interface/local_setup.dsv
[2.968s] -- Installing: /home/ooofieee/Desktop/ws_sim/install/gantry_robot_hardware_interface/share/gantry_robot_hardware_interface/package.dsv
[2.968s] -- Up-to-date: /home/ooofieee/Desktop/ws_sim/install/gantry_robot_hardware_interface/share/ament_index/resource_index/packages/gantry_robot_hardware_interface
[2.968s] -- Up-to-date: /home/ooofieee/Desktop/ws_sim/install/gantry_robot_hardware_interface/share/ament_index/resource_index/hardware_interface__pluginlib__plugin/gantry_robot_hardware_interface
[2.968s] -- Up-to-date: /home/ooofieee/Desktop/ws_sim/install/gantry_robot_hardware_interface/share/gantry_robot_hardware_interface/cmake/ament_cmake_export_include_directories-extras.cmake
[2.968s] -- Up-to-date: /home/ooofieee/Desktop/ws_sim/install/gantry_robot_hardware_interface/share/gantry_robot_hardware_interface/cmake/ament_cmake_export_libraries-extras.cmake
[2.968s] -- Up-to-date: /home/ooofieee/Desktop/ws_sim/install/gantry_robot_hardware_interface/share/gantry_robot_hardware_interface/cmake/ament_cmake_export_dependencies-extras.cmake
[2.969s] -- Up-to-date: /home/ooofieee/Desktop/ws_sim/install/gantry_robot_hardware_interface/share/gantry_robot_hardware_interface/cmake/gantry_robot_hardware_interfaceConfig.cmake
[2.969s] -- Up-to-date: /home/ooofieee/Desktop/ws_sim/install/gantry_robot_hardware_interface/share/gantry_robot_hardware_interface/cmake/gantry_robot_hardware_interfaceConfig-version.cmake
[2.969s] -- Up-to-date: /home/ooofieee/Desktop/ws_sim/install/gantry_robot_hardware_interface/share/gantry_robot_hardware_interface/package.xml
[2.970s] Invoked command in '/home/ooofieee/Desktop/ws_sim/build/gantry_robot_hardware_interface' returned '0': CMAKE_PREFIX_PATH=/home/ooofieee/Desktop/ws_sim/install/rm_serial_driver:/home/ooofieee/Desktop/ws_sim/install/rm_interfaces:/home/ooofieee/Desktop/ws_sim/install/orchestrator:/home/ooofieee/Desktop/ws_sim/install/gantry_robot_moveit_config:/home/ooofieee/Desktop/ws_sim/install/gantry_robot_hardware_interface:/home/ooofieee/Desktop/ws_sim/install/motion_planning_test:/home/ooofieee/Desktop/ws_sim/install/gantry_robot_moveit_config_sim:/home/ooofieee/Desktop/ws_sim/install/bringup:/home/ooofieee/Desktop/ws_sim/install/models:/home/ooofieee/Desktop/ws_sim/install/controller:/usr/lib/x86_64-linux-gnu/cmake:/usr/lib/x86_64-linux-gnu/cmake:/opt/ros/humble LD_LIBRARY_PATH=/home/ooofieee/Desktop/ws_sim/install/rm_serial_driver/lib:/home/ooofieee/Desktop/ws_sim/install/rm_interfaces/lib:/home/ooofieee/Desktop/ws_sim/install/gantry_robot_hardware_interface/lib:/usr/lib/x86_64-linux-gnu/gazebo-11/plugins:/opt/ros/humble/opt/rviz_ogre_vendor/lib:/opt/ros/humble/lib/x86_64-linux-gnu:/opt/ros/humble/lib /bin/cmake --install /home/ooofieee/Desktop/ws_sim/build/gantry_robot_hardware_interface
