[0.009s] Invoking command in '/home/ooofieee/Desktop/ws_sim/build/rm_serial_driver': CMAKE_PREFIX_PATH=/home/ooofieee/Desktop/ws_sim/install/rm_interfaces:/home/ooofieee/Desktop/ws_sim/install/orchestrator:/home/ooofieee/Desktop/ws_sim/install/gantry_robot_moveit_config:/home/ooofieee/Desktop/ws_sim/install/gantry_robot_hardware_interface:/home/ooofieee/Desktop/ws_sim/install/rm_serial_driver:/home/ooofieee/Desktop/ws_sim/install/motion_planning_test:/home/ooofieee/Desktop/ws_sim/install/gantry_robot_moveit_config_sim:/home/ooofieee/Desktop/ws_sim/install/bringup:/home/ooofieee/Desktop/ws_sim/install/models:/home/ooofieee/Desktop/ws_sim/install/controller:/usr/lib/x86_64-linux-gnu/cmake:/usr/lib/x86_64-linux-gnu/cmake:/opt/ros/humble LD_LIBRARY_PATH=/home/ooofieee/Desktop/ws_sim/install/rm_interfaces/lib:/home/ooofieee/Desktop/ws_sim/install/gantry_robot_hardware_interface/lib:/home/ooofieee/Desktop/ws_sim/install/rm_serial_driver/lib:/usr/lib/x86_64-linux-gnu/gazebo-11/plugins:/opt/ros/humble/opt/rviz_ogre_vendor/lib:/opt/ros/humble/lib/x86_64-linux-gnu:/opt/ros/humble/lib /bin/cmake --build /home/ooofieee/Desktop/ws_sim/build/rm_serial_driver -- -j16 -l16
[0.065s] [100%] Built target rm_serial_driver
[0.077s] Invoked command in '/home/ooofieee/Desktop/ws_sim/build/rm_serial_driver' returned '0': CMAKE_PREFIX_PATH=/home/ooofieee/Desktop/ws_sim/install/rm_interfaces:/home/ooofieee/Desktop/ws_sim/install/orchestrator:/home/ooofieee/Desktop/ws_sim/install/gantry_robot_moveit_config:/home/ooofieee/Desktop/ws_sim/install/gantry_robot_hardware_interface:/home/ooofieee/Desktop/ws_sim/install/rm_serial_driver:/home/ooofieee/Desktop/ws_sim/install/motion_planning_test:/home/ooofieee/Desktop/ws_sim/install/gantry_robot_moveit_config_sim:/home/ooofieee/Desktop/ws_sim/install/bringup:/home/ooofieee/Desktop/ws_sim/install/models:/home/ooofieee/Desktop/ws_sim/install/controller:/usr/lib/x86_64-linux-gnu/cmake:/usr/lib/x86_64-linux-gnu/cmake:/opt/ros/humble LD_LIBRARY_PATH=/home/ooofieee/Desktop/ws_sim/install/rm_interfaces/lib:/home/ooofieee/Desktop/ws_sim/install/gantry_robot_hardware_interface/lib:/home/ooofieee/Desktop/ws_sim/install/rm_serial_driver/lib:/usr/lib/x86_64-linux-gnu/gazebo-11/plugins:/opt/ros/humble/opt/rviz_ogre_vendor/lib:/opt/ros/humble/lib/x86_64-linux-gnu:/opt/ros/humble/lib /bin/cmake --build /home/ooofieee/Desktop/ws_sim/build/rm_serial_driver -- -j16 -l16
[0.079s] Invoking command in '/home/ooofieee/Desktop/ws_sim/build/rm_serial_driver': CMAKE_PREFIX_PATH=/home/ooofieee/Desktop/ws_sim/install/rm_interfaces:/home/ooofieee/Desktop/ws_sim/install/orchestrator:/home/ooofieee/Desktop/ws_sim/install/gantry_robot_moveit_config:/home/ooofieee/Desktop/ws_sim/install/gantry_robot_hardware_interface:/home/ooofieee/Desktop/ws_sim/install/rm_serial_driver:/home/ooofieee/Desktop/ws_sim/install/motion_planning_test:/home/ooofieee/Desktop/ws_sim/install/gantry_robot_moveit_config_sim:/home/ooofieee/Desktop/ws_sim/install/bringup:/home/ooofieee/Desktop/ws_sim/install/models:/home/ooofieee/Desktop/ws_sim/install/controller:/usr/lib/x86_64-linux-gnu/cmake:/usr/lib/x86_64-linux-gnu/cmake:/opt/ros/humble LD_LIBRARY_PATH=/home/ooofieee/Desktop/ws_sim/install/rm_interfaces/lib:/home/ooofieee/Desktop/ws_sim/install/gantry_robot_hardware_interface/lib:/home/ooofieee/Desktop/ws_sim/install/rm_serial_driver/lib:/usr/lib/x86_64-linux-gnu/gazebo-11/plugins:/opt/ros/humble/opt/rviz_ogre_vendor/lib:/opt/ros/humble/lib/x86_64-linux-gnu:/opt/ros/humble/lib /bin/cmake --install /home/ooofieee/Desktop/ws_sim/build/rm_serial_driver
[0.083s] -- Install configuration: ""
[0.084s] -- Up-to-date: /home/ooofieee/Desktop/ws_sim/install/rm_serial_driver/include
[0.084s] -- Up-to-date: /home/ooofieee/Desktop/ws_sim/install/rm_serial_driver/include/rm_serial_driver
[0.084s] -- Up-to-date: /home/ooofieee/Desktop/ws_sim/install/rm_serial_driver/include/rm_serial_driver/transporter_interface.hpp
[0.084s] -- Up-to-date: /home/ooofieee/Desktop/ws_sim/install/rm_serial_driver/include/rm_serial_driver/fixed_packet.hpp
[0.084s] -- Up-to-date: /home/ooofieee/Desktop/ws_sim/install/rm_serial_driver/include/rm_serial_driver/fixed_packet_withoutCRC.hpp
[0.084s] -- Up-to-date: /home/ooofieee/Desktop/ws_sim/install/rm_serial_driver/include/rm_serial_driver/protocol_factory.hpp
[0.084s] -- Up-to-date: /home/ooofieee/Desktop/ws_sim/install/rm_serial_driver/include/rm_serial_driver/fixed_packet_tool.hpp
[0.084s] -- Up-to-date: /home/ooofieee/Desktop/ws_sim/install/rm_serial_driver/include/rm_serial_driver/protocol.hpp
[0.084s] -- Up-to-date: /home/ooofieee/Desktop/ws_sim/install/rm_serial_driver/include/rm_serial_driver/fixed_packet_tool_withoutCRC.hpp
[0.084s] -- Up-to-date: /home/ooofieee/Desktop/ws_sim/install/rm_serial_driver/include/rm_serial_driver/protocol
[0.084s] -- Up-to-date: /home/ooofieee/Desktop/ws_sim/install/rm_serial_driver/include/rm_serial_driver/protocol/engineer_protocol.hpp
[0.084s] -- Up-to-date: /home/ooofieee/Desktop/ws_sim/install/rm_serial_driver/include/rm_serial_driver/uart_transporter.hpp
[0.084s] -- Up-to-date: /home/ooofieee/Desktop/ws_sim/install/rm_serial_driver/lib/librm_serial_driver.so
[0.084s] -- Up-to-date: /home/ooofieee/Desktop/ws_sim/install/rm_serial_driver/share/rm_serial_driver/environment/library_path.sh
[0.085s] -- Up-to-date: /home/ooofieee/Desktop/ws_sim/install/rm_serial_driver/share/rm_serial_driver/environment/library_path.dsv
[0.085s] -- Up-to-date: /home/ooofieee/Desktop/ws_sim/install/rm_serial_driver/share/ament_index/resource_index/package_run_dependencies/rm_serial_driver
[0.085s] -- Up-to-date: /home/ooofieee/Desktop/ws_sim/install/rm_serial_driver/share/ament_index/resource_index/parent_prefix_path/rm_serial_driver
[0.085s] -- Up-to-date: /home/ooofieee/Desktop/ws_sim/install/rm_serial_driver/share/rm_serial_driver/environment/ament_prefix_path.sh
[0.085s] -- Up-to-date: /home/ooofieee/Desktop/ws_sim/install/rm_serial_driver/share/rm_serial_driver/environment/ament_prefix_path.dsv
[0.085s] -- Up-to-date: /home/ooofieee/Desktop/ws_sim/install/rm_serial_driver/share/rm_serial_driver/environment/path.sh
[0.085s] -- Up-to-date: /home/ooofieee/Desktop/ws_sim/install/rm_serial_driver/share/rm_serial_driver/environment/path.dsv
[0.085s] -- Up-to-date: /home/ooofieee/Desktop/ws_sim/install/rm_serial_driver/share/rm_serial_driver/local_setup.bash
[0.085s] -- Up-to-date: /home/ooofieee/Desktop/ws_sim/install/rm_serial_driver/share/rm_serial_driver/local_setup.sh
[0.085s] -- Up-to-date: /home/ooofieee/Desktop/ws_sim/install/rm_serial_driver/share/rm_serial_driver/local_setup.zsh
[0.085s] -- Up-to-date: /home/ooofieee/Desktop/ws_sim/install/rm_serial_driver/share/rm_serial_driver/local_setup.dsv
[0.085s] -- Installing: /home/ooofieee/Desktop/ws_sim/install/rm_serial_driver/share/rm_serial_driver/package.dsv
[0.085s] -- Up-to-date: /home/ooofieee/Desktop/ws_sim/install/rm_serial_driver/share/ament_index/resource_index/packages/rm_serial_driver
[0.085s] -- Up-to-date: /home/ooofieee/Desktop/ws_sim/install/rm_serial_driver/share/rm_serial_driver/cmake/rm_serial_driverExport.cmake
[0.085s] -- Up-to-date: /home/ooofieee/Desktop/ws_sim/install/rm_serial_driver/share/rm_serial_driver/cmake/rm_serial_driverExport-noconfig.cmake
[0.086s] -- Up-to-date: /home/ooofieee/Desktop/ws_sim/install/rm_serial_driver/share/rm_serial_driver/cmake/ament_cmake_export_targets-extras.cmake
[0.086s] -- Up-to-date: /home/ooofieee/Desktop/ws_sim/install/rm_serial_driver/share/rm_serial_driver/cmake/ament_cmake_export_dependencies-extras.cmake
[0.086s] -- Up-to-date: /home/ooofieee/Desktop/ws_sim/install/rm_serial_driver/share/rm_serial_driver/cmake/rm_serial_driverConfig.cmake
[0.086s] -- Up-to-date: /home/ooofieee/Desktop/ws_sim/install/rm_serial_driver/share/rm_serial_driver/cmake/rm_serial_driverConfig-version.cmake
[0.086s] -- Up-to-date: /home/ooofieee/Desktop/ws_sim/install/rm_serial_driver/share/rm_serial_driver/package.xml
[0.088s] Invoked command in '/home/ooofieee/Desktop/ws_sim/build/rm_serial_driver' returned '0': CMAKE_PREFIX_PATH=/home/ooofieee/Desktop/ws_sim/install/rm_interfaces:/home/ooofieee/Desktop/ws_sim/install/orchestrator:/home/ooofieee/Desktop/ws_sim/install/gantry_robot_moveit_config:/home/ooofieee/Desktop/ws_sim/install/gantry_robot_hardware_interface:/home/ooofieee/Desktop/ws_sim/install/rm_serial_driver:/home/ooofieee/Desktop/ws_sim/install/motion_planning_test:/home/ooofieee/Desktop/ws_sim/install/gantry_robot_moveit_config_sim:/home/ooofieee/Desktop/ws_sim/install/bringup:/home/ooofieee/Desktop/ws_sim/install/models:/home/ooofieee/Desktop/ws_sim/install/controller:/usr/lib/x86_64-linux-gnu/cmake:/usr/lib/x86_64-linux-gnu/cmake:/opt/ros/humble LD_LIBRARY_PATH=/home/ooofieee/Desktop/ws_sim/install/rm_interfaces/lib:/home/ooofieee/Desktop/ws_sim/install/gantry_robot_hardware_interface/lib:/home/ooofieee/Desktop/ws_sim/install/rm_serial_driver/lib:/usr/lib/x86_64-linux-gnu/gazebo-11/plugins:/opt/ros/humble/opt/rviz_ogre_vendor/lib:/opt/ros/humble/lib/x86_64-linux-gnu:/opt/ros/humble/lib /bin/cmake --install /home/ooofieee/Desktop/ws_sim/build/rm_serial_driver
