[0.010s] Invoking command in '/home/ooofieee/Desktop/ws_sim/build/gantry_robot_hardware_interface': CMAKE_PREFIX_PATH=/home/ooofieee/Desktop/ws_sim/install/rm_serial_driver:/home/ooofieee/Desktop/ws_sim/install/rm_interfaces:/home/ooofieee/Desktop/ws_sim/install/orchestrator:/home/ooofieee/Desktop/ws_sim/install/gantry_robot_moveit_config:/home/ooofieee/Desktop/ws_sim/install/gantry_robot_hardware_interface:/home/ooofieee/Desktop/ws_sim/install/motion_planning_test:/home/ooofieee/Desktop/ws_sim/install/gantry_robot_moveit_config_sim:/home/ooofieee/Desktop/ws_sim/install/bringup:/home/ooofieee/Desktop/ws_sim/install/models:/home/ooofieee/Desktop/ws_sim/install/controller:/usr/lib/x86_64-linux-gnu/cmake:/usr/lib/x86_64-linux-gnu/cmake:/opt/ros/humble LD_LIBRARY_PATH=/home/ooofieee/Desktop/ws_sim/install/rm_serial_driver/lib:/home/ooofieee/Desktop/ws_sim/install/rm_interfaces/lib:/home/ooofieee/Desktop/ws_sim/install/gantry_robot_hardware_interface/lib:/usr/lib/x86_64-linux-gnu/gazebo-11/plugins:/opt/ros/humble/opt/rviz_ogre_vendor/lib:/opt/ros/humble/lib/x86_64-linux-gnu:/opt/ros/humble/lib /bin/cmake /home/ooofieee/Desktop/ws_sim/src/gantry_robot_hardware_interface -DAMENT_CMAKE_SYMLINK_INSTALL=1 -DCMAKE_INSTALL_PREFIX=/home/ooofieee/Desktop/ws_sim/install/gantry_robot_hardware_interface
[0.018s] -- Found ament_cmake: 1.3.12 (/opt/ros/humble/share/ament_cmake/cmake)
[0.099s] -- Override CMake install command with custom implementation using symlinks instead of copying resources
[0.103s] -- Found hardware_interface: 2.53.0 (/opt/ros/humble/share/hardware_interface/cmake)
[0.119s] -- Found rosidl_generator_c: 3.1.8 (/opt/ros/humble/share/rosidl_generator_c/cmake)
[0.120s] -- Found rosidl_adapter: 3.1.8 (/opt/ros/humble/share/rosidl_adapter/cmake)
[0.124s] -- Found rosidl_generator_cpp: 3.1.8 (/opt/ros/humble/share/rosidl_generator_cpp/cmake)
[0.130s] -- Using all available rosidl_typesupport_c: rosidl_typesupport_fastrtps_c;rosidl_typesupport_introspection_c
[0.137s] -- Using all available rosidl_typesupport_cpp: rosidl_typesupport_fastrtps_cpp;rosidl_typesupport_introspection_cpp
[0.263s] -- Found rmw_implementation_cmake: 6.1.2 (/opt/ros/humble/share/rmw_implementation_cmake/cmake)
[0.264s] -- Found rmw_fastrtps_cpp: 6.2.9 (/opt/ros/humble/share/rmw_fastrtps_cpp/cmake)
[0.277s] -- Found TinyXML2 via Config file: TinyXML2_DIR-NOTFOUND
[0.283s] -- Found TinyXML2 via Config file: TinyXML2_DIR-NOTFOUND
[0.294s] -- Found TinyXML2 via Config file: TinyXML2_DIR-NOTFOUND
[0.300s] -- Found TinyXML2 via Config file: TinyXML2_DIR-NOTFOUND
[0.308s] -- Using RMW implementation 'rmw_fastrtps_cpp' as default
[0.339s] -- Found rm_serial_driver: 0.1.0 (/home/ooofieee/Desktop/ws_sim/install/rm_serial_driver/share/rm_serial_driver/cmake)
[0.406s] -- Found controller_manager_msgs: 2.53.0 (/opt/ros/humble/share/controller_manager_msgs/cmake)
[0.419s] -- Found ament_lint_auto: 0.12.14 (/opt/ros/humble/share/ament_lint_auto/cmake)
[0.468s] -- Found gmock sources under '/opt/ros/humble/src/gmock_vendor': C++ tests using 'Google Mock' will be built
[0.469s] -- Found ament_cmake_gtest: 1.3.12 (/opt/ros/humble/share/ament_cmake_gtest/cmake)
[0.470s] -- Found gtest sources under '/opt/ros/humble/src/gtest_vendor': C++ tests using 'Google Test' will be built
[0.475s] -- Added test 'cppcheck' to perform static code analysis on C / C++ code
[0.475s] -- Configured cppcheck include dirs: /home/ooofieee/Desktop/ws_sim/src/gantry_robot_hardware_interface/include
[0.476s] -- Configured cppcheck exclude dirs and/or files: 
[0.476s] -- Added test 'lint_cmake' to check CMake code style
[0.476s] -- Added test 'uncrustify' to check C / C++ code style
[0.476s] -- Configured uncrustify additional arguments: 
[0.477s] -- Added test 'xmllint' to check XML markup files
[0.478s] -- Configuring done
[0.495s] -- Generating done
[0.500s] -- Build files have been written to: /home/ooofieee/Desktop/ws_sim/build/gantry_robot_hardware_interface
[0.507s] Invoked command in '/home/ooofieee/Desktop/ws_sim/build/gantry_robot_hardware_interface' returned '0': CMAKE_PREFIX_PATH=/home/ooofieee/Desktop/ws_sim/install/rm_serial_driver:/home/ooofieee/Desktop/ws_sim/install/rm_interfaces:/home/ooofieee/Desktop/ws_sim/install/orchestrator:/home/ooofieee/Desktop/ws_sim/install/gantry_robot_moveit_config:/home/ooofieee/Desktop/ws_sim/install/gantry_robot_hardware_interface:/home/ooofieee/Desktop/ws_sim/install/motion_planning_test:/home/ooofieee/Desktop/ws_sim/install/gantry_robot_moveit_config_sim:/home/ooofieee/Desktop/ws_sim/install/bringup:/home/ooofieee/Desktop/ws_sim/install/models:/home/ooofieee/Desktop/ws_sim/install/controller:/usr/lib/x86_64-linux-gnu/cmake:/usr/lib/x86_64-linux-gnu/cmake:/opt/ros/humble LD_LIBRARY_PATH=/home/ooofieee/Desktop/ws_sim/install/rm_serial_driver/lib:/home/ooofieee/Desktop/ws_sim/install/rm_interfaces/lib:/home/ooofieee/Desktop/ws_sim/install/gantry_robot_hardware_interface/lib:/usr/lib/x86_64-linux-gnu/gazebo-11/plugins:/opt/ros/humble/opt/rviz_ogre_vendor/lib:/opt/ros/humble/lib/x86_64-linux-gnu:/opt/ros/humble/lib /bin/cmake /home/ooofieee/Desktop/ws_sim/src/gantry_robot_hardware_interface -DAMENT_CMAKE_SYMLINK_INSTALL=1 -DCMAKE_INSTALL_PREFIX=/home/ooofieee/Desktop/ws_sim/install/gantry_robot_hardware_interface
[0.509s] Invoking command in '/home/ooofieee/Desktop/ws_sim/build/gantry_robot_hardware_interface': CMAKE_PREFIX_PATH=/home/ooofieee/Desktop/ws_sim/install/rm_serial_driver:/home/ooofieee/Desktop/ws_sim/install/rm_interfaces:/home/ooofieee/Desktop/ws_sim/install/orchestrator:/home/ooofieee/Desktop/ws_sim/install/gantry_robot_moveit_config:/home/ooofieee/Desktop/ws_sim/install/gantry_robot_hardware_interface:/home/ooofieee/Desktop/ws_sim/install/motion_planning_test:/home/ooofieee/Desktop/ws_sim/install/gantry_robot_moveit_config_sim:/home/ooofieee/Desktop/ws_sim/install/bringup:/home/ooofieee/Desktop/ws_sim/install/models:/home/ooofieee/Desktop/ws_sim/install/controller:/usr/lib/x86_64-linux-gnu/cmake:/usr/lib/x86_64-linux-gnu/cmake:/opt/ros/humble LD_LIBRARY_PATH=/home/ooofieee/Desktop/ws_sim/install/rm_serial_driver/lib:/home/ooofieee/Desktop/ws_sim/install/rm_interfaces/lib:/home/ooofieee/Desktop/ws_sim/install/gantry_robot_hardware_interface/lib:/usr/lib/x86_64-linux-gnu/gazebo-11/plugins:/opt/ros/humble/opt/rviz_ogre_vendor/lib:/opt/ros/humble/lib/x86_64-linux-gnu:/opt/ros/humble/lib /bin/cmake --build /home/ooofieee/Desktop/ws_sim/build/gantry_robot_hardware_interface -- -j16 -l16
[0.536s] [35m[1mConsolidate compiler generated dependencies of target gmock_main[0m
[0.536s] [35m[1mConsolidate compiler generated dependencies of target gantry_robot_hardware_interface[0m
[0.536s] [35m[1mConsolidate compiler generated dependencies of target gmock[0m
[0.545s] [ 22%] Built target gmock_main
[0.547s] [ 55%] Built target gmock
[0.549s] [ 66%] [32mBuilding CXX object CMakeFiles/gantry_robot_hardware_interface.dir/src/gantry_robot_hardware_interface.cpp.o[0m
[0.554s] [35m[1mConsolidate compiler generated dependencies of target test_gantry_robot_hardware_interface[0m
[0.564s] [ 88%] Built target test_gantry_robot_hardware_interface
[2.245s] In file included from [01m[K/home/ooofieee/Desktop/ws_sim/src/gantry_robot_hardware_interface/src/gantry_robot_hardware_interface.cpp:19[m[K:
[2.245s] [01m[K/home/ooofieee/Desktop/ws_sim/src/gantry_robot_hardware_interface/include/gantry_robot_hardware_interface/gantry_robot_hardware_interface.hpp:67:8:[m[K [01;31m[Kerror: [m[K‘[01m[Kvoid gantry_robot_hardware_interface::GantryRobotHardwareInterface::update_current_state()[m[K’ marked ‘[01m[Koverride[m[K’, but does not override
[2.245s]    67 |   void [01;31m[Kupdate_current_state[m[K() override;
[2.245s]       |        [01;31m[K^~~~~~~~~~~~~~~~~~~~[m[K
[2.916s] gmake[2]: *** [CMakeFiles/gantry_robot_hardware_interface.dir/build.make:76: CMakeFiles/gantry_robot_hardware_interface.dir/src/gantry_robot_hardware_interface.cpp.o] Error 1
[2.916s] gmake[1]: *** [CMakeFiles/Makefile2:176: CMakeFiles/gantry_robot_hardware_interface.dir/all] Error 2
[2.916s] gmake: *** [Makefile:146: all] Error 2
[2.920s] Invoked command in '/home/ooofieee/Desktop/ws_sim/build/gantry_robot_hardware_interface' returned '2': CMAKE_PREFIX_PATH=/home/ooofieee/Desktop/ws_sim/install/rm_serial_driver:/home/ooofieee/Desktop/ws_sim/install/rm_interfaces:/home/ooofieee/Desktop/ws_sim/install/orchestrator:/home/ooofieee/Desktop/ws_sim/install/gantry_robot_moveit_config:/home/ooofieee/Desktop/ws_sim/install/gantry_robot_hardware_interface:/home/ooofieee/Desktop/ws_sim/install/motion_planning_test:/home/ooofieee/Desktop/ws_sim/install/gantry_robot_moveit_config_sim:/home/ooofieee/Desktop/ws_sim/install/bringup:/home/ooofieee/Desktop/ws_sim/install/models:/home/ooofieee/Desktop/ws_sim/install/controller:/usr/lib/x86_64-linux-gnu/cmake:/usr/lib/x86_64-linux-gnu/cmake:/opt/ros/humble LD_LIBRARY_PATH=/home/ooofieee/Desktop/ws_sim/install/rm_serial_driver/lib:/home/ooofieee/Desktop/ws_sim/install/rm_interfaces/lib:/home/ooofieee/Desktop/ws_sim/install/gantry_robot_hardware_interface/lib:/usr/lib/x86_64-linux-gnu/gazebo-11/plugins:/opt/ros/humble/opt/rviz_ogre_vendor/lib:/opt/ros/humble/lib/x86_64-linux-gnu:/opt/ros/humble/lib /bin/cmake --build /home/ooofieee/Desktop/ws_sim/build/gantry_robot_hardware_interface -- -j16 -l16
