[0.006s] Invoking command in '/home/ooofieee/Desktop/ws_sim/build/rm_serial_driver': AMENT_PREFIX_PATH=/home/ooofieee/Desktop/ws_sim/install/rm_interfaces:${AMENT_PREFIX_PATH} CMAKE_PREFIX_PATH=/home/ooofieee/Desktop/ws_sim/install/rm_interfaces:/usr/lib/x86_64-linux-gnu/cmake:/usr/lib/x86_64-linux-gnu/cmake:/opt/ros/humble LD_LIBRARY_PATH=/home/ooofieee/Desktop/ws_sim/install/rm_interfaces/lib:${LD_LIBRARY_PATH} PYTHONPATH=/home/ooofieee/Desktop/ws_sim/install/rm_interfaces/local/lib/python3.10/dist-packages:${PYTHONPATH} /bin/cmake --build /home/ooofieee/Desktop/ws_sim/build/rm_serial_driver -- -j16 -l16
[0.042s] [100%] Built target rm_serial_driver
[0.050s] Invoked command in '/home/ooofieee/Desktop/ws_sim/build/rm_serial_driver' returned '0': AMENT_PREFIX_PATH=/home/ooofieee/Desktop/ws_sim/install/rm_interfaces:${AMENT_PREFIX_PATH} CMAKE_PREFIX_PATH=/home/ooofieee/Desktop/ws_sim/install/rm_interfaces:/usr/lib/x86_64-linux-gnu/cmake:/usr/lib/x86_64-linux-gnu/cmake:/opt/ros/humble LD_LIBRARY_PATH=/home/ooofieee/Desktop/ws_sim/install/rm_interfaces/lib:${LD_LIBRARY_PATH} PYTHONPATH=/home/ooofieee/Desktop/ws_sim/install/rm_interfaces/local/lib/python3.10/dist-packages:${PYTHONPATH} /bin/cmake --build /home/ooofieee/Desktop/ws_sim/build/rm_serial_driver -- -j16 -l16
[0.051s] Invoking command in '/home/ooofieee/Desktop/ws_sim/build/rm_serial_driver': AMENT_PREFIX_PATH=/home/ooofieee/Desktop/ws_sim/install/rm_interfaces:${AMENT_PREFIX_PATH} CMAKE_PREFIX_PATH=/home/ooofieee/Desktop/ws_sim/install/rm_interfaces:/usr/lib/x86_64-linux-gnu/cmake:/usr/lib/x86_64-linux-gnu/cmake:/opt/ros/humble LD_LIBRARY_PATH=/home/ooofieee/Desktop/ws_sim/install/rm_interfaces/lib:${LD_LIBRARY_PATH} PYTHONPATH=/home/ooofieee/Desktop/ws_sim/install/rm_interfaces/local/lib/python3.10/dist-packages:${PYTHONPATH} /bin/cmake --install /home/ooofieee/Desktop/ws_sim/build/rm_serial_driver
[0.056s] -- Install configuration: ""
[0.056s] -- Up-to-date: /home/ooofieee/Desktop/ws_sim/install/rm_serial_driver/include
[0.056s] -- Up-to-date: /home/ooofieee/Desktop/ws_sim/install/rm_serial_driver/include/rm_serial_driver
[0.056s] -- Up-to-date: /home/ooofieee/Desktop/ws_sim/install/rm_serial_driver/include/rm_serial_driver/transporter_interface.hpp
[0.056s] -- Up-to-date: /home/ooofieee/Desktop/ws_sim/install/rm_serial_driver/include/rm_serial_driver/fixed_packet.hpp
[0.056s] -- Up-to-date: /home/ooofieee/Desktop/ws_sim/install/rm_serial_driver/include/rm_serial_driver/fixed_packet_withoutCRC.hpp
[0.056s] -- Up-to-date: /home/ooofieee/Desktop/ws_sim/install/rm_serial_driver/include/rm_serial_driver/protocol_factory.hpp
[0.056s] -- Up-to-date: /home/ooofieee/Desktop/ws_sim/install/rm_serial_driver/include/rm_serial_driver/fixed_packet_tool.hpp
[0.056s] -- Up-to-date: /home/ooofieee/Desktop/ws_sim/install/rm_serial_driver/include/rm_serial_driver/protocol.hpp
[0.056s] -- Up-to-date: /home/ooofieee/Desktop/ws_sim/install/rm_serial_driver/include/rm_serial_driver/fixed_packet_tool_withoutCRC.hpp
[0.056s] -- Up-to-date: /home/ooofieee/Desktop/ws_sim/install/rm_serial_driver/include/rm_serial_driver/protocol
[0.056s] -- Up-to-date: /home/ooofieee/Desktop/ws_sim/install/rm_serial_driver/include/rm_serial_driver/protocol/engineer_protocol.hpp
[0.056s] -- Up-to-date: /home/ooofieee/Desktop/ws_sim/install/rm_serial_driver/include/rm_serial_driver/uart_transporter.hpp
[0.056s] -- Up-to-date: /home/ooofieee/Desktop/ws_sim/install/rm_serial_driver/lib/librm_serial_driver.so
[0.056s] -- Up-to-date: /home/ooofieee/Desktop/ws_sim/install/rm_serial_driver/share/rm_serial_driver/environment/library_path.sh
[0.056s] -- Up-to-date: /home/ooofieee/Desktop/ws_sim/install/rm_serial_driver/share/rm_serial_driver/environment/library_path.dsv
[0.056s] -- Up-to-date: /home/ooofieee/Desktop/ws_sim/install/rm_serial_driver/share/ament_index/resource_index/package_run_dependencies/rm_serial_driver
[0.057s] -- Up-to-date: /home/ooofieee/Desktop/ws_sim/install/rm_serial_driver/share/ament_index/resource_index/parent_prefix_path/rm_serial_driver
[0.057s] -- Up-to-date: /home/ooofieee/Desktop/ws_sim/install/rm_serial_driver/share/rm_serial_driver/environment/ament_prefix_path.sh
[0.057s] -- Up-to-date: /home/ooofieee/Desktop/ws_sim/install/rm_serial_driver/share/rm_serial_driver/environment/ament_prefix_path.dsv
[0.057s] -- Up-to-date: /home/ooofieee/Desktop/ws_sim/install/rm_serial_driver/share/rm_serial_driver/environment/path.sh
[0.057s] -- Up-to-date: /home/ooofieee/Desktop/ws_sim/install/rm_serial_driver/share/rm_serial_driver/environment/path.dsv
[0.057s] -- Up-to-date: /home/ooofieee/Desktop/ws_sim/install/rm_serial_driver/share/rm_serial_driver/local_setup.bash
[0.057s] -- Up-to-date: /home/ooofieee/Desktop/ws_sim/install/rm_serial_driver/share/rm_serial_driver/local_setup.sh
[0.057s] -- Up-to-date: /home/ooofieee/Desktop/ws_sim/install/rm_serial_driver/share/rm_serial_driver/local_setup.zsh
[0.057s] -- Up-to-date: /home/ooofieee/Desktop/ws_sim/install/rm_serial_driver/share/rm_serial_driver/local_setup.dsv
[0.057s] -- Installing: /home/ooofieee/Desktop/ws_sim/install/rm_serial_driver/share/rm_serial_driver/package.dsv
[0.057s] -- Up-to-date: /home/ooofieee/Desktop/ws_sim/install/rm_serial_driver/share/ament_index/resource_index/packages/rm_serial_driver
[0.057s] -- Up-to-date: /home/ooofieee/Desktop/ws_sim/install/rm_serial_driver/share/rm_serial_driver/cmake/rm_serial_driverExport.cmake
[0.057s] -- Up-to-date: /home/ooofieee/Desktop/ws_sim/install/rm_serial_driver/share/rm_serial_driver/cmake/rm_serial_driverExport-noconfig.cmake
[0.057s] -- Up-to-date: /home/ooofieee/Desktop/ws_sim/install/rm_serial_driver/share/rm_serial_driver/cmake/ament_cmake_export_targets-extras.cmake
[0.057s] -- Up-to-date: /home/ooofieee/Desktop/ws_sim/install/rm_serial_driver/share/rm_serial_driver/cmake/ament_cmake_export_dependencies-extras.cmake
[0.057s] -- Up-to-date: /home/ooofieee/Desktop/ws_sim/install/rm_serial_driver/share/rm_serial_driver/cmake/rm_serial_driverConfig.cmake
[0.057s] -- Up-to-date: /home/ooofieee/Desktop/ws_sim/install/rm_serial_driver/share/rm_serial_driver/cmake/rm_serial_driverConfig-version.cmake
[0.057s] -- Up-to-date: /home/ooofieee/Desktop/ws_sim/install/rm_serial_driver/share/rm_serial_driver/package.xml
[0.058s] Invoked command in '/home/ooofieee/Desktop/ws_sim/build/rm_serial_driver' returned '0': AMENT_PREFIX_PATH=/home/ooofieee/Desktop/ws_sim/install/rm_interfaces:${AMENT_PREFIX_PATH} CMAKE_PREFIX_PATH=/home/ooofieee/Desktop/ws_sim/install/rm_interfaces:/usr/lib/x86_64-linux-gnu/cmake:/usr/lib/x86_64-linux-gnu/cmake:/opt/ros/humble LD_LIBRARY_PATH=/home/ooofieee/Desktop/ws_sim/install/rm_interfaces/lib:${LD_LIBRARY_PATH} PYTHONPATH=/home/ooofieee/Desktop/ws_sim/install/rm_interfaces/local/lib/python3.10/dist-packages:${PYTHONPATH} /bin/cmake --install /home/ooofieee/Desktop/ws_sim/build/rm_serial_driver
