-- The C compiler identification is GNU 12.3.0
-- The CXX compiler identification is GNU 12.3.0
-- Detecting C compiler ABI info
-- Detecting C compiler ABI info - done
-- Check for working C compiler: /bin/cc - skipped
-- Detecting C compile features
-- Detecting C compile features - done
-- Detecting CXX compiler ABI info
-- Detecting CXX compiler ABI info - done
-- Check for working CXX compiler: /bin/c++ - skipped
-- Detecting CXX compile features
-- Detecting CXX compile features - done
-- Found ament_cmake: 1.3.12 (/opt/ros/humble/share/ament_cmake/cmake)
-- Found Python3: /bin/python3 (found version "3.10.12") found components: Interpreter 
-- Found rclcpp: 16.0.17 (/opt/ros/humble/share/rclcpp/cmake)
-- Found rosidl_generator_c: 3.1.8 (/opt/ros/humble/share/rosidl_generator_c/cmake)
-- Found rosidl_adapter: 3.1.8 (/opt/ros/humble/share/rosidl_adapter/cmake)
-- Found rosidl_generator_cpp: 3.1.8 (/opt/ros/humble/share/rosidl_generator_cpp/cmake)
-- Using all available rosidl_typesupport_c: rosidl_typesupport_fastrtps_c;rosidl_typesupport_introspection_c
-- Using all available rosidl_typesupport_cpp: rosidl_typesupport_fastrtps_cpp;rosidl_typesupport_introspection_cpp
-- Found rmw_implementation_cmake: 6.1.2 (/opt/ros/humble/share/rmw_implementation_cmake/cmake)
-- Found rmw_fastrtps_cpp: 6.2.9 (/opt/ros/humble/share/rmw_fastrtps_cpp/cmake)
-- Found OpenSSL: /usr/lib/x86_64-linux-gnu/libcrypto.so (found version "3.0.2")  
-- Found FastRTPS: /opt/ros/humble/include  
-- Using RMW implementation 'rmw_fastrtps_cpp' as default
-- Looking for pthread.h
-- Looking for pthread.h - found
-- Performing Test CMAKE_HAVE_LIBC_PTHREAD
-- Performing Test CMAKE_HAVE_LIBC_PTHREAD - Success
-- Found Threads: TRUE  
-- Found moveit_msgs: 2.2.1 (/opt/ros/humble/share/moveit_msgs/cmake)
-- Found rm_serial_driver: 0.1.0 (/home/ooofieee/Desktop/ws_sim/install/rm_serial_driver/share/rm_serial_driver/cmake)
-- Found ament_lint_auto: 0.12.14 (/opt/ros/humble/share/ament_lint_auto/cmake)
-- Added test 'cppcheck' to perform static code analysis on C / C++ code
-- Configured cppcheck include dirs: 
-- Configured cppcheck exclude dirs and/or files: 
-- Added test 'lint_cmake' to check CMake code style
-- Added test 'uncrustify' to check C / C++ code style
-- Configured uncrustify additional arguments: 
-- Added test 'xmllint' to check XML markup files
-- Configuring done
-- Generating done
-- Build files have been written to: /home/ooofieee/Desktop/ws_sim/build/orchestrator
[ 50%] [32mBuilding CXX object CMakeFiles/serial_test_node.dir/src/serial_test_node.cpp.o[0m
[100%] [32m[1mLinking CXX executable serial_test_node[0m
[100%] Built target serial_test_node
-- Install configuration: ""
-- Installing: /home/ooofieee/Desktop/ws_sim/install/orchestrator/lib/orchestrator/serial_test_node
-- Set runtime path of "/home/ooofieee/Desktop/ws_sim/install/orchestrator/lib/orchestrator/serial_test_node" to ""
-- Installing: /home/ooofieee/Desktop/ws_sim/install/orchestrator/share/ament_index/resource_index/package_run_dependencies/orchestrator
-- Installing: /home/ooofieee/Desktop/ws_sim/install/orchestrator/share/ament_index/resource_index/parent_prefix_path/orchestrator
-- Installing: /home/ooofieee/Desktop/ws_sim/install/orchestrator/share/orchestrator/environment/ament_prefix_path.sh
-- Installing: /home/ooofieee/Desktop/ws_sim/install/orchestrator/share/orchestrator/environment/ament_prefix_path.dsv
-- Installing: /home/ooofieee/Desktop/ws_sim/install/orchestrator/share/orchestrator/environment/path.sh
-- Installing: /home/ooofieee/Desktop/ws_sim/install/orchestrator/share/orchestrator/environment/path.dsv
-- Installing: /home/ooofieee/Desktop/ws_sim/install/orchestrator/share/orchestrator/local_setup.bash
-- Installing: /home/ooofieee/Desktop/ws_sim/install/orchestrator/share/orchestrator/local_setup.sh
-- Installing: /home/ooofieee/Desktop/ws_sim/install/orchestrator/share/orchestrator/local_setup.zsh
-- Installing: /home/ooofieee/Desktop/ws_sim/install/orchestrator/share/orchestrator/local_setup.dsv
-- Installing: /home/ooofieee/Desktop/ws_sim/install/orchestrator/share/orchestrator/package.dsv
-- Installing: /home/ooofieee/Desktop/ws_sim/install/orchestrator/share/ament_index/resource_index/packages/orchestrator
-- Installing: /home/ooofieee/Desktop/ws_sim/install/orchestrator/share/orchestrator/cmake/orchestratorConfig.cmake
-- Installing: /home/ooofieee/Desktop/ws_sim/install/orchestrator/share/orchestrator/cmake/orchestratorConfig-version.cmake
-- Installing: /home/ooofieee/Desktop/ws_sim/install/orchestrator/share/orchestrator/package.xml
