[0.008s] Invoking command in '/home/ooofieee/Desktop/ws_sim/build/orchestrator': CMAKE_PREFIX_PATH=/home/ooofieee/Desktop/ws_sim/install/rm_serial_driver:/home/ooofieee/Desktop/ws_sim/install/rm_interfaces:/home/ooofieee/Desktop/ws_sim/install/orchestrator:/home/ooofieee/Desktop/ws_sim/install/gantry_robot_moveit_config:/home/ooofieee/Desktop/ws_sim/install/gantry_robot_hardware_interface:/home/ooofieee/Desktop/ws_sim/install/motion_planning_test:/home/ooofieee/Desktop/ws_sim/install/gantry_robot_moveit_config_sim:/home/ooofieee/Desktop/ws_sim/install/bringup:/home/ooofieee/Desktop/ws_sim/install/models:/home/ooofieee/Desktop/ws_sim/install/controller:/usr/lib/x86_64-linux-gnu/cmake:/usr/lib/x86_64-linux-gnu/cmake:/opt/ros/humble LD_LIBRARY_PATH=/home/ooofieee/Desktop/ws_sim/install/rm_serial_driver/lib:/home/ooofieee/Desktop/ws_sim/install/rm_interfaces/lib:/home/ooofieee/Desktop/ws_sim/install/gantry_robot_hardware_interface/lib:/usr/lib/x86_64-linux-gnu/gazebo-11/plugins:/opt/ros/humble/opt/rviz_ogre_vendor/lib:/opt/ros/humble/lib/x86_64-linux-gnu:/opt/ros/humble/lib /bin/cmake /home/ooofieee/Desktop/ws_sim/src/orchestrator -DCMAKE_INSTALL_PREFIX=/home/ooofieee/Desktop/ws_sim/install/orchestrator
[0.042s] -- The C compiler identification is GNU 12.3.0
[0.078s] -- The CXX compiler identification is GNU 12.3.0
[0.083s] -- Detecting C compiler ABI info
[0.126s] -- Detecting C compiler ABI info - done
[0.131s] -- Check for working C compiler: /bin/cc - skipped
[0.131s] -- Detecting C compile features
[0.131s] -- Detecting C compile features - done
[0.133s] -- Detecting CXX compiler ABI info
[0.184s] -- Detecting CXX compiler ABI info - done
[0.189s] -- Check for working CXX compiler: /bin/c++ - skipped
[0.189s] -- Detecting CXX compile features
[0.189s] -- Detecting CXX compile features - done
[0.191s] -- Found ament_cmake: 1.3.12 (/opt/ros/humble/share/ament_cmake/cmake)
[0.311s] -- Found Python3: /bin/python3 (found version "3.10.12") found components: Interpreter 
[0.380s] -- Found rclcpp: 16.0.17 (/opt/ros/humble/share/rclcpp/cmake)
[0.412s] -- Found rosidl_generator_c: 3.1.8 (/opt/ros/humble/share/rosidl_generator_c/cmake)
[0.416s] -- Found rosidl_adapter: 3.1.8 (/opt/ros/humble/share/rosidl_adapter/cmake)
[0.423s] -- Found rosidl_generator_cpp: 3.1.8 (/opt/ros/humble/share/rosidl_generator_cpp/cmake)
[0.432s] -- Using all available rosidl_typesupport_c: rosidl_typesupport_fastrtps_c;rosidl_typesupport_introspection_c
[0.444s] -- Using all available rosidl_typesupport_cpp: rosidl_typesupport_fastrtps_cpp;rosidl_typesupport_introspection_cpp
[0.478s] -- Found rmw_implementation_cmake: 6.1.2 (/opt/ros/humble/share/rmw_implementation_cmake/cmake)
[0.480s] -- Found rmw_fastrtps_cpp: 6.2.9 (/opt/ros/humble/share/rmw_fastrtps_cpp/cmake)
[0.541s] -- Found OpenSSL: /usr/lib/x86_64-linux-gnu/libcrypto.so (found version "3.0.2")  
[0.561s] -- Found FastRTPS: /opt/ros/humble/include  
[0.590s] -- Using RMW implementation 'rmw_fastrtps_cpp' as default
[0.596s] -- Looking for pthread.h
[0.643s] -- Looking for pthread.h - found
[0.643s] -- Performing Test CMAKE_HAVE_LIBC_PTHREAD
[0.693s] -- Performing Test CMAKE_HAVE_LIBC_PTHREAD - Success
[0.694s] -- Found Threads: TRUE  
[0.728s] -- Found moveit_msgs: 2.2.1 (/opt/ros/humble/share/moveit_msgs/cmake)
[0.835s] -- Found rm_serial_driver: 0.1.0 (/home/ooofieee/Desktop/ws_sim/install/rm_serial_driver/share/rm_serial_driver/cmake)
[0.857s] -- Found ament_lint_auto: 0.12.14 (/opt/ros/humble/share/ament_lint_auto/cmake)
[0.915s] -- Added test 'cppcheck' to perform static code analysis on C / C++ code
[0.915s] -- Configured cppcheck include dirs: 
[0.915s] -- Configured cppcheck exclude dirs and/or files: 
[0.915s] -- Added test 'lint_cmake' to check CMake code style
[0.916s] -- Added test 'uncrustify' to check C / C++ code style
[0.916s] -- Configured uncrustify additional arguments: 
[0.916s] -- Added test 'xmllint' to check XML markup files
[0.917s] -- Configuring done
[0.925s] -- Generating done
[0.928s] -- Build files have been written to: /home/ooofieee/Desktop/ws_sim/build/orchestrator
[0.935s] Invoked command in '/home/ooofieee/Desktop/ws_sim/build/orchestrator' returned '0': CMAKE_PREFIX_PATH=/home/ooofieee/Desktop/ws_sim/install/rm_serial_driver:/home/ooofieee/Desktop/ws_sim/install/rm_interfaces:/home/ooofieee/Desktop/ws_sim/install/orchestrator:/home/ooofieee/Desktop/ws_sim/install/gantry_robot_moveit_config:/home/ooofieee/Desktop/ws_sim/install/gantry_robot_hardware_interface:/home/ooofieee/Desktop/ws_sim/install/motion_planning_test:/home/ooofieee/Desktop/ws_sim/install/gantry_robot_moveit_config_sim:/home/ooofieee/Desktop/ws_sim/install/bringup:/home/ooofieee/Desktop/ws_sim/install/models:/home/ooofieee/Desktop/ws_sim/install/controller:/usr/lib/x86_64-linux-gnu/cmake:/usr/lib/x86_64-linux-gnu/cmake:/opt/ros/humble LD_LIBRARY_PATH=/home/ooofieee/Desktop/ws_sim/install/rm_serial_driver/lib:/home/ooofieee/Desktop/ws_sim/install/rm_interfaces/lib:/home/ooofieee/Desktop/ws_sim/install/gantry_robot_hardware_interface/lib:/usr/lib/x86_64-linux-gnu/gazebo-11/plugins:/opt/ros/humble/opt/rviz_ogre_vendor/lib:/opt/ros/humble/lib/x86_64-linux-gnu:/opt/ros/humble/lib /bin/cmake /home/ooofieee/Desktop/ws_sim/src/orchestrator -DCMAKE_INSTALL_PREFIX=/home/ooofieee/Desktop/ws_sim/install/orchestrator
[0.937s] Invoking command in '/home/ooofieee/Desktop/ws_sim/build/orchestrator': CMAKE_PREFIX_PATH=/home/ooofieee/Desktop/ws_sim/install/rm_serial_driver:/home/ooofieee/Desktop/ws_sim/install/rm_interfaces:/home/ooofieee/Desktop/ws_sim/install/orchestrator:/home/ooofieee/Desktop/ws_sim/install/gantry_robot_moveit_config:/home/ooofieee/Desktop/ws_sim/install/gantry_robot_hardware_interface:/home/ooofieee/Desktop/ws_sim/install/motion_planning_test:/home/ooofieee/Desktop/ws_sim/install/gantry_robot_moveit_config_sim:/home/ooofieee/Desktop/ws_sim/install/bringup:/home/ooofieee/Desktop/ws_sim/install/models:/home/ooofieee/Desktop/ws_sim/install/controller:/usr/lib/x86_64-linux-gnu/cmake:/usr/lib/x86_64-linux-gnu/cmake:/opt/ros/humble LD_LIBRARY_PATH=/home/ooofieee/Desktop/ws_sim/install/rm_serial_driver/lib:/home/ooofieee/Desktop/ws_sim/install/rm_interfaces/lib:/home/ooofieee/Desktop/ws_sim/install/gantry_robot_hardware_interface/lib:/usr/lib/x86_64-linux-gnu/gazebo-11/plugins:/opt/ros/humble/opt/rviz_ogre_vendor/lib:/opt/ros/humble/lib/x86_64-linux-gnu:/opt/ros/humble/lib /bin/cmake --build /home/ooofieee/Desktop/ws_sim/build/orchestrator -- -j16 -l16
[0.969s] [ 50%] [32mBuilding CXX object CMakeFiles/serial_test_node.dir/src/serial_test_node.cpp.o[0m
[3.268s] [100%] [32m[1mLinking CXX executable serial_test_node[0m
[3.437s] [100%] Built target serial_test_node
[3.445s] Invoked command in '/home/ooofieee/Desktop/ws_sim/build/orchestrator' returned '0': CMAKE_PREFIX_PATH=/home/ooofieee/Desktop/ws_sim/install/rm_serial_driver:/home/ooofieee/Desktop/ws_sim/install/rm_interfaces:/home/ooofieee/Desktop/ws_sim/install/orchestrator:/home/ooofieee/Desktop/ws_sim/install/gantry_robot_moveit_config:/home/ooofieee/Desktop/ws_sim/install/gantry_robot_hardware_interface:/home/ooofieee/Desktop/ws_sim/install/motion_planning_test:/home/ooofieee/Desktop/ws_sim/install/gantry_robot_moveit_config_sim:/home/ooofieee/Desktop/ws_sim/install/bringup:/home/ooofieee/Desktop/ws_sim/install/models:/home/ooofieee/Desktop/ws_sim/install/controller:/usr/lib/x86_64-linux-gnu/cmake:/usr/lib/x86_64-linux-gnu/cmake:/opt/ros/humble LD_LIBRARY_PATH=/home/ooofieee/Desktop/ws_sim/install/rm_serial_driver/lib:/home/ooofieee/Desktop/ws_sim/install/rm_interfaces/lib:/home/ooofieee/Desktop/ws_sim/install/gantry_robot_hardware_interface/lib:/usr/lib/x86_64-linux-gnu/gazebo-11/plugins:/opt/ros/humble/opt/rviz_ogre_vendor/lib:/opt/ros/humble/lib/x86_64-linux-gnu:/opt/ros/humble/lib /bin/cmake --build /home/ooofieee/Desktop/ws_sim/build/orchestrator -- -j16 -l16
[3.446s] Invoking command in '/home/ooofieee/Desktop/ws_sim/build/orchestrator': CMAKE_PREFIX_PATH=/home/ooofieee/Desktop/ws_sim/install/rm_serial_driver:/home/ooofieee/Desktop/ws_sim/install/rm_interfaces:/home/ooofieee/Desktop/ws_sim/install/orchestrator:/home/ooofieee/Desktop/ws_sim/install/gantry_robot_moveit_config:/home/ooofieee/Desktop/ws_sim/install/gantry_robot_hardware_interface:/home/ooofieee/Desktop/ws_sim/install/motion_planning_test:/home/ooofieee/Desktop/ws_sim/install/gantry_robot_moveit_config_sim:/home/ooofieee/Desktop/ws_sim/install/bringup:/home/ooofieee/Desktop/ws_sim/install/models:/home/ooofieee/Desktop/ws_sim/install/controller:/usr/lib/x86_64-linux-gnu/cmake:/usr/lib/x86_64-linux-gnu/cmake:/opt/ros/humble LD_LIBRARY_PATH=/home/ooofieee/Desktop/ws_sim/install/rm_serial_driver/lib:/home/ooofieee/Desktop/ws_sim/install/rm_interfaces/lib:/home/ooofieee/Desktop/ws_sim/install/gantry_robot_hardware_interface/lib:/usr/lib/x86_64-linux-gnu/gazebo-11/plugins:/opt/ros/humble/opt/rviz_ogre_vendor/lib:/opt/ros/humble/lib/x86_64-linux-gnu:/opt/ros/humble/lib /bin/cmake --install /home/ooofieee/Desktop/ws_sim/build/orchestrator
[3.450s] -- Install configuration: ""
[3.450s] -- Installing: /home/ooofieee/Desktop/ws_sim/install/orchestrator/lib/orchestrator/serial_test_node
[3.451s] -- Set runtime path of "/home/ooofieee/Desktop/ws_sim/install/orchestrator/lib/orchestrator/serial_test_node" to ""
[3.451s] -- Installing: /home/ooofieee/Desktop/ws_sim/install/orchestrator/share/ament_index/resource_index/package_run_dependencies/orchestrator
[3.451s] -- Installing: /home/ooofieee/Desktop/ws_sim/install/orchestrator/share/ament_index/resource_index/parent_prefix_path/orchestrator
[3.451s] -- Installing: /home/ooofieee/Desktop/ws_sim/install/orchestrator/share/orchestrator/environment/ament_prefix_path.sh
[3.451s] -- Installing: /home/ooofieee/Desktop/ws_sim/install/orchestrator/share/orchestrator/environment/ament_prefix_path.dsv
[3.451s] -- Installing: /home/ooofieee/Desktop/ws_sim/install/orchestrator/share/orchestrator/environment/path.sh
[3.451s] -- Installing: /home/ooofieee/Desktop/ws_sim/install/orchestrator/share/orchestrator/environment/path.dsv
[3.451s] -- Installing: /home/ooofieee/Desktop/ws_sim/install/orchestrator/share/orchestrator/local_setup.bash
[3.451s] -- Installing: /home/ooofieee/Desktop/ws_sim/install/orchestrator/share/orchestrator/local_setup.sh
[3.451s] -- Installing: /home/ooofieee/Desktop/ws_sim/install/orchestrator/share/orchestrator/local_setup.zsh
[3.452s] -- Installing: /home/ooofieee/Desktop/ws_sim/install/orchestrator/share/orchestrator/local_setup.dsv
[3.452s] -- Installing: /home/ooofieee/Desktop/ws_sim/install/orchestrator/share/orchestrator/package.dsv
[3.452s] -- Installing: /home/ooofieee/Desktop/ws_sim/install/orchestrator/share/ament_index/resource_index/packages/orchestrator
[3.452s] -- Installing: /home/ooofieee/Desktop/ws_sim/install/orchestrator/share/orchestrator/cmake/orchestratorConfig.cmake
[3.452s] -- Installing: /home/ooofieee/Desktop/ws_sim/install/orchestrator/share/orchestrator/cmake/orchestratorConfig-version.cmake
[3.452s] -- Installing: /home/ooofieee/Desktop/ws_sim/install/orchestrator/share/orchestrator/package.xml
[3.454s] Invoked command in '/home/ooofieee/Desktop/ws_sim/build/orchestrator' returned '0': CMAKE_PREFIX_PATH=/home/ooofieee/Desktop/ws_sim/install/rm_serial_driver:/home/ooofieee/Desktop/ws_sim/install/rm_interfaces:/home/ooofieee/Desktop/ws_sim/install/orchestrator:/home/ooofieee/Desktop/ws_sim/install/gantry_robot_moveit_config:/home/ooofieee/Desktop/ws_sim/install/gantry_robot_hardware_interface:/home/ooofieee/Desktop/ws_sim/install/motion_planning_test:/home/ooofieee/Desktop/ws_sim/install/gantry_robot_moveit_config_sim:/home/ooofieee/Desktop/ws_sim/install/bringup:/home/ooofieee/Desktop/ws_sim/install/models:/home/ooofieee/Desktop/ws_sim/install/controller:/usr/lib/x86_64-linux-gnu/cmake:/usr/lib/x86_64-linux-gnu/cmake:/opt/ros/humble LD_LIBRARY_PATH=/home/ooofieee/Desktop/ws_sim/install/rm_serial_driver/lib:/home/ooofieee/Desktop/ws_sim/install/rm_interfaces/lib:/home/ooofieee/Desktop/ws_sim/install/gantry_robot_hardware_interface/lib:/usr/lib/x86_64-linux-gnu/gazebo-11/plugins:/opt/ros/humble/opt/rviz_ogre_vendor/lib:/opt/ros/humble/lib/x86_64-linux-gnu:/opt/ros/humble/lib /bin/cmake --install /home/ooofieee/Desktop/ws_sim/build/orchestrator
