-- Install configuration: ""
-- Up-to-date: /home/ooofieee/Desktop/ws_sim/install/models/share/models/launch
-- Up-to-date: /home/ooofieee/Desktop/ws_sim/install/models/share/models/launch/display.launch.py
-- Up-to-date: /home/ooofieee/Desktop/ws_sim/install/models/share/models/meshes
-- Up-to-date: /home/ooofieee/Desktop/ws_sim/install/models/share/models/meshes/link6.STL
-- Up-to-date: /home/ooofieee/Desktop/ws_sim/install/models/share/models/meshes/gantry_robot.urdf
-- Up-to-date: /home/ooofieee/Desktop/ws_sim/install/models/share/models/meshes/link4.STL
-- Up-to-date: /home/ooofieee/Desktop/ws_sim/install/models/share/models/meshes/link3.STL
-- Up-to-date: /home/ooofieee/Desktop/ws_sim/install/models/share/models/meshes/link5.STL
-- Up-to-date: /home/ooofieee/Desktop/ws_sim/install/models/share/models/meshes/link7.STL
-- Up-to-date: /home/ooofieee/Desktop/ws_sim/install/models/share/models/meshes/link1.STL
-- Up-to-date: /home/ooofieee/Desktop/ws_sim/install/models/share/models/meshes/link2.STL
-- Up-to-date: /home/ooofieee/Desktop/ws_sim/install/models/share/models/urdf
-- Up-to-date: /home/ooofieee/Desktop/ws_sim/install/models/share/models/urdf/gantry_robot.urdf
-- Up-to-date: /home/ooofieee/Desktop/ws_sim/install/models/share/models/urdf/scene.xacro
-- Up-to-date: /home/ooofieee/Desktop/ws_sim/install/models/share/models/urdf/stand.xacro
-- Up-to-date: /home/ooofieee/Desktop/ws_sim/install/models/share/models/urdf/stand.urdf
-- Up-to-date: /home/ooofieee/Desktop/ws_sim/install/models/share/models/urdf/gantry_robot.xacro
-- Up-to-date: /home/ooofieee/Desktop/ws_sim/install/models/share/models/rviz
-- Up-to-date: /home/ooofieee/Desktop/ws_sim/install/models/share/models/rviz/urdf.rviz
-- Up-to-date: /home/ooofieee/Desktop/ws_sim/install/models/share/ament_index/resource_index/package_run_dependencies/models
-- Up-to-date: /home/ooofieee/Desktop/ws_sim/install/models/share/ament_index/resource_index/parent_prefix_path/models
-- Up-to-date: /home/ooofieee/Desktop/ws_sim/install/models/share/models/environment/ament_prefix_path.sh
-- Up-to-date: /home/ooofieee/Desktop/ws_sim/install/models/share/models/environment/ament_prefix_path.dsv
-- Up-to-date: /home/ooofieee/Desktop/ws_sim/install/models/share/models/environment/path.sh
-- Up-to-date: /home/ooofieee/Desktop/ws_sim/install/models/share/models/environment/path.dsv
-- Up-to-date: /home/ooofieee/Desktop/ws_sim/install/models/share/models/local_setup.bash
-- Up-to-date: /home/ooofieee/Desktop/ws_sim/install/models/share/models/local_setup.sh
-- Up-to-date: /home/ooofieee/Desktop/ws_sim/install/models/share/models/local_setup.zsh
-- Up-to-date: /home/ooofieee/Desktop/ws_sim/install/models/share/models/local_setup.dsv
-- Up-to-date: /home/ooofieee/Desktop/ws_sim/install/models/share/models/package.dsv
-- Up-to-date: /home/ooofieee/Desktop/ws_sim/install/models/share/ament_index/resource_index/packages/models
-- Up-to-date: /home/ooofieee/Desktop/ws_sim/install/models/share/models/cmake/modelsConfig.cmake
-- Up-to-date: /home/ooofieee/Desktop/ws_sim/install/models/share/models/cmake/modelsConfig-version.cmake
-- Up-to-date: /home/ooofieee/Desktop/ws_sim/install/models/share/models/package.xml
