[0.011s] Invoking command in '/home/ooofieee/Desktop/ws_sim/build/controller': CMAKE_PREFIX_PATH=${CMAKE_PREFIX_PATH}:/opt/ros/humble /bin/cmake --build /home/ooofieee/Desktop/ws_sim/build/controller -- -j16 -l16
[0.060s] [100%] Built target controller_node
[0.070s] Invoked command in '/home/ooofieee/Desktop/ws_sim/build/controller' returned '0': CMAKE_PREFIX_PATH=${CMAKE_PREFIX_PATH}:/opt/ros/humble /bin/cmake --build /home/ooofieee/Desktop/ws_sim/build/controller -- -j16 -l16
[0.071s] Invoking command in '/home/ooofieee/Desktop/ws_sim/build/controller': CMAKE_PREFIX_PATH=${CMAKE_PREFIX_PATH}:/opt/ros/humble /bin/cmake --install /home/ooofieee/Desktop/ws_sim/build/controller
[0.077s] -- Install configuration: ""
[0.078s] -- Up-to-date: /home/ooofieee/Desktop/ws_sim/install/controller/lib/controller/controller_node
[0.078s] -- Up-to-date: /home/ooofieee/Desktop/ws_sim/install/controller/include/
[0.078s] -- Up-to-date: /home/ooofieee/Desktop/ws_sim/install/controller/include//controller
[0.078s] -- Up-to-date: /home/ooofieee/Desktop/ws_sim/install/controller/include//controller/phase1_node.hpp
[0.078s] -- Up-to-date: /home/ooofieee/Desktop/ws_sim/install/controller/include//controller/mtc.hpp
[0.078s] -- Up-to-date: /home/ooofieee/Desktop/ws_sim/install/controller/include//controller/fuzzy_pose_generator.hpp
[0.078s] -- Up-to-date: /home/ooofieee/Desktop/ws_sim/install/controller/include//controller/phase0_node.hpp
[0.078s] -- Up-to-date: /home/ooofieee/Desktop/ws_sim/install/controller/include//controller/phase2_node.hpp
[0.078s] -- Up-to-date: /home/ooofieee/Desktop/ws_sim/install/controller/share/controller/launch
[0.078s] -- Up-to-date: /home/ooofieee/Desktop/ws_sim/install/controller/share/controller/launch/controller.launch.py
[0.078s] -- Up-to-date: /home/ooofieee/Desktop/ws_sim/install/controller/share/ament_index/resource_index/package_run_dependencies/controller
[0.078s] -- Up-to-date: /home/ooofieee/Desktop/ws_sim/install/controller/share/ament_index/resource_index/parent_prefix_path/controller
[0.078s] -- Up-to-date: /home/ooofieee/Desktop/ws_sim/install/controller/share/controller/environment/ament_prefix_path.sh
[0.079s] -- Up-to-date: /home/ooofieee/Desktop/ws_sim/install/controller/share/controller/environment/ament_prefix_path.dsv
[0.079s] -- Up-to-date: /home/ooofieee/Desktop/ws_sim/install/controller/share/controller/environment/path.sh
[0.079s] -- Up-to-date: /home/ooofieee/Desktop/ws_sim/install/controller/share/controller/environment/path.dsv
[0.079s] -- Up-to-date: /home/ooofieee/Desktop/ws_sim/install/controller/share/controller/local_setup.bash
[0.079s] -- Up-to-date: /home/ooofieee/Desktop/ws_sim/install/controller/share/controller/local_setup.sh
[0.079s] -- Up-to-date: /home/ooofieee/Desktop/ws_sim/install/controller/share/controller/local_setup.zsh
[0.079s] -- Up-to-date: /home/ooofieee/Desktop/ws_sim/install/controller/share/controller/local_setup.dsv
[0.079s] -- Installing: /home/ooofieee/Desktop/ws_sim/install/controller/share/controller/package.dsv
[0.079s] -- Up-to-date: /home/ooofieee/Desktop/ws_sim/install/controller/share/ament_index/resource_index/packages/controller
[0.079s] -- Up-to-date: /home/ooofieee/Desktop/ws_sim/install/controller/share/controller/cmake/controllerConfig.cmake
[0.079s] -- Up-to-date: /home/ooofieee/Desktop/ws_sim/install/controller/share/controller/cmake/controllerConfig-version.cmake
[0.079s] -- Up-to-date: /home/ooofieee/Desktop/ws_sim/install/controller/share/controller/package.xml
[0.085s] Invoked command in '/home/ooofieee/Desktop/ws_sim/build/controller' returned '0': CMAKE_PREFIX_PATH=${CMAKE_PREFIX_PATH}:/opt/ros/humble /bin/cmake --install /home/ooofieee/Desktop/ws_sim/build/controller
