[0.008s] Invoking command in '/home/ooofieee/Desktop/ws_sim/build/orchestrator': AMENT_PREFIX_PATH=/home/ooofieee/Desktop/ws_sim/install/rm_serial_driver:/home/ooofieee/Desktop/ws_sim/install/rm_interfaces:${AMENT_PREFIX_PATH} CMAKE_PREFIX_PATH=/home/ooofieee/Desktop/ws_sim/install/rm_serial_driver:/home/ooofieee/Desktop/ws_sim/install/rm_interfaces:/usr/lib/x86_64-linux-gnu/cmake:/usr/lib/x86_64-linux-gnu/cmake:/opt/ros/humble LD_LIBRARY_PATH=/home/ooofieee/Desktop/ws_sim/install/rm_serial_driver/lib:/home/ooofieee/Desktop/ws_sim/install/rm_interfaces/lib:${LD_LIBRARY_PATH} PYTHONPATH=/home/ooofieee/Desktop/ws_sim/install/rm_interfaces/local/lib/python3.10/dist-packages:${PYTHONPATH} /bin/cmake --build /home/ooofieee/Desktop/ws_sim/build/orchestrator -- -j16 -l16
[0.046s] [100%] Built target serial_test_node
[0.053s] Invoked command in '/home/ooofieee/Desktop/ws_sim/build/orchestrator' returned '0': AMENT_PREFIX_PATH=/home/ooofieee/Desktop/ws_sim/install/rm_serial_driver:/home/ooofieee/Desktop/ws_sim/install/rm_interfaces:${AMENT_PREFIX_PATH} CMAKE_PREFIX_PATH=/home/ooofieee/Desktop/ws_sim/install/rm_serial_driver:/home/ooofieee/Desktop/ws_sim/install/rm_interfaces:/usr/lib/x86_64-linux-gnu/cmake:/usr/lib/x86_64-linux-gnu/cmake:/opt/ros/humble LD_LIBRARY_PATH=/home/ooofieee/Desktop/ws_sim/install/rm_serial_driver/lib:/home/ooofieee/Desktop/ws_sim/install/rm_interfaces/lib:${LD_LIBRARY_PATH} PYTHONPATH=/home/ooofieee/Desktop/ws_sim/install/rm_interfaces/local/lib/python3.10/dist-packages:${PYTHONPATH} /bin/cmake --build /home/ooofieee/Desktop/ws_sim/build/orchestrator -- -j16 -l16
[0.055s] Invoking command in '/home/ooofieee/Desktop/ws_sim/build/orchestrator': AMENT_PREFIX_PATH=/home/ooofieee/Desktop/ws_sim/install/rm_serial_driver:/home/ooofieee/Desktop/ws_sim/install/rm_interfaces:${AMENT_PREFIX_PATH} CMAKE_PREFIX_PATH=/home/ooofieee/Desktop/ws_sim/install/rm_serial_driver:/home/ooofieee/Desktop/ws_sim/install/rm_interfaces:/usr/lib/x86_64-linux-gnu/cmake:/usr/lib/x86_64-linux-gnu/cmake:/opt/ros/humble LD_LIBRARY_PATH=/home/ooofieee/Desktop/ws_sim/install/rm_serial_driver/lib:/home/ooofieee/Desktop/ws_sim/install/rm_interfaces/lib:${LD_LIBRARY_PATH} PYTHONPATH=/home/ooofieee/Desktop/ws_sim/install/rm_interfaces/local/lib/python3.10/dist-packages:${PYTHONPATH} /bin/cmake --install /home/ooofieee/Desktop/ws_sim/build/orchestrator
[0.059s] -- Install configuration: ""
[0.059s] -- Up-to-date: /home/ooofieee/Desktop/ws_sim/install/orchestrator/lib/orchestrator/serial_test_node
[0.059s] -- Up-to-date: /home/ooofieee/Desktop/ws_sim/install/orchestrator/share/ament_index/resource_index/package_run_dependencies/orchestrator
[0.059s] -- Up-to-date: /home/ooofieee/Desktop/ws_sim/install/orchestrator/share/ament_index/resource_index/parent_prefix_path/orchestrator
[0.060s] -- Up-to-date: /home/ooofieee/Desktop/ws_sim/install/orchestrator/share/orchestrator/environment/ament_prefix_path.sh
[0.060s] -- Up-to-date: /home/ooofieee/Desktop/ws_sim/install/orchestrator/share/orchestrator/environment/ament_prefix_path.dsv
[0.060s] -- Up-to-date: /home/ooofieee/Desktop/ws_sim/install/orchestrator/share/orchestrator/environment/path.sh
[0.060s] -- Up-to-date: /home/ooofieee/Desktop/ws_sim/install/orchestrator/share/orchestrator/environment/path.dsv
[0.060s] -- Up-to-date: /home/ooofieee/Desktop/ws_sim/install/orchestrator/share/orchestrator/local_setup.bash
[0.060s] -- Up-to-date: /home/ooofieee/Desktop/ws_sim/install/orchestrator/share/orchestrator/local_setup.sh
[0.060s] -- Up-to-date: /home/ooofieee/Desktop/ws_sim/install/orchestrator/share/orchestrator/local_setup.zsh
[0.060s] -- Up-to-date: /home/ooofieee/Desktop/ws_sim/install/orchestrator/share/orchestrator/local_setup.dsv
[0.060s] -- Installing: /home/ooofieee/Desktop/ws_sim/install/orchestrator/share/orchestrator/package.dsv
[0.060s] -- Up-to-date: /home/ooofieee/Desktop/ws_sim/install/orchestrator/share/ament_index/resource_index/packages/orchestrator
[0.060s] -- Up-to-date: /home/ooofieee/Desktop/ws_sim/install/orchestrator/share/orchestrator/cmake/orchestratorConfig.cmake
[0.060s] -- Up-to-date: /home/ooofieee/Desktop/ws_sim/install/orchestrator/share/orchestrator/cmake/orchestratorConfig-version.cmake
[0.060s] -- Up-to-date: /home/ooofieee/Desktop/ws_sim/install/orchestrator/share/orchestrator/package.xml
[0.061s] Invoked command in '/home/ooofieee/Desktop/ws_sim/build/orchestrator' returned '0': AMENT_PREFIX_PATH=/home/ooofieee/Desktop/ws_sim/install/rm_serial_driver:/home/ooofieee/Desktop/ws_sim/install/rm_interfaces:${AMENT_PREFIX_PATH} CMAKE_PREFIX_PATH=/home/ooofieee/Desktop/ws_sim/install/rm_serial_driver:/home/ooofieee/Desktop/ws_sim/install/rm_interfaces:/usr/lib/x86_64-linux-gnu/cmake:/usr/lib/x86_64-linux-gnu/cmake:/opt/ros/humble LD_LIBRARY_PATH=/home/ooofieee/Desktop/ws_sim/install/rm_serial_driver/lib:/home/ooofieee/Desktop/ws_sim/install/rm_interfaces/lib:${LD_LIBRARY_PATH} PYTHONPATH=/home/ooofieee/Desktop/ws_sim/install/rm_interfaces/local/lib/python3.10/dist-packages:${PYTHONPATH} /bin/cmake --install /home/ooofieee/Desktop/ws_sim/build/orchestrator
