-- The C compiler identification is GNU 12.3.0
-- The CXX compiler identification is GNU 12.3.0
-- Detecting C compiler ABI info
-- Detecting C compiler ABI info - done
-- Check for working C compiler: /bin/cc - skipped
-- Detecting C compile features
-- Detecting C compile features - done
-- Detecting CXX compiler ABI info
-- Detecting CXX compiler ABI info - done
-- Check for working CXX compiler: /bin/c++ - skipped
-- Detecting CXX compile features
-- Detecting CXX compile features - done
-- Found ament_cmake: 1.3.12 (/opt/ros/humble/share/ament_cmake/cmake)
-- Found Python3: /bin/python3 (found version "3.10.12") found components: Interpreter 
-- Found rclcpp: 16.0.17 (/opt/ros/humble/share/rclcpp/cmake)
-- Found rosidl_generator_c: 3.1.8 (/opt/ros/humble/share/rosidl_generator_c/cmake)
-- Found rosidl_adapter: 3.1.8 (/opt/ros/humble/share/rosidl_adapter/cmake)
-- Found rosidl_generator_cpp: 3.1.8 (/opt/ros/humble/share/rosidl_generator_cpp/cmake)
-- Using all available rosidl_typesupport_c: rosidl_typesupport_fastrtps_c;rosidl_typesupport_introspection_c
-- Using all available rosidl_typesupport_cpp: rosidl_typesupport_fastrtps_cpp;rosidl_typesupport_introspection_cpp
-- Found rmw_implementation_cmake: 6.1.2 (/opt/ros/humble/share/rmw_implementation_cmake/cmake)
-- Found rmw_fastrtps_cpp: 6.2.9 (/opt/ros/humble/share/rmw_fastrtps_cpp/cmake)
-- Found OpenSSL: /usr/lib/x86_64-linux-gnu/libcrypto.so (found version "3.0.2")  
-- Found FastRTPS: /opt/ros/humble/include  
-- Using RMW implementation 'rmw_fastrtps_cpp' as default
-- Looking for pthread.h
-- Looking for pthread.h - found
-- Performing Test CMAKE_HAVE_LIBC_PTHREAD
-- Performing Test CMAKE_HAVE_LIBC_PTHREAD - Success
-- Found Threads: TRUE  
-- Found moveit_msgs: 2.2.1 (/opt/ros/humble/share/moveit_msgs/cmake)
-- Found rm_interfaces: 0.0.0 (/home/ooofieee/Desktop/ws_sim/install/rm_interfaces/share/rm_interfaces/cmake)
-- Configuring done
-- Generating done
-- Build files have been written to: /home/ooofieee/Desktop/ws_sim/build/rm_serial_driver
[ 66%] [32mBuilding CXX object CMakeFiles/rm_serial_driver.dir/src/transporter_driver/uart_transporter.cpp.o[0m
[ 66%] [32mBuilding CXX object CMakeFiles/rm_serial_driver.dir/src/protocol/engineer_protocol.cpp.o[0m
[100%] [32m[1mLinking CXX shared library librm_serial_driver.so[0m
[100%] Built target rm_serial_driver
-- Install configuration: ""
-- Installing: /home/ooofieee/Desktop/ws_sim/install/rm_serial_driver/include
-- Installing: /home/ooofieee/Desktop/ws_sim/install/rm_serial_driver/include/rm_serial_driver
-- Installing: /home/ooofieee/Desktop/ws_sim/install/rm_serial_driver/include/rm_serial_driver/transporter_interface.hpp
-- Installing: /home/ooofieee/Desktop/ws_sim/install/rm_serial_driver/include/rm_serial_driver/fixed_packet.hpp
-- Installing: /home/ooofieee/Desktop/ws_sim/install/rm_serial_driver/include/rm_serial_driver/fixed_packet_withoutCRC.hpp
-- Installing: /home/ooofieee/Desktop/ws_sim/install/rm_serial_driver/include/rm_serial_driver/protocol_factory.hpp
-- Installing: /home/ooofieee/Desktop/ws_sim/install/rm_serial_driver/include/rm_serial_driver/fixed_packet_tool.hpp
-- Installing: /home/ooofieee/Desktop/ws_sim/install/rm_serial_driver/include/rm_serial_driver/protocol.hpp
-- Installing: /home/ooofieee/Desktop/ws_sim/install/rm_serial_driver/include/rm_serial_driver/fixed_packet_tool_withoutCRC.hpp
-- Installing: /home/ooofieee/Desktop/ws_sim/install/rm_serial_driver/include/rm_serial_driver/protocol
-- Installing: /home/ooofieee/Desktop/ws_sim/install/rm_serial_driver/include/rm_serial_driver/protocol/engineer_protocol.hpp
-- Installing: /home/ooofieee/Desktop/ws_sim/install/rm_serial_driver/include/rm_serial_driver/uart_transporter.hpp
-- Installing: /home/ooofieee/Desktop/ws_sim/install/rm_serial_driver/lib/librm_serial_driver.so
-- Set runtime path of "/home/ooofieee/Desktop/ws_sim/install/rm_serial_driver/lib/librm_serial_driver.so" to ""
-- Installing: /home/ooofieee/Desktop/ws_sim/install/rm_serial_driver/share/rm_serial_driver/environment/library_path.sh
-- Installing: /home/ooofieee/Desktop/ws_sim/install/rm_serial_driver/share/rm_serial_driver/environment/library_path.dsv
-- Installing: /home/ooofieee/Desktop/ws_sim/install/rm_serial_driver/share/ament_index/resource_index/package_run_dependencies/rm_serial_driver
-- Installing: /home/ooofieee/Desktop/ws_sim/install/rm_serial_driver/share/ament_index/resource_index/parent_prefix_path/rm_serial_driver
-- Installing: /home/ooofieee/Desktop/ws_sim/install/rm_serial_driver/share/rm_serial_driver/environment/ament_prefix_path.sh
-- Installing: /home/ooofieee/Desktop/ws_sim/install/rm_serial_driver/share/rm_serial_driver/environment/ament_prefix_path.dsv
-- Installing: /home/ooofieee/Desktop/ws_sim/install/rm_serial_driver/share/rm_serial_driver/environment/path.sh
-- Installing: /home/ooofieee/Desktop/ws_sim/install/rm_serial_driver/share/rm_serial_driver/environment/path.dsv
-- Installing: /home/ooofieee/Desktop/ws_sim/install/rm_serial_driver/share/rm_serial_driver/local_setup.bash
-- Installing: /home/ooofieee/Desktop/ws_sim/install/rm_serial_driver/share/rm_serial_driver/local_setup.sh
-- Installing: /home/ooofieee/Desktop/ws_sim/install/rm_serial_driver/share/rm_serial_driver/local_setup.zsh
-- Installing: /home/ooofieee/Desktop/ws_sim/install/rm_serial_driver/share/rm_serial_driver/local_setup.dsv
-- Installing: /home/ooofieee/Desktop/ws_sim/install/rm_serial_driver/share/rm_serial_driver/package.dsv
-- Installing: /home/ooofieee/Desktop/ws_sim/install/rm_serial_driver/share/ament_index/resource_index/packages/rm_serial_driver
-- Installing: /home/ooofieee/Desktop/ws_sim/install/rm_serial_driver/share/rm_serial_driver/cmake/rm_serial_driverExport.cmake
-- Installing: /home/ooofieee/Desktop/ws_sim/install/rm_serial_driver/share/rm_serial_driver/cmake/rm_serial_driverExport-noconfig.cmake
-- Installing: /home/ooofieee/Desktop/ws_sim/install/rm_serial_driver/share/rm_serial_driver/cmake/ament_cmake_export_targets-extras.cmake
-- Installing: /home/ooofieee/Desktop/ws_sim/install/rm_serial_driver/share/rm_serial_driver/cmake/ament_cmake_export_dependencies-extras.cmake
-- Installing: /home/ooofieee/Desktop/ws_sim/install/rm_serial_driver/share/rm_serial_driver/cmake/rm_serial_driverConfig.cmake
-- Installing: /home/ooofieee/Desktop/ws_sim/install/rm_serial_driver/share/rm_serial_driver/cmake/rm_serial_driverConfig-version.cmake
-- Installing: /home/ooofieee/Desktop/ws_sim/install/rm_serial_driver/share/rm_serial_driver/package.xml
