[0.009s] Invoking command in '/home/ooofieee/Desktop/ws_sim/build/rm_serial_driver': CMAKE_PREFIX_PATH=/home/ooofieee/Desktop/ws_sim/install/rm_interfaces:/home/ooofieee/Desktop/ws_sim/install/orchestrator:/home/ooofieee/Desktop/ws_sim/install/gantry_robot_moveit_config:/home/ooofieee/Desktop/ws_sim/install/gantry_robot_hardware_interface:/home/ooofieee/Desktop/ws_sim/install/rm_serial_driver:/home/ooofieee/Desktop/ws_sim/install/motion_planning_test:/home/ooofieee/Desktop/ws_sim/install/gantry_robot_moveit_config_sim:/home/ooofieee/Desktop/ws_sim/install/bringup:/home/ooofieee/Desktop/ws_sim/install/models:/home/ooofieee/Desktop/ws_sim/install/controller:/usr/lib/x86_64-linux-gnu/cmake:/usr/lib/x86_64-linux-gnu/cmake:/opt/ros/humble LD_LIBRARY_PATH=/home/ooofieee/Desktop/ws_sim/install/rm_interfaces/lib:/home/ooofieee/Desktop/ws_sim/install/gantry_robot_hardware_interface/lib:/home/ooofieee/Desktop/ws_sim/install/rm_serial_driver/lib:/usr/lib/x86_64-linux-gnu/gazebo-11/plugins:/opt/ros/humble/opt/rviz_ogre_vendor/lib:/opt/ros/humble/lib/x86_64-linux-gnu:/opt/ros/humble/lib /bin/cmake /home/ooofieee/Desktop/ws_sim/src/rm_serial_driver -DCMAKE_INSTALL_PREFIX=/home/ooofieee/Desktop/ws_sim/install/rm_serial_driver
[0.055s] -- The C compiler identification is GNU 12.3.0
[0.096s] -- The CXX compiler identification is GNU 12.3.0
[0.101s] -- Detecting C compiler ABI info
[0.149s] -- Detecting C compiler ABI info - done
[0.154s] -- Check for working C compiler: /bin/cc - skipped
[0.154s] -- Detecting C compile features
[0.154s] -- Detecting C compile features - done
[0.156s] -- Detecting CXX compiler ABI info
[0.215s] -- Detecting CXX compiler ABI info - done
[0.224s] -- Check for working CXX compiler: /bin/c++ - skipped
[0.224s] -- Detecting CXX compile features
[0.224s] -- Detecting CXX compile features - done
[0.227s] -- Found ament_cmake: 1.3.12 (/opt/ros/humble/share/ament_cmake/cmake)
[0.365s] -- Found Python3: /bin/python3 (found version "3.10.12") found components: Interpreter 
[0.443s] -- Found rclcpp: 16.0.17 (/opt/ros/humble/share/rclcpp/cmake)
[0.482s] -- Found rosidl_generator_c: 3.1.8 (/opt/ros/humble/share/rosidl_generator_c/cmake)
[0.486s] -- Found rosidl_adapter: 3.1.8 (/opt/ros/humble/share/rosidl_adapter/cmake)
[0.492s] -- Found rosidl_generator_cpp: 3.1.8 (/opt/ros/humble/share/rosidl_generator_cpp/cmake)
[0.501s] -- Using all available rosidl_typesupport_c: rosidl_typesupport_fastrtps_c;rosidl_typesupport_introspection_c
[0.512s] -- Using all available rosidl_typesupport_cpp: rosidl_typesupport_fastrtps_cpp;rosidl_typesupport_introspection_cpp
[0.545s] -- Found rmw_implementation_cmake: 6.1.2 (/opt/ros/humble/share/rmw_implementation_cmake/cmake)
[0.547s] -- Found rmw_fastrtps_cpp: 6.2.9 (/opt/ros/humble/share/rmw_fastrtps_cpp/cmake)
[0.606s] -- Found OpenSSL: /usr/lib/x86_64-linux-gnu/libcrypto.so (found version "3.0.2")  
[0.626s] -- Found FastRTPS: /opt/ros/humble/include  
[0.659s] -- Using RMW implementation 'rmw_fastrtps_cpp' as default
[0.664s] -- Looking for pthread.h
[0.715s] -- Looking for pthread.h - found
[0.715s] -- Performing Test CMAKE_HAVE_LIBC_PTHREAD
[0.766s] -- Performing Test CMAKE_HAVE_LIBC_PTHREAD - Success
[0.767s] -- Found Threads: TRUE  
[0.802s] -- Found moveit_msgs: 2.2.1 (/opt/ros/humble/share/moveit_msgs/cmake)
[0.911s] -- Found rm_interfaces: 0.0.0 (/home/ooofieee/Desktop/ws_sim/install/rm_interfaces/share/rm_interfaces/cmake)
[0.970s] -- Configuring done
[0.979s] -- Generating done
[0.982s] -- Build files have been written to: /home/ooofieee/Desktop/ws_sim/build/rm_serial_driver
[0.991s] Invoked command in '/home/ooofieee/Desktop/ws_sim/build/rm_serial_driver' returned '0': CMAKE_PREFIX_PATH=/home/ooofieee/Desktop/ws_sim/install/rm_interfaces:/home/ooofieee/Desktop/ws_sim/install/orchestrator:/home/ooofieee/Desktop/ws_sim/install/gantry_robot_moveit_config:/home/ooofieee/Desktop/ws_sim/install/gantry_robot_hardware_interface:/home/ooofieee/Desktop/ws_sim/install/rm_serial_driver:/home/ooofieee/Desktop/ws_sim/install/motion_planning_test:/home/ooofieee/Desktop/ws_sim/install/gantry_robot_moveit_config_sim:/home/ooofieee/Desktop/ws_sim/install/bringup:/home/ooofieee/Desktop/ws_sim/install/models:/home/ooofieee/Desktop/ws_sim/install/controller:/usr/lib/x86_64-linux-gnu/cmake:/usr/lib/x86_64-linux-gnu/cmake:/opt/ros/humble LD_LIBRARY_PATH=/home/ooofieee/Desktop/ws_sim/install/rm_interfaces/lib:/home/ooofieee/Desktop/ws_sim/install/gantry_robot_hardware_interface/lib:/home/ooofieee/Desktop/ws_sim/install/rm_serial_driver/lib:/usr/lib/x86_64-linux-gnu/gazebo-11/plugins:/opt/ros/humble/opt/rviz_ogre_vendor/lib:/opt/ros/humble/lib/x86_64-linux-gnu:/opt/ros/humble/lib /bin/cmake /home/ooofieee/Desktop/ws_sim/src/rm_serial_driver -DCMAKE_INSTALL_PREFIX=/home/ooofieee/Desktop/ws_sim/install/rm_serial_driver
[0.992s] Invoking command in '/home/ooofieee/Desktop/ws_sim/build/rm_serial_driver': CMAKE_PREFIX_PATH=/home/ooofieee/Desktop/ws_sim/install/rm_interfaces:/home/ooofieee/Desktop/ws_sim/install/orchestrator:/home/ooofieee/Desktop/ws_sim/install/gantry_robot_moveit_config:/home/ooofieee/Desktop/ws_sim/install/gantry_robot_hardware_interface:/home/ooofieee/Desktop/ws_sim/install/rm_serial_driver:/home/ooofieee/Desktop/ws_sim/install/motion_planning_test:/home/ooofieee/Desktop/ws_sim/install/gantry_robot_moveit_config_sim:/home/ooofieee/Desktop/ws_sim/install/bringup:/home/ooofieee/Desktop/ws_sim/install/models:/home/ooofieee/Desktop/ws_sim/install/controller:/usr/lib/x86_64-linux-gnu/cmake:/usr/lib/x86_64-linux-gnu/cmake:/opt/ros/humble LD_LIBRARY_PATH=/home/ooofieee/Desktop/ws_sim/install/rm_interfaces/lib:/home/ooofieee/Desktop/ws_sim/install/gantry_robot_hardware_interface/lib:/home/ooofieee/Desktop/ws_sim/install/rm_serial_driver/lib:/usr/lib/x86_64-linux-gnu/gazebo-11/plugins:/opt/ros/humble/opt/rviz_ogre_vendor/lib:/opt/ros/humble/lib/x86_64-linux-gnu:/opt/ros/humble/lib /bin/cmake --build /home/ooofieee/Desktop/ws_sim/build/rm_serial_driver -- -j16 -l16
[1.025s] [ 66%] [32mBuilding CXX object CMakeFiles/rm_serial_driver.dir/src/transporter_driver/uart_transporter.cpp.o[0m
[1.025s] [ 66%] [32mBuilding CXX object CMakeFiles/rm_serial_driver.dir/src/protocol/engineer_protocol.cpp.o[0m
[7.527s] [100%] [32m[1mLinking CXX shared library librm_serial_driver.so[0m
[7.832s] [100%] Built target rm_serial_driver
[7.839s] Invoked command in '/home/ooofieee/Desktop/ws_sim/build/rm_serial_driver' returned '0': CMAKE_PREFIX_PATH=/home/ooofieee/Desktop/ws_sim/install/rm_interfaces:/home/ooofieee/Desktop/ws_sim/install/orchestrator:/home/ooofieee/Desktop/ws_sim/install/gantry_robot_moveit_config:/home/ooofieee/Desktop/ws_sim/install/gantry_robot_hardware_interface:/home/ooofieee/Desktop/ws_sim/install/rm_serial_driver:/home/ooofieee/Desktop/ws_sim/install/motion_planning_test:/home/ooofieee/Desktop/ws_sim/install/gantry_robot_moveit_config_sim:/home/ooofieee/Desktop/ws_sim/install/bringup:/home/ooofieee/Desktop/ws_sim/install/models:/home/ooofieee/Desktop/ws_sim/install/controller:/usr/lib/x86_64-linux-gnu/cmake:/usr/lib/x86_64-linux-gnu/cmake:/opt/ros/humble LD_LIBRARY_PATH=/home/ooofieee/Desktop/ws_sim/install/rm_interfaces/lib:/home/ooofieee/Desktop/ws_sim/install/gantry_robot_hardware_interface/lib:/home/ooofieee/Desktop/ws_sim/install/rm_serial_driver/lib:/usr/lib/x86_64-linux-gnu/gazebo-11/plugins:/opt/ros/humble/opt/rviz_ogre_vendor/lib:/opt/ros/humble/lib/x86_64-linux-gnu:/opt/ros/humble/lib /bin/cmake --build /home/ooofieee/Desktop/ws_sim/build/rm_serial_driver -- -j16 -l16
[7.841s] Invoking command in '/home/ooofieee/Desktop/ws_sim/build/rm_serial_driver': CMAKE_PREFIX_PATH=/home/ooofieee/Desktop/ws_sim/install/rm_interfaces:/home/ooofieee/Desktop/ws_sim/install/orchestrator:/home/ooofieee/Desktop/ws_sim/install/gantry_robot_moveit_config:/home/ooofieee/Desktop/ws_sim/install/gantry_robot_hardware_interface:/home/ooofieee/Desktop/ws_sim/install/rm_serial_driver:/home/ooofieee/Desktop/ws_sim/install/motion_planning_test:/home/ooofieee/Desktop/ws_sim/install/gantry_robot_moveit_config_sim:/home/ooofieee/Desktop/ws_sim/install/bringup:/home/ooofieee/Desktop/ws_sim/install/models:/home/ooofieee/Desktop/ws_sim/install/controller:/usr/lib/x86_64-linux-gnu/cmake:/usr/lib/x86_64-linux-gnu/cmake:/opt/ros/humble LD_LIBRARY_PATH=/home/ooofieee/Desktop/ws_sim/install/rm_interfaces/lib:/home/ooofieee/Desktop/ws_sim/install/gantry_robot_hardware_interface/lib:/home/ooofieee/Desktop/ws_sim/install/rm_serial_driver/lib:/usr/lib/x86_64-linux-gnu/gazebo-11/plugins:/opt/ros/humble/opt/rviz_ogre_vendor/lib:/opt/ros/humble/lib/x86_64-linux-gnu:/opt/ros/humble/lib /bin/cmake --install /home/ooofieee/Desktop/ws_sim/build/rm_serial_driver
[7.846s] -- Install configuration: ""
[7.846s] -- Installing: /home/ooofieee/Desktop/ws_sim/install/rm_serial_driver/include
[7.846s] -- Installing: /home/ooofieee/Desktop/ws_sim/install/rm_serial_driver/include/rm_serial_driver
[7.846s] -- Installing: /home/ooofieee/Desktop/ws_sim/install/rm_serial_driver/include/rm_serial_driver/transporter_interface.hpp
[7.846s] -- Installing: /home/ooofieee/Desktop/ws_sim/install/rm_serial_driver/include/rm_serial_driver/fixed_packet.hpp
[7.846s] -- Installing: /home/ooofieee/Desktop/ws_sim/install/rm_serial_driver/include/rm_serial_driver/fixed_packet_withoutCRC.hpp
[7.846s] -- Installing: /home/ooofieee/Desktop/ws_sim/install/rm_serial_driver/include/rm_serial_driver/protocol_factory.hpp
[7.846s] -- Installing: /home/ooofieee/Desktop/ws_sim/install/rm_serial_driver/include/rm_serial_driver/fixed_packet_tool.hpp
[7.846s] -- Installing: /home/ooofieee/Desktop/ws_sim/install/rm_serial_driver/include/rm_serial_driver/protocol.hpp
[7.846s] -- Installing: /home/ooofieee/Desktop/ws_sim/install/rm_serial_driver/include/rm_serial_driver/fixed_packet_tool_withoutCRC.hpp
[7.846s] -- Installing: /home/ooofieee/Desktop/ws_sim/install/rm_serial_driver/include/rm_serial_driver/protocol
[7.846s] -- Installing: /home/ooofieee/Desktop/ws_sim/install/rm_serial_driver/include/rm_serial_driver/protocol/engineer_protocol.hpp
[7.846s] -- Installing: /home/ooofieee/Desktop/ws_sim/install/rm_serial_driver/include/rm_serial_driver/uart_transporter.hpp
[7.846s] -- Installing: /home/ooofieee/Desktop/ws_sim/install/rm_serial_driver/lib/librm_serial_driver.so
[7.850s] -- Set runtime path of "/home/ooofieee/Desktop/ws_sim/install/rm_serial_driver/lib/librm_serial_driver.so" to ""
[7.850s] -- Installing: /home/ooofieee/Desktop/ws_sim/install/rm_serial_driver/share/rm_serial_driver/environment/library_path.sh
[7.850s] -- Installing: /home/ooofieee/Desktop/ws_sim/install/rm_serial_driver/share/rm_serial_driver/environment/library_path.dsv
[7.850s] -- Installing: /home/ooofieee/Desktop/ws_sim/install/rm_serial_driver/share/ament_index/resource_index/package_run_dependencies/rm_serial_driver
[7.850s] -- Installing: /home/ooofieee/Desktop/ws_sim/install/rm_serial_driver/share/ament_index/resource_index/parent_prefix_path/rm_serial_driver
[7.850s] -- Installing: /home/ooofieee/Desktop/ws_sim/install/rm_serial_driver/share/rm_serial_driver/environment/ament_prefix_path.sh
[7.850s] -- Installing: /home/ooofieee/Desktop/ws_sim/install/rm_serial_driver/share/rm_serial_driver/environment/ament_prefix_path.dsv
[7.850s] -- Installing: /home/ooofieee/Desktop/ws_sim/install/rm_serial_driver/share/rm_serial_driver/environment/path.sh
[7.850s] -- Installing: /home/ooofieee/Desktop/ws_sim/install/rm_serial_driver/share/rm_serial_driver/environment/path.dsv
[7.850s] -- Installing: /home/ooofieee/Desktop/ws_sim/install/rm_serial_driver/share/rm_serial_driver/local_setup.bash
[7.850s] -- Installing: /home/ooofieee/Desktop/ws_sim/install/rm_serial_driver/share/rm_serial_driver/local_setup.sh
[7.850s] -- Installing: /home/ooofieee/Desktop/ws_sim/install/rm_serial_driver/share/rm_serial_driver/local_setup.zsh
[7.850s] -- Installing: /home/ooofieee/Desktop/ws_sim/install/rm_serial_driver/share/rm_serial_driver/local_setup.dsv
[7.851s] -- Installing: /home/ooofieee/Desktop/ws_sim/install/rm_serial_driver/share/rm_serial_driver/package.dsv
[7.851s] -- Installing: /home/ooofieee/Desktop/ws_sim/install/rm_serial_driver/share/ament_index/resource_index/packages/rm_serial_driver
[7.851s] -- Installing: /home/ooofieee/Desktop/ws_sim/install/rm_serial_driver/share/rm_serial_driver/cmake/rm_serial_driverExport.cmake
[7.851s] -- Installing: /home/ooofieee/Desktop/ws_sim/install/rm_serial_driver/share/rm_serial_driver/cmake/rm_serial_driverExport-noconfig.cmake
[7.851s] -- Installing: /home/ooofieee/Desktop/ws_sim/install/rm_serial_driver/share/rm_serial_driver/cmake/ament_cmake_export_targets-extras.cmake
[7.851s] -- Installing: /home/ooofieee/Desktop/ws_sim/install/rm_serial_driver/share/rm_serial_driver/cmake/ament_cmake_export_dependencies-extras.cmake
[7.851s] -- Installing: /home/ooofieee/Desktop/ws_sim/install/rm_serial_driver/share/rm_serial_driver/cmake/rm_serial_driverConfig.cmake
[7.851s] -- Installing: /home/ooofieee/Desktop/ws_sim/install/rm_serial_driver/share/rm_serial_driver/cmake/rm_serial_driverConfig-version.cmake
[7.851s] -- Installing: /home/ooofieee/Desktop/ws_sim/install/rm_serial_driver/share/rm_serial_driver/package.xml
[7.853s] Invoked command in '/home/ooofieee/Desktop/ws_sim/build/rm_serial_driver' returned '0': CMAKE_PREFIX_PATH=/home/ooofieee/Desktop/ws_sim/install/rm_interfaces:/home/ooofieee/Desktop/ws_sim/install/orchestrator:/home/ooofieee/Desktop/ws_sim/install/gantry_robot_moveit_config:/home/ooofieee/Desktop/ws_sim/install/gantry_robot_hardware_interface:/home/ooofieee/Desktop/ws_sim/install/rm_serial_driver:/home/ooofieee/Desktop/ws_sim/install/motion_planning_test:/home/ooofieee/Desktop/ws_sim/install/gantry_robot_moveit_config_sim:/home/ooofieee/Desktop/ws_sim/install/bringup:/home/ooofieee/Desktop/ws_sim/install/models:/home/ooofieee/Desktop/ws_sim/install/controller:/usr/lib/x86_64-linux-gnu/cmake:/usr/lib/x86_64-linux-gnu/cmake:/opt/ros/humble LD_LIBRARY_PATH=/home/ooofieee/Desktop/ws_sim/install/rm_interfaces/lib:/home/ooofieee/Desktop/ws_sim/install/gantry_robot_hardware_interface/lib:/home/ooofieee/Desktop/ws_sim/install/rm_serial_driver/lib:/usr/lib/x86_64-linux-gnu/gazebo-11/plugins:/opt/ros/humble/opt/rviz_ogre_vendor/lib:/opt/ros/humble/lib/x86_64-linux-gnu:/opt/ros/humble/lib /bin/cmake --install /home/ooofieee/Desktop/ws_sim/build/rm_serial_driver
