[0.012s] Invoking command in '/home/ooofieee/Desktop/ws_sim/build/bringup': AMENT_PREFIX_PATH=/home/ooofieee/Desktop/ws_sim/install/models:${AMENT_PREFIX_PATH} CMAKE_PREFIX_PATH=/home/ooofieee/Desktop/ws_sim/install/models:/usr/lib/x86_64-linux-gnu/cmake:/usr/lib/x86_64-linux-gnu/cmake:/opt/ros/humble /bin/cmake --build /home/ooofieee/Desktop/ws_sim/build/bringup -- -j16 -l16
[0.035s] Invoked command in '/home/ooofieee/Desktop/ws_sim/build/bringup' returned '0': AMENT_PREFIX_PATH=/home/ooofieee/Desktop/ws_sim/install/models:${AMENT_PREFIX_PATH} CMAKE_PREFIX_PATH=/home/ooofieee/Desktop/ws_sim/install/models:/usr/lib/x86_64-linux-gnu/cmake:/usr/lib/x86_64-linux-gnu/cmake:/opt/ros/humble /bin/cmake --build /home/ooofieee/Desktop/ws_sim/build/bringup -- -j16 -l16
[0.037s] Invoking command in '/home/ooofieee/Desktop/ws_sim/build/bringup': AMENT_PREFIX_PATH=/home/ooofieee/Desktop/ws_sim/install/models:${AMENT_PREFIX_PATH} CMAKE_PREFIX_PATH=/home/ooofieee/Desktop/ws_sim/install/models:/usr/lib/x86_64-linux-gnu/cmake:/usr/lib/x86_64-linux-gnu/cmake:/opt/ros/humble /bin/cmake --install /home/ooofieee/Desktop/ws_sim/build/bringup
[0.043s] -- Install configuration: ""
[0.043s] -- Up-to-date: /home/ooofieee/Desktop/ws_sim/install/bringup/share/bringup/config
[0.043s] -- Up-to-date: /home/ooofieee/Desktop/ws_sim/install/bringup/share/bringup/config/gantry_robot_controllers.yaml
[0.043s] -- Up-to-date: /home/ooofieee/Desktop/ws_sim/install/bringup/share/bringup/config/test_goal_publishers_config.yaml
[0.043s] -- Up-to-date: /home/ooofieee/Desktop/ws_sim/install/bringup/share/bringup/launch
[0.044s] -- Up-to-date: /home/ooofieee/Desktop/ws_sim/install/bringup/share/bringup/launch/test_forward_position_controller.launch.py
[0.044s] -- Up-to-date: /home/ooofieee/Desktop/ws_sim/install/bringup/share/bringup/launch/test_joint_trajectory_controller.launch.py
[0.044s] -- Up-to-date: /home/ooofieee/Desktop/ws_sim/install/bringup/share/ament_index/resource_index/package_run_dependencies/bringup
[0.044s] -- Up-to-date: /home/ooofieee/Desktop/ws_sim/install/bringup/share/ament_index/resource_index/parent_prefix_path/bringup
[0.044s] -- Up-to-date: /home/ooofieee/Desktop/ws_sim/install/bringup/share/bringup/environment/ament_prefix_path.sh
[0.044s] -- Up-to-date: /home/ooofieee/Desktop/ws_sim/install/bringup/share/bringup/environment/ament_prefix_path.dsv
[0.044s] -- Up-to-date: /home/ooofieee/Desktop/ws_sim/install/bringup/share/bringup/environment/path.sh
[0.044s] -- Up-to-date: /home/ooofieee/Desktop/ws_sim/install/bringup/share/bringup/environment/path.dsv
[0.044s] -- Up-to-date: /home/ooofieee/Desktop/ws_sim/install/bringup/share/bringup/local_setup.bash
[0.044s] -- Up-to-date: /home/ooofieee/Desktop/ws_sim/install/bringup/share/bringup/local_setup.sh
[0.044s] -- Up-to-date: /home/ooofieee/Desktop/ws_sim/install/bringup/share/bringup/local_setup.zsh
[0.044s] -- Up-to-date: /home/ooofieee/Desktop/ws_sim/install/bringup/share/bringup/local_setup.dsv
[0.044s] -- Installing: /home/ooofieee/Desktop/ws_sim/install/bringup/share/bringup/package.dsv
[0.044s] -- Up-to-date: /home/ooofieee/Desktop/ws_sim/install/bringup/share/ament_index/resource_index/packages/bringup
[0.044s] -- Up-to-date: /home/ooofieee/Desktop/ws_sim/install/bringup/share/bringup/cmake/bringupConfig.cmake
[0.044s] -- Up-to-date: /home/ooofieee/Desktop/ws_sim/install/bringup/share/bringup/cmake/bringupConfig-version.cmake
[0.045s] -- Up-to-date: /home/ooofieee/Desktop/ws_sim/install/bringup/share/bringup/package.xml
[0.046s] Invoked command in '/home/ooofieee/Desktop/ws_sim/build/bringup' returned '0': AMENT_PREFIX_PATH=/home/ooofieee/Desktop/ws_sim/install/models:${AMENT_PREFIX_PATH} CMAKE_PREFIX_PATH=/home/ooofieee/Desktop/ws_sim/install/models:/usr/lib/x86_64-linux-gnu/cmake:/usr/lib/x86_64-linux-gnu/cmake:/opt/ros/humble /bin/cmake --install /home/ooofieee/Desktop/ws_sim/build/bringup
