[0.016s] Invoking command in '/home/ooofieee/Desktop/ws_sim/build/rm_interfaces': CMAKE_PREFIX_PATH=${CMAKE_PREFIX_PATH}:/opt/ros/humble /bin/cmake --build /home/ooofieee/Desktop/ws_sim/build/rm_interfaces -- -j16 -l16
[0.054s] [  2%] Built target rm_interfaces__cpp
[0.060s] [ 12%] Built target rm_interfaces__rosidl_generator_c
[0.065s] [ 12%] Built target ament_cmake_python_copy_rm_interfaces
[0.082s] [ 23%] Built target rm_interfaces__rosidl_typesupport_introspection_cpp
[0.082s] [ 51%] Built target rm_interfaces__rosidl_typesupport_cpp
[0.083s] [ 51%] Built target rm_interfaces__rosidl_typesupport_introspection_c
[0.083s] [ 55%] Built target rm_interfaces__rosidl_typesupport_c
[0.083s] [ 65%] Built target rm_interfaces__rosidl_typesupport_fastrtps_cpp
[0.083s] [ 76%] Built target rm_interfaces__rosidl_typesupport_fastrtps_c
[0.100s] [ 76%] Built target rm_interfaces
[0.117s] [ 78%] Built target rm_interfaces__py
[0.138s] [ 87%] Built target rm_interfaces__rosidl_generator_py
[0.155s] [ 95%] Built target rm_interfaces__rosidl_typesupport_introspection_c__pyext
[0.156s] [ 95%] Built target rm_interfaces__rosidl_typesupport_fastrtps_c__pyext
[0.156s] [100%] Built target rm_interfaces__rosidl_typesupport_c__pyext
[0.303s] running egg_info
[0.304s] writing rm_interfaces.egg-info/PKG-INFO
[0.304s] writing dependency_links to rm_interfaces.egg-info/dependency_links.txt
[0.305s] writing top-level names to rm_interfaces.egg-info/top_level.txt
[0.308s] reading manifest file 'rm_interfaces.egg-info/SOURCES.txt'
[0.308s] writing manifest file 'rm_interfaces.egg-info/SOURCES.txt'
[0.337s] [100%] Built target ament_cmake_python_build_rm_interfaces_egg
[0.349s] Invoked command in '/home/ooofieee/Desktop/ws_sim/build/rm_interfaces' returned '0': CMAKE_PREFIX_PATH=${CMAKE_PREFIX_PATH}:/opt/ros/humble /bin/cmake --build /home/ooofieee/Desktop/ws_sim/build/rm_interfaces -- -j16 -l16
[0.350s] Invoking command in '/home/ooofieee/Desktop/ws_sim/build/rm_interfaces': CMAKE_PREFIX_PATH=${CMAKE_PREFIX_PATH}:/opt/ros/humble /bin/cmake --install /home/ooofieee/Desktop/ws_sim/build/rm_interfaces
[0.358s] -- Install configuration: ""
[0.358s] -- Up-to-date: /home/ooofieee/Desktop/ws_sim/install/rm_interfaces/share/ament_index/resource_index/rosidl_interfaces/rm_interfaces
[0.358s] -- Up-to-date: /home/ooofieee/Desktop/ws_sim/install/rm_interfaces/include/rm_interfaces/rm_interfaces
[0.358s] -- Up-to-date: /home/ooofieee/Desktop/ws_sim/install/rm_interfaces/include/rm_interfaces/rm_interfaces/msg
[0.358s] -- Up-to-date: /home/ooofieee/Desktop/ws_sim/install/rm_interfaces/include/rm_interfaces/rm_interfaces/msg/detail
[0.358s] -- Up-to-date: /home/ooofieee/Desktop/ws_sim/install/rm_interfaces/include/rm_interfaces/rm_interfaces/msg/detail/serial_receive_data__functions.h
[0.358s] -- Up-to-date: /home/ooofieee/Desktop/ws_sim/install/rm_interfaces/include/rm_interfaces/rm_interfaces/msg/detail/serial_receive_data__functions.c
[0.358s] -- Up-to-date: /home/ooofieee/Desktop/ws_sim/install/rm_interfaces/include/rm_interfaces/rm_interfaces/msg/detail/serial_receive_data__type_support.h
[0.358s] -- Up-to-date: /home/ooofieee/Desktop/ws_sim/install/rm_interfaces/include/rm_interfaces/rm_interfaces/msg/detail/gimbal_cmd__functions.c
[0.358s] -- Up-to-date: /home/ooofieee/Desktop/ws_sim/install/rm_interfaces/include/rm_interfaces/rm_interfaces/msg/detail/gimbal_cmd__type_support.h
[0.359s] -- Up-to-date: /home/ooofieee/Desktop/ws_sim/install/rm_interfaces/include/rm_interfaces/rm_interfaces/msg/detail/gimbal_cmd__struct.h
[0.359s] -- Up-to-date: /home/ooofieee/Desktop/ws_sim/install/rm_interfaces/include/rm_interfaces/rm_interfaces/msg/detail/serial_receive_data__struct.h
[0.359s] -- Up-to-date: /home/ooofieee/Desktop/ws_sim/install/rm_interfaces/include/rm_interfaces/rm_interfaces/msg/detail/gimbal_cmd__functions.h
[0.359s] -- Up-to-date: /home/ooofieee/Desktop/ws_sim/install/rm_interfaces/include/rm_interfaces/rm_interfaces/msg/gimbal_cmd.h
[0.359s] -- Up-to-date: /home/ooofieee/Desktop/ws_sim/install/rm_interfaces/include/rm_interfaces/rm_interfaces/msg/rosidl_generator_c__visibility_control.h
[0.359s] -- Up-to-date: /home/ooofieee/Desktop/ws_sim/install/rm_interfaces/include/rm_interfaces/rm_interfaces/msg/serial_receive_data.h
[0.359s] -- Up-to-date: /home/ooofieee/Desktop/ws_sim/install/rm_interfaces/include/rm_interfaces/rm_interfaces/srv
[0.359s] -- Up-to-date: /home/ooofieee/Desktop/ws_sim/install/rm_interfaces/include/rm_interfaces/rm_interfaces/srv/set_mode.h
[0.359s] -- Up-to-date: /home/ooofieee/Desktop/ws_sim/install/rm_interfaces/include/rm_interfaces/rm_interfaces/srv/detail
[0.359s] -- Up-to-date: /home/ooofieee/Desktop/ws_sim/install/rm_interfaces/include/rm_interfaces/rm_interfaces/srv/detail/set_mode__functions.h
[0.359s] -- Up-to-date: /home/ooofieee/Desktop/ws_sim/install/rm_interfaces/include/rm_interfaces/rm_interfaces/srv/detail/set_mode__type_support.h
[0.359s] -- Up-to-date: /home/ooofieee/Desktop/ws_sim/install/rm_interfaces/include/rm_interfaces/rm_interfaces/srv/detail/set_mode__functions.c
[0.359s] -- Up-to-date: /home/ooofieee/Desktop/ws_sim/install/rm_interfaces/include/rm_interfaces/rm_interfaces/srv/detail/set_mode__struct.h
[0.359s] -- Up-to-date: /home/ooofieee/Desktop/ws_sim/install/rm_interfaces/share/rm_interfaces/environment/library_path.sh
[0.359s] -- Up-to-date: /home/ooofieee/Desktop/ws_sim/install/rm_interfaces/share/rm_interfaces/environment/library_path.dsv
[0.360s] -- Up-to-date: /home/ooofieee/Desktop/ws_sim/install/rm_interfaces/lib/librm_interfaces__rosidl_generator_c.so
[0.360s] -- Up-to-date: /home/ooofieee/Desktop/ws_sim/install/rm_interfaces/include/rm_interfaces/rm_interfaces
[0.360s] -- Up-to-date: /home/ooofieee/Desktop/ws_sim/install/rm_interfaces/include/rm_interfaces/rm_interfaces/msg
[0.360s] -- Up-to-date: /home/ooofieee/Desktop/ws_sim/install/rm_interfaces/include/rm_interfaces/rm_interfaces/msg/rosidl_typesupport_fastrtps_c__visibility_control.h
[0.360s] -- Up-to-date: /home/ooofieee/Desktop/ws_sim/install/rm_interfaces/include/rm_interfaces/rm_interfaces/msg/detail
[0.360s] -- Up-to-date: /home/ooofieee/Desktop/ws_sim/install/rm_interfaces/include/rm_interfaces/rm_interfaces/msg/detail/gimbal_cmd__rosidl_typesupport_fastrtps_c.h
[0.360s] -- Up-to-date: /home/ooofieee/Desktop/ws_sim/install/rm_interfaces/include/rm_interfaces/rm_interfaces/msg/detail/serial_receive_data__rosidl_typesupport_fastrtps_c.h
[0.360s] -- Up-to-date: /home/ooofieee/Desktop/ws_sim/install/rm_interfaces/include/rm_interfaces/rm_interfaces/srv
[0.360s] -- Up-to-date: /home/ooofieee/Desktop/ws_sim/install/rm_interfaces/include/rm_interfaces/rm_interfaces/srv/detail
[0.360s] -- Up-to-date: /home/ooofieee/Desktop/ws_sim/install/rm_interfaces/include/rm_interfaces/rm_interfaces/srv/detail/set_mode__rosidl_typesupport_fastrtps_c.h
[0.360s] -- Up-to-date: /home/ooofieee/Desktop/ws_sim/install/rm_interfaces/lib/librm_interfaces__rosidl_typesupport_fastrtps_c.so
[0.360s] -- Up-to-date: /home/ooofieee/Desktop/ws_sim/install/rm_interfaces/include/rm_interfaces/rm_interfaces
[0.360s] -- Up-to-date: /home/ooofieee/Desktop/ws_sim/install/rm_interfaces/include/rm_interfaces/rm_interfaces/msg
[0.360s] -- Up-to-date: /home/ooofieee/Desktop/ws_sim/install/rm_interfaces/include/rm_interfaces/rm_interfaces/msg/detail
[0.360s] -- Up-to-date: /home/ooofieee/Desktop/ws_sim/install/rm_interfaces/include/rm_interfaces/rm_interfaces/msg/detail/gimbal_cmd__rosidl_typesupport_introspection_c.h
[0.361s] -- Up-to-date: /home/ooofieee/Desktop/ws_sim/install/rm_interfaces/include/rm_interfaces/rm_interfaces/msg/detail/serial_receive_data__type_support.c
[0.361s] -- Up-to-date: /home/ooofieee/Desktop/ws_sim/install/rm_interfaces/include/rm_interfaces/rm_interfaces/msg/detail/gimbal_cmd__type_support.c
[0.361s] -- Up-to-date: /home/ooofieee/Desktop/ws_sim/install/rm_interfaces/include/rm_interfaces/rm_interfaces/msg/detail/serial_receive_data__rosidl_typesupport_introspection_c.h
[0.361s] -- Up-to-date: /home/ooofieee/Desktop/ws_sim/install/rm_interfaces/include/rm_interfaces/rm_interfaces/msg/rosidl_typesupport_introspection_c__visibility_control.h
[0.361s] -- Up-to-date: /home/ooofieee/Desktop/ws_sim/install/rm_interfaces/include/rm_interfaces/rm_interfaces/srv
[0.361s] -- Up-to-date: /home/ooofieee/Desktop/ws_sim/install/rm_interfaces/include/rm_interfaces/rm_interfaces/srv/detail
[0.361s] -- Up-to-date: /home/ooofieee/Desktop/ws_sim/install/rm_interfaces/include/rm_interfaces/rm_interfaces/srv/detail/set_mode__type_support.c
[0.361s] -- Up-to-date: /home/ooofieee/Desktop/ws_sim/install/rm_interfaces/include/rm_interfaces/rm_interfaces/srv/detail/set_mode__rosidl_typesupport_introspection_c.h
[0.361s] -- Up-to-date: /home/ooofieee/Desktop/ws_sim/install/rm_interfaces/lib/librm_interfaces__rosidl_typesupport_introspection_c.so
[0.361s] -- Up-to-date: /home/ooofieee/Desktop/ws_sim/install/rm_interfaces/lib/librm_interfaces__rosidl_typesupport_c.so
[0.361s] -- Up-to-date: /home/ooofieee/Desktop/ws_sim/install/rm_interfaces/include/rm_interfaces/rm_interfaces
[0.361s] -- Up-to-date: /home/ooofieee/Desktop/ws_sim/install/rm_interfaces/include/rm_interfaces/rm_interfaces/msg
[0.361s] -- Up-to-date: /home/ooofieee/Desktop/ws_sim/install/rm_interfaces/include/rm_interfaces/rm_interfaces/msg/gimbal_cmd.hpp
[0.361s] -- Up-to-date: /home/ooofieee/Desktop/ws_sim/install/rm_interfaces/include/rm_interfaces/rm_interfaces/msg/serial_receive_data.hpp
[0.361s] -- Up-to-date: /home/ooofieee/Desktop/ws_sim/install/rm_interfaces/include/rm_interfaces/rm_interfaces/msg/rosidl_generator_cpp__visibility_control.hpp
[0.361s] -- Up-to-date: /home/ooofieee/Desktop/ws_sim/install/rm_interfaces/include/rm_interfaces/rm_interfaces/msg/detail
[0.362s] -- Up-to-date: /home/ooofieee/Desktop/ws_sim/install/rm_interfaces/include/rm_interfaces/rm_interfaces/msg/detail/serial_receive_data__struct.hpp
[0.362s] -- Up-to-date: /home/ooofieee/Desktop/ws_sim/install/rm_interfaces/include/rm_interfaces/rm_interfaces/msg/detail/gimbal_cmd__struct.hpp
[0.362s] -- Up-to-date: /home/ooofieee/Desktop/ws_sim/install/rm_interfaces/include/rm_interfaces/rm_interfaces/msg/detail/serial_receive_data__traits.hpp
[0.362s] -- Up-to-date: /home/ooofieee/Desktop/ws_sim/install/rm_interfaces/include/rm_interfaces/rm_interfaces/msg/detail/serial_receive_data__type_support.hpp
[0.362s] -- Up-to-date: /home/ooofieee/Desktop/ws_sim/install/rm_interfaces/include/rm_interfaces/rm_interfaces/msg/detail/serial_receive_data__builder.hpp
[0.362s] -- Up-to-date: /home/ooofieee/Desktop/ws_sim/install/rm_interfaces/include/rm_interfaces/rm_interfaces/msg/detail/gimbal_cmd__traits.hpp
[0.362s] -- Up-to-date: /home/ooofieee/Desktop/ws_sim/install/rm_interfaces/include/rm_interfaces/rm_interfaces/msg/detail/gimbal_cmd__type_support.hpp
[0.362s] -- Up-to-date: /home/ooofieee/Desktop/ws_sim/install/rm_interfaces/include/rm_interfaces/rm_interfaces/msg/detail/gimbal_cmd__builder.hpp
[0.362s] -- Up-to-date: /home/ooofieee/Desktop/ws_sim/install/rm_interfaces/include/rm_interfaces/rm_interfaces/srv
[0.362s] -- Up-to-date: /home/ooofieee/Desktop/ws_sim/install/rm_interfaces/include/rm_interfaces/rm_interfaces/srv/set_mode.hpp
[0.362s] -- Up-to-date: /home/ooofieee/Desktop/ws_sim/install/rm_interfaces/include/rm_interfaces/rm_interfaces/srv/detail
[0.362s] -- Up-to-date: /home/ooofieee/Desktop/ws_sim/install/rm_interfaces/include/rm_interfaces/rm_interfaces/srv/detail/set_mode__builder.hpp
[0.362s] -- Up-to-date: /home/ooofieee/Desktop/ws_sim/install/rm_interfaces/include/rm_interfaces/rm_interfaces/srv/detail/set_mode__traits.hpp
[0.362s] -- Up-to-date: /home/ooofieee/Desktop/ws_sim/install/rm_interfaces/include/rm_interfaces/rm_interfaces/srv/detail/set_mode__type_support.hpp
[0.362s] -- Up-to-date: /home/ooofieee/Desktop/ws_sim/install/rm_interfaces/include/rm_interfaces/rm_interfaces/srv/detail/set_mode__struct.hpp
[0.362s] -- Up-to-date: /home/ooofieee/Desktop/ws_sim/install/rm_interfaces/include/rm_interfaces/rm_interfaces
[0.363s] -- Up-to-date: /home/ooofieee/Desktop/ws_sim/install/rm_interfaces/include/rm_interfaces/rm_interfaces/msg
[0.363s] -- Up-to-date: /home/ooofieee/Desktop/ws_sim/install/rm_interfaces/include/rm_interfaces/rm_interfaces/msg/detail
[0.363s] -- Up-to-date: /home/ooofieee/Desktop/ws_sim/install/rm_interfaces/include/rm_interfaces/rm_interfaces/msg/detail/gimbal_cmd__rosidl_typesupport_fastrtps_cpp.hpp
[0.363s] -- Up-to-date: /home/ooofieee/Desktop/ws_sim/install/rm_interfaces/include/rm_interfaces/rm_interfaces/msg/detail/serial_receive_data__rosidl_typesupport_fastrtps_cpp.hpp
[0.363s] -- Up-to-date: /home/ooofieee/Desktop/ws_sim/install/rm_interfaces/include/rm_interfaces/rm_interfaces/msg/detail/dds_fastrtps
[0.363s] -- Up-to-date: /home/ooofieee/Desktop/ws_sim/install/rm_interfaces/include/rm_interfaces/rm_interfaces/msg/rosidl_typesupport_fastrtps_cpp__visibility_control.h
[0.363s] -- Up-to-date: /home/ooofieee/Desktop/ws_sim/install/rm_interfaces/include/rm_interfaces/rm_interfaces/srv
[0.363s] -- Up-to-date: /home/ooofieee/Desktop/ws_sim/install/rm_interfaces/include/rm_interfaces/rm_interfaces/srv/detail
[0.363s] -- Up-to-date: /home/ooofieee/Desktop/ws_sim/install/rm_interfaces/include/rm_interfaces/rm_interfaces/srv/detail/set_mode__rosidl_typesupport_fastrtps_cpp.hpp
[0.363s] -- Up-to-date: /home/ooofieee/Desktop/ws_sim/install/rm_interfaces/include/rm_interfaces/rm_interfaces/srv/detail/dds_fastrtps
[0.363s] -- Up-to-date: /home/ooofieee/Desktop/ws_sim/install/rm_interfaces/lib/librm_interfaces__rosidl_typesupport_fastrtps_cpp.so
[0.363s] -- Up-to-date: /home/ooofieee/Desktop/ws_sim/install/rm_interfaces/include/rm_interfaces/rm_interfaces
[0.363s] -- Up-to-date: /home/ooofieee/Desktop/ws_sim/install/rm_interfaces/include/rm_interfaces/rm_interfaces/msg
[0.363s] -- Up-to-date: /home/ooofieee/Desktop/ws_sim/install/rm_interfaces/include/rm_interfaces/rm_interfaces/msg/detail
[0.363s] -- Up-to-date: /home/ooofieee/Desktop/ws_sim/install/rm_interfaces/include/rm_interfaces/rm_interfaces/msg/detail/gimbal_cmd__rosidl_typesupport_introspection_cpp.hpp
[0.363s] -- Up-to-date: /home/ooofieee/Desktop/ws_sim/install/rm_interfaces/include/rm_interfaces/rm_interfaces/msg/detail/gimbal_cmd__type_support.cpp
[0.363s] -- Up-to-date: /home/ooofieee/Desktop/ws_sim/install/rm_interfaces/include/rm_interfaces/rm_interfaces/msg/detail/serial_receive_data__rosidl_typesupport_introspection_cpp.hpp
[0.363s] -- Up-to-date: /home/ooofieee/Desktop/ws_sim/install/rm_interfaces/include/rm_interfaces/rm_interfaces/msg/detail/serial_receive_data__type_support.cpp
[0.364s] -- Up-to-date: /home/ooofieee/Desktop/ws_sim/install/rm_interfaces/include/rm_interfaces/rm_interfaces/srv
[0.364s] -- Up-to-date: /home/ooofieee/Desktop/ws_sim/install/rm_interfaces/include/rm_interfaces/rm_interfaces/srv/detail
[0.364s] -- Up-to-date: /home/ooofieee/Desktop/ws_sim/install/rm_interfaces/include/rm_interfaces/rm_interfaces/srv/detail/set_mode__type_support.cpp
[0.364s] -- Up-to-date: /home/ooofieee/Desktop/ws_sim/install/rm_interfaces/include/rm_interfaces/rm_interfaces/srv/detail/set_mode__rosidl_typesupport_introspection_cpp.hpp
[0.364s] -- Up-to-date: /home/ooofieee/Desktop/ws_sim/install/rm_interfaces/lib/librm_interfaces__rosidl_typesupport_introspection_cpp.so
[0.364s] -- Up-to-date: /home/ooofieee/Desktop/ws_sim/install/rm_interfaces/lib/librm_interfaces__rosidl_typesupport_cpp.so
[0.364s] -- Up-to-date: /home/ooofieee/Desktop/ws_sim/install/rm_interfaces/share/rm_interfaces/environment/pythonpath.sh
[0.364s] -- Up-to-date: /home/ooofieee/Desktop/ws_sim/install/rm_interfaces/share/rm_interfaces/environment/pythonpath.dsv
[0.364s] -- Up-to-date: /home/ooofieee/Desktop/ws_sim/install/rm_interfaces/local/lib/python3.10/dist-packages/rm_interfaces-0.0.0-py3.10.egg-info
[0.364s] -- Installing: /home/ooofieee/Desktop/ws_sim/install/rm_interfaces/local/lib/python3.10/dist-packages/rm_interfaces-0.0.0-py3.10.egg-info/PKG-INFO
[0.364s] -- Installing: /home/ooofieee/Desktop/ws_sim/install/rm_interfaces/local/lib/python3.10/dist-packages/rm_interfaces-0.0.0-py3.10.egg-info/SOURCES.txt
[0.364s] -- Installing: /home/ooofieee/Desktop/ws_sim/install/rm_interfaces/local/lib/python3.10/dist-packages/rm_interfaces-0.0.0-py3.10.egg-info/top_level.txt
[0.364s] -- Installing: /home/ooofieee/Desktop/ws_sim/install/rm_interfaces/local/lib/python3.10/dist-packages/rm_interfaces-0.0.0-py3.10.egg-info/dependency_links.txt
[0.364s] -- Up-to-date: /home/ooofieee/Desktop/ws_sim/install/rm_interfaces/local/lib/python3.10/dist-packages/rm_interfaces
[0.364s] -- Up-to-date: /home/ooofieee/Desktop/ws_sim/install/rm_interfaces/local/lib/python3.10/dist-packages/rm_interfaces/librm_interfaces__rosidl_generator_py.so
[0.364s] -- Up-to-date: /home/ooofieee/Desktop/ws_sim/install/rm_interfaces/local/lib/python3.10/dist-packages/rm_interfaces/rm_interfaces_s__rosidl_typesupport_c.cpython-310-x86_64-linux-gnu.so
[0.365s] -- Up-to-date: /home/ooofieee/Desktop/ws_sim/install/rm_interfaces/local/lib/python3.10/dist-packages/rm_interfaces/__init__.py
[0.365s] -- Up-to-date: /home/ooofieee/Desktop/ws_sim/install/rm_interfaces/local/lib/python3.10/dist-packages/rm_interfaces/rm_interfaces_s__rosidl_typesupport_introspection_c.cpython-310-x86_64-linux-gnu.so
[0.365s] -- Up-to-date: /home/ooofieee/Desktop/ws_sim/install/rm_interfaces/local/lib/python3.10/dist-packages/rm_interfaces/_rm_interfaces_s.ep.rosidl_typesupport_introspection_c.c
[0.365s] -- Up-to-date: /home/ooofieee/Desktop/ws_sim/install/rm_interfaces/local/lib/python3.10/dist-packages/rm_interfaces/msg
[0.365s] -- Up-to-date: /home/ooofieee/Desktop/ws_sim/install/rm_interfaces/local/lib/python3.10/dist-packages/rm_interfaces/msg/_serial_receive_data_s.c
[0.365s] -- Up-to-date: /home/ooofieee/Desktop/ws_sim/install/rm_interfaces/local/lib/python3.10/dist-packages/rm_interfaces/msg/__init__.py
[0.365s] -- Up-to-date: /home/ooofieee/Desktop/ws_sim/install/rm_interfaces/local/lib/python3.10/dist-packages/rm_interfaces/msg/_serial_receive_data.py
[0.365s] -- Up-to-date: /home/ooofieee/Desktop/ws_sim/install/rm_interfaces/local/lib/python3.10/dist-packages/rm_interfaces/msg/_gimbal_cmd_s.c
[0.365s] -- Up-to-date: /home/ooofieee/Desktop/ws_sim/install/rm_interfaces/local/lib/python3.10/dist-packages/rm_interfaces/msg/_gimbal_cmd.py
[0.365s] -- Up-to-date: /home/ooofieee/Desktop/ws_sim/install/rm_interfaces/local/lib/python3.10/dist-packages/rm_interfaces/srv
[0.365s] -- Up-to-date: /home/ooofieee/Desktop/ws_sim/install/rm_interfaces/local/lib/python3.10/dist-packages/rm_interfaces/srv/_set_mode.py
[0.365s] -- Up-to-date: /home/ooofieee/Desktop/ws_sim/install/rm_interfaces/local/lib/python3.10/dist-packages/rm_interfaces/srv/__init__.py
[0.365s] -- Up-to-date: /home/ooofieee/Desktop/ws_sim/install/rm_interfaces/local/lib/python3.10/dist-packages/rm_interfaces/srv/_set_mode_s.c
[0.365s] -- Up-to-date: /home/ooofieee/Desktop/ws_sim/install/rm_interfaces/local/lib/python3.10/dist-packages/rm_interfaces/rm_interfaces_s__rosidl_typesupport_fastrtps_c.cpython-310-x86_64-linux-gnu.so
[0.365s] -- Up-to-date: /home/ooofieee/Desktop/ws_sim/install/rm_interfaces/local/lib/python3.10/dist-packages/rm_interfaces/_rm_interfaces_s.ep.rosidl_typesupport_c.c
[0.365s] -- Up-to-date: /home/ooofieee/Desktop/ws_sim/install/rm_interfaces/local/lib/python3.10/dist-packages/rm_interfaces/_rm_interfaces_s.ep.rosidl_typesupport_fastrtps_c.c
[0.403s] Listing '/home/ooofieee/Desktop/ws_sim/install/rm_interfaces/local/lib/python3.10/dist-packages/rm_interfaces'...
[0.403s] Listing '/home/ooofieee/Desktop/ws_sim/install/rm_interfaces/local/lib/python3.10/dist-packages/rm_interfaces/msg'...
[0.403s] Listing '/home/ooofieee/Desktop/ws_sim/install/rm_interfaces/local/lib/python3.10/dist-packages/rm_interfaces/srv'...
[0.406s] -- Up-to-date: /home/ooofieee/Desktop/ws_sim/install/rm_interfaces/local/lib/python3.10/dist-packages/rm_interfaces/rm_interfaces_s__rosidl_typesupport_fastrtps_c.cpython-310-x86_64-linux-gnu.so
[0.406s] -- Up-to-date: /home/ooofieee/Desktop/ws_sim/install/rm_interfaces/local/lib/python3.10/dist-packages/rm_interfaces/rm_interfaces_s__rosidl_typesupport_introspection_c.cpython-310-x86_64-linux-gnu.so
[0.406s] -- Up-to-date: /home/ooofieee/Desktop/ws_sim/install/rm_interfaces/local/lib/python3.10/dist-packages/rm_interfaces/rm_interfaces_s__rosidl_typesupport_c.cpython-310-x86_64-linux-gnu.so
[0.407s] -- Up-to-date: /home/ooofieee/Desktop/ws_sim/install/rm_interfaces/lib/librm_interfaces__rosidl_generator_py.so
[0.407s] -- Up-to-date: /home/ooofieee/Desktop/ws_sim/install/rm_interfaces/share/rm_interfaces/msg/GimbalCmd.idl
[0.407s] -- Up-to-date: /home/ooofieee/Desktop/ws_sim/install/rm_interfaces/share/rm_interfaces/msg/SerialReceiveData.idl
[0.407s] -- Up-to-date: /home/ooofieee/Desktop/ws_sim/install/rm_interfaces/share/rm_interfaces/srv/SetMode.idl
[0.407s] -- Up-to-date: /home/ooofieee/Desktop/ws_sim/install/rm_interfaces/share/rm_interfaces/msg/GimbalCmd.msg
[0.407s] -- Up-to-date: /home/ooofieee/Desktop/ws_sim/install/rm_interfaces/share/rm_interfaces/msg/SerialReceiveData.msg
[0.407s] -- Up-to-date: /home/ooofieee/Desktop/ws_sim/install/rm_interfaces/share/rm_interfaces/srv/SetMode.srv
[0.407s] -- Up-to-date: /home/ooofieee/Desktop/ws_sim/install/rm_interfaces/share/rm_interfaces/srv/SetMode_Request.msg
[0.407s] -- Up-to-date: /home/ooofieee/Desktop/ws_sim/install/rm_interfaces/share/rm_interfaces/srv/SetMode_Response.msg
[0.407s] -- Up-to-date: /home/ooofieee/Desktop/ws_sim/install/rm_interfaces/share/ament_index/resource_index/package_run_dependencies/rm_interfaces
[0.408s] -- Up-to-date: /home/ooofieee/Desktop/ws_sim/install/rm_interfaces/share/ament_index/resource_index/parent_prefix_path/rm_interfaces
[0.408s] -- Up-to-date: /home/ooofieee/Desktop/ws_sim/install/rm_interfaces/share/rm_interfaces/environment/ament_prefix_path.sh
[0.408s] -- Up-to-date: /home/ooofieee/Desktop/ws_sim/install/rm_interfaces/share/rm_interfaces/environment/ament_prefix_path.dsv
[0.408s] -- Up-to-date: /home/ooofieee/Desktop/ws_sim/install/rm_interfaces/share/rm_interfaces/environment/path.sh
[0.408s] -- Up-to-date: /home/ooofieee/Desktop/ws_sim/install/rm_interfaces/share/rm_interfaces/environment/path.dsv
[0.408s] -- Up-to-date: /home/ooofieee/Desktop/ws_sim/install/rm_interfaces/share/rm_interfaces/local_setup.bash
[0.408s] -- Up-to-date: /home/ooofieee/Desktop/ws_sim/install/rm_interfaces/share/rm_interfaces/local_setup.sh
[0.408s] -- Up-to-date: /home/ooofieee/Desktop/ws_sim/install/rm_interfaces/share/rm_interfaces/local_setup.zsh
[0.408s] -- Up-to-date: /home/ooofieee/Desktop/ws_sim/install/rm_interfaces/share/rm_interfaces/local_setup.dsv
[0.408s] -- Installing: /home/ooofieee/Desktop/ws_sim/install/rm_interfaces/share/rm_interfaces/package.dsv
[0.408s] -- Up-to-date: /home/ooofieee/Desktop/ws_sim/install/rm_interfaces/share/ament_index/resource_index/packages/rm_interfaces
[0.408s] -- Up-to-date: /home/ooofieee/Desktop/ws_sim/install/rm_interfaces/share/rm_interfaces/cmake/export_rm_interfaces__rosidl_generator_cExport.cmake
[0.408s] -- Up-to-date: /home/ooofieee/Desktop/ws_sim/install/rm_interfaces/share/rm_interfaces/cmake/export_rm_interfaces__rosidl_generator_cExport-noconfig.cmake
[0.409s] -- Up-to-date: /home/ooofieee/Desktop/ws_sim/install/rm_interfaces/share/rm_interfaces/cmake/export_rm_interfaces__rosidl_typesupport_fastrtps_cExport.cmake
[0.409s] -- Up-to-date: /home/ooofieee/Desktop/ws_sim/install/rm_interfaces/share/rm_interfaces/cmake/export_rm_interfaces__rosidl_typesupport_fastrtps_cExport-noconfig.cmake
[0.409s] -- Up-to-date: /home/ooofieee/Desktop/ws_sim/install/rm_interfaces/share/rm_interfaces/cmake/rm_interfaces__rosidl_typesupport_introspection_cExport.cmake
[0.409s] -- Up-to-date: /home/ooofieee/Desktop/ws_sim/install/rm_interfaces/share/rm_interfaces/cmake/rm_interfaces__rosidl_typesupport_introspection_cExport-noconfig.cmake
[0.409s] -- Up-to-date: /home/ooofieee/Desktop/ws_sim/install/rm_interfaces/share/rm_interfaces/cmake/rm_interfaces__rosidl_typesupport_cExport.cmake
[0.409s] -- Up-to-date: /home/ooofieee/Desktop/ws_sim/install/rm_interfaces/share/rm_interfaces/cmake/rm_interfaces__rosidl_typesupport_cExport-noconfig.cmake
[0.409s] -- Up-to-date: /home/ooofieee/Desktop/ws_sim/install/rm_interfaces/share/rm_interfaces/cmake/export_rm_interfaces__rosidl_generator_cppExport.cmake
[0.409s] -- Up-to-date: /home/ooofieee/Desktop/ws_sim/install/rm_interfaces/share/rm_interfaces/cmake/export_rm_interfaces__rosidl_typesupport_fastrtps_cppExport.cmake
[0.409s] -- Up-to-date: /home/ooofieee/Desktop/ws_sim/install/rm_interfaces/share/rm_interfaces/cmake/export_rm_interfaces__rosidl_typesupport_fastrtps_cppExport-noconfig.cmake
[0.409s] -- Up-to-date: /home/ooofieee/Desktop/ws_sim/install/rm_interfaces/share/rm_interfaces/cmake/rm_interfaces__rosidl_typesupport_introspection_cppExport.cmake
[0.409s] -- Up-to-date: /home/ooofieee/Desktop/ws_sim/install/rm_interfaces/share/rm_interfaces/cmake/rm_interfaces__rosidl_typesupport_introspection_cppExport-noconfig.cmake
[0.409s] -- Up-to-date: /home/ooofieee/Desktop/ws_sim/install/rm_interfaces/share/rm_interfaces/cmake/rm_interfaces__rosidl_typesupport_cppExport.cmake
[0.409s] -- Up-to-date: /home/ooofieee/Desktop/ws_sim/install/rm_interfaces/share/rm_interfaces/cmake/rm_interfaces__rosidl_typesupport_cppExport-noconfig.cmake
[0.409s] -- Up-to-date: /home/ooofieee/Desktop/ws_sim/install/rm_interfaces/share/rm_interfaces/cmake/export_rm_interfaces__rosidl_generator_pyExport.cmake
[0.409s] -- Up-to-date: /home/ooofieee/Desktop/ws_sim/install/rm_interfaces/share/rm_interfaces/cmake/export_rm_interfaces__rosidl_generator_pyExport-noconfig.cmake
[0.410s] -- Up-to-date: /home/ooofieee/Desktop/ws_sim/install/rm_interfaces/share/rm_interfaces/cmake/rosidl_cmake-extras.cmake
[0.410s] -- Up-to-date: /home/ooofieee/Desktop/ws_sim/install/rm_interfaces/share/rm_interfaces/cmake/ament_cmake_export_dependencies-extras.cmake
[0.410s] -- Up-to-date: /home/ooofieee/Desktop/ws_sim/install/rm_interfaces/share/rm_interfaces/cmake/ament_cmake_export_include_directories-extras.cmake
[0.410s] -- Up-to-date: /home/ooofieee/Desktop/ws_sim/install/rm_interfaces/share/rm_interfaces/cmake/ament_cmake_export_libraries-extras.cmake
[0.410s] -- Up-to-date: /home/ooofieee/Desktop/ws_sim/install/rm_interfaces/share/rm_interfaces/cmake/ament_cmake_export_targets-extras.cmake
[0.410s] -- Up-to-date: /home/ooofieee/Desktop/ws_sim/install/rm_interfaces/share/rm_interfaces/cmake/rosidl_cmake_export_typesupport_targets-extras.cmake
[0.410s] -- Up-to-date: /home/ooofieee/Desktop/ws_sim/install/rm_interfaces/share/rm_interfaces/cmake/rosidl_cmake_export_typesupport_libraries-extras.cmake
[0.410s] -- Up-to-date: /home/ooofieee/Desktop/ws_sim/install/rm_interfaces/share/rm_interfaces/cmake/rm_interfacesConfig.cmake
[0.410s] -- Up-to-date: /home/ooofieee/Desktop/ws_sim/install/rm_interfaces/share/rm_interfaces/cmake/rm_interfacesConfig-version.cmake
[0.410s] -- Up-to-date: /home/ooofieee/Desktop/ws_sim/install/rm_interfaces/share/rm_interfaces/package.xml
[0.412s] Invoked command in '/home/ooofieee/Desktop/ws_sim/build/rm_interfaces' returned '0': CMAKE_PREFIX_PATH=${CMAKE_PREFIX_PATH}:/opt/ros/humble /bin/cmake --install /home/ooofieee/Desktop/ws_sim/build/rm_interfaces
