[35m[1mConsolidate compiler generated dependencies of target controller_node[0m
[ 50%] [32mBuilding CXX object CMakeFiles/controller_node.dir/src/controller_node.cpp.o[0m
In file included from [01m[K/usr/include/c++/12/memory:75[m[K,
                 from [01m[K/opt/ros/humble/include/rclcpp/rclcpp/rclcpp.hpp:153[m[K,
                 from [01m[K/home/ooofieee/Desktop/ws_sim/src/controller/src/controller_node.cpp:1[m[K:
/usr/include/c++/12/bits/unique_ptr.h: In instantiation of ‘[01m[Kstd::__detail::__unique_ptr_t<_Tp> std::make_unique(_Args&& ...) [with _Tp = moveit::task_constructor::stages::Connect; _Args = {const char (&)[16], const shared_ptr<moveit::task_constructor::solvers::PipelinePlanner>&}; __detail::__unique_ptr_t<_Tp> = __detail::__unique_ptr_t<moveit::task_constructor::stages::Connect>][m[K’:
[01m[K/home/ooofieee/Desktop/ws_sim/src/controller/include/controller/phase0_node.hpp:77:64:[m[K   required from here
[01m[K/usr/include/c++/12/bits/unique_ptr.h:1065:30:[m[K [01;31m[Kerror: [m[Kno matching function for call to ‘[01m[Kmoveit::task_constructor::stages::Connect::Connect(const char [16], const std::shared_ptr<moveit::task_constructor::solvers::PipelinePlanner>&)[m[K’
 1065 |     { return unique_ptr<_Tp>([01;31m[Knew _Tp(std::forward<_Args>(__args)...)[m[K); }
      |                              [01;31m[K^~~~~~~~~~~~~~~~~~~~~~~~~~~~~~~~~~~~~~~[m[K
In file included from [01m[K/opt/ros/humble/include/moveit/task_constructor/stages.h:42[m[K,
                 from [01m[K/home/ooofieee/Desktop/ws_sim/src/controller/include/controller/mtc.hpp:5[m[K,
                 from [01m[K/home/ooofieee/Desktop/ws_sim/src/controller/include/controller/phase0_node.hpp:6[m[K,
                 from [01m[K/home/ooofieee/Desktop/ws_sim/src/controller/src/controller_node.cpp:2[m[K:
[01m[K/opt/ros/humble/include/moveit/task_constructor/stages/connect.h:83:9:[m[K [01;36m[Knote: [m[Kcandidate: ‘[01m[Kmoveit::task_constructor::stages::Connect::Connect(const std::string&, const GroupPlannerVector&)[m[K’
   83 |         [01;36m[KConnect[m[K(const std::string& name = "connect", const GroupPlannerVector& planners = {});
      |         [01;36m[K^~~~~~~[m[K
[01m[K/opt/ros/humble/include/moveit/task_constructor/stages/connect.h:83:80:[m[K [01;36m[Knote: [m[K  no known conversion for argument 2 from ‘[01m[Kconst std::shared_ptr<moveit::task_constructor::solvers::PipelinePlanner>[m[K’ to ‘[01m[Kconst moveit::task_constructor::stages::Connect::GroupPlannerVector&[m[K’ {aka ‘[01m[Kconst std::vector<std::pair<std::__cxx11::basic_string<char>, std::shared_ptr<moveit::task_constructor::solvers::PlannerInterface> > >&[m[K’}
   83 |         Connect(const std::string& name = "connect", [01;36m[Kconst GroupPlannerVector& planners = {}[m[K);
      |                                                      [01;36m[K~~~~~~~~~~~~~~~~~~~~~~~~~~^~~~~~~~~~~~~[m[K
gmake[2]: *** [CMakeFiles/controller_node.dir/build.make:76: CMakeFiles/controller_node.dir/src/controller_node.cpp.o] Error 1
gmake[1]: *** [CMakeFiles/Makefile2:137: CMakeFiles/controller_node.dir/all] Error 2
gmake: *** [Makefile:146: all] Error 2
