-- Install configuration: ""
-- Up-to-date: /home/ooofieee/Desktop/ws_sim/install/gantry_robot_moveit_config_sim/share/ament_index/resource_index/package_run_dependencies/gantry_robot_moveit_config_sim
-- Up-to-date: /home/ooofieee/Desktop/ws_sim/install/gantry_robot_moveit_config_sim/share/ament_index/resource_index/parent_prefix_path/gantry_robot_moveit_config_sim
-- Up-to-date: /home/ooofieee/Desktop/ws_sim/install/gantry_robot_moveit_config_sim/share/gantry_robot_moveit_config_sim/environment/ament_prefix_path.sh
-- Up-to-date: /home/ooofieee/Desktop/ws_sim/install/gantry_robot_moveit_config_sim/share/gantry_robot_moveit_config_sim/environment/ament_prefix_path.dsv
-- Up-to-date: /home/ooofieee/Desktop/ws_sim/install/gantry_robot_moveit_config_sim/share/gantry_robot_moveit_config_sim/environment/path.sh
-- Up-to-date: /home/ooofieee/Desktop/ws_sim/install/gantry_robot_moveit_config_sim/share/gantry_robot_moveit_config_sim/environment/path.dsv
-- Up-to-date: /home/ooofieee/Desktop/ws_sim/install/gantry_robot_moveit_config_sim/share/gantry_robot_moveit_config_sim/local_setup.bash
-- Up-to-date: /home/ooofieee/Desktop/ws_sim/install/gantry_robot_moveit_config_sim/share/gantry_robot_moveit_config_sim/local_setup.sh
-- Up-to-date: /home/ooofieee/Desktop/ws_sim/install/gantry_robot_moveit_config_sim/share/gantry_robot_moveit_config_sim/local_setup.zsh
-- Up-to-date: /home/ooofieee/Desktop/ws_sim/install/gantry_robot_moveit_config_sim/share/gantry_robot_moveit_config_sim/local_setup.dsv
-- Installing: /home/ooofieee/Desktop/ws_sim/install/gantry_robot_moveit_config_sim/share/gantry_robot_moveit_config_sim/package.dsv
-- Up-to-date: /home/ooofieee/Desktop/ws_sim/install/gantry_robot_moveit_config_sim/share/ament_index/resource_index/packages/gantry_robot_moveit_config_sim
-- Up-to-date: /home/ooofieee/Desktop/ws_sim/install/gantry_robot_moveit_config_sim/share/gantry_robot_moveit_config_sim/cmake/gantry_robot_moveit_config_simConfig.cmake
-- Up-to-date: /home/ooofieee/Desktop/ws_sim/install/gantry_robot_moveit_config_sim/share/gantry_robot_moveit_config_sim/cmake/gantry_robot_moveit_config_simConfig-version.cmake
-- Up-to-date: /home/ooofieee/Desktop/ws_sim/install/gantry_robot_moveit_config_sim/share/gantry_robot_moveit_config_sim/package.xml
-- Up-to-date: /home/ooofieee/Desktop/ws_sim/install/gantry_robot_moveit_config_sim/share/gantry_robot_moveit_config_sim/launch
-- Up-to-date: /home/ooofieee/Desktop/ws_sim/install/gantry_robot_moveit_config_sim/share/gantry_robot_moveit_config_sim/launch/moveit_rviz.launch.py
-- Up-to-date: /home/ooofieee/Desktop/ws_sim/install/gantry_robot_moveit_config_sim/share/gantry_robot_moveit_config_sim/launch/rsp.launch.py
-- Up-to-date: /home/ooofieee/Desktop/ws_sim/install/gantry_robot_moveit_config_sim/share/gantry_robot_moveit_config_sim/launch/demo.launch.py
-- Up-to-date: /home/ooofieee/Desktop/ws_sim/install/gantry_robot_moveit_config_sim/share/gantry_robot_moveit_config_sim/launch/warehouse_db.launch.py
-- Up-to-date: /home/ooofieee/Desktop/ws_sim/install/gantry_robot_moveit_config_sim/share/gantry_robot_moveit_config_sim/launch/spawn_controllers.launch.py
-- Up-to-date: /home/ooofieee/Desktop/ws_sim/install/gantry_robot_moveit_config_sim/share/gantry_robot_moveit_config_sim/launch/move_group.launch.py
-- Up-to-date: /home/ooofieee/Desktop/ws_sim/install/gantry_robot_moveit_config_sim/share/gantry_robot_moveit_config_sim/launch/static_virtual_joint_tfs.launch.py
-- Up-to-date: /home/ooofieee/Desktop/ws_sim/install/gantry_robot_moveit_config_sim/share/gantry_robot_moveit_config_sim/config
-- Up-to-date: /home/ooofieee/Desktop/ws_sim/install/gantry_robot_moveit_config_sim/share/gantry_robot_moveit_config_sim/config/pilz_cartesian_limits.yaml
-- Up-to-date: /home/ooofieee/Desktop/ws_sim/install/gantry_robot_moveit_config_sim/share/gantry_robot_moveit_config_sim/config/moveit_controllers.yaml
-- Up-to-date: /home/ooofieee/Desktop/ws_sim/install/gantry_robot_moveit_config_sim/share/gantry_robot_moveit_config_sim/config/moveit.rviz
-- Installing: /home/ooofieee/Desktop/ws_sim/install/gantry_robot_moveit_config_sim/share/gantry_robot_moveit_config_sim/config/gantry_robot.ros2_control.xacro
-- Up-to-date: /home/ooofieee/Desktop/ws_sim/install/gantry_robot_moveit_config_sim/share/gantry_robot_moveit_config_sim/config/move_group.yaml
-- Up-to-date: /home/ooofieee/Desktop/ws_sim/install/gantry_robot_moveit_config_sim/share/gantry_robot_moveit_config_sim/config/ros2_controllers.yaml
-- Up-to-date: /home/ooofieee/Desktop/ws_sim/install/gantry_robot_moveit_config_sim/share/gantry_robot_moveit_config_sim/config/gantry_robot.srdf
-- Up-to-date: /home/ooofieee/Desktop/ws_sim/install/gantry_robot_moveit_config_sim/share/gantry_robot_moveit_config_sim/config/gantry_robot.urdf.xacro
-- Up-to-date: /home/ooofieee/Desktop/ws_sim/install/gantry_robot_moveit_config_sim/share/gantry_robot_moveit_config_sim/config/kinematics.yaml
-- Up-to-date: /home/ooofieee/Desktop/ws_sim/install/gantry_robot_moveit_config_sim/share/gantry_robot_moveit_config_sim/config/initial_positions.yaml
-- Up-to-date: /home/ooofieee/Desktop/ws_sim/install/gantry_robot_moveit_config_sim/share/gantry_robot_moveit_config_sim/config/joint_limits.yaml
-- Up-to-date: /home/ooofieee/Desktop/ws_sim/install/gantry_robot_moveit_config_sim/share/gantry_robot_moveit_config_sim/config/dual_arm_system.urdf.xacro
-- Up-to-date: /home/ooofieee/Desktop/ws_sim/install/gantry_robot_moveit_config_sim/share/gantry_robot_moveit_config_sim/.setup_assistant
