[0.009s] Invoking command in '/home/ooofieee/Desktop/ws_sim/build/gantry_robot_hardware_interface': AMENT_PREFIX_PATH=/home/ooofieee/Desktop/ws_sim/install/rm_serial_driver:/home/ooofieee/Desktop/ws_sim/install/rm_interfaces:${AMENT_PREFIX_PATH} CMAKE_PREFIX_PATH=/home/ooofieee/Desktop/ws_sim/install/rm_serial_driver:/home/ooofieee/Desktop/ws_sim/install/rm_interfaces:/usr/lib/x86_64-linux-gnu/cmake:/usr/lib/x86_64-linux-gnu/cmake:/opt/ros/humble LD_LIBRARY_PATH=/home/ooofieee/Desktop/ws_sim/install/rm_serial_driver/lib:/home/ooofieee/Desktop/ws_sim/install/rm_interfaces/lib:${LD_LIBRARY_PATH} PYTHONPATH=/home/ooofieee/Desktop/ws_sim/install/rm_interfaces/local/lib/python3.10/dist-packages:${PYTHONPATH} /bin/cmake --build /home/ooofieee/Desktop/ws_sim/build/gantry_robot_hardware_interface -- -j16 -l16
[0.050s] [ 33%] Built target gmock
[0.050s] [ 55%] Built target gmock_main
[0.051s] [ 77%] Built target gantry_robot_hardware_interface
[0.068s] [100%] Built target test_gantry_robot_hardware_interface
[0.079s] Invoked command in '/home/ooofieee/Desktop/ws_sim/build/gantry_robot_hardware_interface' returned '0': AMENT_PREFIX_PATH=/home/ooofieee/Desktop/ws_sim/install/rm_serial_driver:/home/ooofieee/Desktop/ws_sim/install/rm_interfaces:${AMENT_PREFIX_PATH} CMAKE_PREFIX_PATH=/home/ooofieee/Desktop/ws_sim/install/rm_serial_driver:/home/ooofieee/Desktop/ws_sim/install/rm_interfaces:/usr/lib/x86_64-linux-gnu/cmake:/usr/lib/x86_64-linux-gnu/cmake:/opt/ros/humble LD_LIBRARY_PATH=/home/ooofieee/Desktop/ws_sim/install/rm_serial_driver/lib:/home/ooofieee/Desktop/ws_sim/install/rm_interfaces/lib:${LD_LIBRARY_PATH} PYTHONPATH=/home/ooofieee/Desktop/ws_sim/install/rm_interfaces/local/lib/python3.10/dist-packages:${PYTHONPATH} /bin/cmake --build /home/ooofieee/Desktop/ws_sim/build/gantry_robot_hardware_interface -- -j16 -l16
[0.081s] Invoking command in '/home/ooofieee/Desktop/ws_sim/build/gantry_robot_hardware_interface': AMENT_PREFIX_PATH=/home/ooofieee/Desktop/ws_sim/install/rm_serial_driver:/home/ooofieee/Desktop/ws_sim/install/rm_interfaces:${AMENT_PREFIX_PATH} CMAKE_PREFIX_PATH=/home/ooofieee/Desktop/ws_sim/install/rm_serial_driver:/home/ooofieee/Desktop/ws_sim/install/rm_interfaces:/usr/lib/x86_64-linux-gnu/cmake:/usr/lib/x86_64-linux-gnu/cmake:/opt/ros/humble LD_LIBRARY_PATH=/home/ooofieee/Desktop/ws_sim/install/rm_serial_driver/lib:/home/ooofieee/Desktop/ws_sim/install/rm_interfaces/lib:${LD_LIBRARY_PATH} PYTHONPATH=/home/ooofieee/Desktop/ws_sim/install/rm_interfaces/local/lib/python3.10/dist-packages:${PYTHONPATH} /bin/cmake --install /home/ooofieee/Desktop/ws_sim/build/gantry_robot_hardware_interface
[0.086s] -- Install configuration: ""
[0.087s] -- Execute custom install script
[0.087s] -- Up-to-date symlink: /home/ooofieee/Desktop/ws_sim/install/gantry_robot_hardware_interface/share/gantry_robot_hardware_interface//gantry_robot_hardware_interface.xml
[0.087s] -- Up-to-date symlink: /home/ooofieee/Desktop/ws_sim/install/gantry_robot_hardware_interface/lib/libgantry_robot_hardware_interface.so
[0.088s] -- Up-to-date symlink: /home/ooofieee/Desktop/ws_sim/install/gantry_robot_hardware_interface/include/gantry_robot_hardware_interface/gantry_robot_hardware_interface.hpp
[0.088s] -- Up-to-date symlink: /home/ooofieee/Desktop/ws_sim/install/gantry_robot_hardware_interface/share/gantry_robot_hardware_interface/environment/library_path.sh
[0.088s] -- Up-to-date symlink: /home/ooofieee/Desktop/ws_sim/install/gantry_robot_hardware_interface/share/gantry_robot_hardware_interface/environment/library_path.dsv
[0.088s] -- Up-to-date symlink: /home/ooofieee/Desktop/ws_sim/install/gantry_robot_hardware_interface/share/ament_index/resource_index/package_run_dependencies/gantry_robot_hardware_interface
[0.088s] -- Up-to-date symlink: /home/ooofieee/Desktop/ws_sim/install/gantry_robot_hardware_interface/share/ament_index/resource_index/parent_prefix_path/gantry_robot_hardware_interface
[0.088s] -- Up-to-date symlink: /home/ooofieee/Desktop/ws_sim/install/gantry_robot_hardware_interface/share/gantry_robot_hardware_interface/environment/ament_prefix_path.sh
[0.088s] -- Up-to-date symlink: /home/ooofieee/Desktop/ws_sim/install/gantry_robot_hardware_interface/share/gantry_robot_hardware_interface/environment/ament_prefix_path.dsv
[0.088s] -- Up-to-date symlink: /home/ooofieee/Desktop/ws_sim/install/gantry_robot_hardware_interface/share/gantry_robot_hardware_interface/environment/path.sh
[0.088s] -- Up-to-date symlink: /home/ooofieee/Desktop/ws_sim/install/gantry_robot_hardware_interface/share/gantry_robot_hardware_interface/environment/path.dsv
[0.089s] -- Up-to-date symlink: /home/ooofieee/Desktop/ws_sim/install/gantry_robot_hardware_interface/share/gantry_robot_hardware_interface/local_setup.bash
[0.089s] -- Up-to-date symlink: /home/ooofieee/Desktop/ws_sim/install/gantry_robot_hardware_interface/share/gantry_robot_hardware_interface/local_setup.sh
[0.089s] -- Up-to-date symlink: /home/ooofieee/Desktop/ws_sim/install/gantry_robot_hardware_interface/share/gantry_robot_hardware_interface/local_setup.zsh
[0.089s] -- Up-to-date symlink: /home/ooofieee/Desktop/ws_sim/install/gantry_robot_hardware_interface/share/gantry_robot_hardware_interface/local_setup.dsv
[0.089s] -- Symlinking: /home/ooofieee/Desktop/ws_sim/install/gantry_robot_hardware_interface/share/gantry_robot_hardware_interface/package.dsv
[0.096s] -- Up-to-date symlink: /home/ooofieee/Desktop/ws_sim/install/gantry_robot_hardware_interface/share/ament_index/resource_index/packages/gantry_robot_hardware_interface
[0.096s] -- Up-to-date symlink: /home/ooofieee/Desktop/ws_sim/install/gantry_robot_hardware_interface/share/ament_index/resource_index/hardware_interface__pluginlib__plugin/gantry_robot_hardware_interface
[0.096s] -- Up-to-date symlink: /home/ooofieee/Desktop/ws_sim/install/gantry_robot_hardware_interface/share/gantry_robot_hardware_interface/cmake/ament_cmake_export_include_directories-extras.cmake
[0.096s] -- Up-to-date symlink: /home/ooofieee/Desktop/ws_sim/install/gantry_robot_hardware_interface/share/gantry_robot_hardware_interface/cmake/ament_cmake_export_libraries-extras.cmake
[0.096s] -- Up-to-date symlink: /home/ooofieee/Desktop/ws_sim/install/gantry_robot_hardware_interface/share/gantry_robot_hardware_interface/cmake/ament_cmake_export_dependencies-extras.cmake
[0.096s] -- Up-to-date symlink: /home/ooofieee/Desktop/ws_sim/install/gantry_robot_hardware_interface/share/gantry_robot_hardware_interface/cmake/gantry_robot_hardware_interfaceConfig.cmake
[0.096s] -- Up-to-date symlink: /home/ooofieee/Desktop/ws_sim/install/gantry_robot_hardware_interface/share/gantry_robot_hardware_interface/cmake/gantry_robot_hardware_interfaceConfig-version.cmake
[0.096s] -- Up-to-date symlink: /home/ooofieee/Desktop/ws_sim/install/gantry_robot_hardware_interface/share/gantry_robot_hardware_interface/package.xml
[0.099s] Invoked command in '/home/ooofieee/Desktop/ws_sim/build/gantry_robot_hardware_interface' returned '0': AMENT_PREFIX_PATH=/home/ooofieee/Desktop/ws_sim/install/rm_serial_driver:/home/ooofieee/Desktop/ws_sim/install/rm_interfaces:${AMENT_PREFIX_PATH} CMAKE_PREFIX_PATH=/home/ooofieee/Desktop/ws_sim/install/rm_serial_driver:/home/ooofieee/Desktop/ws_sim/install/rm_interfaces:/usr/lib/x86_64-linux-gnu/cmake:/usr/lib/x86_64-linux-gnu/cmake:/opt/ros/humble LD_LIBRARY_PATH=/home/ooofieee/Desktop/ws_sim/install/rm_serial_driver/lib:/home/ooofieee/Desktop/ws_sim/install/rm_interfaces/lib:${LD_LIBRARY_PATH} PYTHONPATH=/home/ooofieee/Desktop/ws_sim/install/rm_interfaces/local/lib/python3.10/dist-packages:${PYTHONPATH} /bin/cmake --install /home/ooofieee/Desktop/ws_sim/build/gantry_robot_hardware_interface
