[  2%] Built target rm_interfaces__cpp
[ 12%] Built target rm_interfaces__rosidl_generator_c
[ 12%] Built target ament_cmake_python_copy_rm_interfaces
[ 38%] Built target rm_interfaces__rosidl_typesupport_c
[ 38%] Built target rm_interfaces__rosidl_typesupport_cpp
[ 61%] Built target rm_interfaces__rosidl_typesupport_introspection_c
[ 65%] Built target rm_interfaces__rosidl_typesupport_fastrtps_cpp
[ 65%] Built target rm_interfaces__rosidl_typesupport_introspection_cpp
[ 76%] Built target rm_interfaces__rosidl_typesupport_fastrtps_c
[ 76%] Built target rm_interfaces
[ 78%] Built target rm_interfaces__py
[ 87%] Built target rm_interfaces__rosidl_generator_py
[ 97%] Built target rm_interfaces__rosidl_typesupport_fastrtps_c__pyext
[ 97%] Built target rm_interfaces__rosidl_typesupport_c__pyext
[100%] Built target rm_interfaces__rosidl_typesupport_introspection_c__pyext
running egg_info
writing rm_interfaces.egg-info/PKG-INFO
writing dependency_links to rm_interfaces.egg-info/dependency_links.txt
writing top-level names to rm_interfaces.egg-info/top_level.txt
reading manifest file 'rm_interfaces.egg-info/SOURCES.txt'
writing manifest file 'rm_interfaces.egg-info/SOURCES.txt'
[100%] Built target ament_cmake_python_build_rm_interfaces_egg
-- Install configuration: ""
-- Up-to-date: /home/ooofieee/Desktop/ws_sim/install/rm_interfaces/share/ament_index/resource_index/rosidl_interfaces/rm_interfaces
-- Up-to-date: /home/ooofieee/Desktop/ws_sim/install/rm_interfaces/include/rm_interfaces/rm_interfaces
-- Up-to-date: /home/ooofieee/Desktop/ws_sim/install/rm_interfaces/include/rm_interfaces/rm_interfaces/msg
-- Up-to-date: /home/ooofieee/Desktop/ws_sim/install/rm_interfaces/include/rm_interfaces/rm_interfaces/msg/detail
-- Up-to-date: /home/ooofieee/Desktop/ws_sim/install/rm_interfaces/include/rm_interfaces/rm_interfaces/msg/detail/serial_receive_data__functions.h
-- Up-to-date: /home/ooofieee/Desktop/ws_sim/install/rm_interfaces/include/rm_interfaces/rm_interfaces/msg/detail/serial_receive_data__functions.c
-- Up-to-date: /home/ooofieee/Desktop/ws_sim/install/rm_interfaces/include/rm_interfaces/rm_interfaces/msg/detail/serial_receive_data__type_support.h
-- Up-to-date: /home/ooofieee/Desktop/ws_sim/install/rm_interfaces/include/rm_interfaces/rm_interfaces/msg/detail/gimbal_cmd__functions.c
-- Up-to-date: /home/ooofieee/Desktop/ws_sim/install/rm_interfaces/include/rm_interfaces/rm_interfaces/msg/detail/gimbal_cmd__type_support.h
-- Up-to-date: /home/ooofieee/Desktop/ws_sim/install/rm_interfaces/include/rm_interfaces/rm_interfaces/msg/detail/gimbal_cmd__struct.h
-- Up-to-date: /home/ooofieee/Desktop/ws_sim/install/rm_interfaces/include/rm_interfaces/rm_interfaces/msg/detail/serial_receive_data__struct.h
-- Up-to-date: /home/ooofieee/Desktop/ws_sim/install/rm_interfaces/include/rm_interfaces/rm_interfaces/msg/detail/gimbal_cmd__functions.h
-- Up-to-date: /home/ooofieee/Desktop/ws_sim/install/rm_interfaces/include/rm_interfaces/rm_interfaces/msg/gimbal_cmd.h
-- Up-to-date: /home/ooofieee/Desktop/ws_sim/install/rm_interfaces/include/rm_interfaces/rm_interfaces/msg/rosidl_generator_c__visibility_control.h
-- Up-to-date: /home/ooofieee/Desktop/ws_sim/install/rm_interfaces/include/rm_interfaces/rm_interfaces/msg/serial_receive_data.h
-- Up-to-date: /home/ooofieee/Desktop/ws_sim/install/rm_interfaces/include/rm_interfaces/rm_interfaces/srv
-- Up-to-date: /home/ooofieee/Desktop/ws_sim/install/rm_interfaces/include/rm_interfaces/rm_interfaces/srv/set_mode.h
-- Up-to-date: /home/ooofieee/Desktop/ws_sim/install/rm_interfaces/include/rm_interfaces/rm_interfaces/srv/detail
-- Up-to-date: /home/ooofieee/Desktop/ws_sim/install/rm_interfaces/include/rm_interfaces/rm_interfaces/srv/detail/set_mode__functions.h
-- Up-to-date: /home/ooofieee/Desktop/ws_sim/install/rm_interfaces/include/rm_interfaces/rm_interfaces/srv/detail/set_mode__type_support.h
-- Up-to-date: /home/ooofieee/Desktop/ws_sim/install/rm_interfaces/include/rm_interfaces/rm_interfaces/srv/detail/set_mode__functions.c
-- Up-to-date: /home/ooofieee/Desktop/ws_sim/install/rm_interfaces/include/rm_interfaces/rm_interfaces/srv/detail/set_mode__struct.h
-- Up-to-date: /home/ooofieee/Desktop/ws_sim/install/rm_interfaces/share/rm_interfaces/environment/library_path.sh
-- Up-to-date: /home/ooofieee/Desktop/ws_sim/install/rm_interfaces/share/rm_interfaces/environment/library_path.dsv
-- Up-to-date: /home/ooofieee/Desktop/ws_sim/install/rm_interfaces/lib/librm_interfaces__rosidl_generator_c.so
-- Up-to-date: /home/ooofieee/Desktop/ws_sim/install/rm_interfaces/include/rm_interfaces/rm_interfaces
-- Up-to-date: /home/ooofieee/Desktop/ws_sim/install/rm_interfaces/include/rm_interfaces/rm_interfaces/msg
-- Up-to-date: /home/ooofieee/Desktop/ws_sim/install/rm_interfaces/include/rm_interfaces/rm_interfaces/msg/rosidl_typesupport_fastrtps_c__visibility_control.h
-- Up-to-date: /home/ooofieee/Desktop/ws_sim/install/rm_interfaces/include/rm_interfaces/rm_interfaces/msg/detail
-- Up-to-date: /home/ooofieee/Desktop/ws_sim/install/rm_interfaces/include/rm_interfaces/rm_interfaces/msg/detail/gimbal_cmd__rosidl_typesupport_fastrtps_c.h
-- Up-to-date: /home/ooofieee/Desktop/ws_sim/install/rm_interfaces/include/rm_interfaces/rm_interfaces/msg/detail/serial_receive_data__rosidl_typesupport_fastrtps_c.h
-- Up-to-date: /home/ooofieee/Desktop/ws_sim/install/rm_interfaces/include/rm_interfaces/rm_interfaces/srv
-- Up-to-date: /home/ooofieee/Desktop/ws_sim/install/rm_interfaces/include/rm_interfaces/rm_interfaces/srv/detail
-- Up-to-date: /home/ooofieee/Desktop/ws_sim/install/rm_interfaces/include/rm_interfaces/rm_interfaces/srv/detail/set_mode__rosidl_typesupport_fastrtps_c.h
-- Up-to-date: /home/ooofieee/Desktop/ws_sim/install/rm_interfaces/lib/librm_interfaces__rosidl_typesupport_fastrtps_c.so
-- Up-to-date: /home/ooofieee/Desktop/ws_sim/install/rm_interfaces/include/rm_interfaces/rm_interfaces
-- Up-to-date: /home/ooofieee/Desktop/ws_sim/install/rm_interfaces/include/rm_interfaces/rm_interfaces/msg
-- Up-to-date: /home/ooofieee/Desktop/ws_sim/install/rm_interfaces/include/rm_interfaces/rm_interfaces/msg/detail
-- Up-to-date: /home/ooofieee/Desktop/ws_sim/install/rm_interfaces/include/rm_interfaces/rm_interfaces/msg/detail/gimbal_cmd__rosidl_typesupport_introspection_c.h
-- Up-to-date: /home/ooofieee/Desktop/ws_sim/install/rm_interfaces/include/rm_interfaces/rm_interfaces/msg/detail/serial_receive_data__type_support.c
-- Up-to-date: /home/ooofieee/Desktop/ws_sim/install/rm_interfaces/include/rm_interfaces/rm_interfaces/msg/detail/gimbal_cmd__type_support.c
-- Up-to-date: /home/ooofieee/Desktop/ws_sim/install/rm_interfaces/include/rm_interfaces/rm_interfaces/msg/detail/serial_receive_data__rosidl_typesupport_introspection_c.h
-- Up-to-date: /home/ooofieee/Desktop/ws_sim/install/rm_interfaces/include/rm_interfaces/rm_interfaces/msg/rosidl_typesupport_introspection_c__visibility_control.h
-- Up-to-date: /home/ooofieee/Desktop/ws_sim/install/rm_interfaces/include/rm_interfaces/rm_interfaces/srv
-- Up-to-date: /home/ooofieee/Desktop/ws_sim/install/rm_interfaces/include/rm_interfaces/rm_interfaces/srv/detail
-- Up-to-date: /home/ooofieee/Desktop/ws_sim/install/rm_interfaces/include/rm_interfaces/rm_interfaces/srv/detail/set_mode__type_support.c
-- Up-to-date: /home/ooofieee/Desktop/ws_sim/install/rm_interfaces/include/rm_interfaces/rm_interfaces/srv/detail/set_mode__rosidl_typesupport_introspection_c.h
-- Up-to-date: /home/ooofieee/Desktop/ws_sim/install/rm_interfaces/lib/librm_interfaces__rosidl_typesupport_introspection_c.so
-- Up-to-date: /home/ooofieee/Desktop/ws_sim/install/rm_interfaces/lib/librm_interfaces__rosidl_typesupport_c.so
-- Up-to-date: /home/ooofieee/Desktop/ws_sim/install/rm_interfaces/include/rm_interfaces/rm_interfaces
-- Up-to-date: /home/ooofieee/Desktop/ws_sim/install/rm_interfaces/include/rm_interfaces/rm_interfaces/msg
-- Up-to-date: /home/ooofieee/Desktop/ws_sim/install/rm_interfaces/include/rm_interfaces/rm_interfaces/msg/gimbal_cmd.hpp
-- Up-to-date: /home/ooofieee/Desktop/ws_sim/install/rm_interfaces/include/rm_interfaces/rm_interfaces/msg/serial_receive_data.hpp
-- Up-to-date: /home/ooofieee/Desktop/ws_sim/install/rm_interfaces/include/rm_interfaces/rm_interfaces/msg/rosidl_generator_cpp__visibility_control.hpp
-- Up-to-date: /home/ooofieee/Desktop/ws_sim/install/rm_interfaces/include/rm_interfaces/rm_interfaces/msg/detail
-- Up-to-date: /home/ooofieee/Desktop/ws_sim/install/rm_interfaces/include/rm_interfaces/rm_interfaces/msg/detail/serial_receive_data__struct.hpp
-- Up-to-date: /home/ooofieee/Desktop/ws_sim/install/rm_interfaces/include/rm_interfaces/rm_interfaces/msg/detail/gimbal_cmd__struct.hpp
-- Up-to-date: /home/ooofieee/Desktop/ws_sim/install/rm_interfaces/include/rm_interfaces/rm_interfaces/msg/detail/serial_receive_data__traits.hpp
-- Up-to-date: /home/ooofieee/Desktop/ws_sim/install/rm_interfaces/include/rm_interfaces/rm_interfaces/msg/detail/serial_receive_data__type_support.hpp
-- Up-to-date: /home/ooofieee/Desktop/ws_sim/install/rm_interfaces/include/rm_interfaces/rm_interfaces/msg/detail/serial_receive_data__builder.hpp
-- Up-to-date: /home/ooofieee/Desktop/ws_sim/install/rm_interfaces/include/rm_interfaces/rm_interfaces/msg/detail/gimbal_cmd__traits.hpp
-- Up-to-date: /home/ooofieee/Desktop/ws_sim/install/rm_interfaces/include/rm_interfaces/rm_interfaces/msg/detail/gimbal_cmd__type_support.hpp
-- Up-to-date: /home/ooofieee/Desktop/ws_sim/install/rm_interfaces/include/rm_interfaces/rm_interfaces/msg/detail/gimbal_cmd__builder.hpp
-- Up-to-date: /home/ooofieee/Desktop/ws_sim/install/rm_interfaces/include/rm_interfaces/rm_interfaces/srv
-- Up-to-date: /home/ooofieee/Desktop/ws_sim/install/rm_interfaces/include/rm_interfaces/rm_interfaces/srv/set_mode.hpp
-- Up-to-date: /home/ooofieee/Desktop/ws_sim/install/rm_interfaces/include/rm_interfaces/rm_interfaces/srv/detail
-- Up-to-date: /home/ooofieee/Desktop/ws_sim/install/rm_interfaces/include/rm_interfaces/rm_interfaces/srv/detail/set_mode__builder.hpp
-- Up-to-date: /home/ooofieee/Desktop/ws_sim/install/rm_interfaces/include/rm_interfaces/rm_interfaces/srv/detail/set_mode__traits.hpp
-- Up-to-date: /home/ooofieee/Desktop/ws_sim/install/rm_interfaces/include/rm_interfaces/rm_interfaces/srv/detail/set_mode__type_support.hpp
-- Up-to-date: /home/ooofieee/Desktop/ws_sim/install/rm_interfaces/include/rm_interfaces/rm_interfaces/srv/detail/set_mode__struct.hpp
-- Up-to-date: /home/ooofieee/Desktop/ws_sim/install/rm_interfaces/include/rm_interfaces/rm_interfaces
-- Up-to-date: /home/ooofieee/Desktop/ws_sim/install/rm_interfaces/include/rm_interfaces/rm_interfaces/msg
-- Up-to-date: /home/ooofieee/Desktop/ws_sim/install/rm_interfaces/include/rm_interfaces/rm_interfaces/msg/detail
-- Up-to-date: /home/ooofieee/Desktop/ws_sim/install/rm_interfaces/include/rm_interfaces/rm_interfaces/msg/detail/gimbal_cmd__rosidl_typesupport_fastrtps_cpp.hpp
-- Up-to-date: /home/ooofieee/Desktop/ws_sim/install/rm_interfaces/include/rm_interfaces/rm_interfaces/msg/detail/serial_receive_data__rosidl_typesupport_fastrtps_cpp.hpp
-- Up-to-date: /home/ooofieee/Desktop/ws_sim/install/rm_interfaces/include/rm_interfaces/rm_interfaces/msg/detail/dds_fastrtps
-- Up-to-date: /home/ooofieee/Desktop/ws_sim/install/rm_interfaces/include/rm_interfaces/rm_interfaces/msg/rosidl_typesupport_fastrtps_cpp__visibility_control.h
-- Up-to-date: /home/ooofieee/Desktop/ws_sim/install/rm_interfaces/include/rm_interfaces/rm_interfaces/srv
-- Up-to-date: /home/ooofieee/Desktop/ws_sim/install/rm_interfaces/include/rm_interfaces/rm_interfaces/srv/detail
-- Up-to-date: /home/ooofieee/Desktop/ws_sim/install/rm_interfaces/include/rm_interfaces/rm_interfaces/srv/detail/set_mode__rosidl_typesupport_fastrtps_cpp.hpp
-- Up-to-date: /home/ooofieee/Desktop/ws_sim/install/rm_interfaces/include/rm_interfaces/rm_interfaces/srv/detail/dds_fastrtps
-- Up-to-date: /home/ooofieee/Desktop/ws_sim/install/rm_interfaces/lib/librm_interfaces__rosidl_typesupport_fastrtps_cpp.so
-- Up-to-date: /home/ooofieee/Desktop/ws_sim/install/rm_interfaces/include/rm_interfaces/rm_interfaces
-- Up-to-date: /home/ooofieee/Desktop/ws_sim/install/rm_interfaces/include/rm_interfaces/rm_interfaces/msg
-- Up-to-date: /home/ooofieee/Desktop/ws_sim/install/rm_interfaces/include/rm_interfaces/rm_interfaces/msg/detail
-- Up-to-date: /home/ooofieee/Desktop/ws_sim/install/rm_interfaces/include/rm_interfaces/rm_interfaces/msg/detail/gimbal_cmd__rosidl_typesupport_introspection_cpp.hpp
-- Up-to-date: /home/ooofieee/Desktop/ws_sim/install/rm_interfaces/include/rm_interfaces/rm_interfaces/msg/detail/gimbal_cmd__type_support.cpp
-- Up-to-date: /home/ooofieee/Desktop/ws_sim/install/rm_interfaces/include/rm_interfaces/rm_interfaces/msg/detail/serial_receive_data__rosidl_typesupport_introspection_cpp.hpp
-- Up-to-date: /home/ooofieee/Desktop/ws_sim/install/rm_interfaces/include/rm_interfaces/rm_interfaces/msg/detail/serial_receive_data__type_support.cpp
-- Up-to-date: /home/ooofieee/Desktop/ws_sim/install/rm_interfaces/include/rm_interfaces/rm_interfaces/srv
-- Up-to-date: /home/ooofieee/Desktop/ws_sim/install/rm_interfaces/include/rm_interfaces/rm_interfaces/srv/detail
-- Up-to-date: /home/ooofieee/Desktop/ws_sim/install/rm_interfaces/include/rm_interfaces/rm_interfaces/srv/detail/set_mode__type_support.cpp
-- Up-to-date: /home/ooofieee/Desktop/ws_sim/install/rm_interfaces/include/rm_interfaces/rm_interfaces/srv/detail/set_mode__rosidl_typesupport_introspection_cpp.hpp
-- Up-to-date: /home/ooofieee/Desktop/ws_sim/install/rm_interfaces/lib/librm_interfaces__rosidl_typesupport_introspection_cpp.so
-- Up-to-date: /home/ooofieee/Desktop/ws_sim/install/rm_interfaces/lib/librm_interfaces__rosidl_typesupport_cpp.so
-- Up-to-date: /home/ooofieee/Desktop/ws_sim/install/rm_interfaces/share/rm_interfaces/environment/pythonpath.sh
-- Up-to-date: /home/ooofieee/Desktop/ws_sim/install/rm_interfaces/share/rm_interfaces/environment/pythonpath.dsv
-- Up-to-date: /home/ooofieee/Desktop/ws_sim/install/rm_interfaces/local/lib/python3.10/dist-packages/rm_interfaces-0.0.0-py3.10.egg-info
-- Installing: /home/ooofieee/Desktop/ws_sim/install/rm_interfaces/local/lib/python3.10/dist-packages/rm_interfaces-0.0.0-py3.10.egg-info/PKG-INFO
-- Installing: /home/ooofieee/Desktop/ws_sim/install/rm_interfaces/local/lib/python3.10/dist-packages/rm_interfaces-0.0.0-py3.10.egg-info/SOURCES.txt
-- Installing: /home/ooofieee/Desktop/ws_sim/install/rm_interfaces/local/lib/python3.10/dist-packages/rm_interfaces-0.0.0-py3.10.egg-info/top_level.txt
-- Installing: /home/ooofieee/Desktop/ws_sim/install/rm_interfaces/local/lib/python3.10/dist-packages/rm_interfaces-0.0.0-py3.10.egg-info/dependency_links.txt
-- Up-to-date: /home/ooofieee/Desktop/ws_sim/install/rm_interfaces/local/lib/python3.10/dist-packages/rm_interfaces
-- Up-to-date: /home/ooofieee/Desktop/ws_sim/install/rm_interfaces/local/lib/python3.10/dist-packages/rm_interfaces/librm_interfaces__rosidl_generator_py.so
-- Up-to-date: /home/ooofieee/Desktop/ws_sim/install/rm_interfaces/local/lib/python3.10/dist-packages/rm_interfaces/rm_interfaces_s__rosidl_typesupport_c.cpython-310-x86_64-linux-gnu.so
-- Up-to-date: /home/ooofieee/Desktop/ws_sim/install/rm_interfaces/local/lib/python3.10/dist-packages/rm_interfaces/__init__.py
-- Up-to-date: /home/ooofieee/Desktop/ws_sim/install/rm_interfaces/local/lib/python3.10/dist-packages/rm_interfaces/rm_interfaces_s__rosidl_typesupport_introspection_c.cpython-310-x86_64-linux-gnu.so
-- Up-to-date: /home/ooofieee/Desktop/ws_sim/install/rm_interfaces/local/lib/python3.10/dist-packages/rm_interfaces/_rm_interfaces_s.ep.rosidl_typesupport_introspection_c.c
-- Up-to-date: /home/ooofieee/Desktop/ws_sim/install/rm_interfaces/local/lib/python3.10/dist-packages/rm_interfaces/msg
-- Up-to-date: /home/ooofieee/Desktop/ws_sim/install/rm_interfaces/local/lib/python3.10/dist-packages/rm_interfaces/msg/_serial_receive_data_s.c
-- Up-to-date: /home/ooofieee/Desktop/ws_sim/install/rm_interfaces/local/lib/python3.10/dist-packages/rm_interfaces/msg/__init__.py
-- Up-to-date: /home/ooofieee/Desktop/ws_sim/install/rm_interfaces/local/lib/python3.10/dist-packages/rm_interfaces/msg/_serial_receive_data.py
-- Up-to-date: /home/ooofieee/Desktop/ws_sim/install/rm_interfaces/local/lib/python3.10/dist-packages/rm_interfaces/msg/_gimbal_cmd_s.c
-- Up-to-date: /home/ooofieee/Desktop/ws_sim/install/rm_interfaces/local/lib/python3.10/dist-packages/rm_interfaces/msg/_gimbal_cmd.py
-- Up-to-date: /home/ooofieee/Desktop/ws_sim/install/rm_interfaces/local/lib/python3.10/dist-packages/rm_interfaces/srv
-- Up-to-date: /home/ooofieee/Desktop/ws_sim/install/rm_interfaces/local/lib/python3.10/dist-packages/rm_interfaces/srv/_set_mode.py
-- Up-to-date: /home/ooofieee/Desktop/ws_sim/install/rm_interfaces/local/lib/python3.10/dist-packages/rm_interfaces/srv/__init__.py
-- Up-to-date: /home/ooofieee/Desktop/ws_sim/install/rm_interfaces/local/lib/python3.10/dist-packages/rm_interfaces/srv/_set_mode_s.c
-- Up-to-date: /home/ooofieee/Desktop/ws_sim/install/rm_interfaces/local/lib/python3.10/dist-packages/rm_interfaces/rm_interfaces_s__rosidl_typesupport_fastrtps_c.cpython-310-x86_64-linux-gnu.so
-- Up-to-date: /home/ooofieee/Desktop/ws_sim/install/rm_interfaces/local/lib/python3.10/dist-packages/rm_interfaces/_rm_interfaces_s.ep.rosidl_typesupport_c.c
-- Up-to-date: /home/ooofieee/Desktop/ws_sim/install/rm_interfaces/local/lib/python3.10/dist-packages/rm_interfaces/_rm_interfaces_s.ep.rosidl_typesupport_fastrtps_c.c
Listing '/home/ooofieee/Desktop/ws_sim/install/rm_interfaces/local/lib/python3.10/dist-packages/rm_interfaces'...
Listing '/home/ooofieee/Desktop/ws_sim/install/rm_interfaces/local/lib/python3.10/dist-packages/rm_interfaces/msg'...
Listing '/home/ooofieee/Desktop/ws_sim/install/rm_interfaces/local/lib/python3.10/dist-packages/rm_interfaces/srv'...
-- Up-to-date: /home/ooofieee/Desktop/ws_sim/install/rm_interfaces/local/lib/python3.10/dist-packages/rm_interfaces/rm_interfaces_s__rosidl_typesupport_fastrtps_c.cpython-310-x86_64-linux-gnu.so
-- Up-to-date: /home/ooofieee/Desktop/ws_sim/install/rm_interfaces/local/lib/python3.10/dist-packages/rm_interfaces/rm_interfaces_s__rosidl_typesupport_introspection_c.cpython-310-x86_64-linux-gnu.so
-- Up-to-date: /home/ooofieee/Desktop/ws_sim/install/rm_interfaces/local/lib/python3.10/dist-packages/rm_interfaces/rm_interfaces_s__rosidl_typesupport_c.cpython-310-x86_64-linux-gnu.so
-- Up-to-date: /home/ooofieee/Desktop/ws_sim/install/rm_interfaces/lib/librm_interfaces__rosidl_generator_py.so
-- Up-to-date: /home/ooofieee/Desktop/ws_sim/install/rm_interfaces/share/rm_interfaces/msg/GimbalCmd.idl
-- Up-to-date: /home/ooofieee/Desktop/ws_sim/install/rm_interfaces/share/rm_interfaces/msg/SerialReceiveData.idl
-- Up-to-date: /home/ooofieee/Desktop/ws_sim/install/rm_interfaces/share/rm_interfaces/srv/SetMode.idl
-- Up-to-date: /home/ooofieee/Desktop/ws_sim/install/rm_interfaces/share/rm_interfaces/msg/GimbalCmd.msg
-- Up-to-date: /home/ooofieee/Desktop/ws_sim/install/rm_interfaces/share/rm_interfaces/msg/SerialReceiveData.msg
-- Up-to-date: /home/ooofieee/Desktop/ws_sim/install/rm_interfaces/share/rm_interfaces/srv/SetMode.srv
-- Up-to-date: /home/ooofieee/Desktop/ws_sim/install/rm_interfaces/share/rm_interfaces/srv/SetMode_Request.msg
-- Up-to-date: /home/ooofieee/Desktop/ws_sim/install/rm_interfaces/share/rm_interfaces/srv/SetMode_Response.msg
-- Up-to-date: /home/ooofieee/Desktop/ws_sim/install/rm_interfaces/share/ament_index/resource_index/package_run_dependencies/rm_interfaces
-- Up-to-date: /home/ooofieee/Desktop/ws_sim/install/rm_interfaces/share/ament_index/resource_index/parent_prefix_path/rm_interfaces
-- Up-to-date: /home/ooofieee/Desktop/ws_sim/install/rm_interfaces/share/rm_interfaces/environment/ament_prefix_path.sh
-- Up-to-date: /home/ooofieee/Desktop/ws_sim/install/rm_interfaces/share/rm_interfaces/environment/ament_prefix_path.dsv
-- Up-to-date: /home/ooofieee/Desktop/ws_sim/install/rm_interfaces/share/rm_interfaces/environment/path.sh
-- Up-to-date: /home/ooofieee/Desktop/ws_sim/install/rm_interfaces/share/rm_interfaces/environment/path.dsv
-- Up-to-date: /home/ooofieee/Desktop/ws_sim/install/rm_interfaces/share/rm_interfaces/local_setup.bash
-- Up-to-date: /home/ooofieee/Desktop/ws_sim/install/rm_interfaces/share/rm_interfaces/local_setup.sh
-- Up-to-date: /home/ooofieee/Desktop/ws_sim/install/rm_interfaces/share/rm_interfaces/local_setup.zsh
-- Up-to-date: /home/ooofieee/Desktop/ws_sim/install/rm_interfaces/share/rm_interfaces/local_setup.dsv
-- Installing: /home/ooofieee/Desktop/ws_sim/install/rm_interfaces/share/rm_interfaces/package.dsv
-- Up-to-date: /home/ooofieee/Desktop/ws_sim/install/rm_interfaces/share/ament_index/resource_index/packages/rm_interfaces
-- Up-to-date: /home/ooofieee/Desktop/ws_sim/install/rm_interfaces/share/rm_interfaces/cmake/export_rm_interfaces__rosidl_generator_cExport.cmake
-- Up-to-date: /home/ooofieee/Desktop/ws_sim/install/rm_interfaces/share/rm_interfaces/cmake/export_rm_interfaces__rosidl_generator_cExport-noconfig.cmake
-- Up-to-date: /home/ooofieee/Desktop/ws_sim/install/rm_interfaces/share/rm_interfaces/cmake/export_rm_interfaces__rosidl_typesupport_fastrtps_cExport.cmake
-- Up-to-date: /home/ooofieee/Desktop/ws_sim/install/rm_interfaces/share/rm_interfaces/cmake/export_rm_interfaces__rosidl_typesupport_fastrtps_cExport-noconfig.cmake
-- Up-to-date: /home/ooofieee/Desktop/ws_sim/install/rm_interfaces/share/rm_interfaces/cmake/rm_interfaces__rosidl_typesupport_introspection_cExport.cmake
-- Up-to-date: /home/ooofieee/Desktop/ws_sim/install/rm_interfaces/share/rm_interfaces/cmake/rm_interfaces__rosidl_typesupport_introspection_cExport-noconfig.cmake
-- Up-to-date: /home/ooofieee/Desktop/ws_sim/install/rm_interfaces/share/rm_interfaces/cmake/rm_interfaces__rosidl_typesupport_cExport.cmake
-- Up-to-date: /home/ooofieee/Desktop/ws_sim/install/rm_interfaces/share/rm_interfaces/cmake/rm_interfaces__rosidl_typesupport_cExport-noconfig.cmake
-- Up-to-date: /home/ooofieee/Desktop/ws_sim/install/rm_interfaces/share/rm_interfaces/cmake/export_rm_interfaces__rosidl_generator_cppExport.cmake
-- Up-to-date: /home/ooofieee/Desktop/ws_sim/install/rm_interfaces/share/rm_interfaces/cmake/export_rm_interfaces__rosidl_typesupport_fastrtps_cppExport.cmake
-- Up-to-date: /home/ooofieee/Desktop/ws_sim/install/rm_interfaces/share/rm_interfaces/cmake/export_rm_interfaces__rosidl_typesupport_fastrtps_cppExport-noconfig.cmake
-- Up-to-date: /home/ooofieee/Desktop/ws_sim/install/rm_interfaces/share/rm_interfaces/cmake/rm_interfaces__rosidl_typesupport_introspection_cppExport.cmake
-- Up-to-date: /home/ooofieee/Desktop/ws_sim/install/rm_interfaces/share/rm_interfaces/cmake/rm_interfaces__rosidl_typesupport_introspection_cppExport-noconfig.cmake
-- Up-to-date: /home/ooofieee/Desktop/ws_sim/install/rm_interfaces/share/rm_interfaces/cmake/rm_interfaces__rosidl_typesupport_cppExport.cmake
-- Up-to-date: /home/ooofieee/Desktop/ws_sim/install/rm_interfaces/share/rm_interfaces/cmake/rm_interfaces__rosidl_typesupport_cppExport-noconfig.cmake
-- Up-to-date: /home/ooofieee/Desktop/ws_sim/install/rm_interfaces/share/rm_interfaces/cmake/export_rm_interfaces__rosidl_generator_pyExport.cmake
-- Up-to-date: /home/ooofieee/Desktop/ws_sim/install/rm_interfaces/share/rm_interfaces/cmake/export_rm_interfaces__rosidl_generator_pyExport-noconfig.cmake
-- Up-to-date: /home/ooofieee/Desktop/ws_sim/install/rm_interfaces/share/rm_interfaces/cmake/rosidl_cmake-extras.cmake
-- Up-to-date: /home/ooofieee/Desktop/ws_sim/install/rm_interfaces/share/rm_interfaces/cmake/ament_cmake_export_dependencies-extras.cmake
-- Up-to-date: /home/ooofieee/Desktop/ws_sim/install/rm_interfaces/share/rm_interfaces/cmake/ament_cmake_export_include_directories-extras.cmake
-- Up-to-date: /home/ooofieee/Desktop/ws_sim/install/rm_interfaces/share/rm_interfaces/cmake/ament_cmake_export_libraries-extras.cmake
-- Up-to-date: /home/ooofieee/Desktop/ws_sim/install/rm_interfaces/share/rm_interfaces/cmake/ament_cmake_export_targets-extras.cmake
-- Up-to-date: /home/ooofieee/Desktop/ws_sim/install/rm_interfaces/share/rm_interfaces/cmake/rosidl_cmake_export_typesupport_targets-extras.cmake
-- Up-to-date: /home/ooofieee/Desktop/ws_sim/install/rm_interfaces/share/rm_interfaces/cmake/rosidl_cmake_export_typesupport_libraries-extras.cmake
-- Up-to-date: /home/ooofieee/Desktop/ws_sim/install/rm_interfaces/share/rm_interfaces/cmake/rm_interfacesConfig.cmake
-- Up-to-date: /home/ooofieee/Desktop/ws_sim/install/rm_interfaces/share/rm_interfaces/cmake/rm_interfacesConfig-version.cmake
-- Up-to-date: /home/ooofieee/Desktop/ws_sim/install/rm_interfaces/share/rm_interfaces/package.xml
