[0.010s] Invoking command in '/home/ooofieee/Desktop/ws_sim/build/gantry_robot_moveit_config': CMAKE_PREFIX_PATH=/home/ooofieee/Desktop/ws_sim/install/gantry_robot_hardware_interface:/home/ooofieee/Desktop/ws_sim/install/rm_serial_driver:/home/ooofieee/Desktop/ws_sim/install/rm_interfaces:/home/ooofieee/Desktop/ws_sim/install/models:/home/ooofieee/Desktop/ws_sim/install/orchestrator:/home/ooofieee/Desktop/ws_sim/install/gantry_robot_moveit_config:/home/ooofieee/Desktop/ws_sim/install/motion_planning_test:/home/ooofieee/Desktop/ws_sim/install/gantry_robot_moveit_config_sim:/home/ooofieee/Desktop/ws_sim/install/bringup:/home/ooofieee/Desktop/ws_sim/install/controller:/usr/lib/x86_64-linux-gnu/cmake:/usr/lib/x86_64-linux-gnu/cmake:/opt/ros/humble /bin/cmake --build /home/ooofieee/Desktop/ws_sim/build/gantry_robot_moveit_config -- -j16 -l16
[0.040s] Invoked command in '/home/ooofieee/Desktop/ws_sim/build/gantry_robot_moveit_config' returned '0': CMAKE_PREFIX_PATH=/home/ooofieee/Desktop/ws_sim/install/gantry_robot_hardware_interface:/home/ooofieee/Desktop/ws_sim/install/rm_serial_driver:/home/ooofieee/Desktop/ws_sim/install/rm_interfaces:/home/ooofieee/Desktop/ws_sim/install/models:/home/ooofieee/Desktop/ws_sim/install/orchestrator:/home/ooofieee/Desktop/ws_sim/install/gantry_robot_moveit_config:/home/ooofieee/Desktop/ws_sim/install/motion_planning_test:/home/ooofieee/Desktop/ws_sim/install/gantry_robot_moveit_config_sim:/home/ooofieee/Desktop/ws_sim/install/bringup:/home/ooofieee/Desktop/ws_sim/install/controller:/usr/lib/x86_64-linux-gnu/cmake:/usr/lib/x86_64-linux-gnu/cmake:/opt/ros/humble /bin/cmake --build /home/ooofieee/Desktop/ws_sim/build/gantry_robot_moveit_config -- -j16 -l16
[0.042s] Invoking command in '/home/ooofieee/Desktop/ws_sim/build/gantry_robot_moveit_config': CMAKE_PREFIX_PATH=/home/ooofieee/Desktop/ws_sim/install/gantry_robot_hardware_interface:/home/ooofieee/Desktop/ws_sim/install/rm_serial_driver:/home/ooofieee/Desktop/ws_sim/install/rm_interfaces:/home/ooofieee/Desktop/ws_sim/install/models:/home/ooofieee/Desktop/ws_sim/install/orchestrator:/home/ooofieee/Desktop/ws_sim/install/gantry_robot_moveit_config:/home/ooofieee/Desktop/ws_sim/install/motion_planning_test:/home/ooofieee/Desktop/ws_sim/install/gantry_robot_moveit_config_sim:/home/ooofieee/Desktop/ws_sim/install/bringup:/home/ooofieee/Desktop/ws_sim/install/controller:/usr/lib/x86_64-linux-gnu/cmake:/usr/lib/x86_64-linux-gnu/cmake:/opt/ros/humble /bin/cmake --install /home/ooofieee/Desktop/ws_sim/build/gantry_robot_moveit_config
[0.049s] -- Install configuration: ""
[0.049s] -- Up-to-date: /home/ooofieee/Desktop/ws_sim/install/gantry_robot_moveit_config/share/ament_index/resource_index/package_run_dependencies/gantry_robot_moveit_config
[0.049s] -- Up-to-date: /home/ooofieee/Desktop/ws_sim/install/gantry_robot_moveit_config/share/ament_index/resource_index/parent_prefix_path/gantry_robot_moveit_config
[0.050s] -- Up-to-date: /home/ooofieee/Desktop/ws_sim/install/gantry_robot_moveit_config/share/gantry_robot_moveit_config/environment/ament_prefix_path.sh
[0.050s] -- Up-to-date: /home/ooofieee/Desktop/ws_sim/install/gantry_robot_moveit_config/share/gantry_robot_moveit_config/environment/ament_prefix_path.dsv
[0.050s] -- Up-to-date: /home/ooofieee/Desktop/ws_sim/install/gantry_robot_moveit_config/share/gantry_robot_moveit_config/environment/path.sh
[0.050s] -- Up-to-date: /home/ooofieee/Desktop/ws_sim/install/gantry_robot_moveit_config/share/gantry_robot_moveit_config/environment/path.dsv
[0.050s] -- Up-to-date: /home/ooofieee/Desktop/ws_sim/install/gantry_robot_moveit_config/share/gantry_robot_moveit_config/local_setup.bash
[0.050s] -- Up-to-date: /home/ooofieee/Desktop/ws_sim/install/gantry_robot_moveit_config/share/gantry_robot_moveit_config/local_setup.sh
[0.050s] -- Up-to-date: /home/ooofieee/Desktop/ws_sim/install/gantry_robot_moveit_config/share/gantry_robot_moveit_config/local_setup.zsh
[0.050s] -- Up-to-date: /home/ooofieee/Desktop/ws_sim/install/gantry_robot_moveit_config/share/gantry_robot_moveit_config/local_setup.dsv
[0.050s] -- Installing: /home/ooofieee/Desktop/ws_sim/install/gantry_robot_moveit_config/share/gantry_robot_moveit_config/package.dsv
[0.051s] -- Up-to-date: /home/ooofieee/Desktop/ws_sim/install/gantry_robot_moveit_config/share/ament_index/resource_index/packages/gantry_robot_moveit_config
[0.051s] -- Up-to-date: /home/ooofieee/Desktop/ws_sim/install/gantry_robot_moveit_config/share/gantry_robot_moveit_config/cmake/gantry_robot_moveit_configConfig.cmake
[0.051s] -- Up-to-date: /home/ooofieee/Desktop/ws_sim/install/gantry_robot_moveit_config/share/gantry_robot_moveit_config/cmake/gantry_robot_moveit_configConfig-version.cmake
[0.051s] -- Up-to-date: /home/ooofieee/Desktop/ws_sim/install/gantry_robot_moveit_config/share/gantry_robot_moveit_config/package.xml
[0.051s] -- Up-to-date: /home/ooofieee/Desktop/ws_sim/install/gantry_robot_moveit_config/share/gantry_robot_moveit_config/launch
[0.052s] -- Up-to-date: /home/ooofieee/Desktop/ws_sim/install/gantry_robot_moveit_config/share/gantry_robot_moveit_config/launch/moveit_rviz.launch.py
[0.052s] -- Up-to-date: /home/ooofieee/Desktop/ws_sim/install/gantry_robot_moveit_config/share/gantry_robot_moveit_config/launch/rsp.launch.py
[0.052s] -- Up-to-date: /home/ooofieee/Desktop/ws_sim/install/gantry_robot_moveit_config/share/gantry_robot_moveit_config/launch/demo.launch.py
[0.053s] -- Up-to-date: /home/ooofieee/Desktop/ws_sim/install/gantry_robot_moveit_config/share/gantry_robot_moveit_config/launch/warehouse_db.launch.py
[0.053s] -- Up-to-date: /home/ooofieee/Desktop/ws_sim/install/gantry_robot_moveit_config/share/gantry_robot_moveit_config/launch/setup_assistant.launch.py
[0.053s] -- Up-to-date: /home/ooofieee/Desktop/ws_sim/install/gantry_robot_moveit_config/share/gantry_robot_moveit_config/launch/spawn_controllers.launch.py
[0.053s] -- Up-to-date: /home/ooofieee/Desktop/ws_sim/install/gantry_robot_moveit_config/share/gantry_robot_moveit_config/launch/move_group.launch.py
[0.053s] -- Up-to-date: /home/ooofieee/Desktop/ws_sim/install/gantry_robot_moveit_config/share/gantry_robot_moveit_config/launch/static_virtual_joint_tfs.launch.py
[0.053s] -- Up-to-date: /home/ooofieee/Desktop/ws_sim/install/gantry_robot_moveit_config/share/gantry_robot_moveit_config/config
[0.053s] -- Up-to-date: /home/ooofieee/Desktop/ws_sim/install/gantry_robot_moveit_config/share/gantry_robot_moveit_config/config/pilz_cartesian_limits.yaml
[0.053s] -- Up-to-date: /home/ooofieee/Desktop/ws_sim/install/gantry_robot_moveit_config/share/gantry_robot_moveit_config/config/moveit_controllers.yaml
[0.053s] -- Up-to-date: /home/ooofieee/Desktop/ws_sim/install/gantry_robot_moveit_config/share/gantry_robot_moveit_config/config/moveit.rviz
[0.053s] -- Up-to-date: /home/ooofieee/Desktop/ws_sim/install/gantry_robot_moveit_config/share/gantry_robot_moveit_config/config/move_group.yaml
[0.053s] -- Up-to-date: /home/ooofieee/Desktop/ws_sim/install/gantry_robot_moveit_config/share/gantry_robot_moveit_config/config/gantry_robot.srdf
[0.053s] -- Up-to-date: /home/ooofieee/Desktop/ws_sim/install/gantry_robot_moveit_config/share/gantry_robot_moveit_config/config/gantry_robot.urdf.xacro
[0.053s] -- Up-to-date: /home/ooofieee/Desktop/ws_sim/install/gantry_robot_moveit_config/share/gantry_robot_moveit_config/config/ros2_controllers_real.yaml
[0.053s] -- Up-to-date: /home/ooofieee/Desktop/ws_sim/install/gantry_robot_moveit_config/share/gantry_robot_moveit_config/config/kinematics.yaml
[0.053s] -- Up-to-date: /home/ooofieee/Desktop/ws_sim/install/gantry_robot_moveit_config/share/gantry_robot_moveit_config/config/gantry_robot_real.ros2_control.xacro
[0.053s] -- Up-to-date: /home/ooofieee/Desktop/ws_sim/install/gantry_robot_moveit_config/share/gantry_robot_moveit_config/config/initial_positions.yaml
[0.053s] -- Up-to-date: /home/ooofieee/Desktop/ws_sim/install/gantry_robot_moveit_config/share/gantry_robot_moveit_config/config/joint_limits.yaml
[0.053s] -- Up-to-date: /home/ooofieee/Desktop/ws_sim/install/gantry_robot_moveit_config/share/gantry_robot_moveit_config/config/moveit_controllers_real.yaml
[0.053s] -- Up-to-date: /home/ooofieee/Desktop/ws_sim/install/gantry_robot_moveit_config/share/gantry_robot_moveit_config/config/dual_arm_system.urdf.xacro
[0.053s] -- Up-to-date: /home/ooofieee/Desktop/ws_sim/install/gantry_robot_moveit_config/share/gantry_robot_moveit_config/.setup_assistant
[0.054s] Invoked command in '/home/ooofieee/Desktop/ws_sim/build/gantry_robot_moveit_config' returned '0': CMAKE_PREFIX_PATH=/home/ooofieee/Desktop/ws_sim/install/gantry_robot_hardware_interface:/home/ooofieee/Desktop/ws_sim/install/rm_serial_driver:/home/ooofieee/Desktop/ws_sim/install/rm_interfaces:/home/ooofieee/Desktop/ws_sim/install/models:/home/ooofieee/Desktop/ws_sim/install/orchestrator:/home/ooofieee/Desktop/ws_sim/install/gantry_robot_moveit_config:/home/ooofieee/Desktop/ws_sim/install/motion_planning_test:/home/ooofieee/Desktop/ws_sim/install/gantry_robot_moveit_config_sim:/home/ooofieee/Desktop/ws_sim/install/bringup:/home/ooofieee/Desktop/ws_sim/install/controller:/usr/lib/x86_64-linux-gnu/cmake:/usr/lib/x86_64-linux-gnu/cmake:/opt/ros/humble /bin/cmake --install /home/ooofieee/Desktop/ws_sim/build/gantry_robot_moveit_config
