[35m[1mConsolidate compiler generated dependencies of target gantry_robot_hardware_interface[0m
[ 55%] Built target gmock_main
[ 55%] Built target gmock
[ 66%] [32mBuilding CXX object CMakeFiles/gantry_robot_hardware_interface.dir/src/gantry_robot_hardware_interface.cpp.o[0m
[ 88%] Built target test_gantry_robot_hardware_interface
[100%] [32m[1mLinking CXX shared library libgantry_robot_hardware_interface.so[0m
[100%] Built target gantry_robot_hardware_interface
-- Install configuration: ""
-- Execute custom install script
-- Symlinking: /home/ooofieee/Desktop/ws_sim/install/gantry_robot_hardware_interface/share/gantry_robot_hardware_interface//gantry_robot_hardware_interface.xml
-- Symlinking: /home/ooofieee/Desktop/ws_sim/install/gantry_robot_hardware_interface/lib/libgantry_robot_hardware_interface.so
-- Symlinking: /home/ooofieee/Desktop/ws_sim/install/gantry_robot_hardware_interface/include/gantry_robot_hardware_interface/gantry_robot_hardware_interface.hpp
-- Symlinking: /home/ooofieee/Desktop/ws_sim/install/gantry_robot_hardware_interface/share/gantry_robot_hardware_interface/environment/library_path.sh
-- Symlinking: /home/ooofieee/Desktop/ws_sim/install/gantry_robot_hardware_interface/share/gantry_robot_hardware_interface/environment/library_path.dsv
-- Symlinking: /home/ooofieee/Desktop/ws_sim/install/gantry_robot_hardware_interface/share/ament_index/resource_index/package_run_dependencies/gantry_robot_hardware_interface
-- Symlinking: /home/ooofieee/Desktop/ws_sim/install/gantry_robot_hardware_interface/share/ament_index/resource_index/parent_prefix_path/gantry_robot_hardware_interface
-- Symlinking: /home/ooofieee/Desktop/ws_sim/install/gantry_robot_hardware_interface/share/gantry_robot_hardware_interface/environment/ament_prefix_path.sh
-- Symlinking: /home/ooofieee/Desktop/ws_sim/install/gantry_robot_hardware_interface/share/gantry_robot_hardware_interface/environment/ament_prefix_path.dsv
-- Symlinking: /home/ooofieee/Desktop/ws_sim/install/gantry_robot_hardware_interface/share/gantry_robot_hardware_interface/environment/path.sh
-- Symlinking: /home/ooofieee/Desktop/ws_sim/install/gantry_robot_hardware_interface/share/gantry_robot_hardware_interface/environment/path.dsv
-- Symlinking: /home/ooofieee/Desktop/ws_sim/install/gantry_robot_hardware_interface/share/gantry_robot_hardware_interface/local_setup.bash
-- Symlinking: /home/ooofieee/Desktop/ws_sim/install/gantry_robot_hardware_interface/share/gantry_robot_hardware_interface/local_setup.sh
-- Symlinking: /home/ooofieee/Desktop/ws_sim/install/gantry_robot_hardware_interface/share/gantry_robot_hardware_interface/local_setup.zsh
-- Symlinking: /home/ooofieee/Desktop/ws_sim/install/gantry_robot_hardware_interface/share/gantry_robot_hardware_interface/local_setup.dsv
-- Symlinking: /home/ooofieee/Desktop/ws_sim/install/gantry_robot_hardware_interface/share/gantry_robot_hardware_interface/package.dsv
-- Symlinking: /home/ooofieee/Desktop/ws_sim/install/gantry_robot_hardware_interface/share/ament_index/resource_index/packages/gantry_robot_hardware_interface
-- Symlinking: /home/ooofieee/Desktop/ws_sim/install/gantry_robot_hardware_interface/share/ament_index/resource_index/hardware_interface__pluginlib__plugin/gantry_robot_hardware_interface
-- Symlinking: /home/ooofieee/Desktop/ws_sim/install/gantry_robot_hardware_interface/share/gantry_robot_hardware_interface/cmake/ament_cmake_export_include_directories-extras.cmake
-- Symlinking: /home/ooofieee/Desktop/ws_sim/install/gantry_robot_hardware_interface/share/gantry_robot_hardware_interface/cmake/ament_cmake_export_libraries-extras.cmake
-- Symlinking: /home/ooofieee/Desktop/ws_sim/install/gantry_robot_hardware_interface/share/gantry_robot_hardware_interface/cmake/ament_cmake_export_dependencies-extras.cmake
-- Symlinking: /home/ooofieee/Desktop/ws_sim/install/gantry_robot_hardware_interface/share/gantry_robot_hardware_interface/cmake/gantry_robot_hardware_interfaceConfig.cmake
-- Symlinking: /home/ooofieee/Desktop/ws_sim/install/gantry_robot_hardware_interface/share/gantry_robot_hardware_interface/cmake/gantry_robot_hardware_interfaceConfig-version.cmake
-- Symlinking: /home/ooofieee/Desktop/ws_sim/install/gantry_robot_hardware_interface/share/gantry_robot_hardware_interface/package.xml
