-- The C compiler identification is GNU 12.3.0
-- The CXX compiler identification is GNU 12.3.0
-- Detecting C compiler ABI info
-- Detecting C compiler ABI info - done
-- Check for working C compiler: /bin/cc - skipped
-- Detecting C compile features
-- Detecting C compile features - done
-- Detecting CXX compiler ABI info
-- Detecting CXX compiler ABI info - done
-- Check for working CXX compiler: /bin/c++ - skipped
-- Detecting CXX compile features
-- Detecting CXX compile features - done
-- Found ament_cmake: 1.3.12 (/opt/ros/humble/share/ament_cmake/cmake)
-- Found Python3: /bin/python3 (found version "3.10.12") found components: Interpreter 
-- Found rosidl_default_generators: 1.2.0 (/opt/ros/humble/share/rosidl_default_generators/cmake)
-- Using all available rosidl_typesupport_c: rosidl_typesupport_fastrtps_c;rosidl_typesupport_introspection_c
-- Found rosidl_adapter: 3.1.8 (/opt/ros/humble/share/rosidl_adapter/cmake)
-- Using all available rosidl_typesupport_cpp: rosidl_typesupport_fastrtps_cpp;rosidl_typesupport_introspection_cpp
-- Found geometry_msgs: 4.9.0 (/opt/ros/humble/share/geometry_msgs/cmake)
-- Found ament_cmake_ros: 0.10.0 (/opt/ros/humble/share/ament_cmake_ros/cmake)
-- Using all available rosidl_typesupport_c: rosidl_typesupport_fastrtps_c;rosidl_typesupport_introspection_c
-- Using all available rosidl_typesupport_cpp: rosidl_typesupport_fastrtps_cpp;rosidl_typesupport_introspection_cpp
-- Found PythonInterp: /bin/python3 (found suitable version "3.10.12", minimum required is "3.6") 
-- Found python_cmake_module: 0.10.0 (/opt/ros/humble/share/python_cmake_module/cmake)
-- Found PythonLibs: /usr/lib/x86_64-linux-gnu/libpython3.10.so (found suitable version "3.10.12", minimum required is "3.5") 
-- Using PYTHON_EXECUTABLE: /bin/python3
-- Using PYTHON_INCLUDE_DIRS: /usr/include/python3.10
-- Using PYTHON_LIBRARIES: /usr/lib/x86_64-linux-gnu/libpython3.10.so
-- Found PythonExtra: .so  
-- Using numpy include directory: /usr/local/lib/python3.10/dist-packages/numpy/_core/include
-- Configuring done
-- Generating done
-- Build files have been written to: /home/ooofieee/Desktop/ws_sim/build/rm_interfaces
[  2%] [34m[1mGenerating C code for ROS interfaces[0m
[  4%] [34m[1mGenerating C++ code for ROS interfaces[0m
[  4%] Built target ament_cmake_python_copy_rm_interfaces
running egg_info
creating rm_interfaces.egg-info
writing rm_interfaces.egg-info/PKG-INFO
writing dependency_links to rm_interfaces.egg-info/dependency_links.txt
writing top-level names to rm_interfaces.egg-info/top_level.txt
writing manifest file 'rm_interfaces.egg-info/SOURCES.txt'
reading manifest file 'rm_interfaces.egg-info/SOURCES.txt'
writing manifest file 'rm_interfaces.egg-info/SOURCES.txt'
[  4%] Built target ament_cmake_python_build_rm_interfaces_egg
[  4%] Built target rm_interfaces__cpp
[  6%] [34m[1mGenerating C++ type support for eProsima Fast-RTPS[0m
[  8%] [34m[1mGenerating C++ introspection for ROS interfaces[0m
[ 10%] [34m[1mGenerating C++ type support dispatch for ROS interfaces[0m
[ 12%] [32mBuilding C object CMakeFiles/rm_interfaces__rosidl_generator_c.dir/rosidl_generator_c/rm_interfaces/msg/detail/serial_receive_data__functions.c.o[0m
[ 14%] [32mBuilding C object CMakeFiles/rm_interfaces__rosidl_generator_c.dir/rosidl_generator_c/rm_interfaces/msg/detail/gimbal_cmd__functions.c.o[0m
[ 17%] [32mBuilding C object CMakeFiles/rm_interfaces__rosidl_generator_c.dir/rosidl_generator_c/rm_interfaces/srv/detail/set_mode__functions.c.o[0m
[ 19%] [32m[1mLinking C shared library librm_interfaces__rosidl_generator_c.so[0m
[ 19%] Built target rm_interfaces__rosidl_generator_c
[ 25%] [34m[1mGenerating C introspection for ROS interfaces[0m
[ 25%] [34m[1mGenerating C type support dispatch for ROS interfaces[0m
[ 25%] [34m[1mGenerating C type support for eProsima Fast-RTPS[0m
[ 27%] [32mBuilding CXX object CMakeFiles/rm_interfaces__rosidl_typesupport_introspection_cpp.dir/rosidl_typesupport_introspection_cpp/rm_interfaces/msg/detail/serial_receive_data__type_support.cpp.o[0m
[ 31%] [32mBuilding CXX object CMakeFiles/rm_interfaces__rosidl_typesupport_introspection_cpp.dir/rosidl_typesupport_introspection_cpp/rm_interfaces/srv/detail/set_mode__type_support.cpp.o[0m
[ 31%] [32mBuilding CXX object CMakeFiles/rm_interfaces__rosidl_typesupport_introspection_cpp.dir/rosidl_typesupport_introspection_cpp/rm_interfaces/msg/detail/gimbal_cmd__type_support.cpp.o[0m
[ 34%] [32mBuilding CXX object CMakeFiles/rm_interfaces__rosidl_typesupport_cpp.dir/rosidl_typesupport_cpp/rm_interfaces/msg/serial_receive_data__type_support.cpp.o[0m
[ 36%] [32mBuilding CXX object CMakeFiles/rm_interfaces__rosidl_typesupport_cpp.dir/rosidl_typesupport_cpp/rm_interfaces/msg/gimbal_cmd__type_support.cpp.o[0m
[ 38%] [32mBuilding CXX object CMakeFiles/rm_interfaces__rosidl_typesupport_cpp.dir/rosidl_typesupport_cpp/rm_interfaces/srv/set_mode__type_support.cpp.o[0m
[ 40%] [32mBuilding CXX object CMakeFiles/rm_interfaces__rosidl_typesupport_fastrtps_cpp.dir/rosidl_typesupport_fastrtps_cpp/rm_interfaces/srv/detail/dds_fastrtps/set_mode__type_support.cpp.o[0m
[ 42%] [32mBuilding CXX object CMakeFiles/rm_interfaces__rosidl_typesupport_fastrtps_cpp.dir/rosidl_typesupport_fastrtps_cpp/rm_interfaces/msg/detail/dds_fastrtps/serial_receive_data__type_support.cpp.o[0m
[ 44%] [32mBuilding CXX object CMakeFiles/rm_interfaces__rosidl_typesupport_fastrtps_cpp.dir/rosidl_typesupport_fastrtps_cpp/rm_interfaces/msg/detail/dds_fastrtps/gimbal_cmd__type_support.cpp.o[0m
[ 46%] [32mBuilding CXX object CMakeFiles/rm_interfaces__rosidl_typesupport_c.dir/rosidl_typesupport_c/rm_interfaces/msg/gimbal_cmd__type_support.cpp.o[0m
[ 48%] [32mBuilding CXX object CMakeFiles/rm_interfaces__rosidl_typesupport_c.dir/rosidl_typesupport_c/rm_interfaces/msg/serial_receive_data__type_support.cpp.o[0m
[ 51%] [32mBuilding CXX object CMakeFiles/rm_interfaces__rosidl_typesupport_c.dir/rosidl_typesupport_c/rm_interfaces/srv/set_mode__type_support.cpp.o[0m
[ 53%] [32m[1mLinking CXX shared library librm_interfaces__rosidl_typesupport_c.so[0m
[ 53%] Built target rm_interfaces__rosidl_typesupport_c
[ 55%] [32mBuilding C object CMakeFiles/rm_interfaces__rosidl_typesupport_introspection_c.dir/rosidl_typesupport_introspection_c/rm_interfaces/msg/detail/gimbal_cmd__type_support.c.o[0m
[ 59%] [32mBuilding C object CMakeFiles/rm_interfaces__rosidl_typesupport_introspection_c.dir/rosidl_typesupport_introspection_c/rm_interfaces/msg/detail/serial_receive_data__type_support.c.o[0m
[ 59%] [32mBuilding C object CMakeFiles/rm_interfaces__rosidl_typesupport_introspection_c.dir/rosidl_typesupport_introspection_c/rm_interfaces/srv/detail/set_mode__type_support.c.o[0m
[ 61%] [32mBuilding CXX object CMakeFiles/rm_interfaces__rosidl_typesupport_fastrtps_c.dir/rosidl_typesupport_fastrtps_c/rm_interfaces/msg/detail/gimbal_cmd__type_support_c.cpp.o[0m
[ 63%] [32mBuilding CXX object CMakeFiles/rm_interfaces__rosidl_typesupport_fastrtps_c.dir/rosidl_typesupport_fastrtps_c/rm_interfaces/msg/detail/serial_receive_data__type_support_c.cpp.o[0m
[ 65%] [32mBuilding CXX object CMakeFiles/rm_interfaces__rosidl_typesupport_fastrtps_c.dir/rosidl_typesupport_fastrtps_c/rm_interfaces/srv/detail/set_mode__type_support_c.cpp.o[0m
[ 68%] [32m[1mLinking C shared library librm_interfaces__rosidl_typesupport_introspection_c.so[0m
[ 68%] Built target rm_interfaces__rosidl_typesupport_introspection_c
[ 70%] [32m[1mLinking CXX shared library librm_interfaces__rosidl_typesupport_cpp.so[0m
[ 70%] Built target rm_interfaces__rosidl_typesupport_cpp
[ 72%] [32m[1mLinking CXX shared library librm_interfaces__rosidl_typesupport_introspection_cpp.so[0m
[ 72%] Built target rm_interfaces__rosidl_typesupport_introspection_cpp
[ 74%] [32m[1mLinking CXX shared library librm_interfaces__rosidl_typesupport_fastrtps_cpp.so[0m
[ 74%] Built target rm_interfaces__rosidl_typesupport_fastrtps_cpp
[ 76%] [32m[1mLinking CXX shared library librm_interfaces__rosidl_typesupport_fastrtps_c.so[0m
[ 76%] Built target rm_interfaces__rosidl_typesupport_fastrtps_c
[ 76%] Built target rm_interfaces
[ 78%] [34m[1mGenerating Python code for ROS interfaces[0m
[ 78%] Built target rm_interfaces__py
[ 85%] [32mBuilding C object CMakeFiles/rm_interfaces__rosidl_generator_py.dir/rosidl_generator_py/rm_interfaces/srv/_set_mode_s.c.o[0m
[ 85%] [32mBuilding C object CMakeFiles/rm_interfaces__rosidl_generator_py.dir/rosidl_generator_py/rm_interfaces/msg/_gimbal_cmd_s.c.o[0m
[ 85%] [32mBuilding C object CMakeFiles/rm_interfaces__rosidl_generator_py.dir/rosidl_generator_py/rm_interfaces/msg/_serial_receive_data_s.c.o[0m
[ 87%] [32m[1mLinking C shared library rosidl_generator_py/rm_interfaces/librm_interfaces__rosidl_generator_py.so[0m
[ 87%] Built target rm_interfaces__rosidl_generator_py
[ 93%] [32mBuilding C object CMakeFiles/rm_interfaces__rosidl_typesupport_introspection_c__pyext.dir/rosidl_generator_py/rm_interfaces/_rm_interfaces_s.ep.rosidl_typesupport_introspection_c.c.o[0m
[ 93%] [32mBuilding C object CMakeFiles/rm_interfaces__rosidl_typesupport_c__pyext.dir/rosidl_generator_py/rm_interfaces/_rm_interfaces_s.ep.rosidl_typesupport_c.c.o[0m
[ 93%] [32mBuilding C object CMakeFiles/rm_interfaces__rosidl_typesupport_fastrtps_c__pyext.dir/rosidl_generator_py/rm_interfaces/_rm_interfaces_s.ep.rosidl_typesupport_fastrtps_c.c.o[0m
[100%] [32m[1mLinking C shared library rosidl_generator_py/rm_interfaces/rm_interfaces_s__rosidl_typesupport_c.cpython-310-x86_64-linux-gnu.so[0m
[100%] [32m[1mLinking C shared library rosidl_generator_py/rm_interfaces/rm_interfaces_s__rosidl_typesupport_fastrtps_c.cpython-310-x86_64-linux-gnu.so[0m
[100%] [32m[1mLinking C shared library rosidl_generator_py/rm_interfaces/rm_interfaces_s__rosidl_typesupport_introspection_c.cpython-310-x86_64-linux-gnu.so[0m
[100%] Built target rm_interfaces__rosidl_typesupport_introspection_c__pyext
[100%] Built target rm_interfaces__rosidl_typesupport_c__pyext
[100%] Built target rm_interfaces__rosidl_typesupport_fastrtps_c__pyext
-- Install configuration: ""
-- Installing: /home/ooofieee/Desktop/ws_sim/install/rm_interfaces/share/ament_index/resource_index/rosidl_interfaces/rm_interfaces
-- Installing: /home/ooofieee/Desktop/ws_sim/install/rm_interfaces/include/rm_interfaces/rm_interfaces
-- Installing: /home/ooofieee/Desktop/ws_sim/install/rm_interfaces/include/rm_interfaces/rm_interfaces/msg
-- Installing: /home/ooofieee/Desktop/ws_sim/install/rm_interfaces/include/rm_interfaces/rm_interfaces/msg/detail
-- Installing: /home/ooofieee/Desktop/ws_sim/install/rm_interfaces/include/rm_interfaces/rm_interfaces/msg/detail/serial_receive_data__functions.h
-- Installing: /home/ooofieee/Desktop/ws_sim/install/rm_interfaces/include/rm_interfaces/rm_interfaces/msg/detail/serial_receive_data__functions.c
-- Installing: /home/ooofieee/Desktop/ws_sim/install/rm_interfaces/include/rm_interfaces/rm_interfaces/msg/detail/serial_receive_data__type_support.h
-- Installing: /home/ooofieee/Desktop/ws_sim/install/rm_interfaces/include/rm_interfaces/rm_interfaces/msg/detail/gimbal_cmd__functions.c
-- Installing: /home/ooofieee/Desktop/ws_sim/install/rm_interfaces/include/rm_interfaces/rm_interfaces/msg/detail/gimbal_cmd__type_support.h
-- Installing: /home/ooofieee/Desktop/ws_sim/install/rm_interfaces/include/rm_interfaces/rm_interfaces/msg/detail/gimbal_cmd__struct.h
-- Installing: /home/ooofieee/Desktop/ws_sim/install/rm_interfaces/include/rm_interfaces/rm_interfaces/msg/detail/serial_receive_data__struct.h
-- Installing: /home/ooofieee/Desktop/ws_sim/install/rm_interfaces/include/rm_interfaces/rm_interfaces/msg/detail/gimbal_cmd__functions.h
-- Installing: /home/ooofieee/Desktop/ws_sim/install/rm_interfaces/include/rm_interfaces/rm_interfaces/msg/gimbal_cmd.h
-- Installing: /home/ooofieee/Desktop/ws_sim/install/rm_interfaces/include/rm_interfaces/rm_interfaces/msg/rosidl_generator_c__visibility_control.h
-- Installing: /home/ooofieee/Desktop/ws_sim/install/rm_interfaces/include/rm_interfaces/rm_interfaces/msg/serial_receive_data.h
-- Installing: /home/ooofieee/Desktop/ws_sim/install/rm_interfaces/include/rm_interfaces/rm_interfaces/srv
-- Installing: /home/ooofieee/Desktop/ws_sim/install/rm_interfaces/include/rm_interfaces/rm_interfaces/srv/set_mode.h
-- Installing: /home/ooofieee/Desktop/ws_sim/install/rm_interfaces/include/rm_interfaces/rm_interfaces/srv/detail
-- Installing: /home/ooofieee/Desktop/ws_sim/install/rm_interfaces/include/rm_interfaces/rm_interfaces/srv/detail/set_mode__functions.h
-- Installing: /home/ooofieee/Desktop/ws_sim/install/rm_interfaces/include/rm_interfaces/rm_interfaces/srv/detail/set_mode__type_support.h
-- Installing: /home/ooofieee/Desktop/ws_sim/install/rm_interfaces/include/rm_interfaces/rm_interfaces/srv/detail/set_mode__functions.c
-- Installing: /home/ooofieee/Desktop/ws_sim/install/rm_interfaces/include/rm_interfaces/rm_interfaces/srv/detail/set_mode__struct.h
-- Installing: /home/ooofieee/Desktop/ws_sim/install/rm_interfaces/share/rm_interfaces/environment/library_path.sh
-- Installing: /home/ooofieee/Desktop/ws_sim/install/rm_interfaces/share/rm_interfaces/environment/library_path.dsv
-- Installing: /home/ooofieee/Desktop/ws_sim/install/rm_interfaces/lib/librm_interfaces__rosidl_generator_c.so
-- Set runtime path of "/home/ooofieee/Desktop/ws_sim/install/rm_interfaces/lib/librm_interfaces__rosidl_generator_c.so" to ""
-- Up-to-date: /home/ooofieee/Desktop/ws_sim/install/rm_interfaces/include/rm_interfaces/rm_interfaces
-- Up-to-date: /home/ooofieee/Desktop/ws_sim/install/rm_interfaces/include/rm_interfaces/rm_interfaces/msg
-- Installing: /home/ooofieee/Desktop/ws_sim/install/rm_interfaces/include/rm_interfaces/rm_interfaces/msg/rosidl_typesupport_fastrtps_c__visibility_control.h
-- Up-to-date: /home/ooofieee/Desktop/ws_sim/install/rm_interfaces/include/rm_interfaces/rm_interfaces/msg/detail
-- Installing: /home/ooofieee/Desktop/ws_sim/install/rm_interfaces/include/rm_interfaces/rm_interfaces/msg/detail/gimbal_cmd__rosidl_typesupport_fastrtps_c.h
-- Installing: /home/ooofieee/Desktop/ws_sim/install/rm_interfaces/include/rm_interfaces/rm_interfaces/msg/detail/serial_receive_data__rosidl_typesupport_fastrtps_c.h
-- Up-to-date: /home/ooofieee/Desktop/ws_sim/install/rm_interfaces/include/rm_interfaces/rm_interfaces/srv
-- Up-to-date: /home/ooofieee/Desktop/ws_sim/install/rm_interfaces/include/rm_interfaces/rm_interfaces/srv/detail
-- Installing: /home/ooofieee/Desktop/ws_sim/install/rm_interfaces/include/rm_interfaces/rm_interfaces/srv/detail/set_mode__rosidl_typesupport_fastrtps_c.h
-- Installing: /home/ooofieee/Desktop/ws_sim/install/rm_interfaces/lib/librm_interfaces__rosidl_typesupport_fastrtps_c.so
-- Set runtime path of "/home/ooofieee/Desktop/ws_sim/install/rm_interfaces/lib/librm_interfaces__rosidl_typesupport_fastrtps_c.so" to ""
-- Up-to-date: /home/ooofieee/Desktop/ws_sim/install/rm_interfaces/include/rm_interfaces/rm_interfaces
-- Up-to-date: /home/ooofieee/Desktop/ws_sim/install/rm_interfaces/include/rm_interfaces/rm_interfaces/msg
-- Up-to-date: /home/ooofieee/Desktop/ws_sim/install/rm_interfaces/include/rm_interfaces/rm_interfaces/msg/detail
-- Installing: /home/ooofieee/Desktop/ws_sim/install/rm_interfaces/include/rm_interfaces/rm_interfaces/msg/detail/gimbal_cmd__rosidl_typesupport_introspection_c.h
-- Installing: /home/ooofieee/Desktop/ws_sim/install/rm_interfaces/include/rm_interfaces/rm_interfaces/msg/detail/serial_receive_data__type_support.c
-- Installing: /home/ooofieee/Desktop/ws_sim/install/rm_interfaces/include/rm_interfaces/rm_interfaces/msg/detail/gimbal_cmd__type_support.c
-- Installing: /home/ooofieee/Desktop/ws_sim/install/rm_interfaces/include/rm_interfaces/rm_interfaces/msg/detail/serial_receive_data__rosidl_typesupport_introspection_c.h
-- Installing: /home/ooofieee/Desktop/ws_sim/install/rm_interfaces/include/rm_interfaces/rm_interfaces/msg/rosidl_typesupport_introspection_c__visibility_control.h
-- Up-to-date: /home/ooofieee/Desktop/ws_sim/install/rm_interfaces/include/rm_interfaces/rm_interfaces/srv
-- Up-to-date: /home/ooofieee/Desktop/ws_sim/install/rm_interfaces/include/rm_interfaces/rm_interfaces/srv/detail
-- Installing: /home/ooofieee/Desktop/ws_sim/install/rm_interfaces/include/rm_interfaces/rm_interfaces/srv/detail/set_mode__type_support.c
-- Installing: /home/ooofieee/Desktop/ws_sim/install/rm_interfaces/include/rm_interfaces/rm_interfaces/srv/detail/set_mode__rosidl_typesupport_introspection_c.h
-- Installing: /home/ooofieee/Desktop/ws_sim/install/rm_interfaces/lib/librm_interfaces__rosidl_typesupport_introspection_c.so
-- Set runtime path of "/home/ooofieee/Desktop/ws_sim/install/rm_interfaces/lib/librm_interfaces__rosidl_typesupport_introspection_c.so" to ""
-- Installing: /home/ooofieee/Desktop/ws_sim/install/rm_interfaces/lib/librm_interfaces__rosidl_typesupport_c.so
-- Set runtime path of "/home/ooofieee/Desktop/ws_sim/install/rm_interfaces/lib/librm_interfaces__rosidl_typesupport_c.so" to ""
-- Up-to-date: /home/ooofieee/Desktop/ws_sim/install/rm_interfaces/include/rm_interfaces/rm_interfaces
-- Up-to-date: /home/ooofieee/Desktop/ws_sim/install/rm_interfaces/include/rm_interfaces/rm_interfaces/msg
-- Installing: /home/ooofieee/Desktop/ws_sim/install/rm_interfaces/include/rm_interfaces/rm_interfaces/msg/gimbal_cmd.hpp
-- Installing: /home/ooofieee/Desktop/ws_sim/install/rm_interfaces/include/rm_interfaces/rm_interfaces/msg/serial_receive_data.hpp
-- Installing: /home/ooofieee/Desktop/ws_sim/install/rm_interfaces/include/rm_interfaces/rm_interfaces/msg/rosidl_generator_cpp__visibility_control.hpp
-- Up-to-date: /home/ooofieee/Desktop/ws_sim/install/rm_interfaces/include/rm_interfaces/rm_interfaces/msg/detail
-- Installing: /home/ooofieee/Desktop/ws_sim/install/rm_interfaces/include/rm_interfaces/rm_interfaces/msg/detail/serial_receive_data__struct.hpp
-- Installing: /home/ooofieee/Desktop/ws_sim/install/rm_interfaces/include/rm_interfaces/rm_interfaces/msg/detail/gimbal_cmd__struct.hpp
-- Installing: /home/ooofieee/Desktop/ws_sim/install/rm_interfaces/include/rm_interfaces/rm_interfaces/msg/detail/serial_receive_data__traits.hpp
-- Installing: /home/ooofieee/Desktop/ws_sim/install/rm_interfaces/include/rm_interfaces/rm_interfaces/msg/detail/serial_receive_data__type_support.hpp
-- Installing: /home/ooofieee/Desktop/ws_sim/install/rm_interfaces/include/rm_interfaces/rm_interfaces/msg/detail/serial_receive_data__builder.hpp
-- Installing: /home/ooofieee/Desktop/ws_sim/install/rm_interfaces/include/rm_interfaces/rm_interfaces/msg/detail/gimbal_cmd__traits.hpp
-- Installing: /home/ooofieee/Desktop/ws_sim/install/rm_interfaces/include/rm_interfaces/rm_interfaces/msg/detail/gimbal_cmd__type_support.hpp
-- Installing: /home/ooofieee/Desktop/ws_sim/install/rm_interfaces/include/rm_interfaces/rm_interfaces/msg/detail/gimbal_cmd__builder.hpp
-- Up-to-date: /home/ooofieee/Desktop/ws_sim/install/rm_interfaces/include/rm_interfaces/rm_interfaces/srv
-- Installing: /home/ooofieee/Desktop/ws_sim/install/rm_interfaces/include/rm_interfaces/rm_interfaces/srv/set_mode.hpp
-- Up-to-date: /home/ooofieee/Desktop/ws_sim/install/rm_interfaces/include/rm_interfaces/rm_interfaces/srv/detail
-- Installing: /home/ooofieee/Desktop/ws_sim/install/rm_interfaces/include/rm_interfaces/rm_interfaces/srv/detail/set_mode__builder.hpp
-- Installing: /home/ooofieee/Desktop/ws_sim/install/rm_interfaces/include/rm_interfaces/rm_interfaces/srv/detail/set_mode__traits.hpp
-- Installing: /home/ooofieee/Desktop/ws_sim/install/rm_interfaces/include/rm_interfaces/rm_interfaces/srv/detail/set_mode__type_support.hpp
-- Installing: /home/ooofieee/Desktop/ws_sim/install/rm_interfaces/include/rm_interfaces/rm_interfaces/srv/detail/set_mode__struct.hpp
-- Up-to-date: /home/ooofieee/Desktop/ws_sim/install/rm_interfaces/include/rm_interfaces/rm_interfaces
-- Up-to-date: /home/ooofieee/Desktop/ws_sim/install/rm_interfaces/include/rm_interfaces/rm_interfaces/msg
-- Up-to-date: /home/ooofieee/Desktop/ws_sim/install/rm_interfaces/include/rm_interfaces/rm_interfaces/msg/detail
-- Installing: /home/ooofieee/Desktop/ws_sim/install/rm_interfaces/include/rm_interfaces/rm_interfaces/msg/detail/gimbal_cmd__rosidl_typesupport_fastrtps_cpp.hpp
-- Installing: /home/ooofieee/Desktop/ws_sim/install/rm_interfaces/include/rm_interfaces/rm_interfaces/msg/detail/serial_receive_data__rosidl_typesupport_fastrtps_cpp.hpp
-- Installing: /home/ooofieee/Desktop/ws_sim/install/rm_interfaces/include/rm_interfaces/rm_interfaces/msg/detail/dds_fastrtps
-- Installing: /home/ooofieee/Desktop/ws_sim/install/rm_interfaces/include/rm_interfaces/rm_interfaces/msg/rosidl_typesupport_fastrtps_cpp__visibility_control.h
-- Up-to-date: /home/ooofieee/Desktop/ws_sim/install/rm_interfaces/include/rm_interfaces/rm_interfaces/srv
-- Up-to-date: /home/ooofieee/Desktop/ws_sim/install/rm_interfaces/include/rm_interfaces/rm_interfaces/srv/detail
-- Installing: /home/ooofieee/Desktop/ws_sim/install/rm_interfaces/include/rm_interfaces/rm_interfaces/srv/detail/set_mode__rosidl_typesupport_fastrtps_cpp.hpp
-- Installing: /home/ooofieee/Desktop/ws_sim/install/rm_interfaces/include/rm_interfaces/rm_interfaces/srv/detail/dds_fastrtps
-- Installing: /home/ooofieee/Desktop/ws_sim/install/rm_interfaces/lib/librm_interfaces__rosidl_typesupport_fastrtps_cpp.so
-- Set runtime path of "/home/ooofieee/Desktop/ws_sim/install/rm_interfaces/lib/librm_interfaces__rosidl_typesupport_fastrtps_cpp.so" to ""
-- Up-to-date: /home/ooofieee/Desktop/ws_sim/install/rm_interfaces/include/rm_interfaces/rm_interfaces
-- Up-to-date: /home/ooofieee/Desktop/ws_sim/install/rm_interfaces/include/rm_interfaces/rm_interfaces/msg
-- Up-to-date: /home/ooofieee/Desktop/ws_sim/install/rm_interfaces/include/rm_interfaces/rm_interfaces/msg/detail
-- Installing: /home/ooofieee/Desktop/ws_sim/install/rm_interfaces/include/rm_interfaces/rm_interfaces/msg/detail/gimbal_cmd__rosidl_typesupport_introspection_cpp.hpp
-- Installing: /home/ooofieee/Desktop/ws_sim/install/rm_interfaces/include/rm_interfaces/rm_interfaces/msg/detail/gimbal_cmd__type_support.cpp
-- Installing: /home/ooofieee/Desktop/ws_sim/install/rm_interfaces/include/rm_interfaces/rm_interfaces/msg/detail/serial_receive_data__rosidl_typesupport_introspection_cpp.hpp
-- Installing: /home/ooofieee/Desktop/ws_sim/install/rm_interfaces/include/rm_interfaces/rm_interfaces/msg/detail/serial_receive_data__type_support.cpp
-- Up-to-date: /home/ooofieee/Desktop/ws_sim/install/rm_interfaces/include/rm_interfaces/rm_interfaces/srv
-- Up-to-date: /home/ooofieee/Desktop/ws_sim/install/rm_interfaces/include/rm_interfaces/rm_interfaces/srv/detail
-- Installing: /home/ooofieee/Desktop/ws_sim/install/rm_interfaces/include/rm_interfaces/rm_interfaces/srv/detail/set_mode__type_support.cpp
-- Installing: /home/ooofieee/Desktop/ws_sim/install/rm_interfaces/include/rm_interfaces/rm_interfaces/srv/detail/set_mode__rosidl_typesupport_introspection_cpp.hpp
-- Installing: /home/ooofieee/Desktop/ws_sim/install/rm_interfaces/lib/librm_interfaces__rosidl_typesupport_introspection_cpp.so
-- Set runtime path of "/home/ooofieee/Desktop/ws_sim/install/rm_interfaces/lib/librm_interfaces__rosidl_typesupport_introspection_cpp.so" to ""
-- Installing: /home/ooofieee/Desktop/ws_sim/install/rm_interfaces/lib/librm_interfaces__rosidl_typesupport_cpp.so
-- Set runtime path of "/home/ooofieee/Desktop/ws_sim/install/rm_interfaces/lib/librm_interfaces__rosidl_typesupport_cpp.so" to ""
-- Installing: /home/ooofieee/Desktop/ws_sim/install/rm_interfaces/share/rm_interfaces/environment/pythonpath.sh
-- Installing: /home/ooofieee/Desktop/ws_sim/install/rm_interfaces/share/rm_interfaces/environment/pythonpath.dsv
-- Installing: /home/ooofieee/Desktop/ws_sim/install/rm_interfaces/local/lib/python3.10/dist-packages/rm_interfaces-0.0.0-py3.10.egg-info
-- Installing: /home/ooofieee/Desktop/ws_sim/install/rm_interfaces/local/lib/python3.10/dist-packages/rm_interfaces-0.0.0-py3.10.egg-info/PKG-INFO
-- Installing: /home/ooofieee/Desktop/ws_sim/install/rm_interfaces/local/lib/python3.10/dist-packages/rm_interfaces-0.0.0-py3.10.egg-info/SOURCES.txt
-- Installing: /home/ooofieee/Desktop/ws_sim/install/rm_interfaces/local/lib/python3.10/dist-packages/rm_interfaces-0.0.0-py3.10.egg-info/top_level.txt
-- Installing: /home/ooofieee/Desktop/ws_sim/install/rm_interfaces/local/lib/python3.10/dist-packages/rm_interfaces-0.0.0-py3.10.egg-info/dependency_links.txt
-- Installing: /home/ooofieee/Desktop/ws_sim/install/rm_interfaces/local/lib/python3.10/dist-packages/rm_interfaces
-- Installing: /home/ooofieee/Desktop/ws_sim/install/rm_interfaces/local/lib/python3.10/dist-packages/rm_interfaces/librm_interfaces__rosidl_generator_py.so
-- Installing: /home/ooofieee/Desktop/ws_sim/install/rm_interfaces/local/lib/python3.10/dist-packages/rm_interfaces/rm_interfaces_s__rosidl_typesupport_c.cpython-310-x86_64-linux-gnu.so
-- Installing: /home/ooofieee/Desktop/ws_sim/install/rm_interfaces/local/lib/python3.10/dist-packages/rm_interfaces/__init__.py
-- Installing: /home/ooofieee/Desktop/ws_sim/install/rm_interfaces/local/lib/python3.10/dist-packages/rm_interfaces/rm_interfaces_s__rosidl_typesupport_introspection_c.cpython-310-x86_64-linux-gnu.so
-- Installing: /home/ooofieee/Desktop/ws_sim/install/rm_interfaces/local/lib/python3.10/dist-packages/rm_interfaces/_rm_interfaces_s.ep.rosidl_typesupport_introspection_c.c
-- Installing: /home/ooofieee/Desktop/ws_sim/install/rm_interfaces/local/lib/python3.10/dist-packages/rm_interfaces/msg
-- Installing: /home/ooofieee/Desktop/ws_sim/install/rm_interfaces/local/lib/python3.10/dist-packages/rm_interfaces/msg/_serial_receive_data_s.c
-- Installing: /home/ooofieee/Desktop/ws_sim/install/rm_interfaces/local/lib/python3.10/dist-packages/rm_interfaces/msg/__init__.py
-- Installing: /home/ooofieee/Desktop/ws_sim/install/rm_interfaces/local/lib/python3.10/dist-packages/rm_interfaces/msg/_serial_receive_data.py
-- Installing: /home/ooofieee/Desktop/ws_sim/install/rm_interfaces/local/lib/python3.10/dist-packages/rm_interfaces/msg/_gimbal_cmd_s.c
-- Installing: /home/ooofieee/Desktop/ws_sim/install/rm_interfaces/local/lib/python3.10/dist-packages/rm_interfaces/msg/_gimbal_cmd.py
-- Installing: /home/ooofieee/Desktop/ws_sim/install/rm_interfaces/local/lib/python3.10/dist-packages/rm_interfaces/srv
-- Installing: /home/ooofieee/Desktop/ws_sim/install/rm_interfaces/local/lib/python3.10/dist-packages/rm_interfaces/srv/_set_mode.py
-- Installing: /home/ooofieee/Desktop/ws_sim/install/rm_interfaces/local/lib/python3.10/dist-packages/rm_interfaces/srv/__init__.py
-- Installing: /home/ooofieee/Desktop/ws_sim/install/rm_interfaces/local/lib/python3.10/dist-packages/rm_interfaces/srv/_set_mode_s.c
-- Installing: /home/ooofieee/Desktop/ws_sim/install/rm_interfaces/local/lib/python3.10/dist-packages/rm_interfaces/rm_interfaces_s__rosidl_typesupport_fastrtps_c.cpython-310-x86_64-linux-gnu.so
-- Installing: /home/ooofieee/Desktop/ws_sim/install/rm_interfaces/local/lib/python3.10/dist-packages/rm_interfaces/_rm_interfaces_s.ep.rosidl_typesupport_c.c
-- Installing: /home/ooofieee/Desktop/ws_sim/install/rm_interfaces/local/lib/python3.10/dist-packages/rm_interfaces/_rm_interfaces_s.ep.rosidl_typesupport_fastrtps_c.c
Listing '/home/ooofieee/Desktop/ws_sim/install/rm_interfaces/local/lib/python3.10/dist-packages/rm_interfaces'...
Compiling '/home/ooofieee/Desktop/ws_sim/install/rm_interfaces/local/lib/python3.10/dist-packages/rm_interfaces/__init__.py'...
Listing '/home/ooofieee/Desktop/ws_sim/install/rm_interfaces/local/lib/python3.10/dist-packages/rm_interfaces/msg'...
Compiling '/home/ooofieee/Desktop/ws_sim/install/rm_interfaces/local/lib/python3.10/dist-packages/rm_interfaces/msg/__init__.py'...
Compiling '/home/ooofieee/Desktop/ws_sim/install/rm_interfaces/local/lib/python3.10/dist-packages/rm_interfaces/msg/_gimbal_cmd.py'...
Compiling '/home/ooofieee/Desktop/ws_sim/install/rm_interfaces/local/lib/python3.10/dist-packages/rm_interfaces/msg/_serial_receive_data.py'...
Listing '/home/ooofieee/Desktop/ws_sim/install/rm_interfaces/local/lib/python3.10/dist-packages/rm_interfaces/srv'...
Compiling '/home/ooofieee/Desktop/ws_sim/install/rm_interfaces/local/lib/python3.10/dist-packages/rm_interfaces/srv/__init__.py'...
Compiling '/home/ooofieee/Desktop/ws_sim/install/rm_interfaces/local/lib/python3.10/dist-packages/rm_interfaces/srv/_set_mode.py'...
-- Installing: /home/ooofieee/Desktop/ws_sim/install/rm_interfaces/local/lib/python3.10/dist-packages/rm_interfaces/rm_interfaces_s__rosidl_typesupport_fastrtps_c.cpython-310-x86_64-linux-gnu.so
-- Set runtime path of "/home/ooofieee/Desktop/ws_sim/install/rm_interfaces/local/lib/python3.10/dist-packages/rm_interfaces/rm_interfaces_s__rosidl_typesupport_fastrtps_c.cpython-310-x86_64-linux-gnu.so" to ""
-- Installing: /home/ooofieee/Desktop/ws_sim/install/rm_interfaces/local/lib/python3.10/dist-packages/rm_interfaces/rm_interfaces_s__rosidl_typesupport_introspection_c.cpython-310-x86_64-linux-gnu.so
-- Set runtime path of "/home/ooofieee/Desktop/ws_sim/install/rm_interfaces/local/lib/python3.10/dist-packages/rm_interfaces/rm_interfaces_s__rosidl_typesupport_introspection_c.cpython-310-x86_64-linux-gnu.so" to ""
-- Installing: /home/ooofieee/Desktop/ws_sim/install/rm_interfaces/local/lib/python3.10/dist-packages/rm_interfaces/rm_interfaces_s__rosidl_typesupport_c.cpython-310-x86_64-linux-gnu.so
-- Set runtime path of "/home/ooofieee/Desktop/ws_sim/install/rm_interfaces/local/lib/python3.10/dist-packages/rm_interfaces/rm_interfaces_s__rosidl_typesupport_c.cpython-310-x86_64-linux-gnu.so" to ""
-- Installing: /home/ooofieee/Desktop/ws_sim/install/rm_interfaces/lib/librm_interfaces__rosidl_generator_py.so
-- Set runtime path of "/home/ooofieee/Desktop/ws_sim/install/rm_interfaces/lib/librm_interfaces__rosidl_generator_py.so" to ""
-- Installing: /home/ooofieee/Desktop/ws_sim/install/rm_interfaces/share/rm_interfaces/msg/GimbalCmd.idl
-- Installing: /home/ooofieee/Desktop/ws_sim/install/rm_interfaces/share/rm_interfaces/msg/SerialReceiveData.idl
-- Installing: /home/ooofieee/Desktop/ws_sim/install/rm_interfaces/share/rm_interfaces/srv/SetMode.idl
-- Installing: /home/ooofieee/Desktop/ws_sim/install/rm_interfaces/share/rm_interfaces/msg/GimbalCmd.msg
-- Installing: /home/ooofieee/Desktop/ws_sim/install/rm_interfaces/share/rm_interfaces/msg/SerialReceiveData.msg
-- Installing: /home/ooofieee/Desktop/ws_sim/install/rm_interfaces/share/rm_interfaces/srv/SetMode.srv
-- Installing: /home/ooofieee/Desktop/ws_sim/install/rm_interfaces/share/rm_interfaces/srv/SetMode_Request.msg
-- Installing: /home/ooofieee/Desktop/ws_sim/install/rm_interfaces/share/rm_interfaces/srv/SetMode_Response.msg
-- Installing: /home/ooofieee/Desktop/ws_sim/install/rm_interfaces/share/ament_index/resource_index/package_run_dependencies/rm_interfaces
-- Installing: /home/ooofieee/Desktop/ws_sim/install/rm_interfaces/share/ament_index/resource_index/parent_prefix_path/rm_interfaces
-- Installing: /home/ooofieee/Desktop/ws_sim/install/rm_interfaces/share/rm_interfaces/environment/ament_prefix_path.sh
-- Installing: /home/ooofieee/Desktop/ws_sim/install/rm_interfaces/share/rm_interfaces/environment/ament_prefix_path.dsv
-- Installing: /home/ooofieee/Desktop/ws_sim/install/rm_interfaces/share/rm_interfaces/environment/path.sh
-- Installing: /home/ooofieee/Desktop/ws_sim/install/rm_interfaces/share/rm_interfaces/environment/path.dsv
-- Installing: /home/ooofieee/Desktop/ws_sim/install/rm_interfaces/share/rm_interfaces/local_setup.bash
-- Installing: /home/ooofieee/Desktop/ws_sim/install/rm_interfaces/share/rm_interfaces/local_setup.sh
-- Installing: /home/ooofieee/Desktop/ws_sim/install/rm_interfaces/share/rm_interfaces/local_setup.zsh
-- Installing: /home/ooofieee/Desktop/ws_sim/install/rm_interfaces/share/rm_interfaces/local_setup.dsv
-- Installing: /home/ooofieee/Desktop/ws_sim/install/rm_interfaces/share/rm_interfaces/package.dsv
-- Installing: /home/ooofieee/Desktop/ws_sim/install/rm_interfaces/share/ament_index/resource_index/packages/rm_interfaces
-- Installing: /home/ooofieee/Desktop/ws_sim/install/rm_interfaces/share/rm_interfaces/cmake/export_rm_interfaces__rosidl_generator_cExport.cmake
-- Installing: /home/ooofieee/Desktop/ws_sim/install/rm_interfaces/share/rm_interfaces/cmake/export_rm_interfaces__rosidl_generator_cExport-noconfig.cmake
-- Installing: /home/ooofieee/Desktop/ws_sim/install/rm_interfaces/share/rm_interfaces/cmake/export_rm_interfaces__rosidl_typesupport_fastrtps_cExport.cmake
-- Installing: /home/ooofieee/Desktop/ws_sim/install/rm_interfaces/share/rm_interfaces/cmake/export_rm_interfaces__rosidl_typesupport_fastrtps_cExport-noconfig.cmake
-- Installing: /home/ooofieee/Desktop/ws_sim/install/rm_interfaces/share/rm_interfaces/cmake/rm_interfaces__rosidl_typesupport_introspection_cExport.cmake
-- Installing: /home/ooofieee/Desktop/ws_sim/install/rm_interfaces/share/rm_interfaces/cmake/rm_interfaces__rosidl_typesupport_introspection_cExport-noconfig.cmake
-- Installing: /home/ooofieee/Desktop/ws_sim/install/rm_interfaces/share/rm_interfaces/cmake/rm_interfaces__rosidl_typesupport_cExport.cmake
-- Installing: /home/ooofieee/Desktop/ws_sim/install/rm_interfaces/share/rm_interfaces/cmake/rm_interfaces__rosidl_typesupport_cExport-noconfig.cmake
-- Installing: /home/ooofieee/Desktop/ws_sim/install/rm_interfaces/share/rm_interfaces/cmake/export_rm_interfaces__rosidl_generator_cppExport.cmake
-- Installing: /home/ooofieee/Desktop/ws_sim/install/rm_interfaces/share/rm_interfaces/cmake/export_rm_interfaces__rosidl_typesupport_fastrtps_cppExport.cmake
-- Installing: /home/ooofieee/Desktop/ws_sim/install/rm_interfaces/share/rm_interfaces/cmake/export_rm_interfaces__rosidl_typesupport_fastrtps_cppExport-noconfig.cmake
-- Installing: /home/ooofieee/Desktop/ws_sim/install/rm_interfaces/share/rm_interfaces/cmake/rm_interfaces__rosidl_typesupport_introspection_cppExport.cmake
-- Installing: /home/ooofieee/Desktop/ws_sim/install/rm_interfaces/share/rm_interfaces/cmake/rm_interfaces__rosidl_typesupport_introspection_cppExport-noconfig.cmake
-- Installing: /home/ooofieee/Desktop/ws_sim/install/rm_interfaces/share/rm_interfaces/cmake/rm_interfaces__rosidl_typesupport_cppExport.cmake
-- Installing: /home/ooofieee/Desktop/ws_sim/install/rm_interfaces/share/rm_interfaces/cmake/rm_interfaces__rosidl_typesupport_cppExport-noconfig.cmake
-- Installing: /home/ooofieee/Desktop/ws_sim/install/rm_interfaces/share/rm_interfaces/cmake/export_rm_interfaces__rosidl_generator_pyExport.cmake
-- Installing: /home/ooofieee/Desktop/ws_sim/install/rm_interfaces/share/rm_interfaces/cmake/export_rm_interfaces__rosidl_generator_pyExport-noconfig.cmake
-- Installing: /home/ooofieee/Desktop/ws_sim/install/rm_interfaces/share/rm_interfaces/cmake/rosidl_cmake-extras.cmake
-- Installing: /home/ooofieee/Desktop/ws_sim/install/rm_interfaces/share/rm_interfaces/cmake/ament_cmake_export_dependencies-extras.cmake
-- Installing: /home/ooofieee/Desktop/ws_sim/install/rm_interfaces/share/rm_interfaces/cmake/ament_cmake_export_include_directories-extras.cmake
-- Installing: /home/ooofieee/Desktop/ws_sim/install/rm_interfaces/share/rm_interfaces/cmake/ament_cmake_export_libraries-extras.cmake
-- Installing: /home/ooofieee/Desktop/ws_sim/install/rm_interfaces/share/rm_interfaces/cmake/ament_cmake_export_targets-extras.cmake
-- Installing: /home/ooofieee/Desktop/ws_sim/install/rm_interfaces/share/rm_interfaces/cmake/rosidl_cmake_export_typesupport_targets-extras.cmake
-- Installing: /home/ooofieee/Desktop/ws_sim/install/rm_interfaces/share/rm_interfaces/cmake/rosidl_cmake_export_typesupport_libraries-extras.cmake
-- Installing: /home/ooofieee/Desktop/ws_sim/install/rm_interfaces/share/rm_interfaces/cmake/rm_interfacesConfig.cmake
-- Installing: /home/ooofieee/Desktop/ws_sim/install/rm_interfaces/share/rm_interfaces/cmake/rm_interfacesConfig-version.cmake
-- Installing: /home/ooofieee/Desktop/ws_sim/install/rm_interfaces/share/rm_interfaces/package.xml
