[0.012s] Invoking command in '/home/ooofieee/Desktop/ws_sim/build/rm_interfaces': CMAKE_PREFIX_PATH=${CMAKE_PREFIX_PATH}:/opt/ros/humble /bin/cmake /home/ooofieee/Desktop/ws_sim/src/rm_interfaces -DCMAKE_INSTALL_PREFIX=/home/ooofieee/Desktop/ws_sim/install/rm_interfaces
[0.050s] -- The C compiler identification is GNU 12.3.0
[0.088s] -- The CXX compiler identification is GNU 12.3.0
[0.094s] -- Detecting C compiler ABI info
[0.139s] -- Detecting C compiler ABI info - done
[0.144s] -- Check for working C compiler: /bin/cc - skipped
[0.145s] -- Detecting C compile features
[0.145s] -- Detecting C compile features - done
[0.147s] -- Detecting CXX compiler ABI info
[0.201s] -- Detecting CXX compiler ABI info - done
[0.206s] -- Check for working CXX compiler: /bin/c++ - skipped
[0.206s] -- Detecting CXX compile features
[0.206s] -- Detecting CXX compile features - done
[0.208s] -- Found ament_cmake: 1.3.12 (/opt/ros/humble/share/ament_cmake/cmake)
[0.357s] -- Found Python3: /bin/python3 (found version "3.10.12") found components: Interpreter 
[0.460s] -- Found rosidl_default_generators: 1.2.0 (/opt/ros/humble/share/rosidl_default_generators/cmake)
[0.465s] -- Using all available rosidl_typesupport_c: rosidl_typesupport_fastrtps_c;rosidl_typesupport_introspection_c
[0.474s] -- Found rosidl_adapter: 3.1.8 (/opt/ros/humble/share/rosidl_adapter/cmake)
[0.511s] -- Using all available rosidl_typesupport_cpp: rosidl_typesupport_fastrtps_cpp;rosidl_typesupport_introspection_cpp
[0.545s] -- Found geometry_msgs: 4.9.0 (/opt/ros/humble/share/geometry_msgs/cmake)
[0.813s] -- Found ament_cmake_ros: 0.10.0 (/opt/ros/humble/share/ament_cmake_ros/cmake)
[1.028s] -- Using all available rosidl_typesupport_c: rosidl_typesupport_fastrtps_c;rosidl_typesupport_introspection_c
[1.356s] -- Using all available rosidl_typesupport_cpp: rosidl_typesupport_fastrtps_cpp;rosidl_typesupport_introspection_cpp
[1.379s] -- Found PythonInterp: /bin/python3 (found suitable version "3.10.12", minimum required is "3.6") 
[1.382s] -- Found python_cmake_module: 0.10.0 (/opt/ros/humble/share/python_cmake_module/cmake)
[1.409s] -- Found PythonLibs: /usr/lib/x86_64-linux-gnu/libpython3.10.so (found suitable version "3.10.12", minimum required is "3.5") 
[1.409s] -- Using PYTHON_EXECUTABLE: /bin/python3
[1.409s] -- Using PYTHON_INCLUDE_DIRS: /usr/include/python3.10
[1.409s] -- Using PYTHON_LIBRARIES: /usr/lib/x86_64-linux-gnu/libpython3.10.so
[1.433s] -- Found PythonExtra: .so  
[1.637s] -- Using numpy include directory: /usr/local/lib/python3.10/dist-packages/numpy/_core/include
[1.651s] -- Configuring done
[1.674s] -- Generating done
[1.683s] -- Build files have been written to: /home/ooofieee/Desktop/ws_sim/build/rm_interfaces
[1.690s] Invoked command in '/home/ooofieee/Desktop/ws_sim/build/rm_interfaces' returned '0': CMAKE_PREFIX_PATH=${CMAKE_PREFIX_PATH}:/opt/ros/humble /bin/cmake /home/ooofieee/Desktop/ws_sim/src/rm_interfaces -DCMAKE_INSTALL_PREFIX=/home/ooofieee/Desktop/ws_sim/install/rm_interfaces
[1.692s] Invoking command in '/home/ooofieee/Desktop/ws_sim/build/rm_interfaces': CMAKE_PREFIX_PATH=${CMAKE_PREFIX_PATH}:/opt/ros/humble /bin/cmake --build /home/ooofieee/Desktop/ws_sim/build/rm_interfaces -- -j16 -l16
[1.717s] [  2%] [34m[1mGenerating C code for ROS interfaces[0m
[1.724s] [  4%] [34m[1mGenerating C++ code for ROS interfaces[0m
[1.729s] [  4%] Built target ament_cmake_python_copy_rm_interfaces
[1.906s] running egg_info
[1.907s] creating rm_interfaces.egg-info
[1.907s] writing rm_interfaces.egg-info/PKG-INFO
[1.907s] writing dependency_links to rm_interfaces.egg-info/dependency_links.txt
[1.907s] writing top-level names to rm_interfaces.egg-info/top_level.txt
[1.907s] writing manifest file 'rm_interfaces.egg-info/SOURCES.txt'
[1.908s] reading manifest file 'rm_interfaces.egg-info/SOURCES.txt'
[1.909s] writing manifest file 'rm_interfaces.egg-info/SOURCES.txt'
[1.930s] [  4%] Built target ament_cmake_python_build_rm_interfaces_egg
[2.024s] [  4%] Built target rm_interfaces__cpp
[2.031s] [  6%] [34m[1mGenerating C++ type support for eProsima Fast-RTPS[0m
[2.031s] [  8%] [34m[1mGenerating C++ introspection for ROS interfaces[0m
[2.032s] [ 10%] [34m[1mGenerating C++ type support dispatch for ROS interfaces[0m
[2.037s] [ 12%] [32mBuilding C object CMakeFiles/rm_interfaces__rosidl_generator_c.dir/rosidl_generator_c/rm_interfaces/msg/detail/serial_receive_data__functions.c.o[0m
[2.038s] [ 14%] [32mBuilding C object CMakeFiles/rm_interfaces__rosidl_generator_c.dir/rosidl_generator_c/rm_interfaces/msg/detail/gimbal_cmd__functions.c.o[0m
[2.038s] [ 17%] [32mBuilding C object CMakeFiles/rm_interfaces__rosidl_generator_c.dir/rosidl_generator_c/rm_interfaces/srv/detail/set_mode__functions.c.o[0m
[2.105s] [ 19%] [32m[1mLinking C shared library librm_interfaces__rosidl_generator_c.so[0m
[2.131s] [ 19%] Built target rm_interfaces__rosidl_generator_c
[2.140s] [ 25%] [34m[1mGenerating C introspection for ROS interfaces[0m
[2.140s] [ 25%] [34m[1mGenerating C type support dispatch for ROS interfaces[0m
[2.140s] [ 25%] [34m[1mGenerating C type support for eProsima Fast-RTPS[0m
[2.339s] [ 27%] [32mBuilding CXX object CMakeFiles/rm_interfaces__rosidl_typesupport_introspection_cpp.dir/rosidl_typesupport_introspection_cpp/rm_interfaces/msg/detail/serial_receive_data__type_support.cpp.o[0m
[2.339s] [ 31%] [32mBuilding CXX object CMakeFiles/rm_interfaces__rosidl_typesupport_introspection_cpp.dir/rosidl_typesupport_introspection_cpp/rm_interfaces/srv/detail/set_mode__type_support.cpp.o[0m
[2.339s] [ 31%] [32mBuilding CXX object CMakeFiles/rm_interfaces__rosidl_typesupport_introspection_cpp.dir/rosidl_typesupport_introspection_cpp/rm_interfaces/msg/detail/gimbal_cmd__type_support.cpp.o[0m
[2.365s] [ 34%] [32mBuilding CXX object CMakeFiles/rm_interfaces__rosidl_typesupport_cpp.dir/rosidl_typesupport_cpp/rm_interfaces/msg/serial_receive_data__type_support.cpp.o[0m
[2.366s] [ 36%] [32mBuilding CXX object CMakeFiles/rm_interfaces__rosidl_typesupport_cpp.dir/rosidl_typesupport_cpp/rm_interfaces/msg/gimbal_cmd__type_support.cpp.o[0m
[2.366s] [ 38%] [32mBuilding CXX object CMakeFiles/rm_interfaces__rosidl_typesupport_cpp.dir/rosidl_typesupport_cpp/rm_interfaces/srv/set_mode__type_support.cpp.o[0m
[2.393s] [ 40%] [32mBuilding CXX object CMakeFiles/rm_interfaces__rosidl_typesupport_fastrtps_cpp.dir/rosidl_typesupport_fastrtps_cpp/rm_interfaces/srv/detail/dds_fastrtps/set_mode__type_support.cpp.o[0m
[2.395s] [ 42%] [32mBuilding CXX object CMakeFiles/rm_interfaces__rosidl_typesupport_fastrtps_cpp.dir/rosidl_typesupport_fastrtps_cpp/rm_interfaces/msg/detail/dds_fastrtps/serial_receive_data__type_support.cpp.o[0m
[2.400s] [ 44%] [32mBuilding CXX object CMakeFiles/rm_interfaces__rosidl_typesupport_fastrtps_cpp.dir/rosidl_typesupport_fastrtps_cpp/rm_interfaces/msg/detail/dds_fastrtps/gimbal_cmd__type_support.cpp.o[0m
[2.469s] [ 46%] [32mBuilding CXX object CMakeFiles/rm_interfaces__rosidl_typesupport_c.dir/rosidl_typesupport_c/rm_interfaces/msg/gimbal_cmd__type_support.cpp.o[0m
[2.480s] [ 48%] [32mBuilding CXX object CMakeFiles/rm_interfaces__rosidl_typesupport_c.dir/rosidl_typesupport_c/rm_interfaces/msg/serial_receive_data__type_support.cpp.o[0m
[2.483s] [ 51%] [32mBuilding CXX object CMakeFiles/rm_interfaces__rosidl_typesupport_c.dir/rosidl_typesupport_c/rm_interfaces/srv/set_mode__type_support.cpp.o[0m
[2.553s] [ 53%] [32m[1mLinking CXX shared library librm_interfaces__rosidl_typesupport_c.so[0m
[2.651s] [ 53%] Built target rm_interfaces__rosidl_typesupport_c
[2.675s] [ 55%] [32mBuilding C object CMakeFiles/rm_interfaces__rosidl_typesupport_introspection_c.dir/rosidl_typesupport_introspection_c/rm_interfaces/msg/detail/gimbal_cmd__type_support.c.o[0m
[2.686s] [ 59%] [32mBuilding C object CMakeFiles/rm_interfaces__rosidl_typesupport_introspection_c.dir/rosidl_typesupport_introspection_c/rm_interfaces/msg/detail/serial_receive_data__type_support.c.o[0m
[2.687s] [ 59%] [32mBuilding C object CMakeFiles/rm_interfaces__rosidl_typesupport_introspection_c.dir/rosidl_typesupport_introspection_c/rm_interfaces/srv/detail/set_mode__type_support.c.o[0m
[2.743s] [ 61%] [32mBuilding CXX object CMakeFiles/rm_interfaces__rosidl_typesupport_fastrtps_c.dir/rosidl_typesupport_fastrtps_c/rm_interfaces/msg/detail/gimbal_cmd__type_support_c.cpp.o[0m
[2.743s] [ 63%] [32mBuilding CXX object CMakeFiles/rm_interfaces__rosidl_typesupport_fastrtps_c.dir/rosidl_typesupport_fastrtps_c/rm_interfaces/msg/detail/serial_receive_data__type_support_c.cpp.o[0m
[2.750s] [ 65%] [32mBuilding CXX object CMakeFiles/rm_interfaces__rosidl_typesupport_fastrtps_c.dir/rosidl_typesupport_fastrtps_c/rm_interfaces/srv/detail/set_mode__type_support_c.cpp.o[0m
[2.751s] [ 68%] [32m[1mLinking C shared library librm_interfaces__rosidl_typesupport_introspection_c.so[0m
[2.787s] [ 68%] Built target rm_interfaces__rosidl_typesupport_introspection_c
[2.795s] [ 70%] [32m[1mLinking CXX shared library librm_interfaces__rosidl_typesupport_cpp.so[0m
[2.836s] [ 70%] Built target rm_interfaces__rosidl_typesupport_cpp
[2.840s] [ 72%] [32m[1mLinking CXX shared library librm_interfaces__rosidl_typesupport_introspection_cpp.so[0m
[2.888s] [ 72%] Built target rm_interfaces__rosidl_typesupport_introspection_cpp
[2.966s] [ 74%] [32m[1mLinking CXX shared library librm_interfaces__rosidl_typesupport_fastrtps_cpp.so[0m
[3.019s] [ 74%] Built target rm_interfaces__rosidl_typesupport_fastrtps_cpp
[3.150s] [ 76%] [32m[1mLinking CXX shared library librm_interfaces__rosidl_typesupport_fastrtps_c.so[0m
[3.200s] [ 76%] Built target rm_interfaces__rosidl_typesupport_fastrtps_c
[3.215s] [ 76%] Built target rm_interfaces
[3.229s] [ 78%] [34m[1mGenerating Python code for ROS interfaces[0m
[3.642s] [ 78%] Built target rm_interfaces__py
[3.656s] [ 85%] [32mBuilding C object CMakeFiles/rm_interfaces__rosidl_generator_py.dir/rosidl_generator_py/rm_interfaces/srv/_set_mode_s.c.o[0m
[3.656s] [ 85%] [32mBuilding C object CMakeFiles/rm_interfaces__rosidl_generator_py.dir/rosidl_generator_py/rm_interfaces/msg/_gimbal_cmd_s.c.o[0m
[3.656s] [ 85%] [32mBuilding C object CMakeFiles/rm_interfaces__rosidl_generator_py.dir/rosidl_generator_py/rm_interfaces/msg/_serial_receive_data_s.c.o[0m
[3.737s] [ 87%] [32m[1mLinking C shared library rosidl_generator_py/rm_interfaces/librm_interfaces__rosidl_generator_py.so[0m
[3.766s] [ 87%] Built target rm_interfaces__rosidl_generator_py
[3.780s] [ 93%] [32mBuilding C object CMakeFiles/rm_interfaces__rosidl_typesupport_introspection_c__pyext.dir/rosidl_generator_py/rm_interfaces/_rm_interfaces_s.ep.rosidl_typesupport_introspection_c.c.o[0m
[3.780s] [ 93%] [32mBuilding C object CMakeFiles/rm_interfaces__rosidl_typesupport_c__pyext.dir/rosidl_generator_py/rm_interfaces/_rm_interfaces_s.ep.rosidl_typesupport_c.c.o[0m
[3.780s] [ 93%] [32mBuilding C object CMakeFiles/rm_interfaces__rosidl_typesupport_fastrtps_c__pyext.dir/rosidl_generator_py/rm_interfaces/_rm_interfaces_s.ep.rosidl_typesupport_fastrtps_c.c.o[0m
[3.859s] [100%] [32m[1mLinking C shared library rosidl_generator_py/rm_interfaces/rm_interfaces_s__rosidl_typesupport_c.cpython-310-x86_64-linux-gnu.so[0m
[3.859s] [100%] [32m[1mLinking C shared library rosidl_generator_py/rm_interfaces/rm_interfaces_s__rosidl_typesupport_fastrtps_c.cpython-310-x86_64-linux-gnu.so[0m
[3.859s] [100%] [32m[1mLinking C shared library rosidl_generator_py/rm_interfaces/rm_interfaces_s__rosidl_typesupport_introspection_c.cpython-310-x86_64-linux-gnu.so[0m
[3.886s] [100%] Built target rm_interfaces__rosidl_typesupport_introspection_c__pyext
[3.886s] [100%] Built target rm_interfaces__rosidl_typesupport_c__pyext
[3.886s] [100%] Built target rm_interfaces__rosidl_typesupport_fastrtps_c__pyext
[3.894s] Invoked command in '/home/ooofieee/Desktop/ws_sim/build/rm_interfaces' returned '0': CMAKE_PREFIX_PATH=${CMAKE_PREFIX_PATH}:/opt/ros/humble /bin/cmake --build /home/ooofieee/Desktop/ws_sim/build/rm_interfaces -- -j16 -l16
[3.895s] Invoking command in '/home/ooofieee/Desktop/ws_sim/build/rm_interfaces': CMAKE_PREFIX_PATH=${CMAKE_PREFIX_PATH}:/opt/ros/humble /bin/cmake --install /home/ooofieee/Desktop/ws_sim/build/rm_interfaces
[3.901s] -- Install configuration: ""
[3.901s] -- Installing: /home/ooofieee/Desktop/ws_sim/install/rm_interfaces/share/ament_index/resource_index/rosidl_interfaces/rm_interfaces
[3.901s] -- Installing: /home/ooofieee/Desktop/ws_sim/install/rm_interfaces/include/rm_interfaces/rm_interfaces
[3.901s] -- Installing: /home/ooofieee/Desktop/ws_sim/install/rm_interfaces/include/rm_interfaces/rm_interfaces/msg
[3.901s] -- Installing: /home/ooofieee/Desktop/ws_sim/install/rm_interfaces/include/rm_interfaces/rm_interfaces/msg/detail
[3.901s] -- Installing: /home/ooofieee/Desktop/ws_sim/install/rm_interfaces/include/rm_interfaces/rm_interfaces/msg/detail/serial_receive_data__functions.h
[3.901s] -- Installing: /home/ooofieee/Desktop/ws_sim/install/rm_interfaces/include/rm_interfaces/rm_interfaces/msg/detail/serial_receive_data__functions.c
[3.901s] -- Installing: /home/ooofieee/Desktop/ws_sim/install/rm_interfaces/include/rm_interfaces/rm_interfaces/msg/detail/serial_receive_data__type_support.h
[3.901s] -- Installing: /home/ooofieee/Desktop/ws_sim/install/rm_interfaces/include/rm_interfaces/rm_interfaces/msg/detail/gimbal_cmd__functions.c
[3.901s] -- Installing: /home/ooofieee/Desktop/ws_sim/install/rm_interfaces/include/rm_interfaces/rm_interfaces/msg/detail/gimbal_cmd__type_support.h
[3.901s] -- Installing: /home/ooofieee/Desktop/ws_sim/install/rm_interfaces/include/rm_interfaces/rm_interfaces/msg/detail/gimbal_cmd__struct.h
[3.902s] -- Installing: /home/ooofieee/Desktop/ws_sim/install/rm_interfaces/include/rm_interfaces/rm_interfaces/msg/detail/serial_receive_data__struct.h
[3.902s] -- Installing: /home/ooofieee/Desktop/ws_sim/install/rm_interfaces/include/rm_interfaces/rm_interfaces/msg/detail/gimbal_cmd__functions.h
[3.902s] -- Installing: /home/ooofieee/Desktop/ws_sim/install/rm_interfaces/include/rm_interfaces/rm_interfaces/msg/gimbal_cmd.h
[3.902s] -- Installing: /home/ooofieee/Desktop/ws_sim/install/rm_interfaces/include/rm_interfaces/rm_interfaces/msg/rosidl_generator_c__visibility_control.h
[3.902s] -- Installing: /home/ooofieee/Desktop/ws_sim/install/rm_interfaces/include/rm_interfaces/rm_interfaces/msg/serial_receive_data.h
[3.902s] -- Installing: /home/ooofieee/Desktop/ws_sim/install/rm_interfaces/include/rm_interfaces/rm_interfaces/srv
[3.902s] -- Installing: /home/ooofieee/Desktop/ws_sim/install/rm_interfaces/include/rm_interfaces/rm_interfaces/srv/set_mode.h
[3.902s] -- Installing: /home/ooofieee/Desktop/ws_sim/install/rm_interfaces/include/rm_interfaces/rm_interfaces/srv/detail
[3.902s] -- Installing: /home/ooofieee/Desktop/ws_sim/install/rm_interfaces/include/rm_interfaces/rm_interfaces/srv/detail/set_mode__functions.h
[3.902s] -- Installing: /home/ooofieee/Desktop/ws_sim/install/rm_interfaces/include/rm_interfaces/rm_interfaces/srv/detail/set_mode__type_support.h
[3.902s] -- Installing: /home/ooofieee/Desktop/ws_sim/install/rm_interfaces/include/rm_interfaces/rm_interfaces/srv/detail/set_mode__functions.c
[3.902s] -- Installing: /home/ooofieee/Desktop/ws_sim/install/rm_interfaces/include/rm_interfaces/rm_interfaces/srv/detail/set_mode__struct.h
[3.902s] -- Installing: /home/ooofieee/Desktop/ws_sim/install/rm_interfaces/share/rm_interfaces/environment/library_path.sh
[3.902s] -- Installing: /home/ooofieee/Desktop/ws_sim/install/rm_interfaces/share/rm_interfaces/environment/library_path.dsv
[3.902s] -- Installing: /home/ooofieee/Desktop/ws_sim/install/rm_interfaces/lib/librm_interfaces__rosidl_generator_c.so
[3.902s] -- Set runtime path of "/home/ooofieee/Desktop/ws_sim/install/rm_interfaces/lib/librm_interfaces__rosidl_generator_c.so" to ""
[3.902s] -- Up-to-date: /home/ooofieee/Desktop/ws_sim/install/rm_interfaces/include/rm_interfaces/rm_interfaces
[3.902s] -- Up-to-date: /home/ooofieee/Desktop/ws_sim/install/rm_interfaces/include/rm_interfaces/rm_interfaces/msg
[3.903s] -- Installing: /home/ooofieee/Desktop/ws_sim/install/rm_interfaces/include/rm_interfaces/rm_interfaces/msg/rosidl_typesupport_fastrtps_c__visibility_control.h
[3.903s] -- Up-to-date: /home/ooofieee/Desktop/ws_sim/install/rm_interfaces/include/rm_interfaces/rm_interfaces/msg/detail
[3.903s] -- Installing: /home/ooofieee/Desktop/ws_sim/install/rm_interfaces/include/rm_interfaces/rm_interfaces/msg/detail/gimbal_cmd__rosidl_typesupport_fastrtps_c.h
[3.903s] -- Installing: /home/ooofieee/Desktop/ws_sim/install/rm_interfaces/include/rm_interfaces/rm_interfaces/msg/detail/serial_receive_data__rosidl_typesupport_fastrtps_c.h
[3.903s] -- Up-to-date: /home/ooofieee/Desktop/ws_sim/install/rm_interfaces/include/rm_interfaces/rm_interfaces/srv
[3.903s] -- Up-to-date: /home/ooofieee/Desktop/ws_sim/install/rm_interfaces/include/rm_interfaces/rm_interfaces/srv/detail
[3.903s] -- Installing: /home/ooofieee/Desktop/ws_sim/install/rm_interfaces/include/rm_interfaces/rm_interfaces/srv/detail/set_mode__rosidl_typesupport_fastrtps_c.h
[3.903s] -- Installing: /home/ooofieee/Desktop/ws_sim/install/rm_interfaces/lib/librm_interfaces__rosidl_typesupport_fastrtps_c.so
[3.903s] -- Set runtime path of "/home/ooofieee/Desktop/ws_sim/install/rm_interfaces/lib/librm_interfaces__rosidl_typesupport_fastrtps_c.so" to ""
[3.903s] -- Up-to-date: /home/ooofieee/Desktop/ws_sim/install/rm_interfaces/include/rm_interfaces/rm_interfaces
[3.903s] -- Up-to-date: /home/ooofieee/Desktop/ws_sim/install/rm_interfaces/include/rm_interfaces/rm_interfaces/msg
[3.903s] -- Up-to-date: /home/ooofieee/Desktop/ws_sim/install/rm_interfaces/include/rm_interfaces/rm_interfaces/msg/detail
[3.903s] -- Installing: /home/ooofieee/Desktop/ws_sim/install/rm_interfaces/include/rm_interfaces/rm_interfaces/msg/detail/gimbal_cmd__rosidl_typesupport_introspection_c.h
[3.903s] -- Installing: /home/ooofieee/Desktop/ws_sim/install/rm_interfaces/include/rm_interfaces/rm_interfaces/msg/detail/serial_receive_data__type_support.c
[3.903s] -- Installing: /home/ooofieee/Desktop/ws_sim/install/rm_interfaces/include/rm_interfaces/rm_interfaces/msg/detail/gimbal_cmd__type_support.c
[3.903s] -- Installing: /home/ooofieee/Desktop/ws_sim/install/rm_interfaces/include/rm_interfaces/rm_interfaces/msg/detail/serial_receive_data__rosidl_typesupport_introspection_c.h
[3.903s] -- Installing: /home/ooofieee/Desktop/ws_sim/install/rm_interfaces/include/rm_interfaces/rm_interfaces/msg/rosidl_typesupport_introspection_c__visibility_control.h
[3.903s] -- Up-to-date: /home/ooofieee/Desktop/ws_sim/install/rm_interfaces/include/rm_interfaces/rm_interfaces/srv
[3.903s] -- Up-to-date: /home/ooofieee/Desktop/ws_sim/install/rm_interfaces/include/rm_interfaces/rm_interfaces/srv/detail
[3.903s] -- Installing: /home/ooofieee/Desktop/ws_sim/install/rm_interfaces/include/rm_interfaces/rm_interfaces/srv/detail/set_mode__type_support.c
[3.903s] -- Installing: /home/ooofieee/Desktop/ws_sim/install/rm_interfaces/include/rm_interfaces/rm_interfaces/srv/detail/set_mode__rosidl_typesupport_introspection_c.h
[3.903s] -- Installing: /home/ooofieee/Desktop/ws_sim/install/rm_interfaces/lib/librm_interfaces__rosidl_typesupport_introspection_c.so
[3.904s] -- Set runtime path of "/home/ooofieee/Desktop/ws_sim/install/rm_interfaces/lib/librm_interfaces__rosidl_typesupport_introspection_c.so" to ""
[3.904s] -- Installing: /home/ooofieee/Desktop/ws_sim/install/rm_interfaces/lib/librm_interfaces__rosidl_typesupport_c.so
[3.904s] -- Set runtime path of "/home/ooofieee/Desktop/ws_sim/install/rm_interfaces/lib/librm_interfaces__rosidl_typesupport_c.so" to ""
[3.904s] -- Up-to-date: /home/ooofieee/Desktop/ws_sim/install/rm_interfaces/include/rm_interfaces/rm_interfaces
[3.904s] -- Up-to-date: /home/ooofieee/Desktop/ws_sim/install/rm_interfaces/include/rm_interfaces/rm_interfaces/msg
[3.904s] -- Installing: /home/ooofieee/Desktop/ws_sim/install/rm_interfaces/include/rm_interfaces/rm_interfaces/msg/gimbal_cmd.hpp
[3.904s] -- Installing: /home/ooofieee/Desktop/ws_sim/install/rm_interfaces/include/rm_interfaces/rm_interfaces/msg/serial_receive_data.hpp
[3.904s] -- Installing: /home/ooofieee/Desktop/ws_sim/install/rm_interfaces/include/rm_interfaces/rm_interfaces/msg/rosidl_generator_cpp__visibility_control.hpp
[3.904s] -- Up-to-date: /home/ooofieee/Desktop/ws_sim/install/rm_interfaces/include/rm_interfaces/rm_interfaces/msg/detail
[3.904s] -- Installing: /home/ooofieee/Desktop/ws_sim/install/rm_interfaces/include/rm_interfaces/rm_interfaces/msg/detail/serial_receive_data__struct.hpp
[3.904s] -- Installing: /home/ooofieee/Desktop/ws_sim/install/rm_interfaces/include/rm_interfaces/rm_interfaces/msg/detail/gimbal_cmd__struct.hpp
[3.904s] -- Installing: /home/ooofieee/Desktop/ws_sim/install/rm_interfaces/include/rm_interfaces/rm_interfaces/msg/detail/serial_receive_data__traits.hpp
[3.904s] -- Installing: /home/ooofieee/Desktop/ws_sim/install/rm_interfaces/include/rm_interfaces/rm_interfaces/msg/detail/serial_receive_data__type_support.hpp
[3.904s] -- Installing: /home/ooofieee/Desktop/ws_sim/install/rm_interfaces/include/rm_interfaces/rm_interfaces/msg/detail/serial_receive_data__builder.hpp
[3.904s] -- Installing: /home/ooofieee/Desktop/ws_sim/install/rm_interfaces/include/rm_interfaces/rm_interfaces/msg/detail/gimbal_cmd__traits.hpp
[3.904s] -- Installing: /home/ooofieee/Desktop/ws_sim/install/rm_interfaces/include/rm_interfaces/rm_interfaces/msg/detail/gimbal_cmd__type_support.hpp
[3.904s] -- Installing: /home/ooofieee/Desktop/ws_sim/install/rm_interfaces/include/rm_interfaces/rm_interfaces/msg/detail/gimbal_cmd__builder.hpp
[3.904s] -- Up-to-date: /home/ooofieee/Desktop/ws_sim/install/rm_interfaces/include/rm_interfaces/rm_interfaces/srv
[3.904s] -- Installing: /home/ooofieee/Desktop/ws_sim/install/rm_interfaces/include/rm_interfaces/rm_interfaces/srv/set_mode.hpp
[3.904s] -- Up-to-date: /home/ooofieee/Desktop/ws_sim/install/rm_interfaces/include/rm_interfaces/rm_interfaces/srv/detail
[3.905s] -- Installing: /home/ooofieee/Desktop/ws_sim/install/rm_interfaces/include/rm_interfaces/rm_interfaces/srv/detail/set_mode__builder.hpp
[3.905s] -- Installing: /home/ooofieee/Desktop/ws_sim/install/rm_interfaces/include/rm_interfaces/rm_interfaces/srv/detail/set_mode__traits.hpp
[3.905s] -- Installing: /home/ooofieee/Desktop/ws_sim/install/rm_interfaces/include/rm_interfaces/rm_interfaces/srv/detail/set_mode__type_support.hpp
[3.905s] -- Installing: /home/ooofieee/Desktop/ws_sim/install/rm_interfaces/include/rm_interfaces/rm_interfaces/srv/detail/set_mode__struct.hpp
[3.905s] -- Up-to-date: /home/ooofieee/Desktop/ws_sim/install/rm_interfaces/include/rm_interfaces/rm_interfaces
[3.905s] -- Up-to-date: /home/ooofieee/Desktop/ws_sim/install/rm_interfaces/include/rm_interfaces/rm_interfaces/msg
[3.905s] -- Up-to-date: /home/ooofieee/Desktop/ws_sim/install/rm_interfaces/include/rm_interfaces/rm_interfaces/msg/detail
[3.905s] -- Installing: /home/ooofieee/Desktop/ws_sim/install/rm_interfaces/include/rm_interfaces/rm_interfaces/msg/detail/gimbal_cmd__rosidl_typesupport_fastrtps_cpp.hpp
[3.905s] -- Installing: /home/ooofieee/Desktop/ws_sim/install/rm_interfaces/include/rm_interfaces/rm_interfaces/msg/detail/serial_receive_data__rosidl_typesupport_fastrtps_cpp.hpp
[3.905s] -- Installing: /home/ooofieee/Desktop/ws_sim/install/rm_interfaces/include/rm_interfaces/rm_interfaces/msg/detail/dds_fastrtps
[3.905s] -- Installing: /home/ooofieee/Desktop/ws_sim/install/rm_interfaces/include/rm_interfaces/rm_interfaces/msg/rosidl_typesupport_fastrtps_cpp__visibility_control.h
[3.905s] -- Up-to-date: /home/ooofieee/Desktop/ws_sim/install/rm_interfaces/include/rm_interfaces/rm_interfaces/srv
[3.905s] -- Up-to-date: /home/ooofieee/Desktop/ws_sim/install/rm_interfaces/include/rm_interfaces/rm_interfaces/srv/detail
[3.905s] -- Installing: /home/ooofieee/Desktop/ws_sim/install/rm_interfaces/include/rm_interfaces/rm_interfaces/srv/detail/set_mode__rosidl_typesupport_fastrtps_cpp.hpp
[3.905s] -- Installing: /home/ooofieee/Desktop/ws_sim/install/rm_interfaces/include/rm_interfaces/rm_interfaces/srv/detail/dds_fastrtps
[3.905s] -- Installing: /home/ooofieee/Desktop/ws_sim/install/rm_interfaces/lib/librm_interfaces__rosidl_typesupport_fastrtps_cpp.so
[3.906s] -- Set runtime path of "/home/ooofieee/Desktop/ws_sim/install/rm_interfaces/lib/librm_interfaces__rosidl_typesupport_fastrtps_cpp.so" to ""
[3.906s] -- Up-to-date: /home/ooofieee/Desktop/ws_sim/install/rm_interfaces/include/rm_interfaces/rm_interfaces
[3.906s] -- Up-to-date: /home/ooofieee/Desktop/ws_sim/install/rm_interfaces/include/rm_interfaces/rm_interfaces/msg
[3.906s] -- Up-to-date: /home/ooofieee/Desktop/ws_sim/install/rm_interfaces/include/rm_interfaces/rm_interfaces/msg/detail
[3.906s] -- Installing: /home/ooofieee/Desktop/ws_sim/install/rm_interfaces/include/rm_interfaces/rm_interfaces/msg/detail/gimbal_cmd__rosidl_typesupport_introspection_cpp.hpp
[3.906s] -- Installing: /home/ooofieee/Desktop/ws_sim/install/rm_interfaces/include/rm_interfaces/rm_interfaces/msg/detail/gimbal_cmd__type_support.cpp
[3.906s] -- Installing: /home/ooofieee/Desktop/ws_sim/install/rm_interfaces/include/rm_interfaces/rm_interfaces/msg/detail/serial_receive_data__rosidl_typesupport_introspection_cpp.hpp
[3.906s] -- Installing: /home/ooofieee/Desktop/ws_sim/install/rm_interfaces/include/rm_interfaces/rm_interfaces/msg/detail/serial_receive_data__type_support.cpp
[3.906s] -- Up-to-date: /home/ooofieee/Desktop/ws_sim/install/rm_interfaces/include/rm_interfaces/rm_interfaces/srv
[3.906s] -- Up-to-date: /home/ooofieee/Desktop/ws_sim/install/rm_interfaces/include/rm_interfaces/rm_interfaces/srv/detail
[3.906s] -- Installing: /home/ooofieee/Desktop/ws_sim/install/rm_interfaces/include/rm_interfaces/rm_interfaces/srv/detail/set_mode__type_support.cpp
[3.906s] -- Installing: /home/ooofieee/Desktop/ws_sim/install/rm_interfaces/include/rm_interfaces/rm_interfaces/srv/detail/set_mode__rosidl_typesupport_introspection_cpp.hpp
[3.906s] -- Installing: /home/ooofieee/Desktop/ws_sim/install/rm_interfaces/lib/librm_interfaces__rosidl_typesupport_introspection_cpp.so
[3.906s] -- Set runtime path of "/home/ooofieee/Desktop/ws_sim/install/rm_interfaces/lib/librm_interfaces__rosidl_typesupport_introspection_cpp.so" to ""
[3.907s] -- Installing: /home/ooofieee/Desktop/ws_sim/install/rm_interfaces/lib/librm_interfaces__rosidl_typesupport_cpp.so
[3.907s] -- Set runtime path of "/home/ooofieee/Desktop/ws_sim/install/rm_interfaces/lib/librm_interfaces__rosidl_typesupport_cpp.so" to ""
[3.907s] -- Installing: /home/ooofieee/Desktop/ws_sim/install/rm_interfaces/share/rm_interfaces/environment/pythonpath.sh
[3.907s] -- Installing: /home/ooofieee/Desktop/ws_sim/install/rm_interfaces/share/rm_interfaces/environment/pythonpath.dsv
[3.907s] -- Installing: /home/ooofieee/Desktop/ws_sim/install/rm_interfaces/local/lib/python3.10/dist-packages/rm_interfaces-0.0.0-py3.10.egg-info
[3.907s] -- Installing: /home/ooofieee/Desktop/ws_sim/install/rm_interfaces/local/lib/python3.10/dist-packages/rm_interfaces-0.0.0-py3.10.egg-info/PKG-INFO
[3.907s] -- Installing: /home/ooofieee/Desktop/ws_sim/install/rm_interfaces/local/lib/python3.10/dist-packages/rm_interfaces-0.0.0-py3.10.egg-info/SOURCES.txt
[3.907s] -- Installing: /home/ooofieee/Desktop/ws_sim/install/rm_interfaces/local/lib/python3.10/dist-packages/rm_interfaces-0.0.0-py3.10.egg-info/top_level.txt
[3.907s] -- Installing: /home/ooofieee/Desktop/ws_sim/install/rm_interfaces/local/lib/python3.10/dist-packages/rm_interfaces-0.0.0-py3.10.egg-info/dependency_links.txt
[3.907s] -- Installing: /home/ooofieee/Desktop/ws_sim/install/rm_interfaces/local/lib/python3.10/dist-packages/rm_interfaces
[3.907s] -- Installing: /home/ooofieee/Desktop/ws_sim/install/rm_interfaces/local/lib/python3.10/dist-packages/rm_interfaces/librm_interfaces__rosidl_generator_py.so
[3.907s] -- Installing: /home/ooofieee/Desktop/ws_sim/install/rm_interfaces/local/lib/python3.10/dist-packages/rm_interfaces/rm_interfaces_s__rosidl_typesupport_c.cpython-310-x86_64-linux-gnu.so
[3.907s] -- Installing: /home/ooofieee/Desktop/ws_sim/install/rm_interfaces/local/lib/python3.10/dist-packages/rm_interfaces/__init__.py
[3.907s] -- Installing: /home/ooofieee/Desktop/ws_sim/install/rm_interfaces/local/lib/python3.10/dist-packages/rm_interfaces/rm_interfaces_s__rosidl_typesupport_introspection_c.cpython-310-x86_64-linux-gnu.so
[3.908s] -- Installing: /home/ooofieee/Desktop/ws_sim/install/rm_interfaces/local/lib/python3.10/dist-packages/rm_interfaces/_rm_interfaces_s.ep.rosidl_typesupport_introspection_c.c
[3.908s] -- Installing: /home/ooofieee/Desktop/ws_sim/install/rm_interfaces/local/lib/python3.10/dist-packages/rm_interfaces/msg
[3.908s] -- Installing: /home/ooofieee/Desktop/ws_sim/install/rm_interfaces/local/lib/python3.10/dist-packages/rm_interfaces/msg/_serial_receive_data_s.c
[3.908s] -- Installing: /home/ooofieee/Desktop/ws_sim/install/rm_interfaces/local/lib/python3.10/dist-packages/rm_interfaces/msg/__init__.py
[3.908s] -- Installing: /home/ooofieee/Desktop/ws_sim/install/rm_interfaces/local/lib/python3.10/dist-packages/rm_interfaces/msg/_serial_receive_data.py
[3.908s] -- Installing: /home/ooofieee/Desktop/ws_sim/install/rm_interfaces/local/lib/python3.10/dist-packages/rm_interfaces/msg/_gimbal_cmd_s.c
[3.908s] -- Installing: /home/ooofieee/Desktop/ws_sim/install/rm_interfaces/local/lib/python3.10/dist-packages/rm_interfaces/msg/_gimbal_cmd.py
[3.908s] -- Installing: /home/ooofieee/Desktop/ws_sim/install/rm_interfaces/local/lib/python3.10/dist-packages/rm_interfaces/srv
[3.908s] -- Installing: /home/ooofieee/Desktop/ws_sim/install/rm_interfaces/local/lib/python3.10/dist-packages/rm_interfaces/srv/_set_mode.py
[3.908s] -- Installing: /home/ooofieee/Desktop/ws_sim/install/rm_interfaces/local/lib/python3.10/dist-packages/rm_interfaces/srv/__init__.py
[3.908s] -- Installing: /home/ooofieee/Desktop/ws_sim/install/rm_interfaces/local/lib/python3.10/dist-packages/rm_interfaces/srv/_set_mode_s.c
[3.908s] -- Installing: /home/ooofieee/Desktop/ws_sim/install/rm_interfaces/local/lib/python3.10/dist-packages/rm_interfaces/rm_interfaces_s__rosidl_typesupport_fastrtps_c.cpython-310-x86_64-linux-gnu.so
[3.908s] -- Installing: /home/ooofieee/Desktop/ws_sim/install/rm_interfaces/local/lib/python3.10/dist-packages/rm_interfaces/_rm_interfaces_s.ep.rosidl_typesupport_c.c
[3.908s] -- Installing: /home/ooofieee/Desktop/ws_sim/install/rm_interfaces/local/lib/python3.10/dist-packages/rm_interfaces/_rm_interfaces_s.ep.rosidl_typesupport_fastrtps_c.c
[3.934s] Listing '/home/ooofieee/Desktop/ws_sim/install/rm_interfaces/local/lib/python3.10/dist-packages/rm_interfaces'...
[3.934s] Compiling '/home/ooofieee/Desktop/ws_sim/install/rm_interfaces/local/lib/python3.10/dist-packages/rm_interfaces/__init__.py'...
[3.934s] Listing '/home/ooofieee/Desktop/ws_sim/install/rm_interfaces/local/lib/python3.10/dist-packages/rm_interfaces/msg'...
[3.934s] Compiling '/home/ooofieee/Desktop/ws_sim/install/rm_interfaces/local/lib/python3.10/dist-packages/rm_interfaces/msg/__init__.py'...
[3.934s] Compiling '/home/ooofieee/Desktop/ws_sim/install/rm_interfaces/local/lib/python3.10/dist-packages/rm_interfaces/msg/_gimbal_cmd.py'...
[3.934s] Compiling '/home/ooofieee/Desktop/ws_sim/install/rm_interfaces/local/lib/python3.10/dist-packages/rm_interfaces/msg/_serial_receive_data.py'...
[3.934s] Listing '/home/ooofieee/Desktop/ws_sim/install/rm_interfaces/local/lib/python3.10/dist-packages/rm_interfaces/srv'...
[3.934s] Compiling '/home/ooofieee/Desktop/ws_sim/install/rm_interfaces/local/lib/python3.10/dist-packages/rm_interfaces/srv/__init__.py'...
[3.934s] Compiling '/home/ooofieee/Desktop/ws_sim/install/rm_interfaces/local/lib/python3.10/dist-packages/rm_interfaces/srv/_set_mode.py'...
[3.937s] -- Installing: /home/ooofieee/Desktop/ws_sim/install/rm_interfaces/local/lib/python3.10/dist-packages/rm_interfaces/rm_interfaces_s__rosidl_typesupport_fastrtps_c.cpython-310-x86_64-linux-gnu.so
[3.937s] -- Set runtime path of "/home/ooofieee/Desktop/ws_sim/install/rm_interfaces/local/lib/python3.10/dist-packages/rm_interfaces/rm_interfaces_s__rosidl_typesupport_fastrtps_c.cpython-310-x86_64-linux-gnu.so" to ""
[3.937s] -- Installing: /home/ooofieee/Desktop/ws_sim/install/rm_interfaces/local/lib/python3.10/dist-packages/rm_interfaces/rm_interfaces_s__rosidl_typesupport_introspection_c.cpython-310-x86_64-linux-gnu.so
[3.937s] -- Set runtime path of "/home/ooofieee/Desktop/ws_sim/install/rm_interfaces/local/lib/python3.10/dist-packages/rm_interfaces/rm_interfaces_s__rosidl_typesupport_introspection_c.cpython-310-x86_64-linux-gnu.so" to ""
[3.938s] -- Installing: /home/ooofieee/Desktop/ws_sim/install/rm_interfaces/local/lib/python3.10/dist-packages/rm_interfaces/rm_interfaces_s__rosidl_typesupport_c.cpython-310-x86_64-linux-gnu.so
[3.938s] -- Set runtime path of "/home/ooofieee/Desktop/ws_sim/install/rm_interfaces/local/lib/python3.10/dist-packages/rm_interfaces/rm_interfaces_s__rosidl_typesupport_c.cpython-310-x86_64-linux-gnu.so" to ""
[3.938s] -- Installing: /home/ooofieee/Desktop/ws_sim/install/rm_interfaces/lib/librm_interfaces__rosidl_generator_py.so
[3.938s] -- Set runtime path of "/home/ooofieee/Desktop/ws_sim/install/rm_interfaces/lib/librm_interfaces__rosidl_generator_py.so" to ""
[3.938s] -- Installing: /home/ooofieee/Desktop/ws_sim/install/rm_interfaces/share/rm_interfaces/msg/GimbalCmd.idl
[3.938s] -- Installing: /home/ooofieee/Desktop/ws_sim/install/rm_interfaces/share/rm_interfaces/msg/SerialReceiveData.idl
[3.938s] -- Installing: /home/ooofieee/Desktop/ws_sim/install/rm_interfaces/share/rm_interfaces/srv/SetMode.idl
[3.938s] -- Installing: /home/ooofieee/Desktop/ws_sim/install/rm_interfaces/share/rm_interfaces/msg/GimbalCmd.msg
[3.938s] -- Installing: /home/ooofieee/Desktop/ws_sim/install/rm_interfaces/share/rm_interfaces/msg/SerialReceiveData.msg
[3.938s] -- Installing: /home/ooofieee/Desktop/ws_sim/install/rm_interfaces/share/rm_interfaces/srv/SetMode.srv
[3.938s] -- Installing: /home/ooofieee/Desktop/ws_sim/install/rm_interfaces/share/rm_interfaces/srv/SetMode_Request.msg
[3.938s] -- Installing: /home/ooofieee/Desktop/ws_sim/install/rm_interfaces/share/rm_interfaces/srv/SetMode_Response.msg
[3.939s] -- Installing: /home/ooofieee/Desktop/ws_sim/install/rm_interfaces/share/ament_index/resource_index/package_run_dependencies/rm_interfaces
[3.939s] -- Installing: /home/ooofieee/Desktop/ws_sim/install/rm_interfaces/share/ament_index/resource_index/parent_prefix_path/rm_interfaces
[3.939s] -- Installing: /home/ooofieee/Desktop/ws_sim/install/rm_interfaces/share/rm_interfaces/environment/ament_prefix_path.sh
[3.939s] -- Installing: /home/ooofieee/Desktop/ws_sim/install/rm_interfaces/share/rm_interfaces/environment/ament_prefix_path.dsv
[3.939s] -- Installing: /home/ooofieee/Desktop/ws_sim/install/rm_interfaces/share/rm_interfaces/environment/path.sh
[3.939s] -- Installing: /home/ooofieee/Desktop/ws_sim/install/rm_interfaces/share/rm_interfaces/environment/path.dsv
[3.939s] -- Installing: /home/ooofieee/Desktop/ws_sim/install/rm_interfaces/share/rm_interfaces/local_setup.bash
[3.939s] -- Installing: /home/ooofieee/Desktop/ws_sim/install/rm_interfaces/share/rm_interfaces/local_setup.sh
[3.939s] -- Installing: /home/ooofieee/Desktop/ws_sim/install/rm_interfaces/share/rm_interfaces/local_setup.zsh
[3.939s] -- Installing: /home/ooofieee/Desktop/ws_sim/install/rm_interfaces/share/rm_interfaces/local_setup.dsv
[3.939s] -- Installing: /home/ooofieee/Desktop/ws_sim/install/rm_interfaces/share/rm_interfaces/package.dsv
[3.939s] -- Installing: /home/ooofieee/Desktop/ws_sim/install/rm_interfaces/share/ament_index/resource_index/packages/rm_interfaces
[3.939s] -- Installing: /home/ooofieee/Desktop/ws_sim/install/rm_interfaces/share/rm_interfaces/cmake/export_rm_interfaces__rosidl_generator_cExport.cmake
[3.940s] -- Installing: /home/ooofieee/Desktop/ws_sim/install/rm_interfaces/share/rm_interfaces/cmake/export_rm_interfaces__rosidl_generator_cExport-noconfig.cmake
[3.940s] -- Installing: /home/ooofieee/Desktop/ws_sim/install/rm_interfaces/share/rm_interfaces/cmake/export_rm_interfaces__rosidl_typesupport_fastrtps_cExport.cmake
[3.940s] -- Installing: /home/ooofieee/Desktop/ws_sim/install/rm_interfaces/share/rm_interfaces/cmake/export_rm_interfaces__rosidl_typesupport_fastrtps_cExport-noconfig.cmake
[3.940s] -- Installing: /home/ooofieee/Desktop/ws_sim/install/rm_interfaces/share/rm_interfaces/cmake/rm_interfaces__rosidl_typesupport_introspection_cExport.cmake
[3.940s] -- Installing: /home/ooofieee/Desktop/ws_sim/install/rm_interfaces/share/rm_interfaces/cmake/rm_interfaces__rosidl_typesupport_introspection_cExport-noconfig.cmake
[3.940s] -- Installing: /home/ooofieee/Desktop/ws_sim/install/rm_interfaces/share/rm_interfaces/cmake/rm_interfaces__rosidl_typesupport_cExport.cmake
[3.940s] -- Installing: /home/ooofieee/Desktop/ws_sim/install/rm_interfaces/share/rm_interfaces/cmake/rm_interfaces__rosidl_typesupport_cExport-noconfig.cmake
[3.940s] -- Installing: /home/ooofieee/Desktop/ws_sim/install/rm_interfaces/share/rm_interfaces/cmake/export_rm_interfaces__rosidl_generator_cppExport.cmake
[3.940s] -- Installing: /home/ooofieee/Desktop/ws_sim/install/rm_interfaces/share/rm_interfaces/cmake/export_rm_interfaces__rosidl_typesupport_fastrtps_cppExport.cmake
[3.940s] -- Installing: /home/ooofieee/Desktop/ws_sim/install/rm_interfaces/share/rm_interfaces/cmake/export_rm_interfaces__rosidl_typesupport_fastrtps_cppExport-noconfig.cmake
[3.940s] -- Installing: /home/ooofieee/Desktop/ws_sim/install/rm_interfaces/share/rm_interfaces/cmake/rm_interfaces__rosidl_typesupport_introspection_cppExport.cmake
[3.940s] -- Installing: /home/ooofieee/Desktop/ws_sim/install/rm_interfaces/share/rm_interfaces/cmake/rm_interfaces__rosidl_typesupport_introspection_cppExport-noconfig.cmake
[3.940s] -- Installing: /home/ooofieee/Desktop/ws_sim/install/rm_interfaces/share/rm_interfaces/cmake/rm_interfaces__rosidl_typesupport_cppExport.cmake
[3.940s] -- Installing: /home/ooofieee/Desktop/ws_sim/install/rm_interfaces/share/rm_interfaces/cmake/rm_interfaces__rosidl_typesupport_cppExport-noconfig.cmake
[3.941s] -- Installing: /home/ooofieee/Desktop/ws_sim/install/rm_interfaces/share/rm_interfaces/cmake/export_rm_interfaces__rosidl_generator_pyExport.cmake
[3.941s] -- Installing: /home/ooofieee/Desktop/ws_sim/install/rm_interfaces/share/rm_interfaces/cmake/export_rm_interfaces__rosidl_generator_pyExport-noconfig.cmake
[3.941s] -- Installing: /home/ooofieee/Desktop/ws_sim/install/rm_interfaces/share/rm_interfaces/cmake/rosidl_cmake-extras.cmake
[3.941s] -- Installing: /home/ooofieee/Desktop/ws_sim/install/rm_interfaces/share/rm_interfaces/cmake/ament_cmake_export_dependencies-extras.cmake
[3.941s] -- Installing: /home/ooofieee/Desktop/ws_sim/install/rm_interfaces/share/rm_interfaces/cmake/ament_cmake_export_include_directories-extras.cmake
[3.941s] -- Installing: /home/ooofieee/Desktop/ws_sim/install/rm_interfaces/share/rm_interfaces/cmake/ament_cmake_export_libraries-extras.cmake
[3.941s] -- Installing: /home/ooofieee/Desktop/ws_sim/install/rm_interfaces/share/rm_interfaces/cmake/ament_cmake_export_targets-extras.cmake
[3.941s] -- Installing: /home/ooofieee/Desktop/ws_sim/install/rm_interfaces/share/rm_interfaces/cmake/rosidl_cmake_export_typesupport_targets-extras.cmake
[3.941s] -- Installing: /home/ooofieee/Desktop/ws_sim/install/rm_interfaces/share/rm_interfaces/cmake/rosidl_cmake_export_typesupport_libraries-extras.cmake
[3.941s] -- Installing: /home/ooofieee/Desktop/ws_sim/install/rm_interfaces/share/rm_interfaces/cmake/rm_interfacesConfig.cmake
[3.941s] -- Installing: /home/ooofieee/Desktop/ws_sim/install/rm_interfaces/share/rm_interfaces/cmake/rm_interfacesConfig-version.cmake
[3.941s] -- Installing: /home/ooofieee/Desktop/ws_sim/install/rm_interfaces/share/rm_interfaces/package.xml
[3.944s] Invoked command in '/home/ooofieee/Desktop/ws_sim/build/rm_interfaces' returned '0': CMAKE_PREFIX_PATH=${CMAKE_PREFIX_PATH}:/opt/ros/humble /bin/cmake --install /home/ooofieee/Desktop/ws_sim/build/rm_interfaces
